000.000 =============================================================
000.000                     Station A                               
000.000 -------------------------------------------------------------
000.000 Protocol.lib, version 4.0, jiangyanjun0718@bupt.edu.cn
000.000 Channel: 8000 bps, 270 ms propagation delay, bit error rate 1.0E-05
000.000 Log file "datalink-A.log", TCP port 59143, debug mask 0x00
000.000 Station A is waiting for station B on TCP port 59143 ... Done.
000.516 New epoch: Sun May  5 20:06:41 2019
000.518 =================================================================
000.519 
000.520 Designed by Chen Bin, Luo Yang and Li Yiyang. Build: May  5 2019  19:16:36
002.923 .... 3 packets received, 2904 bps, 36.29%, Err 1 (5.3e-05)
005.052 .... 11 packets received, 5307 bps, 66.34%, Err 1 (2.8e-05)
007.153 .... 19 packets received, 6132 bps, 76.65%, Err 1 (1.9e-05)
009.270 .... 27 packets received, 6534 bps, 81.67%, Err 1 (1.4e-05)
011.385 .... 35 packets received, 6776 bps, 84.70%, Err 1 (1.2e-05)
013.500 .... 43 packets received, 6939 bps, 86.73%, Err 1 (9.6e-06)
015.634 .... 50 packets received, 6906 bps, 86.33%, Err 2 (1.7e-05)
017.755 .... 58 packets received, 7009 bps, 87.61%, Err 2 (1.5e-05)
019.869 .... 66 packets received, 7091 bps, 88.64%, Err 2 (1.3e-05)
021.988 .... 73 packets received, 7058 bps, 88.23%, Err 2 (1.2e-05)
024.106 .... 81 packets received, 7120 bps, 89.00%, Err 2 (1.1e-05)
026.227 .... 88 packets received, 7090 bps, 88.62%, Err 2 (1.0e-05)
028.345 .... 96 packets received, 7140 bps, 89.24%, Err 3 (1.4e-05)
030.460 .... 104 packets received, 7183 bps, 89.79%, Err 3 (1.3e-05)
032.577 .... 111 packets received, 7155 bps, 89.44%, Err 3 (1.2e-05)
036.012 .... 119 packets received, 6923 bps, 86.53%, Err 4 (1.5e-05)
038.131 .... 127 packets received, 6969 bps, 87.11%, Err 4 (1.4e-05)
040.249 .... 135 packets received, 7010 bps, 87.62%, Err 4 (1.3e-05)
042.351 .... 143 packets received, 7049 bps, 88.12%, Err 4 (1.2e-05)
044.466 .... 151 packets received, 7083 bps, 88.54%, Err 4 (1.2e-05)
046.585 .... 159 packets received, 7113 bps, 88.92%, Err 4 (1.1e-05)
048.735 .... 166 packets received, 7093 bps, 88.67%, Err 4 (1.1e-05)
050.836 .... 174 packets received, 7123 bps, 89.04%, Err 4 (1.0e-05)
052.957 .... 182 packets received, 7147 bps, 89.34%, Err 4 (9.8e-06)
055.056 .... 190 packets received, 7173 bps, 89.66%, Err 5 (1.2e-05)
057.175 .... 198 packets received, 7194 bps, 89.92%, Err 5 (1.1e-05)
059.305 .... 206 packets received, 7212 bps, 90.15%, Err 5 (1.1e-05)
061.404 .... 214 packets received, 7233 bps, 90.41%, Err 5 (1.1e-05)
063.521 .... 222 packets received, 7250 bps, 90.62%, Err 5 (1.0e-05)
065.637 .... 230 packets received, 7266 bps, 90.82%, Err 5 (9.8e-06)
067.740 .... 238 packets received, 7282 bps, 91.03%, Err 5 (9.5e-06)
069.857 .... 246 packets received, 7296 bps, 91.20%, Err 5 (9.2e-06)
071.975 .... 254 packets received, 7309 bps, 91.37%, Err 5 (8.9e-06)
074.078 .... 262 packets received, 7323 bps, 91.54%, Err 5 (8.7e-06)
076.180 .... 270 packets received, 7336 bps, 91.70%, Err 5 (8.4e-06)
078.296 .... 278 packets received, 7347 bps, 91.84%, Err 5 (8.2e-06)
080.413 .... 286 packets received, 7358 bps, 91.97%, Err 5 (8.0e-06)
082.547 .... 294 packets received, 7366 bps, 92.08%, Err 5 (7.7e-06)
085.436 .... 300 packets received, 7260 bps, 90.75%, Err 7 (1.1e-05)
087.571 .... 308 packets received, 7270 bps, 90.88%, Err 7 (1.0e-05)
089.674 .... 316 packets received, 7282 bps, 91.03%, Err 7 (1.0e-05)
091.791 .... 324 packets received, 7293 bps, 91.16%, Err 8 (1.1e-05)
093.910 .... 327 packets received, 7193 bps, 89.91%, Err 8 (1.1e-05)
096.027 .... 335 packets received, 7205 bps, 90.07%, Err 8 (1.1e-05)
098.176 .... 343 packets received, 7214 bps, 90.18%, Err 8 (1.0e-05)
100.275 .... 351 packets received, 7227 bps, 90.34%, Err 8 (1.0e-05)
102.394 .... 354 packets received, 7137 bps, 89.21%, Err 9 (1.1e-05)
104.527 .... 362 packets received, 7148 bps, 89.35%, Err 10 (1.2e-05)
106.631 .... 370 packets received, 7161 bps, 89.51%, Err 10 (1.2e-05)
108.748 .... 378 packets received, 7172 bps, 89.65%, Err 10 (1.2e-05)
110.851 .... 386 packets received, 7184 bps, 89.80%, Err 10 (1.2e-05)
112.967 .... 394 packets received, 7194 bps, 89.93%, Err 10 (1.1e-05)
115.114 .... 401 packets received, 7185 bps, 89.81%, Err 10 (1.1e-05)
118.030 .... 407 packets received, 7111 bps, 88.88%, Err 11 (1.2e-05)
120.146 .... 415 packets received, 7122 bps, 89.02%, Err 11 (1.2e-05)
122.294 .... 421 packets received, 7097 bps, 88.71%, Err 11 (1.2e-05)
124.395 .... 429 packets received, 7109 bps, 88.86%, Err 11 (1.1e-05)
126.510 .... 437 packets received, 7120 bps, 89.00%, Err 11 (1.1e-05)
128.627 .... 445 packets received, 7130 bps, 89.13%, Err 11 (1.1e-05)
130.745 .... 453 packets received, 7140 bps, 89.25%, Err 11 (1.1e-05)
132.845 .... 461 packets received, 7150 bps, 89.38%, Err 11 (1.1e-05)
134.950 .... 469 packets received, 7160 bps, 89.50%, Err 11 (1.0e-05)
137.071 .... 477 packets received, 7169 bps, 89.61%, Err 11 (1.0e-05)
139.191 .... 485 packets received, 7178 bps, 89.72%, Err 11 (1.0e-05)
141.299 .... 493 packets received, 7187 bps, 89.83%, Err 11 (9.9e-06)
143.400 .... 501 packets received, 7196 bps, 89.95%, Err 11 (9.8e-06)
145.519 .... 509 packets received, 7203 bps, 90.04%, Err 11 (9.7e-06)
148.439 .... 513 packets received, 7117 bps, 88.96%, Err 12 (1.0e-05)
150.576 .... 521 packets received, 7124 bps, 89.05%, Err 12 (1.0e-05)
152.678 .... 524 packets received, 7066 bps, 88.33%, Err 13 (1.1e-05)
154.817 .... 532 packets received, 7074 bps, 88.43%, Err 13 (1.1e-05)
156.919 .... 540 packets received, 7084 bps, 88.55%, Err 13 (1.1e-05)
159.039 .... 548 packets received, 7093 bps, 88.66%, Err 13 (1.0e-05)
161.162 .... 556 packets received, 7101 bps, 88.76%, Err 13 (1.0e-05)
163.264 .... 564 packets received, 7110 bps, 88.88%, Err 13 (1.0e-05)
165.383 .... 572 packets received, 7118 bps, 88.98%, Err 13 (1.0e-05)
169.506 .... 578 packets received, 7017 bps, 87.71%, Err 13 (9.8e-06)
171.625 .... 586 packets received, 7026 bps, 87.82%, Err 13 (9.7e-06)
173.979 .... 590 packets received, 6978 bps, 87.22%, Err 14 (1.0e-05)
176.125 .... 598 packets received, 6986 bps, 87.32%, Err 14 (1.0e-05)
178.244 .... 606 packets received, 6995 bps, 87.43%, Err 14 (1.0e-05)
180.362 .... 614 packets received, 7003 bps, 87.54%, Err 14 (9.9e-06)
182.496 .... 617 packets received, 6955 bps, 86.94%, Err 15 (1.1e-05)
184.629 .... 624 packets received, 6952 bps, 86.90%, Err 15 (1.0e-05)
186.731 .... 632 packets received, 6962 bps, 87.02%, Err 15 (1.0e-05)
188.849 .... 640 packets received, 6970 bps, 87.13%, Err 15 (1.0e-05)
190.952 .... 648 packets received, 6979 bps, 87.24%, Err 15 (1.0e-05)
193.055 .... 656 packets received, 6988 bps, 87.35%, Err 15 (9.9e-06)
195.173 .... 664 packets received, 6996 bps, 87.46%, Err 15 (9.8e-06)
197.291 .... 672 packets received, 7004 bps, 87.56%, Err 15 (9.7e-06)
199.408 .... 680 packets received, 7012 bps, 87.65%, Err 15 (9.6e-06)
201.528 .... 688 packets received, 7020 bps, 87.75%, Err 15 (9.5e-06)
203.631 .... 696 packets received, 7028 bps, 87.85%, Err 15 (9.4e-06)
205.762 .... 704 packets received, 7035 bps, 87.93%, Err 15 (9.3e-06)
207.861 .... 711 packets received, 7033 bps, 87.91%, Err 15 (9.2e-06)
209.977 .... 719 packets received, 7040 bps, 88.00%, Err 15 (9.1e-06)
212.078 .... 727 packets received, 7047 bps, 88.09%, Err 15 (9.0e-06)
214.211 .... 735 packets received, 7054 bps, 88.17%, Err 15 (9.0e-06)
216.310 .... 743 packets received, 7061 bps, 88.26%, Err 15 (8.9e-06)
218.413 .... 751 packets received, 7068 bps, 88.35%, Err 15 (8.8e-06)
220.542 .... 759 packets received, 7074 bps, 88.43%, Err 15 (8.7e-06)
222.675 .... 766 packets received, 7071 bps, 88.38%, Err 15 (8.6e-06)
225.304 .... 771 packets received, 7034 bps, 87.92%, Err 16 (9.1e-06)
227.438 .... 779 packets received, 7040 bps, 88.00%, Err 16 (9.0e-06)
229.843 .... 787 packets received, 7037 bps, 87.97%, Err 16 (8.9e-06)
231.958 .... 795 packets received, 7044 bps, 88.05%, Err 16 (8.8e-06)
234.059 .... 803 packets received, 7051 bps, 88.13%, Err 16 (8.7e-06)
236.194 .... 811 packets received, 7056 bps, 88.20%, Err 16 (8.7e-06)
238.296 .... 819 packets received, 7063 bps, 88.28%, Err 16 (8.6e-06)
240.413 .... 827 packets received, 7069 bps, 88.36%, Err 16 (8.5e-06)
242.527 .... 835 packets received, 7075 bps, 88.43%, Err 16 (8.4e-06)
244.643 .... 843 packets received, 7080 bps, 88.51%, Err 16 (8.4e-06)
246.759 .... 851 packets received, 7086 bps, 88.58%, Err 16 (8.3e-06)
248.876 .... 858 packets received, 7083 bps, 88.54%, Err 16 (8.2e-06)
250.993 .... 866 packets received, 7089 bps, 88.61%, Err 16 (8.2e-06)
253.107 .... 873 packets received, 7086 bps, 88.58%, Err 16 (8.1e-06)
255.227 .... 881 packets received, 7092 bps, 88.65%, Err 17 (8.5e-06)
257.330 .... 884 packets received, 7058 bps, 88.22%, Err 17 (8.5e-06)
259.462 .... 892 packets received, 7063 bps, 88.28%, Err 17 (8.4e-06)
261.564 .... 900 packets received, 7069 bps, 88.36%, Err 17 (8.3e-06)
263.681 .... 908 packets received, 7074 bps, 88.43%, Err 17 (8.2e-06)
266.598 .... 914 packets received, 7043 bps, 88.03%, Err 18 (8.6e-06)
268.747 .... 921 packets received, 7040 bps, 88.00%, Err 18 (8.6e-06)
270.868 .... 929 packets received, 7045 bps, 88.06%, Err 19 (9.0e-06)
272.970 .... 932 packets received, 7013 bps, 87.67%, Err 19 (8.9e-06)
275.099 .... 940 packets received, 7019 bps, 87.73%, Err 19 (8.8e-06)
277.248 .... 948 packets received, 7023 bps, 87.79%, Err 21 (9.7e-06)
279.365 .... 951 packets received, 6992 bps, 87.40%, Err 21 (9.6e-06)
281.479 .... 959 packets received, 6998 bps, 87.47%, Err 21 (9.5e-06)
283.597 .... 967 packets received, 7003 bps, 87.54%, Err 21 (9.5e-06)
286.242 .... 970 packets received, 6960 bps, 87.00%, Err 22 (9.8e-06)
288.376 .... 978 packets received, 6965 bps, 87.06%, Err 22 (9.8e-06)
290.461 .... 986 packets received, 6972 bps, 87.14%, Err 22 (9.7e-06)
292.596 .... 994 packets received, 6977 bps, 87.21%, Err 22 (9.6e-06)
295.224 .... 999 packets received, 6949 bps, 86.86%, Err 23 (1.0e-05)
297.883 .... 1004 packets received, 6921 bps, 86.52%, Err 24 (1.0e-05)
300.014 .... 1012 packets received, 6927 bps, 86.59%, Err 24 (1.0e-05)
302.133 .... 1020 packets received, 6933 bps, 86.66%, Err 24 (1.0e-05)
304.235 .... 1028 packets received, 6939 bps, 86.73%, Err 25 (1.0e-05)
306.353 .... 1036 packets received, 6944 bps, 86.80%, Err 25 (1.0e-05)
308.472 .... 1044 packets received, 6949 bps, 86.87%, Err 25 (1.0e-05)
310.572 .... 1052 packets received, 6955 bps, 86.94%, Err 25 (1.0e-05)
312.674 .... 1060 packets received, 6961 bps, 87.01%, Err 25 (1.0e-05)
314.810 .... 1068 packets received, 6966 bps, 87.07%, Err 25 (1.0e-05)
316.897 .... 1076 packets received, 6972 bps, 87.14%, Err 25 (1.0e-05)
319.030 .... 1084 packets received, 6976 bps, 87.20%, Err 25 (1.0e-05)
321.132 .... 1092 packets received, 6982 bps, 87.27%, Err 25 (9.9e-06)
323.245 .... 1100 packets received, 6987 bps, 87.33%, Err 25 (9.9e-06)
325.349 .... 1108 packets received, 6992 bps, 87.40%, Err 25 (9.8e-06)
327.468 .... 1116 packets received, 6997 bps, 87.46%, Err 25 (9.7e-06)
329.573 .... 1124 packets received, 7002 bps, 87.52%, Err 25 (9.7e-06)
331.691 .... 1132 packets received, 7006 bps, 87.58%, Err 25 (9.6e-06)
333.797 .... 1140 packets received, 7011 bps, 87.64%, Err 25 (9.5e-06)
336.977 .... 1147 packets received, 6988 bps, 87.35%, Err 26 (9.8e-06)
339.091 .... 1155 packets received, 6992 bps, 87.41%, Err 26 (9.8e-06)
341.741 .... 1160 packets received, 6968 bps, 87.10%, Err 27 (1.0e-05)
343.860 .... 1168 packets received, 6973 bps, 87.16%, Err 27 (1.0e-05)
345.973 .... 1171 packets received, 6948 bps, 86.85%, Err 28 (1.0e-05)
348.089 .... 1179 packets received, 6953 bps, 86.91%, Err 28 (1.0e-05)
350.207 .... 1187 packets received, 6958 bps, 86.97%, Err 28 (1.0e-05)
352.322 .... 1195 packets received, 6962 bps, 87.03%, Err 29 (1.0e-05)
354.425 .... 1198 packets received, 6938 bps, 86.73%, Err 29 (1.0e-05)
356.558 .... 1206 packets received, 6943 bps, 86.78%, Err 29 (1.0e-05)
358.675 .... 1214 packets received, 6947 bps, 86.84%, Err 29 (1.0e-05)
360.809 .... 1221 packets received, 6946 bps, 86.83%, Err 29 (1.0e-05)
363.456 .... 1224 packets received, 6912 bps, 86.40%, Err 30 (1.1e-05)
365.589 .... 1232 packets received, 6917 bps, 86.46%, Err 30 (1.0e-05)
367.706 .... 1240 packets received, 6922 bps, 86.52%, Err 30 (1.0e-05)
369.819 .... 1248 packets received, 6926 bps, 86.58%, Err 30 (1.0e-05)
371.934 .... 1256 packets received, 6931 bps, 86.64%, Err 30 (1.0e-05)
374.053 .... 1264 packets received, 6936 bps, 86.69%, Err 30 (1.0e-05)
376.198 .... 1271 packets received, 6934 bps, 86.68%, Err 30 (1.0e-05)
378.301 .... 1279 packets received, 6939 bps, 86.74%, Err 30 (1.0e-05)
380.418 .... 1287 packets received, 6943 bps, 86.79%, Err 30 (1.0e-05)
382.521 .... 1295 packets received, 6948 bps, 86.85%, Err 30 (1.0e-05)
386.380 .... 1300 packets received, 6905 bps, 86.31%, Err 31 (1.0e-05)
388.514 .... 1308 packets received, 6909 bps, 86.37%, Err 31 (1.0e-05)
390.617 .... 1313 packets received, 6898 bps, 86.23%, Err 31 (1.0e-05)
393.246 .... 1318 packets received, 6878 bps, 85.98%, Err 32 (1.0e-05)
395.379 .... 1326 packets received, 6883 bps, 86.03%, Err 32 (1.0e-05)
397.495 .... 1334 packets received, 6887 bps, 86.09%, Err 32 (1.0e-05)
399.630 .... 1341 packets received, 6886 bps, 86.08%, Err 32 (1.0e-05)
401.746 .... 1349 packets received, 6891 bps, 86.13%, Err 32 (1.0e-05)
403.867 .... 1357 packets received, 6895 bps, 86.19%, Err 32 (1.0e-05)
406.788 .... 1362 packets received, 6871 bps, 85.88%, Err 33 (1.0e-05)
408.919 .... 1370 packets received, 6875 bps, 85.94%, Err 33 (1.0e-05)
411.038 .... 1378 packets received, 6879 bps, 85.99%, Err 33 (1.0e-05)
413.138 .... 1386 packets received, 6884 bps, 86.05%, Err 33 (1.0e-05)
415.257 .... 1394 packets received, 6888 bps, 86.11%, Err 33 (1.0e-05)
417.359 .... 1402 packets received, 6893 bps, 86.16%, Err 33 (1.0e-05)
419.479 .... 1410 packets received, 6897 bps, 86.22%, Err 33 (1.0e-05)
421.597 .... 1418 packets received, 6901 bps, 86.27%, Err 33 (1.0e-05)
423.700 .... 1426 packets received, 6906 bps, 86.32%, Err 34 (1.0e-05)
425.806 .... 1429 packets received, 6886 bps, 86.08%, Err 34 (1.0e-05)
427.940 .... 1437 packets received, 6890 bps, 86.13%, Err 34 (1.0e-05)
430.055 .... 1445 packets received, 6894 bps, 86.18%, Err 34 (1.0e-05)
430.667 ** WARNING: System too busy, sleep 15 ms, but be awakened 67 ms later
432.163 .... 1453 packets received, 6899 bps, 86.23%, Err 34 (1.0e-05)
434.271 .... 1461 packets received, 6903 bps, 86.29%, Err 34 (1.0e-05)
436.406 .... 1469 packets received, 6907 bps, 86.33%, Err 34 (1.0e-05)
439.855 .... 1476 packets received, 6885 bps, 86.06%, Err 35 (1.0e-05)
441.987 .... 1484 packets received, 6889 bps, 86.11%, Err 35 (1.0e-05)
444.092 .... 1492 packets received, 6893 bps, 86.16%, Err 35 (1.0e-05)
446.247 .... 1499 packets received, 6892 bps, 86.15%, Err 35 (1.0e-05)
448.350 .... 1507 packets received, 6896 bps, 86.20%, Err 35 (1.0e-05)
450.454 .... 1515 packets received, 6900 bps, 86.25%, Err 35 (9.9e-06)
452.586 .... 1518 packets received, 6881 bps, 86.02%, Err 36 (1.0e-05)
454.699 .... 1526 packets received, 6885 bps, 86.07%, Err 36 (1.0e-05)
456.829 .... 1533 packets received, 6885 bps, 86.06%, Err 36 (1.0e-05)
456.986 ** WARNING: System too busy, sleep 15 ms, but be awakened 155 ms later
458.888 .... 1540 packets received, 6885 bps, 86.06%, Err 36 (1.0e-05)
460.992 .... 1548 packets received, 6889 bps, 86.11%, Err 36 (1.0e-05)
463.918 .... 1555 packets received, 6877 bps, 85.96%, Err 37 (1.0e-05)
466.035 .... 1563 packets received, 6881 bps, 86.01%, Err 37 (1.0e-05)
468.145 .... 1571 packets received, 6885 bps, 86.06%, Err 37 (1.0e-05)
470.263 .... 1575 packets received, 6871 bps, 85.89%, Err 38 (1.0e-05)
472.382 .... 1583 packets received, 6875 bps, 85.94%, Err 38 (1.0e-05)
474.498 .... 1591 packets received, 6879 bps, 85.98%, Err 38 (1.0e-05)
476.612 .... 1599 packets received, 6883 bps, 86.03%, Err 38 (1.0e-05)
478.739 .... 1607 packets received, 6886 bps, 86.08%, Err 38 (1.0e-05)
480.836 .... 1615 packets received, 6890 bps, 86.13%, Err 38 (1.0e-05)
482.963 .... 1623 packets received, 6894 bps, 86.17%, Err 38 (1.0e-05)
485.078 .... 1631 packets received, 6898 bps, 86.22%, Err 38 (1.0e-05)
487.187 .... 1639 packets received, 6901 bps, 86.27%, Err 38 (1.0e-05)
490.345 .... 1647 packets received, 6890 bps, 86.13%, Err 39 (1.0e-05)
492.458 .... 1651 packets received, 6877 bps, 85.97%, Err 40 (1.0e-05)
494.599 .... 1659 packets received, 6881 bps, 86.01%, Err 40 (1.0e-05)
496.991 .... 1664 packets received, 6868 bps, 85.85%, Err 41 (1.1e-05)
499.098 .... 1672 packets received, 6872 bps, 85.90%, Err 41 (1.0e-05)
501.215 .... 1680 packets received, 6876 bps, 85.95%, Err 41 (1.0e-05)
503.317 .... 1688 packets received, 6880 bps, 85.99%, Err 41 (1.0e-05)
505.436 .... 1696 packets received, 6883 bps, 86.04%, Err 41 (1.0e-05)
507.550 .... 1704 packets received, 6887 bps, 86.08%, Err 41 (1.0e-05)
509.658 .... 1712 packets received, 6890 bps, 86.13%, Err 41 (1.0e-05)
511.773 .... 1716 packets received, 6878 bps, 85.97%, Err 42 (1.0e-05)
513.888 .... 1724 packets received, 6881 bps, 86.02%, Err 43 (1.1e-05)
516.008 .... 1732 packets received, 6885 bps, 86.06%, Err 43 (1.1e-05)
518.124 .... 1740 packets received, 6888 bps, 86.11%, Err 44 (1.1e-05)
520.238 .... 1744 packets received, 6876 bps, 85.95%, Err 44 (1.1e-05)
522.358 .... 1752 packets received, 6880 bps, 86.00%, Err 44 (1.1e-05)
524.460 .... 1760 packets received, 6883 bps, 86.04%, Err 44 (1.1e-05)
527.373 .... 1767 packets received, 6872 bps, 85.91%, Err 45 (1.1e-05)
529.500 .... 1775 packets received, 6876 bps, 85.95%, Err 45 (1.1e-05)
531.614 .... 1783 packets received, 6879 bps, 85.99%, Err 45 (1.1e-05)
533.728 .... 1791 packets received, 6883 bps, 86.03%, Err 45 (1.1e-05)
535.827 .... 1799 packets received, 6886 bps, 86.08%, Err 45 (1.1e-05)
538.268 .... 1807 packets received, 6886 bps, 86.07%, Err 45 (1.1e-05)
540.372 .... 1815 packets received, 6889 bps, 86.11%, Err 45 (1.1e-05)
542.490 .... 1823 packets received, 6892 bps, 86.16%, Err 45 (1.1e-05)
544.593 .... 1831 packets received, 6896 bps, 86.20%, Err 45 (1.1e-05)
546.726 .... 1839 packets received, 6899 bps, 86.24%, Err 45 (1.0e-05)
548.813 .... 1847 packets received, 6903 bps, 86.28%, Err 45 (1.0e-05)
551.224 .... 1855 packets received, 6902 bps, 86.28%, Err 45 (1.0e-05)
553.337 .... 1863 packets received, 6905 bps, 86.32%, Err 45 (1.0e-05)
555.434 .... 1871 packets received, 6909 bps, 86.36%, Err 45 (1.0e-05)
557.553 .... 1879 packets received, 6912 bps, 86.40%, Err 45 (1.0e-05)
559.668 .... 1887 packets received, 6915 bps, 86.44%, Err 45 (1.0e-05)
561.807 .... 1894 packets received, 6914 bps, 86.43%, Err 45 (1.0e-05)
563.939 .... 1902 packets received, 6917 bps, 86.46%, Err 45 (1.0e-05)
566.023 .... 1909 packets received, 6917 bps, 86.46%, Err 45 (1.0e-05)
568.135 .... 1917 packets received, 6920 bps, 86.50%, Err 45 (1.0e-05)
570.242 .... 1925 packets received, 6923 bps, 86.54%, Err 45 (1.0e-05)
572.360 .... 1933 packets received, 6926 bps, 86.58%, Err 45 (1.0e-05)
574.480 .... 1941 packets received, 6929 bps, 86.62%, Err 45 (1.0e-05)
576.587 .... 1949 packets received, 6932 bps, 86.66%, Err 45 (1.0e-05)
579.749 .... 1956 packets received, 6919 bps, 86.49%, Err 46 (1.0e-05)
581.883 .... 1964 packets received, 6922 bps, 86.53%, Err 46 (1.0e-05)
583.998 .... 1972 packets received, 6925 bps, 86.56%, Err 46 (1.0e-05)
586.084 .... 1980 packets received, 6928 bps, 86.61%, Err 46 (1.0e-05)
588.222 .... 1988 packets received, 6931 bps, 86.64%, Err 46 (1.0e-05)
590.322 .... 1996 packets received, 6934 bps, 86.68%, Err 46 (9.9e-06)
592.477 ** WARNING: System too busy, sleep 15 ms, but be awakened 74 ms later
592.567 .... 2004 packets received, 6936 bps, 86.69%, Err 46 (9.9e-06)
594.569 .... 2011 packets received, 6936 bps, 86.70%, Err 46 (9.9e-06)
596.682 .... 2019 packets received, 6939 bps, 86.74%, Err 46 (9.8e-06)
598.797 .... 2027 packets received, 6942 bps, 86.78%, Err 46 (9.8e-06)
600.912 .... 2035 packets received, 6945 bps, 86.81%, Err 46 (9.8e-06)
603.026 .... 2043 packets received, 6948 bps, 86.85%, Err 46 (9.7e-06)
605.128 .... 2051 packets received, 6951 bps, 86.88%, Err 46 (9.7e-06)
607.532 .... 2059 packets received, 6950 bps, 86.88%, Err 46 (9.7e-06)
609.650 .... 2067 packets received, 6953 bps, 86.91%, Err 46 (9.6e-06)
611.760 .... 2075 packets received, 6956 bps, 86.95%, Err 47 (9.8e-06)
613.870 .... 2083 packets received, 6958 bps, 86.98%, Err 47 (9.8e-06)
615.972 .... 2091 packets received, 6961 bps, 87.02%, Err 47 (9.7e-06)
618.106 .... 2094 packets received, 6947 bps, 86.84%, Err 48 (9.9e-06)
620.236 .... 2102 packets received, 6950 bps, 86.87%, Err 49 (1.0e-05)
622.366 .... 2105 packets received, 6936 bps, 86.70%, Err 49 (1.0e-05)
624.878 .... 2110 packets received, 6924 bps, 86.55%, Err 50 (1.0e-05)
626.993 .... 2118 packets received, 6927 bps, 86.59%, Err 50 (1.0e-05)
629.110 .... 2125 packets received, 6927 bps, 86.58%, Err 50 (1.0e-05)
632.549 .... 2133 packets received, 6915 bps, 86.44%, Err 52 (1.0e-05)
634.678 .... 2137 packets received, 6905 bps, 86.31%, Err 53 (1.1e-05)
636.779 .... 2145 packets received, 6907 bps, 86.34%, Err 53 (1.1e-05)
638.895 .... 2153 packets received, 6910 bps, 86.38%, Err 53 (1.1e-05)
641.025 .... 2161 packets received, 6913 bps, 86.41%, Err 53 (1.1e-05)
643.121 .... 2169 packets received, 6916 bps, 86.45%, Err 53 (1.1e-05)
645.254 .... 2177 packets received, 6918 bps, 86.48%, Err 53 (1.0e-05)
647.339 .... 2185 packets received, 6921 bps, 86.52%, Err 53 (1.0e-05)
649.453 .... 2193 packets received, 6924 bps, 86.55%, Err 54 (1.1e-05)
651.585 .... 2201 packets received, 6927 bps, 86.58%, Err 54 (1.1e-05)
653.686 .... 2209 packets received, 6929 bps, 86.62%, Err 54 (1.1e-05)
655.804 .... 2217 packets received, 6932 bps, 86.65%, Err 54 (1.1e-05)
657.923 .... 2225 packets received, 6935 bps, 86.68%, Err 54 (1.0e-05)
660.041 .... 2233 packets received, 6937 bps, 86.71%, Err 54 (1.0e-05)
662.168 .... 2240 packets received, 6936 bps, 86.71%, Err 54 (1.0e-05)
664.288 .... 2248 packets received, 6939 bps, 86.74%, Err 54 (1.0e-05)
666.406 .... 2256 packets received, 6942 bps, 86.77%, Err 54 (1.0e-05)
668.504 .... 2264 packets received, 6944 bps, 86.80%, Err 54 (1.0e-05)
670.621 .... 2272 packets received, 6947 bps, 86.83%, Err 54 (1.0e-05)
674.060 .... 2280 packets received, 6936 bps, 86.70%, Err 55 (1.0e-05)
676.188 .... 2288 packets received, 6938 bps, 86.73%, Err 55 (1.0e-05)
678.304 .... 2296 packets received, 6941 bps, 86.76%, Err 55 (1.0e-05)
680.420 .... 2304 packets received, 6943 bps, 86.79%, Err 55 (1.0e-05)
682.519 .... 2312 packets received, 6946 bps, 86.82%, Err 55 (1.0e-05)
684.622 .... 2320 packets received, 6948 bps, 86.85%, Err 55 (1.0e-05)
686.740 .... 2328 packets received, 6951 bps, 86.88%, Err 55 (1.0e-05)
688.905 .... 2335 packets received, 6950 bps, 86.87%, Err 55 (1.0e-05)
691.036 .... 2343 packets received, 6952 bps, 86.90%, Err 55 (1.0e-05)
693.151 .... 2351 packets received, 6954 bps, 86.93%, Err 55 (1.0e-05)
695.252 .... 2359 packets received, 6957 bps, 86.96%, Err 55 (1.0e-05)
697.371 .... 2367 packets received, 6959 bps, 86.99%, Err 55 (1.0e-05)
699.470 .... 2375 packets received, 6962 bps, 87.02%, Err 55 (1.0e-05)
701.587 .... 2383 packets received, 6964 bps, 87.05%, Err 55 (1.0e-05)
703.700 .... 2390 packets received, 6964 bps, 87.05%, Err 55 (1.0e-05)
705.810 .... 2398 packets received, 6966 bps, 87.08%, Err 55 (9.9e-06)
707.944 .... 2406 packets received, 6968 bps, 87.10%, Err 55 (9.9e-06)
710.056 .... 2414 packets received, 6971 bps, 87.13%, Err 55 (9.9e-06)
712.156 .... 2422 packets received, 6973 bps, 87.16%, Err 56 (1.0e-05)
714.272 .... 2425 packets received, 6961 bps, 87.01%, Err 56 (1.0e-05)
716.390 .... 2433 packets received, 6963 bps, 87.04%, Err 56 (1.0e-05)
718.521 .... 2441 packets received, 6965 bps, 87.07%, Err 56 (9.9e-06)
720.632 .... 2449 packets received, 6968 bps, 87.10%, Err 56 (9.9e-06)
722.728 .... 2457 packets received, 6970 bps, 87.13%, Err 56 (9.9e-06)
724.840 .... 2465 packets received, 6972 bps, 87.16%, Err 56 (9.8e-06)
726.956 .... 2473 packets received, 6975 bps, 87.18%, Err 56 (9.8e-06)
729.085 .... 2481 packets received, 6977 bps, 87.21%, Err 56 (9.8e-06)
731.217 .... 2484 packets received, 6965 bps, 87.06%, Err 57 (9.9e-06)
733.351 .... 2492 packets received, 6967 bps, 87.09%, Err 57 (9.9e-06)
735.469 .... 2500 packets received, 6969 bps, 87.11%, Err 57 (9.9e-06)
737.627 .... 2507 packets received, 6968 bps, 87.10%, Err 57 (9.9e-06)
739.710 .... 2515 packets received, 6971 bps, 87.13%, Err 57 (9.8e-06)
741.827 .... 2523 packets received, 6973 bps, 87.16%, Err 57 (9.8e-06)
743.935 .... 2531 packets received, 6975 bps, 87.19%, Err 57 (9.8e-06)
746.075 .... 2539 packets received, 6977 bps, 87.21%, Err 57 (9.7e-06)
748.220 .... 2546 packets received, 6976 bps, 87.20%, Err 57 (9.7e-06)
750.327 .... 2554 packets received, 6979 bps, 87.23%, Err 57 (9.7e-06)
752.430 .... 2562 packets received, 6981 bps, 87.26%, Err 57 (9.7e-06)
754.546 .... 2570 packets received, 6983 bps, 87.29%, Err 57 (9.6e-06)
756.635 .... 2577 packets received, 6983 bps, 87.28%, Err 57 (9.6e-06)
758.763 .... 2585 packets received, 6985 bps, 87.31%, Err 57 (9.6e-06)
761.533 ** WARNING: System too busy, sleep 15 ms, but be awakened 126 ms later
762.210 .... 2588 packets received, 6961 bps, 87.01%, Err 59 (9.9e-06)
764.343 .... 2596 packets received, 6963 bps, 87.04%, Err 59 (9.8e-06)
766.454 .... 2604 packets received, 6965 bps, 87.07%, Err 59 (9.8e-06)
768.570 .... 2607 packets received, 6954 bps, 86.93%, Err 60 (1.0e-05)
770.694 .... 2615 packets received, 6956 bps, 86.95%, Err 60 (9.9e-06)
773.069 .... 2619 packets received, 6945 bps, 86.82%, Err 61 (1.0e-05)
775.184 .... 2627 packets received, 6948 bps, 86.85%, Err 61 (1.0e-05)
778.617 .... 2635 packets received, 6938 bps, 86.73%, Err 62 (1.0e-05)
780.743 .... 2643 packets received, 6940 bps, 86.75%, Err 62 (1.0e-05)
782.884 .... 2651 packets received, 6942 bps, 86.78%, Err 62 (1.0e-05)
785.008 .... 2659 packets received, 6944 bps, 86.80%, Err 62 (1.0e-05)
787.125 .... 2667 packets received, 6946 bps, 86.83%, Err 62 (1.0e-05)
789.223 .... 2675 packets received, 6949 bps, 86.86%, Err 62 (1.0e-05)
791.355 .... 2683 packets received, 6951 bps, 86.88%, Err 62 (1.0e-05)
797.316 .... 2690 packets received, 6917 bps, 86.46%, Err 64 (1.0e-05)
799.447 .... 2698 packets received, 6919 bps, 86.48%, Err 64 (1.0e-05)
801.564 .... 2706 packets received, 6921 bps, 86.51%, Err 64 (1.0e-05)
804.485 .... 2711 packets received, 6908 bps, 86.35%, Err 66 (1.0e-05)
806.605 .... 2719 packets received, 6911 bps, 86.38%, Err 66 (1.0e-05)
808.803 .... 2727 packets received, 6912 bps, 86.40%, Err 66 (1.0e-05)
810.904 .... 2735 packets received, 6914 bps, 86.43%, Err 66 (1.0e-05)
813.021 .... 2743 packets received, 6916 bps, 86.46%, Err 66 (1.0e-05)
815.137 .... 2751 packets received, 6919 bps, 86.48%, Err 66 (1.0e-05)
817.241 .... 2759 packets received, 6921 bps, 86.51%, Err 66 (1.0e-05)
819.357 .... 2767 packets received, 6923 bps, 86.54%, Err 66 (1.0e-05)
821.458 .... 2775 packets received, 6925 bps, 86.57%, Err 66 (1.0e-05)
823.588 .... 2783 packets received, 6927 bps, 86.59%, Err 66 (1.0e-05)
825.960 .... 2787 packets received, 6917 bps, 86.47%, Err 67 (1.0e-05)
828.085 .... 2795 packets received, 6919 bps, 86.49%, Err 67 (1.0e-05)
830.204 .... 2803 packets received, 6921 bps, 86.52%, Err 67 (1.0e-05)
832.320 .... 2811 packets received, 6923 bps, 86.54%, Err 67 (1.0e-05)
834.709 .... 2819 packets received, 6923 bps, 86.54%, Err 67 (1.0e-05)
836.811 .... 2827 packets received, 6925 bps, 86.57%, Err 67 (1.0e-05)
838.926 .... 2835 packets received, 6928 bps, 86.59%, Err 67 (1.0e-05)
841.026 .... 2843 packets received, 6930 bps, 86.62%, Err 67 (1.0e-05)
843.143 .... 2851 packets received, 6932 bps, 86.65%, Err 67 (1.0e-05)
845.259 .... 2859 packets received, 6934 bps, 86.67%, Err 67 (1.0e-05)
847.386 .... 2867 packets received, 6936 bps, 86.70%, Err 67 (1.0e-05)
849.756 .... 2871 packets received, 6926 bps, 86.57%, Err 68 (1.0e-05)
852.141 .... 2875 packets received, 6916 bps, 86.45%, Err 69 (1.0e-05)
854.274 .... 2883 packets received, 6918 bps, 86.48%, Err 69 (1.0e-05)
856.391 .... 2886 packets received, 6908 bps, 86.35%, Err 70 (1.0e-05)
858.517 .... 2894 packets received, 6910 bps, 86.38%, Err 70 (1.0e-05)
860.617 .... 2902 packets received, 6912 bps, 86.40%, Err 70 (1.0e-05)
862.727 .... 2910 packets received, 6914 bps, 86.43%, Err 70 (1.0e-05)
865.147 .... 2918 packets received, 6914 bps, 86.43%, Err 70 (1.0e-05)
867.792 .... 2923 packets received, 6905 bps, 86.31%, Err 71 (1.0e-05)
869.901 .... 2931 packets received, 6907 bps, 86.34%, Err 72 (1.1e-05)
872.031 .... 2939 packets received, 6909 bps, 86.36%, Err 72 (1.1e-05)
874.147 .... 2947 packets received, 6911 bps, 86.38%, Err 72 (1.1e-05)
876.295 .... 2954 packets received, 6910 bps, 86.38%, Err 72 (1.0e-05)
878.397 .... 2962 packets received, 6912 bps, 86.40%, Err 72 (1.0e-05)
880.508 .... 2970 packets received, 6914 bps, 86.43%, Err 72 (1.0e-05)
883.164 .... 2975 packets received, 6905 bps, 86.31%, Err 73 (1.1e-05)
885.278 .... 2983 packets received, 6907 bps, 86.34%, Err 73 (1.1e-05)
887.396 .... 2991 packets received, 6909 bps, 86.36%, Err 73 (1.0e-05)
889.509 .... 2999 packets received, 6911 bps, 86.39%, Err 73 (1.0e-05)
891.608 .... 3007 packets received, 6913 bps, 86.42%, Err 73 (1.0e-05)
893.725 .... 3015 packets received, 6915 bps, 86.44%, Err 74 (1.1e-05)
895.842 .... 3018 packets received, 6906 bps, 86.32%, Err 74 (1.1e-05)
897.973 .... 3026 packets received, 6908 bps, 86.34%, Err 74 (1.1e-05)
900.088 .... 3034 packets received, 6910 bps, 86.37%, Err 74 (1.0e-05)
902.188 .... 3042 packets received, 6912 bps, 86.40%, Err 74 (1.0e-05)
904.304 .... 3050 packets received, 6914 bps, 86.42%, Err 74 (1.0e-05)
906.418 .... 3058 packets received, 6916 bps, 86.44%, Err 74 (1.0e-05)
908.551 .... 3065 packets received, 6915 bps, 86.44%, Err 74 (1.0e-05)
910.668 .... 3073 packets received, 6917 bps, 86.46%, Err 74 (1.0e-05)
912.785 .... 3076 packets received, 6908 bps, 86.35%, Err 75 (1.0e-05)
914.896 .... 3084 packets received, 6910 bps, 86.37%, Err 75 (1.0e-05)
