000.000 =============================================================
000.000                     Station B                               
000.000 -------------------------------------------------------------
000.000 Protocol.lib, version 4.0, jiangyanjun0718@bupt.edu.cn
000.000 Channel: 8000 bps, 270 ms propagation delay, bit error rate 1.0E-05
000.000 Log file "datalink-B.log", TCP port 59143, debug mask 0x00
000.000 Station B is connecting station A (TCP port 59143) ... Done.
000.516 New epoch: Sun May  5 20:06:41 2019
000.520 =================================================================
000.522 
000.525 Designed by Chen Bin, Luo Yang and Li Yiyang. Build: May  5 2019  19:16:36
002.932 .... 8 packets received, 7685 bps, 96.06%, Err 0 (0.0e+00)
005.049 .... 15 packets received, 7230 bps, 90.37%, Err 0 (0.0e+00)
007.165 .... 23 packets received, 7400 bps, 92.51%, Err 0 (0.0e+00)
009.284 .... 31 packets received, 7483 bps, 93.54%, Err 0 (0.0e+00)
011.400 .... 39 packets received, 7535 bps, 94.19%, Err 0 (0.0e+00)
014.027 .... 44 packets received, 6813 bps, 85.16%, Err 1 (9.5e-06)
016.161 .... 52 packets received, 6933 bps, 86.66%, Err 1 (8.1e-06)
018.262 .... 60 packets received, 7037 bps, 87.96%, Err 1 (7.2e-06)
020.380 .... 63 packets received, 6590 bps, 82.37%, Err 2 (1.3e-05)
022.507 .... 71 packets received, 6699 bps, 83.73%, Err 2 (1.2e-05)
024.611 .... 74 packets received, 6365 bps, 79.56%, Err 3 (1.6e-05)
026.729 .... 82 packets received, 6477 bps, 80.96%, Err 3 (1.4e-05)
028.849 .... 90 packets received, 6571 bps, 82.14%, Err 3 (1.3e-05)
030.962 .... 93 packets received, 6315 bps, 78.93%, Err 4 (1.7e-05)
033.081 .... 101 packets received, 6408 bps, 80.10%, Err 4 (1.5e-05)
035.198 .... 109 packets received, 6490 bps, 81.12%, Err 4 (1.5e-05)
037.619 .... 117 packets received, 6508 bps, 81.35%, Err 4 (1.4e-05)
039.736 .... 125 packets received, 6575 bps, 82.19%, Err 4 (1.3e-05)
041.838 .... 133 packets received, 6637 bps, 82.97%, Err 4 (1.2e-05)
043.963 .... 141 packets received, 6690 bps, 83.63%, Err 4 (1.2e-05)
046.081 .... 144 packets received, 6513 bps, 81.41%, Err 5 (1.4e-05)
048.199 .... 152 packets received, 6568 bps, 82.09%, Err 5 (1.3e-05)
050.316 .... 160 packets received, 6618 bps, 82.72%, Err 5 (1.3e-05)
052.419 .... 168 packets received, 6666 bps, 83.32%, Err 5 (1.2e-05)
054.538 .... 176 packets received, 6708 bps, 83.84%, Err 5 (1.2e-05)
056.656 .... 184 packets received, 6746 bps, 84.33%, Err 5 (1.1e-05)
058.758 .... 192 packets received, 6784 bps, 84.81%, Err 5 (1.1e-05)
060.860 .... 200 packets received, 6820 bps, 85.25%, Err 5 (1.0e-05)
062.979 .... 208 packets received, 6851 bps, 85.64%, Err 5 (1.0e-05)
065.098 .... 216 packets received, 6880 bps, 86.00%, Err 5 (9.8e-06)
067.200 .... 224 packets received, 6909 bps, 86.36%, Err 5 (9.5e-06)
069.317 .... 232 packets received, 6935 bps, 86.68%, Err 5 (9.2e-06)
071.415 .... 240 packets received, 6961 bps, 87.01%, Err 5 (8.9e-06)
073.548 .... 248 packets received, 6982 bps, 87.27%, Err 5 (8.6e-06)
075.663 .... 256 packets received, 7003 bps, 87.54%, Err 5 (8.4e-06)
077.765 .... 264 packets received, 7025 bps, 87.81%, Err 5 (8.2e-06)
079.869 .... 272 packets received, 7045 bps, 88.06%, Err 5 (7.9e-06)
083.043 .... 279 packets received, 6948 bps, 86.85%, Err 6 (9.2e-06)
085.186 .... 287 packets received, 6965 bps, 87.07%, Err 6 (8.9e-06)
087.321 .... 295 packets received, 6983 bps, 87.29%, Err 6 (8.7e-06)
089.423 .... 303 packets received, 7002 bps, 87.53%, Err 6 (8.5e-06)
091.541 .... 311 packets received, 7019 bps, 87.74%, Err 7 (9.7e-06)
093.659 .... 319 packets received, 7036 bps, 87.94%, Err 7 (9.5e-06)
095.762 .... 322 packets received, 6944 bps, 86.81%, Err 8 (1.1e-05)
097.899 .... 330 packets received, 6960 bps, 87.00%, Err 8 (1.0e-05)
100.015 .... 338 packets received, 6977 bps, 87.21%, Err 8 (1.0e-05)
102.133 .... 346 packets received, 6993 bps, 87.41%, Err 8 (9.9e-06)
104.267 .... 353 packets received, 6987 bps, 87.34%, Err 8 (9.7e-06)
106.385 .... 361 packets received, 7002 bps, 87.53%, Err 8 (9.6e-06)
108.502 .... 369 packets received, 7017 bps, 87.71%, Err 8 (9.4e-06)
110.607 .... 377 packets received, 7031 bps, 87.89%, Err 8 (9.2e-06)
113.511 .... 383 packets received, 6959 bps, 86.99%, Err 9 (1.0e-05)
115.643 .... 391 packets received, 6973 bps, 87.16%, Err 9 (9.9e-06)
119.619 .... 398 packets received, 6860 bps, 85.75%, Err 10 (1.1e-05)
121.750 .... 406 packets received, 6875 bps, 85.93%, Err 10 (1.0e-05)
123.881 .... 414 packets received, 6889 bps, 86.11%, Err 10 (1.0e-05)
125.967 .... 422 packets received, 6905 bps, 86.31%, Err 10 (1.0e-05)
128.083 .... 430 packets received, 6919 bps, 86.48%, Err 10 (9.9e-06)
130.215 .... 438 packets received, 6931 bps, 86.64%, Err 10 (9.7e-06)
132.329 .... 446 packets received, 6945 bps, 86.81%, Err 10 (9.6e-06)
134.430 .... 454 packets received, 6958 bps, 86.97%, Err 10 (9.4e-06)
136.531 .... 462 packets received, 6971 bps, 87.14%, Err 10 (9.3e-06)
138.649 .... 470 packets received, 6983 bps, 87.28%, Err 10 (9.1e-06)
140.755 .... 478 packets received, 6995 bps, 87.43%, Err 10 (9.0e-06)
142.874 .... 486 packets received, 7006 bps, 87.57%, Err 10 (8.9e-06)
144.976 .... 494 packets received, 7017 bps, 87.72%, Err 11 (9.6e-06)
147.092 .... 497 packets received, 6958 bps, 86.97%, Err 11 (9.5e-06)
149.225 .... 505 packets received, 6968 bps, 87.10%, Err 11 (9.3e-06)
151.375 .... 511 packets received, 6950 bps, 86.88%, Err 11 (9.2e-06)
153.494 .... 519 packets received, 6961 bps, 87.01%, Err 11 (9.1e-06)
155.611 .... 526 packets received, 6958 bps, 86.98%, Err 11 (9.0e-06)
157.730 .... 534 packets received, 6969 bps, 87.11%, Err 11 (8.9e-06)
159.833 .... 542 packets received, 6980 bps, 87.25%, Err 11 (8.8e-06)
161.950 .... 550 packets received, 6990 bps, 87.37%, Err 11 (8.6e-06)
165.529 .... 554 packets received, 6888 bps, 86.10%, Err 12 (9.3e-06)
168.207 .... 557 packets received, 6814 bps, 85.18%, Err 13 (9.9e-06)
170.295 .... 565 packets received, 6827 bps, 85.34%, Err 13 (9.7e-06)
172.411 .... 573 packets received, 6838 bps, 85.48%, Err 13 (9.6e-06)
174.542 .... 581 packets received, 6849 bps, 85.61%, Err 13 (9.5e-06)
176.660 .... 588 packets received, 6848 bps, 85.60%, Err 13 (9.4e-06)
178.760 .... 596 packets received, 6859 bps, 85.74%, Err 14 (1.0e-05)
180.877 .... 599 packets received, 6812 bps, 85.15%, Err 14 (9.9e-06)
183.025 .... 602 packets received, 6766 bps, 84.57%, Err 15 (1.0e-05)
185.144 .... 610 packets received, 6777 bps, 84.71%, Err 15 (1.0e-05)
187.260 .... 618 packets received, 6788 bps, 84.85%, Err 15 (1.0e-05)
189.365 .... 626 packets received, 6799 bps, 84.99%, Err 15 (1.0e-05)
191.480 .... 634 packets received, 6809 bps, 85.12%, Err 15 (1.0e-05)
193.598 .... 642 packets received, 6820 bps, 85.25%, Err 15 (9.9e-06)
195.700 .... 650 packets received, 6830 bps, 85.38%, Err 15 (9.8e-06)
197.814 .... 658 packets received, 6840 bps, 85.50%, Err 15 (9.7e-06)
199.929 .... 666 packets received, 6850 bps, 85.62%, Err 15 (9.6e-06)
202.030 .... 674 packets received, 6860 bps, 85.74%, Err 15 (9.5e-06)
204.146 .... 682 packets received, 6869 bps, 85.86%, Err 15 (9.4e-06)
206.276 .... 685 packets received, 6827 bps, 85.34%, Err 16 (9.9e-06)
208.374 .... 693 packets received, 6837 bps, 85.47%, Err 16 (9.8e-06)
210.506 .... 701 packets received, 6846 bps, 85.58%, Err 16 (9.7e-06)
212.607 .... 709 packets received, 6855 bps, 85.69%, Err 16 (9.6e-06)
214.724 .... 717 packets received, 6864 bps, 85.80%, Err 16 (9.5e-06)
216.840 .... 725 packets received, 6873 bps, 85.91%, Err 16 (9.4e-06)
218.957 .... 733 packets received, 6881 bps, 86.02%, Err 17 (9.9e-06)
221.071 .... 736 packets received, 6843 bps, 85.54%, Err 17 (9.8e-06)
223.183 .... 744 packets received, 6852 bps, 85.65%, Err 17 (9.7e-06)
225.317 .... 752 packets received, 6860 bps, 85.74%, Err 17 (9.6e-06)
228.236 .... 757 packets received, 6817 bps, 85.21%, Err 18 (1.0e-05)
230.369 .... 765 packets received, 6825 bps, 85.31%, Err 18 (9.9e-06)
232.488 .... 773 packets received, 6833 bps, 85.41%, Err 18 (9.8e-06)
234.588 .... 781 packets received, 6842 bps, 85.52%, Err 18 (9.8e-06)
236.708 .... 789 packets received, 6850 bps, 85.62%, Err 18 (9.7e-06)
238.809 .... 797 packets received, 6858 bps, 85.72%, Err 18 (9.6e-06)
240.925 .... 805 packets received, 6866 bps, 85.82%, Err 18 (9.5e-06)
243.041 .... 813 packets received, 6873 bps, 85.92%, Err 18 (9.4e-06)
245.673 .... 818 packets received, 6841 bps, 85.52%, Err 19 (9.8e-06)
247.789 .... 826 packets received, 6849 bps, 85.61%, Err 19 (9.7e-06)
249.904 .... 834 packets received, 6857 bps, 85.71%, Err 20 (1.0e-05)
252.024 .... 837 packets received, 6823 bps, 85.29%, Err 20 (1.0e-05)
254.139 .... 845 packets received, 6831 bps, 85.39%, Err 20 (1.0e-05)
256.261 .... 853 packets received, 6838 bps, 85.48%, Err 20 (9.9e-06)
258.409 .... 860 packets received, 6837 bps, 85.46%, Err 20 (9.8e-06)
260.525 .... 868 packets received, 6844 bps, 85.56%, Err 20 (9.8e-06)
262.629 .... 876 packets received, 6852 bps, 85.65%, Err 20 (9.7e-06)
264.745 .... 884 packets received, 6859 bps, 85.74%, Err 20 (9.6e-06)
267.135 .... 888 packets received, 6828 bps, 85.35%, Err 21 (1.0e-05)
269.251 .... 896 packets received, 6836 bps, 85.44%, Err 21 (9.9e-06)
271.370 .... 904 packets received, 6843 bps, 85.53%, Err 21 (9.8e-06)
274.303 .... 910 packets received, 6814 bps, 85.18%, Err 22 (1.0e-05)
276.436 .... 918 packets received, 6821 bps, 85.26%, Err 22 (1.0e-05)
278.551 .... 926 packets received, 6828 bps, 85.35%, Err 22 (1.0e-05)
280.680 .... 933 packets received, 6827 bps, 85.34%, Err 22 (1.0e-05)
282.795 .... 941 packets received, 6834 bps, 85.43%, Err 22 (9.9e-06)
284.913 .... 944 packets received, 6805 bps, 85.06%, Err 23 (1.0e-05)
287.044 .... 952 packets received, 6811 bps, 85.14%, Err 23 (1.0e-05)
289.194 .... 959 packets received, 6810 bps, 85.13%, Err 23 (1.0e-05)
291.295 .... 967 packets received, 6817 bps, 85.22%, Err 23 (1.0e-05)
293.399 .... 975 packets received, 6824 bps, 85.30%, Err 23 (1.0e-05)
295.517 .... 983 packets received, 6831 bps, 85.39%, Err 23 (9.9e-06)
297.631 .... 986 packets received, 6803 bps, 85.04%, Err 24 (1.0e-05)
299.749 .... 993 packets received, 6803 bps, 85.03%, Err 24 (1.0e-05)
301.867 .... 1001 packets received, 6809 bps, 85.12%, Err 24 (1.0e-05)
303.986 .... 1009 packets received, 6816 bps, 85.20%, Err 24 (1.0e-05)
306.086 .... 1017 packets received, 6823 bps, 85.28%, Err 24 (1.0e-05)
308.199 .... 1025 packets received, 6829 bps, 85.36%, Err 24 (9.9e-06)
310.313 .... 1033 packets received, 6835 bps, 85.44%, Err 24 (9.8e-06)
312.429 .... 1041 packets received, 6841 bps, 85.52%, Err 24 (9.8e-06)
314.538 .... 1049 packets received, 6848 bps, 85.59%, Err 24 (9.7e-06)
316.655 .... 1057 packets received, 6854 bps, 85.67%, Err 24 (9.6e-06)
318.773 .... 1065 packets received, 6859 bps, 85.74%, Err 24 (9.6e-06)
320.874 .... 1073 packets received, 6866 bps, 85.82%, Err 24 (9.5e-06)
322.972 .... 1081 packets received, 6872 bps, 85.90%, Err 24 (9.5e-06)
325.107 .... 1089 packets received, 6877 bps, 85.96%, Err 24 (9.4e-06)
327.210 .... 1097 packets received, 6883 bps, 86.04%, Err 24 (9.3e-06)
329.328 .... 1105 packets received, 6888 bps, 86.11%, Err 24 (9.3e-06)
331.431 .... 1113 packets received, 6894 bps, 86.18%, Err 24 (9.2e-06)
333.549 .... 1121 packets received, 6900 bps, 86.24%, Err 24 (9.1e-06)
335.651 .... 1129 packets received, 6905 bps, 86.31%, Err 24 (9.1e-06)
337.773 .... 1137 packets received, 6910 bps, 86.38%, Err 25 (9.4e-06)
339.889 .... 1144 packets received, 6909 bps, 86.37%, Err 25 (9.4e-06)
342.010 .... 1152 packets received, 6914 bps, 86.43%, Err 25 (9.3e-06)
344.127 .... 1159 packets received, 6914 bps, 86.42%, Err 25 (9.2e-06)
346.258 .... 1167 packets received, 6918 bps, 86.48%, Err 25 (9.2e-06)
348.374 .... 1174 packets received, 6918 bps, 86.47%, Err 25 (9.1e-06)
350.493 .... 1182 packets received, 6922 bps, 86.53%, Err 25 (9.1e-06)
352.594 .... 1190 packets received, 6928 bps, 86.60%, Err 25 (9.0e-06)
354.712 .... 1198 packets received, 6933 bps, 86.66%, Err 25 (9.0e-06)
358.161 .... 1205 packets received, 6906 bps, 86.32%, Err 26 (9.2e-06)
361.590 .... 1213 packets received, 6886 bps, 86.07%, Err 27 (9.5e-06)
363.720 .... 1221 packets received, 6890 bps, 86.13%, Err 27 (9.5e-06)
365.868 .... 1227 packets received, 6883 bps, 86.04%, Err 27 (9.4e-06)
367.985 .... 1235 packets received, 6888 bps, 86.10%, Err 27 (9.4e-06)
370.084 .... 1243 packets received, 6894 bps, 86.17%, Err 27 (9.3e-06)
372.202 .... 1251 packets received, 6898 bps, 86.23%, Err 27 (9.2e-06)
374.319 .... 1254 packets received, 6876 bps, 85.95%, Err 28 (9.5e-06)
376.450 .... 1262 packets received, 6880 bps, 86.00%, Err 28 (9.5e-06)
378.554 .... 1270 packets received, 6885 bps, 86.07%, Err 28 (9.4e-06)
380.673 .... 1278 packets received, 6890 bps, 86.13%, Err 28 (9.4e-06)
382.774 .... 1286 packets received, 6895 bps, 86.19%, Err 28 (9.3e-06)
384.877 .... 1294 packets received, 6900 bps, 86.25%, Err 28 (9.3e-06)
386.992 .... 1302 packets received, 6905 bps, 86.31%, Err 28 (9.2e-06)
390.354 .... 1305 packets received, 6861 bps, 85.76%, Err 29 (9.5e-06)
392.471 .... 1313 packets received, 6866 bps, 85.82%, Err 29 (9.4e-06)
394.862 .... 1321 packets received, 6865 bps, 85.82%, Err 29 (9.4e-06)
397.508 .... 1326 packets received, 6845 bps, 85.57%, Err 30 (9.6e-06)
399.626 .... 1334 packets received, 6850 bps, 85.63%, Err 30 (9.6e-06)
403.054 .... 1342 packets received, 6833 bps, 85.41%, Err 31 (9.8e-06)
405.170 .... 1346 packets received, 6817 bps, 85.21%, Err 32 (1.0e-05)
407.306 .... 1354 packets received, 6822 bps, 85.27%, Err 32 (1.0e-05)
409.455 .... 1361 packets received, 6821 bps, 85.26%, Err 32 (1.0e-05)
411.557 .... 1369 packets received, 6826 bps, 85.32%, Err 32 (9.9e-06)
413.677 .... 1377 packets received, 6830 bps, 85.38%, Err 32 (9.9e-06)
415.793 .... 1385 packets received, 6835 bps, 85.44%, Err 32 (9.8e-06)
417.898 .... 1393 packets received, 6840 bps, 85.50%, Err 32 (9.8e-06)
420.012 .... 1401 packets received, 6844 bps, 85.55%, Err 32 (9.7e-06)
422.114 .... 1409 packets received, 6849 bps, 85.61%, Err 32 (9.7e-06)
424.247 .... 1417 packets received, 6853 bps, 85.67%, Err 32 (9.6e-06)
426.364 .... 1425 packets received, 6858 bps, 85.72%, Err 32 (9.6e-06)
428.480 .... 1432 packets received, 6857 bps, 85.72%, Err 32 (9.5e-06)
430.600 .... 1439 packets received, 6857 bps, 85.71%, Err 32 (9.5e-06)
432.692 .... 1448 packets received, 6866 bps, 85.83%, Err 32 (9.4e-06)
434.800 .... 1456 packets received, 6871 bps, 85.88%, Err 33 (9.7e-06)
436.914 .... 1459 packets received, 6851 bps, 85.64%, Err 33 (9.6e-06)
439.033 .... 1467 packets received, 6856 bps, 85.70%, Err 33 (9.6e-06)
441.480 .... 1475 packets received, 6855 bps, 85.69%, Err 33 (9.5e-06)
444.378 .... 1481 packets received, 6838 bps, 85.47%, Err 34 (9.8e-06)
446.509 .... 1489 packets received, 6842 bps, 85.52%, Err 34 (9.7e-06)
448.612 .... 1497 packets received, 6846 bps, 85.58%, Err 34 (9.7e-06)
450.738 .... 1505 packets received, 6850 bps, 85.63%, Err 34 (9.6e-06)
454.175 .... 1511 packets received, 6826 bps, 85.32%, Err 35 (9.8e-06)
456.292 .... 1514 packets received, 6807 bps, 85.09%, Err 36 (1.0e-05)
456.986 ** WARNING: System too busy, sleep 15 ms, but be awakened 140 ms later
459.222 .... 1521 packets received, 6795 bps, 84.94%, Err 37 (1.0e-05)
461.354 .... 1529 packets received, 6799 bps, 84.99%, Err 37 (1.0e-05)
463.458 .... 1537 packets received, 6804 bps, 85.05%, Err 37 (1.0e-05)
465.590 .... 1545 packets received, 6808 bps, 85.10%, Err 37 (1.0e-05)
467.699 .... 1553 packets received, 6812 bps, 85.15%, Err 37 (1.0e-05)
469.815 .... 1561 packets received, 6816 bps, 85.20%, Err 37 (1.0e-05)
471.913 .... 1569 packets received, 6821 bps, 85.26%, Err 38 (1.0e-05)
474.023 .... 1573 packets received, 6808 bps, 85.09%, Err 38 (1.0e-05)
476.140 .... 1581 packets received, 6812 bps, 85.15%, Err 38 (1.0e-05)
478.261 .... 1589 packets received, 6816 bps, 85.20%, Err 38 (1.0e-05)
480.376 .... 1597 packets received, 6820 bps, 85.25%, Err 38 (1.0e-05)
482.486 .... 1605 packets received, 6824 bps, 85.30%, Err 38 (1.0e-05)
484.601 .... 1609 packets received, 6811 bps, 85.14%, Err 39 (1.0e-05)
486.708 .... 1617 packets received, 6815 bps, 85.19%, Err 39 (1.0e-05)
488.835 .... 1625 packets received, 6819 bps, 85.24%, Err 39 (1.0e-05)
490.961 .... 1633 packets received, 6823 bps, 85.29%, Err 39 (1.0e-05)
493.078 .... 1641 packets received, 6827 bps, 85.34%, Err 39 (1.0e-05)
495.183 .... 1649 packets received, 6831 bps, 85.39%, Err 39 (1.0e-05)
497.295 .... 1653 packets received, 6818 bps, 85.23%, Err 40 (1.0e-05)
499.425 .... 1661 packets received, 6822 bps, 85.28%, Err 40 (1.0e-05)
501.551 .... 1669 packets received, 6826 bps, 85.32%, Err 40 (1.0e-05)
503.655 .... 1677 packets received, 6830 bps, 85.37%, Err 40 (1.0e-05)
505.763 .... 1685 packets received, 6834 bps, 85.42%, Err 40 (1.0e-05)
507.869 .... 1693 packets received, 6838 bps, 85.47%, Err 40 (1.0e-05)
509.993 .... 1701 packets received, 6842 bps, 85.52%, Err 40 (1.0e-05)
512.094 .... 1709 packets received, 6845 bps, 85.57%, Err 40 (9.9e-06)
514.211 .... 1717 packets received, 6849 bps, 85.61%, Err 40 (9.9e-06)
516.313 .... 1725 packets received, 6853 bps, 85.66%, Err 40 (9.9e-06)
519.228 .... 1732 packets received, 6842 bps, 85.53%, Err 41 (1.0e-05)
521.342 .... 1740 packets received, 6846 bps, 85.57%, Err 41 (1.0e-05)
523.459 .... 1748 packets received, 6849 bps, 85.62%, Err 42 (1.0e-05)
525.570 .... 1756 packets received, 6853 bps, 85.66%, Err 42 (1.0e-05)
527.688 .... 1764 packets received, 6857 bps, 85.71%, Err 42 (1.0e-05)
529.816 .... 1772 packets received, 6860 bps, 85.75%, Err 42 (1.0e-05)
531.931 .... 1780 packets received, 6864 bps, 85.79%, Err 42 (1.0e-05)
534.030 .... 1788 packets received, 6867 bps, 85.84%, Err 42 (1.0e-05)
536.668 .... 1793 packets received, 6853 bps, 85.66%, Err 43 (1.0e-05)
538.793 .... 1801 packets received, 6856 bps, 85.70%, Err 43 (1.0e-05)
540.910 .... 1809 packets received, 6859 bps, 85.74%, Err 43 (1.0e-05)
543.014 .... 1817 packets received, 6863 bps, 85.79%, Err 43 (1.0e-05)
545.133 .... 1825 packets received, 6866 bps, 85.83%, Err 43 (1.0e-05)
547.249 .... 1833 packets received, 6870 bps, 85.87%, Err 43 (1.0e-05)
549.620 .... 1837 packets received, 6855 bps, 85.69%, Err 44 (1.0e-05)
551.751 .... 1845 packets received, 6858 bps, 85.73%, Err 44 (1.0e-05)
553.861 .... 1853 packets received, 6862 bps, 85.77%, Err 44 (1.0e-05)
555.971 .... 1861 packets received, 6865 bps, 85.81%, Err 44 (1.0e-05)
558.085 .... 1869 packets received, 6868 bps, 85.86%, Err 44 (1.0e-05)
560.182 .... 1872 packets received, 6854 bps, 85.67%, Err 46 (1.0e-05)
562.318 .... 1880 packets received, 6857 bps, 85.71%, Err 47 (1.1e-05)
564.435 .... 1883 packets received, 6842 bps, 85.52%, Err 47 (1.1e-05)
566.549 .... 1891 packets received, 6845 bps, 85.57%, Err 47 (1.1e-05)
568.664 .... 1899 packets received, 6849 bps, 85.61%, Err 47 (1.1e-05)
570.773 .... 1907 packets received, 6852 bps, 85.65%, Err 47 (1.0e-05)
572.888 .... 1915 packets received, 6855 bps, 85.69%, Err 47 (1.0e-05)
575.004 .... 1923 packets received, 6859 bps, 85.73%, Err 47 (1.0e-05)
577.127 .... 1931 packets received, 6862 bps, 85.77%, Err 47 (1.0e-05)
579.227 .... 1939 packets received, 6865 bps, 85.82%, Err 47 (1.0e-05)
581.343 .... 1946 packets received, 6865 bps, 85.81%, Err 47 (1.0e-05)
583.472 .... 1954 packets received, 6868 bps, 85.85%, Err 47 (1.0e-05)
585.574 .... 1962 packets received, 6871 bps, 85.89%, Err 47 (1.0e-05)
587.683 .... 1970 packets received, 6875 bps, 85.93%, Err 47 (1.0e-05)
589.796 .... 1978 packets received, 6878 bps, 85.97%, Err 47 (1.0e-05)
592.178 .... 1982 packets received, 6864 bps, 85.80%, Err 48 (1.0e-05)
592.477 ** WARNING: System too busy, sleep 15 ms, but be awakened 75 ms later
594.308 .... 1990 packets received, 6867 bps, 85.84%, Err 48 (1.0e-05)
596.424 .... 1998 packets received, 6870 bps, 85.87%, Err 48 (1.0e-05)
598.540 .... 2006 packets received, 6873 bps, 85.91%, Err 48 (1.0e-05)
600.655 .... 2014 packets received, 6876 bps, 85.95%, Err 48 (1.0e-05)
602.757 .... 2022 packets received, 6879 bps, 85.99%, Err 48 (1.0e-05)
605.929 .... 2029 packets received, 6867 bps, 85.84%, Err 49 (1.0e-05)
608.058 .... 2037 packets received, 6870 bps, 85.87%, Err 49 (1.0e-05)
610.155 .... 2045 packets received, 6873 bps, 85.91%, Err 49 (1.0e-05)
612.283 .... 2053 packets received, 6876 bps, 85.95%, Err 49 (1.0e-05)
614.385 .... 2061 packets received, 6879 bps, 85.99%, Err 49 (1.0e-05)
616.485 .... 2069 packets received, 6882 bps, 86.03%, Err 49 (1.0e-05)
622.463 .... 2075 packets received, 6836 bps, 85.45%, Err 51 (1.0e-05)
624.607 .... 2083 packets received, 6839 bps, 85.48%, Err 52 (1.1e-05)
626.722 .... 2086 packets received, 6825 bps, 85.32%, Err 52 (1.1e-05)
628.837 .... 2094 packets received, 6828 bps, 85.36%, Err 52 (1.1e-05)
630.950 .... 2102 packets received, 6832 bps, 85.39%, Err 53 (1.1e-05)
633.078 .... 2110 packets received, 6834 bps, 85.43%, Err 53 (1.1e-05)
635.224 .... 2117 packets received, 6834 bps, 85.42%, Err 53 (1.1e-05)
637.338 .... 2125 packets received, 6837 bps, 85.46%, Err 53 (1.1e-05)
639.453 .... 2133 packets received, 6840 bps, 85.50%, Err 53 (1.1e-05)
641.570 .... 2141 packets received, 6843 bps, 85.54%, Err 53 (1.1e-05)
643.680 .... 2149 packets received, 6846 bps, 85.57%, Err 53 (1.0e-05)
645.796 .... 2157 packets received, 6849 bps, 85.61%, Err 53 (1.0e-05)
647.899 .... 2165 packets received, 6852 bps, 85.65%, Err 53 (1.0e-05)
650.014 .... 2173 packets received, 6855 bps, 85.69%, Err 53 (1.0e-05)
652.118 .... 2181 packets received, 6858 bps, 85.72%, Err 53 (1.0e-05)
654.220 .... 2189 packets received, 6861 bps, 85.76%, Err 53 (1.0e-05)
656.339 .... 2197 packets received, 6864 bps, 85.80%, Err 53 (1.0e-05)
658.983 .... 2202 packets received, 6852 bps, 85.65%, Err 54 (1.0e-05)
661.097 .... 2210 packets received, 6855 bps, 85.68%, Err 54 (1.0e-05)
663.224 .... 2218 packets received, 6857 bps, 85.72%, Err 54 (1.0e-05)
665.341 .... 2226 packets received, 6860 bps, 85.75%, Err 54 (1.0e-05)
667.442 .... 2234 packets received, 6863 bps, 85.79%, Err 54 (1.0e-05)
669.556 .... 2242 packets received, 6866 bps, 85.82%, Err 54 (1.0e-05)
671.669 .... 2250 packets received, 6869 bps, 85.86%, Err 54 (1.0e-05)
673.803 .... 2258 packets received, 6871 bps, 85.89%, Err 54 (1.0e-05)
675.934 .... 2265 packets received, 6871 bps, 85.89%, Err 54 (1.0e-05)
678.050 .... 2273 packets received, 6874 bps, 85.92%, Err 54 (1.0e-05)
680.164 .... 2281 packets received, 6876 bps, 85.95%, Err 54 (1.0e-05)
682.281 .... 2289 packets received, 6879 bps, 85.99%, Err 54 (1.0e-05)
684.397 .... 2297 packets received, 6882 bps, 86.02%, Err 54 (1.0e-05)
686.514 .... 2300 packets received, 6869 bps, 85.87%, Err 55 (1.0e-05)
688.644 .... 2308 packets received, 6872 bps, 85.90%, Err 55 (1.0e-05)
690.748 .... 2316 packets received, 6875 bps, 85.93%, Err 55 (1.0e-05)
692.846 .... 2324 packets received, 6878 bps, 85.97%, Err 55 (1.0e-05)
694.965 .... 2332 packets received, 6880 bps, 86.00%, Err 55 (1.0e-05)
697.067 .... 2340 packets received, 6883 bps, 86.04%, Err 55 (1.0e-05)
699.195 .... 2348 packets received, 6885 bps, 86.07%, Err 55 (1.0e-05)
701.841 .... 2353 packets received, 6874 bps, 85.92%, Err 56 (1.0e-05)
703.970 .... 2361 packets received, 6876 bps, 85.96%, Err 56 (1.0e-05)
706.067 .... 2369 packets received, 6879 bps, 85.99%, Err 56 (1.0e-05)
708.170 .... 2377 packets received, 6882 bps, 86.02%, Err 56 (1.0e-05)
710.287 .... 2385 packets received, 6885 bps, 86.06%, Err 56 (1.0e-05)
712.404 .... 2393 packets received, 6887 bps, 86.09%, Err 56 (1.0e-05)
714.517 .... 2401 packets received, 6890 bps, 86.12%, Err 56 (1.0e-05)
716.680 .... 2408 packets received, 6889 bps, 86.11%, Err 56 (9.9e-06)
718.781 .... 2416 packets received, 6892 bps, 86.14%, Err 57 (1.0e-05)
720.894 .... 2424 packets received, 6894 bps, 86.18%, Err 57 (1.0e-05)
723.007 .... 2432 packets received, 6897 bps, 86.21%, Err 57 (1.0e-05)
725.118 .... 2440 packets received, 6899 bps, 86.24%, Err 57 (1.0e-05)
727.236 .... 2448 packets received, 6902 bps, 86.27%, Err 58 (1.0e-05)
729.349 .... 2451 packets received, 6890 bps, 86.12%, Err 58 (1.0e-05)
731.483 .... 2459 packets received, 6892 bps, 86.15%, Err 58 (1.0e-05)
734.415 .... 2465 packets received, 6881 bps, 86.02%, Err 59 (1.0e-05)
736.548 .... 2473 packets received, 6884 bps, 86.05%, Err 59 (1.0e-05)
738.678 .... 2481 packets received, 6886 bps, 86.08%, Err 59 (1.0e-05)
740.775 .... 2489 packets received, 6889 bps, 86.11%, Err 59 (1.0e-05)
742.877 .... 2497 packets received, 6891 bps, 86.14%, Err 59 (1.0e-05)
746.296 .... 2505 packets received, 6882 bps, 86.02%, Err 60 (1.0e-05)
748.443 .... 2513 packets received, 6884 bps, 86.05%, Err 60 (1.0e-05)
750.537 .... 2521 packets received, 6886 bps, 86.08%, Err 60 (1.0e-05)
752.666 .... 2529 packets received, 6889 bps, 86.11%, Err 60 (1.0e-05)
754.784 .... 2532 packets received, 6878 bps, 85.97%, Err 61 (1.0e-05)
756.889 .... 2540 packets received, 6880 bps, 86.00%, Err 61 (1.0e-05)
759.002 .... 2548 packets received, 6882 bps, 86.03%, Err 61 (1.0e-05)
761.109 .... 2556 packets received, 6885 bps, 86.06%, Err 61 (1.0e-05)
761.533 ** WARNING: System too busy, sleep 15 ms, but be awakened 126 ms later
763.282 .... 2562 packets received, 6881 bps, 86.02%, Err 61 (1.0e-05)
765.407 .... 2570 packets received, 6884 bps, 86.05%, Err 61 (1.0e-05)
767.519 .... 2578 packets received, 6886 bps, 86.08%, Err 61 (1.0e-05)
769.882 .... 2586 packets received, 6886 bps, 86.08%, Err 61 (1.0e-05)
772.014 .... 2594 packets received, 6889 bps, 86.11%, Err 61 (1.0e-05)
774.129 .... 2602 packets received, 6891 bps, 86.14%, Err 61 (1.0e-05)
776.262 .... 2609 packets received, 6890 bps, 86.13%, Err 61 (1.0e-05)
778.374 .... 2617 packets received, 6893 bps, 86.16%, Err 61 (1.0e-05)
780.757 .... 2621 packets received, 6882 bps, 86.03%, Err 62 (1.0e-05)
782.900 .... 2629 packets received, 6884 bps, 86.05%, Err 62 (1.0e-05)
785.001 .... 2637 packets received, 6887 bps, 86.08%, Err 62 (1.0e-05)
787.120 .... 2645 packets received, 6889 bps, 86.11%, Err 62 (1.0e-05)
789.223 .... 2653 packets received, 6891 bps, 86.14%, Err 62 (1.0e-05)
791.324 .... 2661 packets received, 6894 bps, 86.17%, Err 62 (1.0e-05)
793.441 .... 2669 packets received, 6896 bps, 86.20%, Err 62 (9.9e-06)
795.556 .... 2677 packets received, 6898 bps, 86.23%, Err 62 (9.9e-06)
797.704 .... 2684 packets received, 6898 bps, 86.22%, Err 62 (9.9e-06)
801.042 .... 2689 packets received, 6882 bps, 86.02%, Err 63 (1.0e-05)
803.171 .... 2697 packets received, 6884 bps, 86.05%, Err 63 (1.0e-05)
806.652 .... 2705 packets received, 6875 bps, 85.93%, Err 64 (1.0e-05)
808.755 .... 2713 packets received, 6877 bps, 85.96%, Err 64 (1.0e-05)
810.885 .... 2721 packets received, 6879 bps, 85.99%, Err 64 (1.0e-05)
812.989 .... 2729 packets received, 6881 bps, 86.02%, Err 64 (1.0e-05)
815.104 .... 2737 packets received, 6884 bps, 86.05%, Err 64 (1.0e-05)
817.221 .... 2745 packets received, 6886 bps, 86.07%, Err 64 (1.0e-05)
819.339 .... 2753 packets received, 6888 bps, 86.10%, Err 64 (9.9e-06)
821.440 .... 2761 packets received, 6890 bps, 86.13%, Err 64 (9.9e-06)
823.555 .... 2769 packets received, 6893 bps, 86.16%, Err 64 (9.9e-06)
825.670 .... 2777 packets received, 6895 bps, 86.18%, Err 64 (9.9e-06)
827.815 .... 2784 packets received, 6894 bps, 86.18%, Err 64 (9.8e-06)
829.917 .... 2792 packets received, 6897 bps, 86.21%, Err 64 (9.8e-06)
833.092 .... 2799 packets received, 6887 bps, 86.09%, Err 65 (9.9e-06)
835.207 .... 2807 packets received, 6890 bps, 86.12%, Err 65 (9.9e-06)
837.338 .... 2815 packets received, 6892 bps, 86.15%, Err 65 (9.9e-06)
839.456 .... 2823 packets received, 6894 bps, 86.17%, Err 65 (9.9e-06)
841.570 .... 2831 packets received, 6896 bps, 86.20%, Err 65 (9.8e-06)
843.671 .... 2839 packets received, 6898 bps, 86.23%, Err 65 (9.8e-06)
845.786 .... 2847 packets received, 6900 bps, 86.25%, Err 66 (9.9e-06)
847.884 .... 2855 packets received, 6903 bps, 86.28%, Err 66 (9.9e-06)
850.016 .... 2858 packets received, 6892 bps, 86.16%, Err 67 (1.0e-05)
852.129 .... 2866 packets received, 6895 bps, 86.18%, Err 67 (1.0e-05)
854.279 .... 2873 packets received, 6894 bps, 86.18%, Err 67 (1.0e-05)
856.392 .... 2881 packets received, 6896 bps, 86.20%, Err 67 (1.0e-05)
858.518 .... 2888 packets received, 6896 bps, 86.20%, Err 67 (9.9e-06)
860.635 .... 2896 packets received, 6898 bps, 86.22%, Err 67 (9.9e-06)
863.534 .... 2902 packets received, 6889 bps, 86.11%, Err 68 (1.0e-05)
865.663 .... 2910 packets received, 6891 bps, 86.14%, Err 68 (1.0e-05)
867.778 .... 2918 packets received, 6893 bps, 86.16%, Err 68 (1.0e-05)
869.924 .... 2925 packets received, 6892 bps, 86.16%, Err 68 (9.9e-06)
873.091 .... 2932 packets received, 6884 bps, 86.05%, Err 69 (1.0e-05)
875.207 .... 2940 packets received, 6886 bps, 86.07%, Err 69 (1.0e-05)
877.336 .... 2948 packets received, 6888 bps, 86.10%, Err 69 (1.0e-05)
879.451 .... 2956 packets received, 6890 bps, 86.12%, Err 69 (1.0e-05)
881.549 .... 2964 packets received, 6892 bps, 86.15%, Err 69 (1.0e-05)
883.663 .... 2967 packets received, 6883 bps, 86.03%, Err 70 (1.0e-05)
885.795 .... 2975 packets received, 6885 bps, 86.06%, Err 70 (1.0e-05)
887.914 .... 2983 packets received, 6887 bps, 86.08%, Err 70 (1.0e-05)
890.032 .... 2991 packets received, 6889 bps, 86.11%, Err 70 (1.0e-05)
892.129 .... 2999 packets received, 6891 bps, 86.13%, Err 70 (1.0e-05)
894.243 .... 3007 packets received, 6893 bps, 86.16%, Err 70 (1.0e-05)
896.373 .... 3015 packets received, 6895 bps, 86.18%, Err 70 (9.9e-06)
898.488 .... 3022 packets received, 6894 bps, 86.18%, Err 70 (9.9e-06)
900.618 .... 3030 packets received, 6896 bps, 86.20%, Err 70 (9.9e-06)
902.714 .... 3038 packets received, 6898 bps, 86.23%, Err 70 (9.9e-06)
905.629 .... 3044 packets received, 6890 bps, 86.12%, Err 71 (1.0e-05)
907.742 .... 3052 packets received, 6892 bps, 86.15%, Err 71 (9.9e-06)
909.858 .... 3060 packets received, 6894 bps, 86.17%, Err 71 (9.9e-06)
911.977 .... 3068 packets received, 6896 bps, 86.20%, Err 71 (9.9e-06)
914.399 .... 3076 packets received, 6895 bps, 86.19%, Err 71 (9.9e-06)
915.698 TCP Disconnected.
