000.000 =============================================================
000.000                     Station B                               
000.000 -------------------------------------------------------------
000.000 Protocol.lib, version 4.0, jiangyanjun0718@bupt.edu.cn
000.000 Channel: 8000 bps, 270 ms propagation delay, bit error rate 1.0E-005
000.000 Log file "selective-B.log", TCP port 59144, debug mask 0x00
000.000 Station B is connecting station A (TCP port 59144) ... Done.
000.371 New epoch: Sun May 05 10:32:56 2019
000.371 =================================================================
000.371 
000.371 Designed by Jiang Yanjun, build: Oct 28 2018  16:37:15
002.787 .... 8 packets received, 7678 bps, 95.97%, Err 0 (0.0e+000)
004.908 .... 16 packets received, 7701 bps, 96.26%, Err 0 (0.0e+000)
007.019 .... 24 packets received, 7721 bps, 96.51%, Err 0 (0.0e+000)
009.118 .... 32 packets received, 7742 bps, 96.77%, Err 0 (0.0e+000)
011.241 .... 40 packets received, 7737 bps, 96.71%, Err 0 (0.0e+000)
014.132 .... 45 packets received, 6837 bps, 85.47%, Err 2 (1.8e-005)
016.234 .... 57 packets received, 7492 bps, 93.65%, Err 2 (1.6e-005)
018.353 .... 65 packets received, 7521 bps, 94.01%, Err 2 (1.4e-005)
020.460 .... 73 packets received, 7548 bps, 94.35%, Err 2 (1.2e-005)
022.597 .... 81 packets received, 7560 bps, 94.50%, Err 2 (1.1e-005)
024.689 .... 89 packets received, 7583 bps, 94.79%, Err 3 (1.5e-005)
026.799 .... 97 packets received, 7598 bps, 94.97%, Err 3 (1.4e-005)
028.926 .... 105 packets received, 7606 bps, 95.07%, Err 3 (1.3e-005)
031.576 .... 111 packets received, 7351 bps, 91.89%, Err 4 (1.6e-005)
033.683 .... 122 packets received, 7565 bps, 94.56%, Err 4 (1.5e-005)
035.802 .... 130 packets received, 7575 bps, 94.68%, Err 4 (1.4e-005)
037.916 .... 138 packets received, 7585 bps, 94.81%, Err 4 (1.3e-005)
040.021 .... 146 packets received, 7595 bps, 94.94%, Err 4 (1.3e-005)
042.159 .... 154 packets received, 7599 bps, 94.98%, Err 4 (1.2e-005)
044.256 .... 162 packets received, 7609 bps, 95.11%, Err 4 (1.1e-005)
046.368 .... 170 packets received, 7616 bps, 95.20%, Err 4 (1.1e-005)
048.503 .... 178 packets received, 7618 bps, 95.23%, Err 4 (1.0e-005)
050.587 .... 186 packets received, 7629 bps, 95.36%, Err 4 (1.0e-005)
052.715 .... 194 packets received, 7632 bps, 95.39%, Err 4 (9.6e-006)
054.824 .... 202 packets received, 7637 bps, 95.46%, Err 4 (9.2e-006)
056.936 .... 210 packets received, 7641 bps, 95.52%, Err 4 (8.8e-006)
059.043 .... 218 packets received, 7646 bps, 95.58%, Err 4 (8.5e-006)
061.159 .... 226 packets received, 7650 bps, 95.62%, Err 4 (8.2e-006)
063.276 .... 234 packets received, 7653 bps, 95.66%, Err 4 (8.0e-006)
065.408 .... 242 packets received, 7654 bps, 95.67%, Err 4 (7.7e-006)
067.522 .... 250 packets received, 7657 bps, 95.71%, Err 4 (7.4e-006)
069.627 .... 258 packets received, 7661 bps, 95.76%, Err 4 (7.2e-006)
071.723 .... 266 packets received, 7665 bps, 95.82%, Err 4 (7.0e-006)
073.844 .... 274 packets received, 7667 bps, 95.84%, Err 4 (6.8e-006)
075.934 .... 282 packets received, 7672 bps, 95.90%, Err 4 (6.6e-006)
078.074 .... 290 packets received, 7671 bps, 95.89%, Err 4 (6.4e-006)
080.168 .... 298 packets received, 7675 bps, 95.94%, Err 4 (6.3e-006)
082.282 .... 306 packets received, 7677 bps, 95.97%, Err 4 (6.1e-006)
084.672 .... 311 packets received, 7581 bps, 94.76%, Err 5 (7.4e-006)
086.769 .... 322 packets received, 7658 bps, 95.72%, Err 5 (7.2e-006)
088.885 .... 330 packets received, 7660 bps, 95.75%, Err 5 (7.1e-006)
091.522 .... 336 packets received, 7573 bps, 94.66%, Err 6 (8.2e-006)
093.660 .... 347 packets received, 7641 bps, 95.51%, Err 6 (8.0e-006)
095.755 .... 355 packets received, 7645 bps, 95.56%, Err 6 (7.9e-006)
097.877 .... 363 packets received, 7647 bps, 95.58%, Err 6 (7.7e-006)
100.005 .... 371 packets received, 7648 bps, 95.60%, Err 7 (8.8e-006)
102.900 .... 378 packets received, 7571 bps, 94.64%, Err 9 (1.1e-005)
105.011 .... 388 packets received, 7614 bps, 95.18%, Err 9 (1.1e-005)
107.126 .... 396 packets received, 7617 bps, 95.21%, Err 9 (1.1e-005)
109.258 .... 404 packets received, 7618 bps, 95.23%, Err 9 (1.0e-005)
111.344 .... 412 packets received, 7623 bps, 95.29%, Err 9 (1.0e-005)
113.464 .... 420 packets received, 7625 bps, 95.31%, Err 9 (9.9e-006)
115.577 .... 428 packets received, 7627 bps, 95.34%, Err 9 (9.8e-006)
117.698 .... 436 packets received, 7629 bps, 95.36%, Err 9 (9.6e-006)
119.802 .... 444 packets received, 7632 bps, 95.40%, Err 9 (9.4e-006)
121.919 .... 452 packets received, 7634 bps, 95.42%, Err 9 (9.3e-006)
124.048 .... 460 packets received, 7635 bps, 95.43%, Err 9 (9.1e-006)
126.408 .... 465 packets received, 7573 bps, 94.66%, Err 10 (9.9e-006)
128.522 .... 476 packets received, 7624 bps, 95.30%, Err 10 (9.8e-006)
130.638 .... 484 packets received, 7626 bps, 95.32%, Err 10 (9.6e-006)
132.741 .... 492 packets received, 7628 bps, 95.35%, Err 10 (9.4e-006)
134.854 .... 500 packets received, 7630 bps, 95.38%, Err 10 (9.3e-006)
136.973 .... 508 packets received, 7632 bps, 95.40%, Err 10 (9.2e-006)
139.084 .... 516 packets received, 7634 bps, 95.42%, Err 10 (9.0e-006)
141.193 .... 524 packets received, 7636 bps, 95.45%, Err 10 (8.9e-006)
143.323 .... 532 packets received, 7637 bps, 95.46%, Err 10 (8.7e-006)
145.445 .... 540 packets received, 7638 bps, 95.47%, Err 10 (8.6e-006)
147.541 .... 548 packets received, 7641 bps, 95.51%, Err 10 (8.5e-006)
149.656 .... 556 packets received, 7642 bps, 95.53%, Err 10 (8.4e-006)
151.765 .... 564 packets received, 7644 bps, 95.55%, Err 10 (8.3e-006)
153.887 .... 572 packets received, 7645 bps, 95.56%, Err 10 (8.1e-006)
155.990 .... 580 packets received, 7647 bps, 95.59%, Err 10 (8.0e-006)
158.090 .... 588 packets received, 7649 bps, 95.61%, Err 10 (7.9e-006)
160.227 .... 596 packets received, 7649 bps, 95.61%, Err 10 (7.8e-006)
162.349 .... 604 packets received, 7650 bps, 95.63%, Err 10 (7.7e-006)
164.461 .... 612 packets received, 7651 bps, 95.64%, Err 10 (7.6e-006)
166.564 .... 620 packets received, 7653 bps, 95.67%, Err 10 (7.5e-006)
168.672 .... 628 packets received, 7655 bps, 95.68%, Err 10 (7.4e-006)
170.780 .... 635 packets received, 7644 bps, 95.55%, Err 11 (8.1e-006)
173.157 .... 640 packets received, 7598 bps, 94.98%, Err 12 (8.7e-006)
175.278 .... 651 packets received, 7635 bps, 95.44%, Err 12 (8.6e-006)
177.383 .... 659 packets received, 7637 bps, 95.46%, Err 12 (8.5e-006)
179.501 .... 667 packets received, 7638 bps, 95.47%, Err 13 (9.1e-006)
181.610 .... 674 packets received, 7628 bps, 95.35%, Err 13 (9.0e-006)
183.725 .... 682 packets received, 7629 bps, 95.37%, Err 13 (8.9e-006)
186.894 .... 690 packets received, 7588 bps, 94.84%, Err 14 (9.4e-006)
188.998 .... 697 packets received, 7579 bps, 94.74%, Err 15 (9.9e-006)
191.104 .... 708 packets received, 7613 bps, 95.17%, Err 15 (9.8e-006)
193.219 .... 716 packets received, 7615 bps, 95.19%, Err 15 (9.7e-006)
195.324 .... 724 packets received, 7617 bps, 95.21%, Err 16 (1.0e-005)
197.440 .... 732 packets received, 7618 bps, 95.23%, Err 16 (1.0e-005)
199.558 .... 740 packets received, 7619 bps, 95.24%, Err 16 (1.0e-005)
201.677 .... 748 packets received, 7621 bps, 95.26%, Err 16 (9.9e-006)
203.772 .... 756 packets received, 7623 bps, 95.28%, Err 16 (9.8e-006)
206.159 .... 761 packets received, 7584 bps, 94.80%, Err 17 (1.0e-005)
208.296 .... 772 packets received, 7614 bps, 95.18%, Err 17 (1.0e-005)
210.416 .... 780 packets received, 7615 bps, 95.19%, Err 17 (1.0e-005)
212.516 .... 788 packets received, 7617 bps, 95.22%, Err 17 (1.0e-005)
214.635 .... 796 packets received, 7618 bps, 95.23%, Err 17 (9.9e-006)
216.753 .... 804 packets received, 7620 bps, 95.24%, Err 17 (9.8e-006)
218.857 .... 812 packets received, 7621 bps, 95.26%, Err 17 (9.7e-006)
220.979 .... 820 packets received, 7622 bps, 95.28%, Err 17 (9.6e-006)
223.102 .... 828 packets received, 7623 bps, 95.29%, Err 17 (9.5e-006)
225.214 .... 836 packets received, 7624 bps, 95.30%, Err 17 (9.5e-006)
227.329 .... 844 packets received, 7625 bps, 95.32%, Err 17 (9.4e-006)
229.426 .... 852 packets received, 7627 bps, 95.34%, Err 18 (9.8e-006)
231.549 .... 860 packets received, 7628 bps, 95.35%, Err 18 (9.7e-006)
233.657 .... 868 packets received, 7629 bps, 95.37%, Err 18 (9.6e-006)
235.788 .... 876 packets received, 7630 bps, 95.37%, Err 18 (9.6e-006)
237.910 .... 884 packets received, 7631 bps, 95.38%, Err 18 (9.5e-006)
239.995 .... 892 packets received, 7633 bps, 95.41%, Err 18 (9.4e-006)
242.128 .... 900 packets received, 7633 bps, 95.41%, Err 18 (9.3e-006)
244.242 .... 908 packets received, 7634 bps, 95.43%, Err 18 (9.2e-006)
246.345 .... 916 packets received, 7635 bps, 95.44%, Err 19 (9.7e-006)
248.463 .... 923 packets received, 7628 bps, 95.35%, Err 19 (9.6e-006)
251.350 .... 930 packets received, 7597 bps, 94.97%, Err 20 (1.0e-005)
253.475 .... 941 packets received, 7623 bps, 95.28%, Err 20 (9.9e-006)
255.586 .... 949 packets received, 7624 bps, 95.30%, Err 20 (9.8e-006)
257.704 .... 957 packets received, 7625 bps, 95.31%, Err 20 (9.7e-006)
259.811 .... 965 packets received, 7626 bps, 95.32%, Err 20 (9.6e-006)
261.932 .... 973 packets received, 7627 bps, 95.33%, Err 20 (9.6e-006)
264.036 .... 981 packets received, 7628 bps, 95.35%, Err 20 (9.5e-006)
266.144 .... 989 packets received, 7629 bps, 95.36%, Err 20 (9.4e-006)
268.260 .... 997 packets received, 7630 bps, 95.38%, Err 20 (9.3e-006)
270.375 .... 1005 packets received, 7631 bps, 95.39%, Err 20 (9.3e-006)
272.487 .... 1013 packets received, 7632 bps, 95.40%, Err 20 (9.2e-006)
274.595 .... 1021 packets received, 7633 bps, 95.41%, Err 20 (9.1e-006)
276.713 .... 1029 packets received, 7634 bps, 95.42%, Err 20 (9.0e-006)
278.811 .... 1037 packets received, 7635 bps, 95.44%, Err 20 (9.0e-006)
281.200 .... 1042 packets received, 7607 bps, 95.08%, Err 21 (9.3e-006)
283.313 .... 1053 packets received, 7629 bps, 95.37%, Err 21 (9.3e-006)
285.414 .... 1061 packets received, 7631 bps, 95.38%, Err 21 (9.2e-006)
288.053 .... 1067 packets received, 7603 bps, 95.04%, Err 22 (9.6e-006)
290.163 .... 1078 packets received, 7626 bps, 95.32%, Err 22 (9.5e-006)
292.293 .... 1086 packets received, 7626 bps, 95.33%, Err 22 (9.4e-006)
294.408 .... 1093 packets received, 7620 bps, 95.25%, Err 23 (9.8e-006)
297.042 .... 1099 packets received, 7594 bps, 94.92%, Err 24 (1.0e-005)
299.162 .... 1110 packets received, 7615 bps, 95.19%, Err 24 (1.0e-005)
301.275 .... 1118 packets received, 7616 bps, 95.21%, Err 24 (1.0e-005)
303.367 .... 1126 packets received, 7618 bps, 95.22%, Err 24 (9.9e-006)
305.483 .... 1134 packets received, 7619 bps, 95.23%, Err 24 (9.8e-006)
307.603 .... 1142 packets received, 7620 bps, 95.24%, Err 24 (9.8e-006)
309.719 .... 1150 packets received, 7620 bps, 95.25%, Err 24 (9.7e-006)
311.827 .... 1158 packets received, 7621 bps, 95.27%, Err 24 (9.6e-006)
313.942 .... 1166 packets received, 7622 bps, 95.28%, Err 24 (9.6e-006)
316.843 .... 1173 packets received, 7598 bps, 94.97%, Err 25 (9.9e-006)
318.964 .... 1184 packets received, 7618 bps, 95.22%, Err 25 (9.8e-006)
321.063 .... 1192 packets received, 7619 bps, 95.24%, Err 25 (9.7e-006)
323.190 .... 1196 packets received, 7594 bps, 94.93%, Err 26 (1.0e-005)
325.285 .... 1207 packets received, 7615 bps, 95.18%, Err 26 (1.0e-005)
327.406 .... 1215 packets received, 7615 bps, 95.19%, Err 26 (9.9e-006)
329.532 .... 1223 packets received, 7616 bps, 95.20%, Err 26 (9.9e-006)
331.626 .... 1231 packets received, 7617 bps, 95.22%, Err 26 (9.8e-006)
333.734 .... 1239 packets received, 7618 bps, 95.23%, Err 26 (9.7e-006)
335.850 .... 1247 packets received, 7619 bps, 95.24%, Err 26 (9.7e-006)
337.966 .... 1255 packets received, 7620 bps, 95.25%, Err 26 (9.6e-006)
340.090 .... 1263 packets received, 7620 bps, 95.25%, Err 26 (9.6e-006)
342.197 .... 1271 packets received, 7621 bps, 95.27%, Err 26 (9.5e-006)
345.107 .... 1278 packets received, 7599 bps, 94.98%, Err 27 (9.8e-006)
347.215 .... 1289 packets received, 7617 bps, 95.22%, Err 27 (9.7e-006)
349.329 .... 1297 packets received, 7618 bps, 95.23%, Err 27 (9.7e-006)
351.438 .... 1305 packets received, 7619 bps, 95.24%, Err 27 (9.6e-006)
353.547 .... 1312 packets received, 7614 bps, 95.18%, Err 28 (9.9e-006)
355.659 .... 1320 packets received, 7615 bps, 95.19%, Err 28 (9.9e-006)
358.020 .... 1325 packets received, 7593 bps, 94.92%, Err 29 (1.0e-005)
360.154 .... 1336 packets received, 7611 bps, 95.14%, Err 29 (1.0e-005)
362.274 .... 1344 packets received, 7612 bps, 95.14%, Err 29 (1.0e-005)
364.368 .... 1352 packets received, 7613 bps, 95.16%, Err 29 (1.0e-005)
366.477 .... 1360 packets received, 7614 bps, 95.17%, Err 29 (9.9e-006)
368.609 .... 1364 packets received, 7592 bps, 94.90%, Err 31 (1.1e-005)
370.728 .... 1371 packets received, 7587 bps, 94.84%, Err 32 (1.1e-005)
372.826 .... 1382 packets received, 7605 bps, 95.06%, Err 32 (1.1e-005)
374.943 .... 1390 packets received, 7606 bps, 95.07%, Err 32 (1.1e-005)
377.051 .... 1398 packets received, 7607 bps, 95.08%, Err 32 (1.1e-005)
379.174 .... 1406 packets received, 7607 bps, 95.09%, Err 32 (1.1e-005)
382.064 .... 1413 packets received, 7587 bps, 94.84%, Err 33 (1.1e-005)
384.183 .... 1424 packets received, 7604 bps, 95.05%, Err 33 (1.1e-005)
386.293 .... 1432 packets received, 7605 bps, 95.06%, Err 33 (1.1e-005)
388.423 .... 1440 packets received, 7605 bps, 95.07%, Err 33 (1.1e-005)
390.528 .... 1448 packets received, 7606 bps, 95.08%, Err 33 (1.1e-005)
392.640 .... 1456 packets received, 7607 bps, 95.09%, Err 33 (1.1e-005)
394.741 .... 1464 packets received, 7608 bps, 95.10%, Err 33 (1.0e-005)
396.858 .... 1472 packets received, 7609 bps, 95.11%, Err 33 (1.0e-005)
398.971 .... 1480 packets received, 7610 bps, 95.12%, Err 33 (1.0e-005)
401.086 .... 1488 packets received, 7610 bps, 95.13%, Err 33 (1.0e-005)
403.205 .... 1496 packets received, 7611 bps, 95.14%, Err 33 (1.0e-005)
405.324 .... 1504 packets received, 7612 bps, 95.14%, Err 33 (1.0e-005)
408.237 .... 1509 packets received, 7582 bps, 94.78%, Err 34 (1.0e-005)
410.352 .... 1522 packets received, 7608 bps, 95.10%, Err 34 (1.0e-005)
412.463 .... 1530 packets received, 7609 bps, 95.11%, Err 34 (1.0e-005)
414.592 .... 1538 packets received, 7609 bps, 95.12%, Err 34 (1.0e-005)
416.688 .... 1546 packets received, 7610 bps, 95.13%, Err 34 (1.0e-005)
418.817 .... 1554 packets received, 7611 bps, 95.14%, Err 34 (1.0e-005)
420.918 .... 1562 packets received, 7612 bps, 95.15%, Err 34 (1.0e-005)
423.307 .... 1566 packets received, 7588 bps, 94.85%, Err 35 (1.0e-005)
425.404 .... 1578 packets received, 7609 bps, 95.11%, Err 35 (1.0e-005)
427.526 .... 1586 packets received, 7609 bps, 95.11%, Err 35 (1.0e-005)
429.623 .... 1594 packets received, 7610 bps, 95.13%, Err 35 (1.0e-005)
431.754 .... 1602 packets received, 7611 bps, 95.13%, Err 35 (1.0e-005)
434.139 .... 1606 packets received, 7588 bps, 94.84%, Err 37 (1.1e-005)
436.250 .... 1618 packets received, 7607 bps, 95.09%, Err 37 (1.1e-005)
438.364 .... 1626 packets received, 7608 bps, 95.10%, Err 37 (1.1e-005)
440.466 .... 1634 packets received, 7609 bps, 95.11%, Err 37 (1.1e-005)
442.602 .... 1642 packets received, 7609 bps, 95.11%, Err 37 (1.0e-005)
444.720 .... 1650 packets received, 7610 bps, 95.12%, Err 37 (1.0e-005)
446.824 .... 1658 packets received, 7610 bps, 95.13%, Err 37 (1.0e-005)
448.933 .... 1666 packets received, 7611 bps, 95.14%, Err 37 (1.0e-005)
451.048 .... 1674 packets received, 7612 bps, 95.15%, Err 37 (1.0e-005)
453.161 .... 1682 packets received, 7613 bps, 95.16%, Err 37 (1.0e-005)
455.272 .... 1690 packets received, 7613 bps, 95.17%, Err 37 (1.0e-005)
457.385 .... 1698 packets received, 7614 bps, 95.17%, Err 37 (1.0e-005)
459.501 .... 1706 packets received, 7614 bps, 95.18%, Err 37 (1.0e-005)
461.615 .... 1714 packets received, 7615 bps, 95.19%, Err 37 (1.0e-005)
463.977 .... 1718 packets received, 7594 bps, 94.92%, Err 38 (1.0e-005)
466.129 .... 1730 packets received, 7612 bps, 95.15%, Err 38 (1.0e-005)
468.240 .... 1738 packets received, 7612 bps, 95.15%, Err 38 (1.0e-005)
470.374 .... 1746 packets received, 7613 bps, 95.16%, Err 38 (1.0e-005)
472.466 .... 1754 packets received, 7614 bps, 95.17%, Err 38 (1.0e-005)
474.597 .... 1762 packets received, 7614 bps, 95.17%, Err 38 (1.0e-005)
476.712 .... 1770 packets received, 7615 bps, 95.18%, Err 38 (1.0e-005)
478.840 .... 1778 packets received, 7615 bps, 95.19%, Err 38 (9.9e-006)
480.937 .... 1786 packets received, 7616 bps, 95.20%, Err 39 (1.0e-005)
483.583 .... 1792 packets received, 7599 bps, 94.99%, Err 40 (1.0e-005)
485.687 .... 1803 packets received, 7613 bps, 95.16%, Err 40 (1.0e-005)
487.818 .... 1811 packets received, 7613 bps, 95.17%, Err 40 (1.0e-005)
489.923 .... 1819 packets received, 7614 bps, 95.18%, Err 40 (1.0e-005)
492.034 .... 1827 packets received, 7615 bps, 95.18%, Err 40 (1.0e-005)
494.149 .... 1835 packets received, 7615 bps, 95.19%, Err 40 (1.0e-005)
496.272 .... 1843 packets received, 7616 bps, 95.20%, Err 40 (1.0e-005)
498.379 .... 1847 packets received, 7600 bps, 95.00%, Err 41 (1.0e-005)
500.474 .... 1858 packets received, 7613 bps, 95.16%, Err 41 (1.0e-005)
502.601 .... 1866 packets received, 7613 bps, 95.17%, Err 41 (1.0e-005)
504.720 .... 1874 packets received, 7614 bps, 95.17%, Err 41 (1.0e-005)
506.824 .... 1882 packets received, 7615 bps, 95.18%, Err 41 (1.0e-005)
508.936 .... 1890 packets received, 7615 bps, 95.19%, Err 41 (1.0e-005)
511.052 .... 1898 packets received, 7616 bps, 95.20%, Err 41 (1.0e-005)
513.158 .... 1906 packets received, 7616 bps, 95.21%, Err 41 (1.0e-005)
515.265 .... 1914 packets received, 7617 bps, 95.21%, Err 41 (1.0e-005)
517.386 .... 1922 packets received, 7618 bps, 95.22%, Err 41 (9.9e-006)
519.501 .... 1930 packets received, 7618 bps, 95.23%, Err 41 (9.9e-006)
521.609 .... 1938 packets received, 7619 bps, 95.23%, Err 41 (9.8e-006)
523.720 .... 1946 packets received, 7619 bps, 95.24%, Err 41 (9.8e-006)
525.830 .... 1954 packets received, 7620 bps, 95.25%, Err 41 (9.8e-006)
527.941 .... 1962 packets received, 7620 bps, 95.26%, Err 41 (9.7e-006)
530.060 .... 1970 packets received, 7621 bps, 95.26%, Err 41 (9.7e-006)
532.158 .... 1978 packets received, 7622 bps, 95.27%, Err 41 (9.6e-006)
534.286 .... 1986 packets received, 7622 bps, 95.27%, Err 41 (9.6e-006)
536.390 .... 1994 packets received, 7623 bps, 95.28%, Err 41 (9.6e-006)
538.505 .... 2002 packets received, 7623 bps, 95.29%, Err 41 (9.5e-006)
540.614 .... 2010 packets received, 7624 bps, 95.30%, Err 41 (9.5e-006)
542.740 .... 2018 packets received, 7624 bps, 95.30%, Err 41 (9.4e-006)
544.853 .... 2026 packets received, 7624 bps, 95.31%, Err 41 (9.4e-006)
546.958 .... 2034 packets received, 7625 bps, 95.31%, Err 41 (9.4e-006)
553.296 .... 2041 packets received, 7564 bps, 94.54%, Err 43 (9.7e-006)
555.409 .... 2063 packets received, 7616 bps, 95.20%, Err 43 (9.7e-006)
557.511 .... 2071 packets received, 7617 bps, 95.21%, Err 43 (9.6e-006)
559.618 .... 2079 packets received, 7617 bps, 95.22%, Err 43 (9.6e-006)
561.728 .... 2083 packets received, 7603 bps, 95.04%, Err 44 (9.8e-006)
563.838 .... 2094 packets received, 7615 bps, 95.18%, Err 44 (9.8e-006)
565.964 .... 2102 packets received, 7615 bps, 95.19%, Err 44 (9.7e-006)
568.081 .... 2110 packets received, 7616 bps, 95.19%, Err 44 (9.7e-006)
570.174 .... 2118 packets received, 7616 bps, 95.20%, Err 44 (9.7e-006)
572.301 .... 2126 packets received, 7617 bps, 95.21%, Err 44 (9.6e-006)
574.411 .... 2134 packets received, 7617 bps, 95.22%, Err 44 (9.6e-006)
577.324 .... 2141 packets received, 7604 bps, 95.04%, Err 45 (9.8e-006)
579.444 .... 2152 packets received, 7615 bps, 95.18%, Err 45 (9.7e-006)
581.534 .... 2160 packets received, 7615 bps, 95.19%, Err 45 (9.7e-006)
583.659 .... 2168 packets received, 7616 bps, 95.20%, Err 45 (9.6e-006)
585.757 .... 2176 packets received, 7617 bps, 95.21%, Err 45 (9.6e-006)
587.885 .... 2184 packets received, 7617 bps, 95.21%, Err 45 (9.6e-006)
589.999 .... 2192 packets received, 7617 bps, 95.22%, Err 45 (9.5e-006)
592.093 .... 2200 packets received, 7618 bps, 95.23%, Err 46 (9.7e-006)
594.217 .... 2208 packets received, 7618 bps, 95.23%, Err 46 (9.7e-006)
596.328 .... 2216 packets received, 7619 bps, 95.24%, Err 47 (9.9e-006)
598.443 .... 2223 packets received, 7616 bps, 95.20%, Err 47 (9.8e-006)
600.566 .... 2230 packets received, 7613 bps, 95.16%, Err 48 (1.0e-005)
602.671 .... 2238 packets received, 7613 bps, 95.17%, Err 48 (1.0e-005)
604.792 .... 2246 packets received, 7614 bps, 95.17%, Err 48 (9.9e-006)
606.887 .... 2254 packets received, 7615 bps, 95.18%, Err 48 (9.9e-006)
608.997 .... 2262 packets received, 7615 bps, 95.19%, Err 48 (9.9e-006)
611.118 .... 2270 packets received, 7615 bps, 95.19%, Err 48 (9.8e-006)
613.246 .... 2278 packets received, 7616 bps, 95.20%, Err 48 (9.8e-006)
615.628 .... 2282 packets received, 7600 bps, 94.99%, Err 49 (1.0e-005)
617.714 .... 2294 packets received, 7614 bps, 95.17%, Err 50 (1.0e-005)
619.858 .... 2302 packets received, 7614 bps, 95.17%, Err 50 (1.0e-005)
621.938 .... 2310 packets received, 7615 bps, 95.18%, Err 50 (1.0e-005)
624.077 .... 2318 packets received, 7615 bps, 95.19%, Err 50 (1.0e-005)
626.183 .... 2326 packets received, 7615 bps, 95.19%, Err 50 (1.0e-005)
628.302 .... 2334 packets received, 7616 bps, 95.20%, Err 50 (1.0e-005)
630.414 .... 2342 packets received, 7616 bps, 95.20%, Err 50 (9.9e-006)
632.537 .... 2350 packets received, 7617 bps, 95.21%, Err 50 (9.9e-006)
634.637 .... 2358 packets received, 7617 bps, 95.22%, Err 50 (9.9e-006)
636.747 .... 2366 packets received, 7618 bps, 95.22%, Err 50 (9.8e-006)
638.848 .... 2374 packets received, 7618 bps, 95.23%, Err 50 (9.8e-006)
640.966 .... 2382 packets received, 7619 bps, 95.23%, Err 50 (9.8e-006)
643.097 .... 2390 packets received, 7619 bps, 95.24%, Err 50 (9.7e-006)
645.196 .... 2398 packets received, 7620 bps, 95.24%, Err 50 (9.7e-006)
647.316 .... 2406 packets received, 7620 bps, 95.25%, Err 50 (9.7e-006)
649.429 .... 2414 packets received, 7620 bps, 95.25%, Err 50 (9.6e-006)
651.550 .... 2422 packets received, 7621 bps, 95.26%, Err 50 (9.6e-006)
653.657 .... 2430 packets received, 7621 bps, 95.26%, Err 50 (9.6e-006)
655.774 .... 2438 packets received, 7622 bps, 95.27%, Err 50 (9.5e-006)
657.890 .... 2441 packets received, 7606 bps, 95.08%, Err 52 (9.9e-006)
659.983 .... 2452 packets received, 7616 bps, 95.20%, Err 52 (9.9e-006)
662.114 .... 2460 packets received, 7617 bps, 95.21%, Err 52 (9.8e-006)
664.222 .... 2467 packets received, 7614 bps, 95.18%, Err 53 (1.0e-005)
666.338 .... 2475 packets received, 7614 bps, 95.18%, Err 53 (9.9e-006)
668.456 .... 2483 packets received, 7615 bps, 95.18%, Err 53 (9.9e-006)
670.559 .... 2491 packets received, 7615 bps, 95.19%, Err 53 (9.9e-006)
672.688 .... 2499 packets received, 7616 bps, 95.20%, Err 53 (9.9e-006)
674.807 .... 2507 packets received, 7616 bps, 95.20%, Err 53 (9.8e-006)
676.923 .... 2515 packets received, 7616 bps, 95.20%, Err 53 (9.8e-006)
679.297 .... 2519 packets received, 7602 bps, 95.02%, Err 54 (9.9e-006)
681.410 .... 2531 packets received, 7614 bps, 95.18%, Err 54 (9.9e-006)
683.508 .... 2538 packets received, 7612 bps, 95.15%, Err 55 (1.0e-005)
684.265 TCP Disconnected.
