000.000 =============================================================
000.000                     Station A                               
000.000 -------------------------------------------------------------
000.000 Protocol.lib, version 4.0, jiangyanjun0718@bupt.edu.cn
000.000 Channel: 8000 bps, 270 ms propagation delay, bit error rate 1.0E-005
000.000 Log file "selective-A.log", TCP port 59144, debug mask 0x00
000.000 Station A is waiting for station B on TCP port 59144 ... Done.
000.371 New epoch: Sun May 05 10:32:56 2019
000.371 =================================================================
000.371 
000.371 Designed by Jiang Yanjun, build: Oct 28 2018  16:37:15
003.419 .... 7 packets received, 6769 bps, 84.61%, Err 1 (5.3e-005)
005.542 .... 15 packets received, 7244 bps, 90.54%, Err 1 (2.8e-005)
007.645 .... 23 packets received, 7425 bps, 92.81%, Err 1 (1.9e-005)
009.767 .... 31 packets received, 7499 bps, 93.74%, Err 1 (1.4e-005)
011.866 .... 39 packets received, 7560 bps, 94.50%, Err 1 (1.2e-005)
014.002 .... 47 packets received, 7579 bps, 94.73%, Err 1 (9.7e-006)
016.137 .... 55 packets received, 7592 bps, 94.90%, Err 2 (1.7e-005)
018.229 .... 63 packets received, 7622 bps, 95.27%, Err 2 (1.5e-005)
020.350 .... 71 packets received, 7633 bps, 95.42%, Err 2 (1.3e-005)
022.468 .... 79 packets received, 7644 bps, 95.54%, Err 2 (1.2e-005)
024.578 .... 87 packets received, 7655 bps, 95.68%, Err 2 (1.1e-005)
026.682 .... 95 packets received, 7666 bps, 95.82%, Err 2 (9.8e-006)
028.786 .... 103 packets received, 7675 bps, 95.94%, Err 2 (9.0e-006)
030.898 .... 110 packets received, 7612 bps, 95.14%, Err 3 (1.3e-005)
033.027 .... 118 packets received, 7617 bps, 95.22%, Err 3 (1.2e-005)
035.141 .... 126 packets received, 7626 bps, 95.32%, Err 4 (1.5e-005)
037.250 .... 133 packets received, 7577 bps, 94.71%, Err 4 (1.4e-005)
039.388 .... 141 packets received, 7582 bps, 94.77%, Err 4 (1.3e-005)
041.493 .... 149 packets received, 7592 bps, 94.90%, Err 4 (1.2e-005)
043.604 .... 157 packets received, 7601 bps, 95.01%, Err 4 (1.2e-005)
045.706 .... 165 packets received, 7610 bps, 95.12%, Err 4 (1.1e-005)
047.828 .... 173 packets received, 7615 bps, 95.19%, Err 4 (1.1e-005)
049.946 .... 181 packets received, 7620 bps, 95.25%, Err 4 (1.0e-005)
052.058 .... 189 packets received, 7626 bps, 95.32%, Err 4 (9.8e-006)
054.160 .... 197 packets received, 7633 bps, 95.41%, Err 4 (9.4e-006)
056.263 .... 205 packets received, 7639 bps, 95.48%, Err 4 (9.1e-006)
059.184 .... 212 packets received, 7501 bps, 93.76%, Err 5 (1.1e-005)
061.269 .... 223 packets received, 7616 bps, 95.20%, Err 5 (1.0e-005)
063.388 .... 231 packets received, 7620 bps, 95.25%, Err 5 (1.0e-005)
065.503 .... 239 packets received, 7624 bps, 95.30%, Err 5 (9.7e-006)
067.618 .... 247 packets received, 7628 bps, 95.35%, Err 5 (9.4e-006)
069.740 .... 255 packets received, 7631 bps, 95.38%, Err 5 (9.1e-006)
071.848 .... 263 packets received, 7635 bps, 95.44%, Err 5 (8.8e-006)
073.969 .... 271 packets received, 7638 bps, 95.47%, Err 5 (8.6e-006)
076.094 .... 279 packets received, 7640 bps, 95.50%, Err 5 (8.3e-006)
078.273 .... 287 packets received, 7636 bps, 95.45%, Err 5 (8.1e-006)
080.313 .... 295 packets received, 7646 bps, 95.58%, Err 5 (7.9e-006)
082.409 .... 303 packets received, 7651 bps, 95.64%, Err 5 (7.7e-006)
084.530 .... 311 packets received, 7653 bps, 95.66%, Err 5 (7.5e-006)
086.656 .... 319 packets received, 7654 bps, 95.68%, Err 5 (7.3e-006)
088.752 .... 327 packets received, 7658 bps, 95.72%, Err 5 (7.1e-006)
090.864 .... 335 packets received, 7660 bps, 95.75%, Err 5 (7.0e-006)
092.999 .... 339 packets received, 7571 bps, 94.64%, Err 6 (8.2e-006)
095.107 .... 350 packets received, 7641 bps, 95.52%, Err 6 (8.0e-006)
097.209 .... 358 packets received, 7645 bps, 95.56%, Err 6 (7.8e-006)
100.369 .... 366 packets received, 7566 bps, 94.58%, Err 7 (8.8e-006)
102.502 .... 377 packets received, 7629 bps, 95.37%, Err 7 (8.6e-006)
104.628 .... 385 packets received, 7631 bps, 95.39%, Err 7 (8.4e-006)
108.484 .... 389 packets received, 7433 bps, 92.91%, Err 7 (8.3e-006)
112.587 .... 390 packets received, 7177 bps, 89.71%, Err 7 (8.2e-006)
116.752 .... 391 packets received, 6936 bps, 86.70%, Err 8 (9.2e-006)
120.948 .... 392 packets received, 6710 bps, 83.87%, Err 8 (9.1e-006)
124.970 .... 393 packets received, 6508 bps, 81.35%, Err 9 (1.0e-005)
129.084 .... 394 packets received, 6315 bps, 78.93%, Err 9 (1.0e-005)
133.168 .... 395 packets received, 6135 bps, 76.68%, Err 9 (9.8e-006)
137.337 .... 396 packets received, 5962 bps, 74.52%, Err 9 (9.7e-006)
141.365 .... 397 packets received, 5805 bps, 72.56%, Err 9 (9.6e-006)
145.482 .... 398 packets received, 5653 bps, 70.67%, Err 10 (1.1e-005)
149.523 .... 399 packets received, 5513 bps, 68.91%, Err 10 (1.0e-005)
153.561 .... 400 packets received, 5380 bps, 67.25%, Err 10 (1.0e-005)
157.581 .... 401 packets received, 5255 bps, 65.69%, Err 11 (1.1e-005)
161.712 .... 402 packets received, 5132 bps, 64.16%, Err 11 (1.1e-005)
165.859 .... 403 packets received, 5016 bps, 62.69%, Err 11 (1.1e-005)
169.937 .... 404 packets received, 4906 bps, 61.33%, Err 11 (1.1e-005)
174.129 .... 405 packets received, 4799 bps, 59.99%, Err 11 (1.1e-005)
178.275 .... 406 packets received, 4698 bps, 58.73%, Err 11 (1.1e-005)
182.413 .... 407 packets received, 4602 bps, 57.53%, Err 11 (1.1e-005)
186.442 .... 408 packets received, 4513 bps, 56.42%, Err 11 (1.0e-005)
190.491 .... 409 packets received, 4427 bps, 55.34%, Err 11 (1.0e-005)
194.510 .... 410 packets received, 4346 bps, 54.32%, Err 11 (1.0e-005)
198.580 .... 411 packets received, 4267 bps, 53.33%, Err 11 (1.0e-005)
200.806 .... 413 packets received, 4240 bps, 53.00%, Err 11 (9.9e-006)
202.925 .... 421 packets received, 4276 bps, 53.45%, Err 11 (9.8e-006)
205.048 .... 429 packets received, 4312 bps, 53.90%, Err 11 (9.7e-006)
207.175 .... 436 packets received, 4337 bps, 54.22%, Err 12 (1.0e-005)
209.273 .... 444 packets received, 4372 bps, 54.65%, Err 12 (1.0e-005)
211.396 .... 452 packets received, 4406 bps, 55.08%, Err 12 (1.0e-005)
214.547 .... 460 packets received, 4418 bps, 55.22%, Err 13 (1.1e-005)
216.666 .... 471 packets received, 4479 bps, 55.99%, Err 13 (1.1e-005)
219.315 .... 476 packets received, 4471 bps, 55.89%, Err 14 (1.1e-005)
221.417 .... 488 packets received, 4540 bps, 56.76%, Err 14 (1.1e-005)
223.515 .... 496 packets received, 4571 bps, 57.14%, Err 14 (1.1e-005)
225.628 .... 504 packets received, 4601 bps, 57.52%, Err 14 (1.1e-005)
227.753 .... 512 packets received, 4630 bps, 57.88%, Err 14 (1.1e-005)
229.868 .... 520 packets received, 4659 bps, 58.24%, Err 14 (1.0e-005)
231.977 .... 528 packets received, 4688 bps, 58.60%, Err 14 (1.0e-005)
234.097 .... 536 packets received, 4715 bps, 58.94%, Err 14 (1.0e-005)
236.216 .... 543 packets received, 4734 bps, 59.17%, Err 15 (1.1e-005)
238.310 .... 551 packets received, 4761 bps, 59.52%, Err 15 (1.1e-005)
240.441 .... 559 packets received, 4787 bps, 59.84%, Err 15 (1.1e-005)
242.536 .... 567 packets received, 4814 bps, 60.17%, Err 15 (1.0e-005)
244.649 .... 575 packets received, 4839 bps, 60.49%, Err 15 (1.0e-005)
246.756 .... 583 packets received, 4864 bps, 60.80%, Err 15 (1.0e-005)
248.894 .... 591 packets received, 4889 bps, 61.11%, Err 15 (1.0e-005)
251.012 .... 599 packets received, 4913 bps, 61.41%, Err 15 (9.9e-006)
253.113 .... 607 packets received, 4937 bps, 61.71%, Err 15 (9.8e-006)
255.239 .... 615 packets received, 4960 bps, 62.00%, Err 16 (1.0e-005)
257.343 .... 623 packets received, 4983 bps, 62.29%, Err 16 (1.0e-005)
259.459 .... 631 packets received, 5006 bps, 62.57%, Err 16 (1.0e-005)
261.585 .... 639 packets received, 5028 bps, 62.85%, Err 16 (1.0e-005)
263.688 .... 647 packets received, 5050 bps, 63.13%, Err 16 (9.9e-006)
265.786 .... 655 packets received, 5072 bps, 63.40%, Err 16 (9.8e-006)
267.897 .... 663 packets received, 5093 bps, 63.66%, Err 16 (9.7e-006)
270.013 .... 671 packets received, 5114 bps, 63.93%, Err 16 (9.6e-006)
272.123 .... 679 packets received, 5135 bps, 64.18%, Err 16 (9.5e-006)
274.245 .... 687 packets received, 5155 bps, 64.44%, Err 16 (9.4e-006)
276.353 .... 695 packets received, 5175 bps, 64.69%, Err 16 (9.4e-006)
278.471 .... 703 packets received, 5194 bps, 64.93%, Err 16 (9.3e-006)
280.568 .... 711 packets received, 5214 bps, 65.18%, Err 16 (9.2e-006)
282.713 .... 719 packets received, 5233 bps, 65.41%, Err 16 (9.1e-006)
284.816 .... 727 packets received, 5252 bps, 65.64%, Err 16 (9.0e-006)
286.927 .... 735 packets received, 5270 bps, 65.88%, Err 16 (8.9e-006)
290.115 .... 743 packets received, 5269 bps, 65.86%, Err 17 (9.3e-006)
292.231 .... 754 packets received, 5308 bps, 66.35%, Err 17 (9.3e-006)
294.346 .... 762 packets received, 5325 bps, 66.57%, Err 17 (9.2e-006)
296.461 .... 770 packets received, 5343 bps, 66.78%, Err 17 (9.1e-006)
298.588 .... 778 packets received, 5360 bps, 67.00%, Err 17 (9.0e-006)
300.708 .... 786 packets received, 5376 bps, 67.20%, Err 17 (8.9e-006)
302.826 .... 794 packets received, 5393 bps, 67.41%, Err 17 (8.8e-006)
304.927 .... 802 packets received, 5410 bps, 67.62%, Err 17 (8.8e-006)
308.641 .... 805 packets received, 5364 bps, 67.05%, Err 17 (8.7e-006)
312.695 .... 806 packets received, 5301 bps, 66.26%, Err 17 (8.6e-006)
316.814 .... 807 packets received, 5238 bps, 65.48%, Err 17 (8.6e-006)
320.837 .... 808 packets received, 5179 bps, 64.73%, Err 17 (8.5e-006)
324.964 .... 809 packets received, 5119 bps, 63.99%, Err 17 (8.5e-006)
329.042 .... 810 packets received, 5062 bps, 63.27%, Err 17 (8.4e-006)
333.189 .... 811 packets received, 5004 bps, 62.56%, Err 17 (8.4e-006)
337.331 .... 812 packets received, 4949 bps, 61.86%, Err 17 (8.3e-006)
341.479 .... 813 packets received, 4895 bps, 61.18%, Err 18 (8.8e-006)
345.643 .... 814 packets received, 4841 bps, 60.52%, Err 18 (8.7e-006)
349.825 .... 815 packets received, 4789 bps, 59.86%, Err 18 (8.7e-006)
353.919 .... 816 packets received, 4739 bps, 59.24%, Err 18 (8.6e-006)
357.975 .... 817 packets received, 4691 bps, 58.64%, Err 18 (8.6e-006)
362.098 .... 818 packets received, 4643 bps, 58.04%, Err 18 (8.6e-006)
366.200 .... 819 packets received, 4597 bps, 57.46%, Err 18 (8.5e-006)
370.332 .... 820 packets received, 4551 bps, 56.88%, Err 19 (8.9e-006)
374.486 .... 821 packets received, 4506 bps, 56.32%, Err 19 (8.9e-006)
378.559 .... 822 packets received, 4462 bps, 55.78%, Err 19 (8.8e-006)
382.706 .... 823 packets received, 4419 bps, 55.24%, Err 19 (8.8e-006)
386.775 .... 824 packets received, 4378 bps, 54.72%, Err 20 (9.2e-006)
390.847 .... 825 packets received, 4337 bps, 54.22%, Err 20 (9.2e-006)
394.971 .... 826 packets received, 4297 bps, 53.71%, Err 20 (9.1e-006)
398.981 .... 827 packets received, 4259 bps, 53.24%, Err 20 (9.1e-006)
402.393 .... 830 packets received, 4238 bps, 52.98%, Err 22 (9.9e-006)
404.512 .... 842 packets received, 4277 bps, 53.46%, Err 22 (9.8e-006)
406.614 .... 850 packets received, 4295 bps, 53.69%, Err 22 (9.7e-006)
409.255 .... 855 packets received, 4292 bps, 53.65%, Err 23 (1.0e-005)
411.377 .... 867 packets received, 4330 bps, 54.12%, Err 23 (1.0e-005)
413.488 .... 875 packets received, 4348 bps, 54.34%, Err 23 (9.9e-006)
415.589 .... 883 packets received, 4365 bps, 54.56%, Err 23 (9.9e-006)
417.727 .... 887 packets received, 4362 bps, 54.53%, Err 24 (1.0e-005)
419.829 .... 898 packets received, 4394 bps, 54.93%, Err 24 (1.0e-005)
421.934 .... 906 packets received, 4411 bps, 55.14%, Err 24 (1.0e-005)
424.069 .... 914 packets received, 4428 bps, 55.35%, Err 24 (1.0e-005)
426.179 .... 922 packets received, 4444 bps, 55.55%, Err 24 (9.9e-006)
428.273 .... 930 packets received, 4461 bps, 55.76%, Err 25 (1.0e-005)
430.676 .... 935 packets received, 4460 bps, 55.75%, Err 26 (1.1e-005)
432.781 .... 946 packets received, 4490 bps, 56.13%, Err 26 (1.1e-005)
434.904 .... 954 packets received, 4506 bps, 56.32%, Err 26 (1.0e-005)
437.012 .... 962 packets received, 4522 bps, 56.52%, Err 26 (1.0e-005)
439.123 .... 970 packets received, 4537 bps, 56.72%, Err 26 (1.0e-005)
441.236 .... 974 packets received, 4534 bps, 56.68%, Err 27 (1.1e-005)
443.345 .... 985 packets received, 4564 bps, 57.04%, Err 27 (1.1e-005)
445.448 .... 993 packets received, 4579 bps, 57.24%, Err 27 (1.0e-005)
447.569 .... 1001 packets received, 4594 bps, 57.42%, Err 27 (1.0e-005)
449.695 .... 1009 packets received, 4609 bps, 57.61%, Err 27 (1.0e-005)
451.800 .... 1017 packets received, 4623 bps, 57.79%, Err 27 (1.0e-005)
453.904 .... 1025 packets received, 4638 bps, 57.98%, Err 27 (1.0e-005)
456.018 .... 1033 packets received, 4653 bps, 58.16%, Err 27 (1.0e-005)
458.132 .... 1041 packets received, 4667 bps, 58.34%, Err 27 (1.0e-005)
460.249 .... 1049 packets received, 4681 bps, 58.51%, Err 27 (1.0e-005)
462.365 .... 1057 packets received, 4695 bps, 58.69%, Err 27 (1.0e-005)
465.030 .... 1062 packets received, 4690 bps, 58.63%, Err 29 (1.1e-005)
467.117 .... 1073 packets received, 4718 bps, 58.97%, Err 29 (1.1e-005)
469.232 .... 1077 packets received, 4714 bps, 58.92%, Err 30 (1.1e-005)
471.347 .... 1088 packets received, 4740 bps, 59.26%, Err 30 (1.1e-005)
473.453 .... 1096 packets received, 4754 bps, 59.42%, Err 30 (1.1e-005)
475.566 .... 1104 packets received, 4767 bps, 59.59%, Err 30 (1.1e-005)
477.687 .... 1111 packets received, 4776 bps, 59.70%, Err 31 (1.1e-005)
479.798 .... 1119 packets received, 4789 bps, 59.87%, Err 31 (1.1e-005)
481.925 .... 1127 packets received, 4802 bps, 60.03%, Err 31 (1.1e-005)
484.046 .... 1135 packets received, 4815 bps, 60.19%, Err 31 (1.1e-005)
487.199 .... 1143 packets received, 4818 bps, 60.22%, Err 32 (1.1e-005)
489.325 .... 1154 packets received, 4843 bps, 60.53%, Err 32 (1.1e-005)
491.423 .... 1162 packets received, 4855 bps, 60.69%, Err 32 (1.1e-005)
493.538 .... 1170 packets received, 4868 bps, 60.85%, Err 32 (1.1e-005)
495.658 .... 1178 packets received, 4880 bps, 61.00%, Err 32 (1.1e-005)
497.758 .... 1186 packets received, 4893 bps, 61.16%, Err 32 (1.1e-005)
499.891 .... 1194 packets received, 4904 bps, 61.31%, Err 32 (1.1e-005)
501.998 .... 1202 packets received, 4917 bps, 61.46%, Err 32 (1.1e-005)
504.117 .... 1210 packets received, 4928 bps, 61.61%, Err 32 (1.1e-005)
508.546 .... 1216 packets received, 4910 bps, 61.37%, Err 32 (1.0e-005)
512.686 .... 1217 packets received, 4874 bps, 60.92%, Err 32 (1.0e-005)
516.794 .... 1218 packets received, 4839 bps, 60.49%, Err 33 (1.1e-005)
520.981 .... 1219 packets received, 4804 bps, 60.05%, Err 33 (1.1e-005)
525.083 .... 1220 packets received, 4770 bps, 59.63%, Err 33 (1.1e-005)
529.159 .... 1221 packets received, 4737 bps, 59.22%, Err 33 (1.1e-005)
533.334 .... 1222 packets received, 4704 bps, 58.80%, Err 33 (1.1e-005)
537.421 .... 1223 packets received, 4672 bps, 58.40%, Err 34 (1.1e-005)
541.473 .... 1224 packets received, 4641 bps, 58.01%, Err 34 (1.1e-005)
545.519 .... 1225 packets received, 4610 bps, 57.62%, Err 34 (1.1e-005)
549.634 .... 1226 packets received, 4579 bps, 57.24%, Err 34 (1.1e-005)
553.788 .... 1227 packets received, 4548 bps, 56.85%, Err 34 (1.1e-005)
557.867 .... 1228 packets received, 4519 bps, 56.48%, Err 34 (1.1e-005)
561.977 .... 1229 packets received, 4489 bps, 56.12%, Err 34 (1.1e-005)
566.115 .... 1230 packets received, 4460 bps, 55.75%, Err 34 (1.1e-005)
570.190 .... 1231 packets received, 4432 bps, 55.39%, Err 34 (1.1e-005)
574.306 .... 1232 packets received, 4403 bps, 55.04%, Err 35 (1.1e-005)
578.433 .... 1233 packets received, 4375 bps, 54.69%, Err 35 (1.1e-005)
582.539 .... 1234 packets received, 4348 bps, 54.35%, Err 35 (1.1e-005)
586.611 .... 1235 packets received, 4321 bps, 54.02%, Err 35 (1.1e-005)
590.761 .... 1236 packets received, 4294 bps, 53.68%, Err 35 (1.1e-005)
594.845 .... 1237 packets received, 4268 bps, 53.35%, Err 35 (1.1e-005)
598.892 .... 1238 packets received, 4243 bps, 53.03%, Err 35 (1.1e-005)
601.074 .... 1241 packets received, 4238 bps, 52.97%, Err 35 (1.1e-005)
603.187 .... 1249 packets received, 4250 bps, 53.12%, Err 35 (1.0e-005)
605.310 .... 1257 packets received, 4262 bps, 53.28%, Err 35 (1.0e-005)
607.417 .... 1265 packets received, 4274 bps, 53.43%, Err 35 (1.0e-005)
610.586 .... 1272 packets received, 4276 bps, 53.44%, Err 36 (1.1e-005)
612.679 .... 1284 packets received, 4301 bps, 53.76%, Err 36 (1.1e-005)
614.803 .... 1292 packets received, 4313 bps, 53.91%, Err 36 (1.0e-005)
616.940 .... 1300 packets received, 4325 bps, 54.06%, Err 36 (1.0e-005)
619.050 .... 1308 packets received, 4336 bps, 54.20%, Err 36 (1.0e-005)
621.165 .... 1316 packets received, 4348 bps, 54.35%, Err 36 (1.0e-005)
624.583 .... 1324 packets received, 4350 bps, 54.38%, Err 37 (1.1e-005)
626.702 .... 1336 packets received, 4375 bps, 54.69%, Err 37 (1.0e-005)
628.790 .... 1344 packets received, 4387 bps, 54.83%, Err 37 (1.0e-005)
630.933 .... 1352 packets received, 4398 bps, 54.97%, Err 37 (1.0e-005)
633.045 .... 1360 packets received, 4409 bps, 55.11%, Err 37 (1.0e-005)
635.139 .... 1368 packets received, 4420 bps, 55.25%, Err 37 (1.0e-005)
637.262 .... 1376 packets received, 4431 bps, 55.39%, Err 37 (1.0e-005)
639.372 .... 1384 packets received, 4442 bps, 55.53%, Err 37 (1.0e-005)
641.488 .... 1392 packets received, 4453 bps, 55.66%, Err 37 (1.0e-005)
643.599 .... 1400 packets received, 4464 bps, 55.80%, Err 37 (1.0e-005)
645.703 .... 1408 packets received, 4475 bps, 55.94%, Err 37 (1.0e-005)
647.821 .... 1416 packets received, 4486 bps, 56.07%, Err 37 (1.0e-005)
649.926 .... 1424 packets received, 4496 bps, 56.20%, Err 37 (1.0e-005)
652.040 .... 1431 packets received, 4504 bps, 56.30%, Err 38 (1.0e-005)
654.160 .... 1439 packets received, 4514 bps, 56.43%, Err 38 (1.0e-005)
656.256 .... 1447 packets received, 4525 bps, 56.56%, Err 38 (1.0e-005)
658.392 .... 1455 packets received, 4535 bps, 56.69%, Err 38 (1.0e-005)
660.514 .... 1463 packets received, 4545 bps, 56.81%, Err 38 (1.0e-005)
662.621 .... 1471 packets received, 4555 bps, 56.94%, Err 38 (1.0e-005)
664.754 .... 1479 packets received, 4565 bps, 57.07%, Err 38 (9.9e-006)
666.876 .... 1487 packets received, 4576 bps, 57.19%, Err 38 (9.9e-006)
668.976 .... 1495 packets received, 4586 bps, 57.32%, Err 39 (1.0e-005)
671.087 .... 1502 packets received, 4593 bps, 57.41%, Err 40 (1.0e-005)
673.203 .... 1509 packets received, 4600 bps, 57.49%, Err 40 (1.0e-005)
675.316 .... 1517 packets received, 4609 bps, 57.62%, Err 40 (1.0e-005)
677.416 .... 1525 packets received, 4619 bps, 57.74%, Err 40 (1.0e-005)
679.538 .... 1533 packets received, 4629 bps, 57.86%, Err 40 (1.0e-005)
681.665 .... 1541 packets received, 4639 bps, 57.98%, Err 40 (1.0e-005)
683.787 .... 1549 packets received, 4648 bps, 58.10%, Err 40 (1.0e-005)
