000.000 =============================================================
000.000                     Station B                               
000.000 -------------------------------------------------------------
000.000 Protocol.lib, version 4.0, jiangyanjun0718@bupt.edu.cn
000.000 Channel: 8000 bps, 270 ms propagation delay, bit error rate 1.0E-005
000.000 Log file "gobackn-B.log", TCP port 59144, debug mask 0x03
000.000 Station B is connecting station A (TCP port 59144) ... Failed!
000.000 Station B is connecting station A (TCP port 59144) ... Failed!
000.000 Station B is connecting station A (TCP port 59144) ... Done.
000.750 New epoch: Fri May 03 19:53:10 2019
000.753 =================================================================
000.754 
000.756 Designed by Jiang Yanjun, build: Oct 28 2018  16:37:57
000.760 Protocol Options: Piggybacking (Enabled), NAK (Enabled)
001.046 Send DATA 0 7, ID 20000, Window 0, PHL Queue 0
001.271 Send DATA 1 7, ID 20001, Window 1, PHL Queue 46
001.305 Recv DATA 0 7, ID 10000
001.546 Send DATA 2 0, ID 20002, Window 2, PHL Queue 24
001.564 Recv DATA 1 7, ID 10001
001.804 Send DATA 3 1, ID 20003, Window 3, PHL Queue 36
001.837 Recv DATA 2 7, ID 10002
002.076 Send DATA 4 2, ID 20004, Window 4, PHL Queue 20
002.095 Recv DATA 3 7, ID 10003
002.336 Send DATA 5 3, ID 20005, Window 5, PHL Queue 28
002.353 Recv DATA 4 0, ID 10004
002.371 Recv NAK  0
002.594 Send DATA 1 4, ID 20001, Window 0, PHL Queue 40
002.627 Recv DATA 5 0, ID 10005
002.868 Send DATA 2 5, ID 20002, Window 1, PHL Queue 20
002.886 Recv DATA 6 0, ID 10006
003.127 Send DATA 3 6, ID 20003, Window 2, PHL Queue 30
003.160 Recv DATA 7 0, ID 10007
003.161 .... 8 packets received, 7688 bps, 96.11%, Err 0 (0.0e+000)
003.386 Send DATA 4 7, ID 20004, Window 3, PHL Queue 40
003.404 Recv DATA 0 0, ID 10008
003.661 Send DATA 5 0, ID 20005, Window 4, PHL Queue 18
003.695 Recv DATA 1 0, ID 10009
003.916 Send DATA 6 1, ID 20006, Window 5, PHL Queue 36
003.950 Recv DATA 2 1, ID 10010
004.177 Send DATA 7 2, ID 20007, Window 5, PHL Queue 42
004.225 Recv DATA 3 2, ID 10011
004.450 Send DATA 0 3, ID 20008, Window 5, PHL Queue 24
004.470 Recv DATA 4 3, ID 10012
004.709 Send DATA 1 4, ID 20009, Window 5, PHL Queue 34
004.745 Recv DATA 5 4, ID 10013
004.971 Send DATA 2 5, ID 20010, Window 5, PHL Queue 38
005.003 Recv DATA 6 5, ID 10014
005.240 Send DATA 3 6, ID 20011, Window 5, PHL Queue 28
005.259 Recv DATA 7 6, ID 10015
005.261 .... 16 packets received, 7747 bps, 96.83%, Err 0 (0.0e+000)
005.503 Send DATA 4 7, ID 20012, Window 5, PHL Queue 30
005.538 Recv DATA 0 7, ID 10016
005.764 Send DATA 5 0, ID 20013, Window 5, PHL Queue 36
005.797 Recv DATA 1 0, ID 10017
006.022 Send DATA 6 1, ID 20014, Window 5, PHL Queue 48
006.071 Recv DATA 2 1, ID 10018
006.297 Send DATA 7 2, ID 20015, Window 5, PHL Queue 26
006.315 Recv DATA 3 2, ID 10019
006.555 Send DATA 0 3, ID 20016, Window 5, PHL Queue 38
006.590 Recv DATA 4 3, ID 10020
006.815 Send DATA 1 4, ID 20017, Window 5, PHL Queue 46
006.864 Recv DATA 5 4, ID 10021
007.088 Send DATA 2 5, ID 20018, Window 5, PHL Queue 28
007.122 Recv DATA 6 5, ID 10022
007.346 Send DATA 3 6, ID 20019, Window 5, PHL Queue 40
007.395 Recv DATA 7 6, ID 10023
007.395 .... 24 packets received, 7721 bps, 96.51%, Err 0 (0.0e+000)
007.620 Send DATA 4 7, ID 20020, Window 5, PHL Queue 20
007.654 Recv DATA 0 7, ID 10024
007.879 Send DATA 5 0, ID 20021, Window 5, PHL Queue 30
007.898 Recv DATA 1 0, ID 10025
008.139 Send DATA 6 1, ID 20022, Window 5, PHL Queue 38
008.160 Recv DATA 2 1, ID 10026
008.402 Send DATA 7 2, ID 20023, Window 5, PHL Queue 40
008.436 Recv DATA 3 2, ID 10027
008.663 Send DATA 0 3, ID 20024, Window 5, PHL Queue 46
008.712 Recv DATA 4 3, ID 10028
008.939 Send DATA 1 4, ID 20025, Window 5, PHL Queue 22
008.958 Recv DATA 5 4, ID 10029
009.199 Send DATA 2 5, ID 20026, Window 5, PHL Queue 30
009.220 Recv DATA 6 5, ID 10030
009.460 Send DATA 3 6, ID 20027, Window 5, PHL Queue 36
009.492 Recv DATA 7 6, ID 10031
009.494 .... 32 packets received, 7744 bps, 96.80%, Err 0 (0.0e+000)
009.719 Send DATA 4 7, ID 20028, Window 5, PHL Queue 46
009.770 Recv DATA 0 7, ID 10032
009.995 Send DATA 5 0, ID 20029, Window 5, PHL Queue 22
010.030 Recv DATA 1 0, ID 10033
010.256 Send DATA 6 1, ID 20030, Window 5, PHL Queue 28
010.274 Recv DATA 2 1, ID 10034
010.515 Send DATA 7 2, ID 20031, Window 5, PHL Queue 38
010.567 Recv DATA 3 2, ID 10035
010.789 Send DATA 0 3, ID 20032, Window 5, PHL Queue 18
010.824 Recv DATA 4 3, ID 10036
011.051 Send DATA 1 4, ID 20033, Window 5, PHL Queue 22
011.069 Recv DATA 5 4, ID 10037
011.310 Send DATA 2 5, ID 20034, Window 5, PHL Queue 32
011.344 Recv DATA 6 5, ID 10038
011.569 Send DATA 3 6, ID 20035, Window 5, PHL Queue 42
011.604 Recv DATA 7 6, ID 10039
011.606 .... 40 packets received, 7747 bps, 96.83%, Err 0 (0.0e+000)
011.836 Send DATA 4 7, ID 20036, Window 5, PHL Queue 36
011.885 Recv DATA 0 7, ID 10040
012.095 Send DATA 5 0, ID 20037, Window 5, PHL Queue 46
012.143 Recv DATA 1 0, ID 10041
012.369 Send DATA 6 1, ID 20038, Window 5, PHL Queue 26
012.387 Receiver Error 1: Bad CRC Checksum
012.388 Send NAK  1
012.644 Send DATA 7 1, ID 20039, Window 6, PHL Queue 18
012.661 Recv DATA 3 2, ID 10043
012.900 Send DATA 0 1, ID 20040, Window 5, PHL Queue 34
012.918 Recv DATA 4 3, ID 10044
013.159 Send DATA 1 1, ID 20041, Window 5, PHL Queue 44
013.193 Receiver Error 2: Bad CRC Checksum
013.435 Send DATA 2 1, ID 20042, Window 6, PHL Queue 20
013.456 Recv DATA 6 5, ID 10046
013.700 Recv DATA 2 6, ID 10042
013.703 .... 43 packets received, 6950 bps, 86.88%, Err 2 (1.9e-005)
013.706 Send DATA 3 2, ID 20043, Window 4, PHL Queue 8
013.963 Send DATA 4 2, ID 20044, Window 5, PHL Queue 20
013.998 Recv DATA 3 7, ID 10043
014.225 Send DATA 5 3, ID 20045, Window 5, PHL Queue 24
014.243 Recv DATA 4 0, ID 10044
014.485 Send DATA 6 4, ID 20046, Window 5, PHL Queue 32
014.518 Recv DATA 5 1, ID 10045
014.742 Send DATA 7 5, ID 20047, Window 5, PHL Queue 46
014.775 Recv DATA 6 2, ID 10046
015.017 Send DATA 0 6, ID 20048, Window 5, PHL Queue 24
015.049 Recv DATA 7 3, ID 10047
015.270 Send DATA 1 7, ID 20049, Window 5, PHL Queue 46
015.304 Recv DATA 0 4, ID 10048
015.543 Send DATA 2 0, ID 20050, Window 5, PHL Queue 28
015.561 Recv DATA 1 5, ID 10049
015.802 Send DATA 3 1, ID 20051, Window 5, PHL Queue 38
015.834 Recv DATA 2 6, ID 10050
015.834 .... 51 packets received, 7055 bps, 88.19%, Err 2 (1.7e-005)
016.074 Send DATA 4 2, ID 20052, Window 5, PHL Queue 22
016.093 Recv DATA 3 7, ID 10051
016.335 Send DATA 5 3, ID 20053, Window 5, PHL Queue 28
016.338 Recv DATA 4 0, ID 10052
016.596 Send DATA 6 4, ID 20054, Window 5, PHL Queue 34
016.629 Recv DATA 5 1, ID 10053
016.853 Send DATA 7 5, ID 20055, Window 5, PHL Queue 48
016.888 Recv DATA 6 2, ID 10054
017.129 Send DATA 0 6, ID 20056, Window 5, PHL Queue 24
017.162 Recv DATA 7 3, ID 10055
017.387 Send DATA 1 7, ID 20057, Window 5, PHL Queue 36
017.406 Recv DATA 0 4, ID 10056
017.646 Send DATA 2 0, ID 20058, Window 5, PHL Queue 46
017.680 Recv DATA 1 5, ID 10057
017.919 Send DATA 3 1, ID 20059, Window 5, PHL Queue 28
017.955 Recv DATA 2 6, ID 10058
017.959 .... 59 packets received, 7139 bps, 89.24%, Err 2 (1.5e-005)
018.185 Send DATA 4 2, ID 20060, Window 5, PHL Queue 24
018.203 Recv DATA 3 7, ID 10059
018.446 Send DATA 5 3, ID 20061, Window 5, PHL Queue 30
018.480 Recv DATA 4 0, ID 10060
018.703 Send DATA 6 4, ID 20062, Window 5, PHL Queue 44
018.736 Recv DATA 5 1, ID 10061
018.976 Send DATA 7 5, ID 20063, Window 5, PHL Queue 26
018.995 Recv DATA 6 2, ID 10062
019.234 Send DATA 0 6, ID 20064, Window 5, PHL Queue 38
019.266 Recv DATA 7 3, ID 10063
019.502 Send DATA 1 7, ID 20065, Window 5, PHL Queue 30
019.520 Recv DATA 0 4, ID 10064
019.759 Send DATA 2 0, ID 20066, Window 5, PHL Queue 44
019.793 Recv DATA 1 5, ID 10065
020.034 Send DATA 3 1, ID 20067, Window 5, PHL Queue 22
020.067 Recv DATA 2 6, ID 10066
020.067 .... 67 packets received, 7207 bps, 90.09%, Err 2 (1.3e-005)
020.295 Send DATA 4 2, ID 20068, Window 5, PHL Queue 28
020.312 Recv DATA 3 7, ID 10067
020.553 Send DATA 5 3, ID 20069, Window 5, PHL Queue 40
020.588 Recv DATA 4 0, ID 10068
020.828 Send DATA 6 4, ID 20070, Window 5, PHL Queue 18
020.863 Recv DATA 5 1, ID 10069
021.087 Send DATA 7 5, ID 20071, Window 5, PHL Queue 28
021.089 Recv DATA 6 2, ID 10070
021.344 Send DATA 0 6, ID 20072, Window 5, PHL Queue 42
021.378 Recv DATA 7 3, ID 10071
021.616 Send DATA 1 7, ID 20073, Window 5, PHL Queue 26
021.634 Recv DATA 0 4, ID 10072
021.875 Send DATA 2 0, ID 20074, Window 5, PHL Queue 36
021.908 Recv DATA 1 5, ID 10073
022.146 Send DATA 3 1, ID 20075, Window 5, PHL Queue 22
022.164 Recv DATA 2 6, ID 10074
022.166 .... 75 packets received, 7268 bps, 90.84%, Err 2 (1.2e-005)
022.409 Recv DATA 3 7, ID 10075
022.411 Send DATA 4 3, ID 20076, Window 4, PHL Queue 20
022.667 Send DATA 5 3, ID 20077, Window 5, PHL Queue 36
022.699 Recv DATA 4 0, ID 10076
022.938 Send DATA 6 4, ID 20078, Window 5, PHL Queue 22
022.956 Recv DATA 5 1, ID 10077
023.198 Send DATA 7 5, ID 20079, Window 5, PHL Queue 30
023.200 Recv DATA 6 2, ID 10078
023.458 Send DATA 0 6, ID 20080, Window 5, PHL Queue 38
023.490 Recv DATA 7 3, ID 10079
023.729 Send DATA 1 7, ID 20081, Window 5, PHL Queue 24
023.747 Recv DATA 0 4, ID 10080
023.986 Send DATA 2 0, ID 20082, Window 5, PHL Queue 38
024.020 Recv DATA 1 5, ID 10081
024.260 Send DATA 3 1, ID 20083, Window 5, PHL Queue 18
024.277 Receiver Error 3: Bad CRC Checksum
024.278 Send NAK  1
024.524 Send DATA 4 1, ID 20084, Window 6, PHL Queue 32
024.558 Recv DATA 3 7, ID 10083
024.782 Send DATA 5 1, ID 20085, Window 5, PHL Queue 44
024.799 Recv DATA 4 0, ID 10084
025.055 Send DATA 6 1, ID 20086, Window 5, PHL Queue 26
025.073 Recv DATA 5 1, ID 10085
025.314 Send DATA 7 1, ID 20087, Window 5, PHL Queue 36
025.332 Recv DATA 6 2, ID 10086
025.573 Send DATA 0 1, ID 20088, Window 5, PHL Queue 46
025.591 Recv DATA 2 3, ID 10082
025.595 .... 83 packets received, 6921 bps, 86.51%, Err 3 (1.5e-005)
025.851 Send DATA 1 2, ID 20089, Window 5, PHL Queue 18
025.870 Recv DATA 3 4, ID 10083
026.110 Send DATA 2 3, ID 20090, Window 5, PHL Queue 28
026.112 Recv DATA 4 5, ID 10084
026.369 Send DATA 3 4, ID 20091, Window 5, PHL Queue 38
026.371 Recv DATA 5 6, ID 10085
026.643 Send ACK  5
026.644 Send DATA 4 5, ID 20092, Window 5, PHL Queue 30
026.663 Recv DATA 6 7, ID 10086
026.904 Send DATA 5 6, ID 20093, Window 5, PHL Queue 38
026.908 Recv DATA 7 0, ID 10087
027.164 Send DATA 6 7, ID 20094, Window 5, PHL Queue 46
027.184 Recv DATA 0 1, ID 10088
027.427 Recv DATA 1 2, ID 10089
027.428 Send DATA 7 1, ID 20095, Window 4, PHL Queue 46
027.701 Recv DATA 2 3, ID 10090
027.704 .... 91 packets received, 6987 bps, 87.34%, Err 3 (1.4e-005)
027.706 Send DATA 0 2, ID 20096, Window 4, PHL Queue 18
027.964 Send DATA 1 2, ID 20097, Window 5, PHL Queue 30
027.968 Recv DATA 3 4, ID 10091
028.226 Recv DATA 4 5, ID 10092
028.228 Send DATA 2 4, ID 20098, Window 4, PHL Queue 30
028.486 Send DATA 3 4, ID 20099, Window 5, PHL Queue 42
028.489 Recv DATA 5 6, ID 10093
028.757 Send ACK  5
028.758 Send DATA 4 5, ID 20100, Window 5, PHL Queue 40
028.792 Recv DATA 6 7, ID 10094
029.018 Recv DATA 7 0, ID 10095
029.018 Send DATA 5 7, ID 20101, Window 4, PHL Queue 48
029.290 Recv DATA 0 1, ID 10096
029.291 Send DATA 6 0, ID 20102, Window 4, PHL Queue 30
029.550 Receiver Error 4: Bad CRC Checksum
029.551 Send NAK  0
029.569 Send DATA 7 0, ID 20103, Window 5, PHL Queue 16
029.826 Recv DATA 2 3, ID 10098
029.828 Send DATA 0 0, ID 20104, Window 4, PHL Queue 26
030.085 Send DATA 1 0, ID 20105, Window 5, PHL Queue 40
030.103 Recv DATA 3 4, ID 10099
030.357 Recv DATA 4 5, ID 10100
030.361 Send DATA 2 0, ID 20106, Window 4, PHL Queue 16
030.616 Recv DATA 1 6, ID 10097
030.618 .... 98 packets received, 6784 bps, 84.79%, Err 5 (2.1e-005)
030.619 Send DATA 3 1, ID 20107, Window 4, PHL Queue 28
030.876 Send DATA 4 1, ID 20108, Window 5, PHL Queue 42
030.894 Recv DATA 2 7, ID 10098
031.136 Recv DATA 3 0, ID 10099
031.153 Send DATA 5 3, ID 20109, Window 4, PHL Queue 16
031.410 Recv DATA 4 1, ID 10100
031.411 Send DATA 6 4, ID 20110, Window 4, PHL Queue 28
031.666 Recv DATA 5 2, ID 10101
031.668 Send DATA 7 5, ID 20111, Window 4, PHL Queue 42
031.940 Recv DATA 6 3, ID 10102
031.941 Send DATA 0 6, ID 20112, Window 4, PHL Queue 24
032.199 Recv DATA 7 4, ID 10103
032.203 Send DATA 1 7, ID 20113, Window 4, PHL Queue 28
032.444 Recv DATA 0 5, ID 10104
032.462 Send DATA 2 0, ID 20114, Window 4, PHL Queue 38
032.735 Recv DATA 1 6, ID 10105
032.736 .... 106 packets received, 6847 bps, 85.59%, Err 5 (2.0e-005)
032.737 Send DATA 3 1, ID 20115, Window 4, PHL Queue 16
032.994 Recv DATA 2 7, ID 10106
032.995 Send DATA 4 2, ID 20116, Window 4, PHL Queue 28
033.256 Recv DATA 3 0, ID 10107
033.257 Send DATA 5 3, ID 20117, Window 4, PHL Queue 32
033.514 Send DATA 6 3, ID 20118, Window 5, PHL Queue 46
033.535 Recv DATA 4 1, ID 10108
033.780 Send DATA 7 4, ID 20119, Window 5, PHL Queue 42
033.798 Recv DATA 5 2, ID 10109
034.043 Recv DATA 6 3, ID 10110
034.047 Send DATA 0 6, ID 20120, Window 4, PHL Queue 36
034.309 Recv DATA 7 4, ID 10111
034.311 Send DATA 1 7, ID 20121, Window 4, PHL Queue 36
034.583 Recv DATA 0 5, ID 10112
034.583 Send DATA 2 0, ID 20122, Window 4, PHL Queue 20
034.840 Send DATA 3 0, ID 20123, Window 5, PHL Queue 34
034.844 Recv DATA 1 6, ID 10113
034.845 .... 114 packets received, 6904 bps, 86.30%, Err 5 (1.8e-005)
035.099 Send DATA 4 1, ID 20124, Window 5, PHL Queue 44
035.102 Recv DATA 2 7, ID 10114
035.355 Recv DATA 3 0, ID 10115
035.372 Send ACK  3
035.374 Send DATA 5 3, ID 20125, Window 4, PHL Queue 36
035.633 Recv DATA 4 1, ID 10116
035.633 Send DATA 6 4, ID 20126, Window 4, PHL Queue 46
035.905 Recv DATA 5 2, ID 10117
035.908 Send DATA 7 5, ID 20127, Window 4, PHL Queue 24
036.164 Recv DATA 6 3, ID 10118
036.166 Send DATA 0 6, ID 20128, Window 4, PHL Queue 36
036.439 Recv DATA 7 4, ID 10119
036.440 Send DATA 1 7, ID 20129, Window 4, PHL Queue 16
036.697 Recv DATA 0 5, ID 10120
036.699 Recv NAK  5
036.700 Send DATA 6 0, ID 20126, Window 0, PHL Queue 26
036.958 Send DATA 7 0, ID 20127, Window 1, PHL Queue 36
036.960 Recv DATA 1 5, ID 10121
036.961 .... 122 packets received, 6954 bps, 86.92%, Err 5 (1.7e-005)
037.216 Send DATA 0 1, ID 20128, Window 2, PHL Queue 48
037.218 Recv DATA 2 5, ID 10122
037.491 Recv DATA 3 5, ID 10123
037.493 Send ACK  3
037.493 Send DATA 1 3, ID 20129, Window 3, PHL Queue 36
037.766 Recv DATA 4 5, ID 10124
037.767 Send DATA 2 4, ID 20130, Window 4, PHL Queue 16
038.010 Recv DATA 5 6, ID 10125
038.028 Send DATA 3 5, ID 20131, Window 4, PHL Queue 22
038.273 Recv DATA 6 7, ID 10126
038.291 Send DATA 4 6, ID 20132, Window 4, PHL Queue 24
038.518 Recv DATA 7 0, ID 10127
038.550 Send DATA 5 7, ID 20133, Window 4, PHL Queue 34
038.803 Recv DATA 0 1, ID 10128
038.822 Send DATA 6 0, ID 20134, Window 4, PHL Queue 18
039.068 Recv DATA 1 2, ID 10129
039.069 .... 130 packets received, 6999 bps, 87.49%, Err 5 (1.6e-005)
039.086 Send DATA 7 1, ID 20135, Window 4, PHL Queue 18
039.342 Recv DATA 2 3, ID 10130
039.344 Send DATA 0 2, ID 20136, Window 4, PHL Queue 30
039.601 Recv DATA 3 4, ID 10131
039.602 Send DATA 1 3, ID 20137, Window 4, PHL Queue 42
039.859 Recv DATA 4 5, ID 10132
039.876 Send DATA 2 4, ID 20138, Window 4, PHL Queue 22
040.117 Recv DATA 5 6, ID 10133
040.134 Send DATA 3 5, ID 20139, Window 4, PHL Queue 34
040.388 Recv DATA 6 7, ID 10134
040.406 Send DATA 4 6, ID 20140, Window 4, PHL Queue 18
040.663 Recv DATA 7 0, ID 10135
040.665 Send DATA 5 7, ID 20141, Window 4, PHL Queue 28
040.907 Recv DATA 0 1, ID 10136
040.924 Send DATA 6 0, ID 20142, Window 4, PHL Queue 38
041.197 Recv DATA 1 2, ID 10137
041.199 .... 138 packets received, 7036 bps, 87.95%, Err 5 (1.5e-005)
041.201 Send DATA 7 1, ID 20143, Window 4, PHL Queue 12
041.455 Recv DATA 2 3, ID 10138
041.456 Send DATA 0 2, ID 20144, Window 4, PHL Queue 30
041.714 Recv DATA 3 4, ID 10139
041.716 Send DATA 1 3, ID 20145, Window 4, PHL Queue 38
041.975 Send DATA 2 3, ID 20146, Window 5, PHL Queue 48
041.977 Recv DATA 4 5, ID 10140
042.221 Recv DATA 5 6, ID 10141
042.239 Send DATA 3 5, ID 20147, Window 4, PHL Queue 48
042.494 Recv DATA 6 7, ID 10142
042.512 Send DATA 4 6, ID 20148, Window 4, PHL Queue 30
042.756 Recv DATA 7 0, ID 10143
042.772 Send DATA 5 7, ID 20149, Window 4, PHL Queue 38
043.026 Recv DATA 0 1, ID 10144
043.045 Send DATA 6 0, ID 20150, Window 4, PHL Queue 20
043.291 Recv DATA 1 2, ID 10145
043.292 .... 146 packets received, 7075 bps, 88.44%, Err 5 (1.5e-005)
043.296 Send DATA 7 1, ID 20151, Window 4, PHL Queue 46
043.566 Recv DATA 2 3, ID 10146
043.566 Send DATA 0 2, ID 20152, Window 4, PHL Queue 34
043.821 Recv DATA 3 4, ID 10147
043.823 Send DATA 1 3, ID 20153, Window 4, PHL Queue 48
044.096 Recv DATA 4 5, ID 10148
044.097 Send DATA 2 4, ID 20154, Window 4, PHL Queue 28
044.353 Recv DATA 5 6, ID 10149
044.355 Send DATA 3 5, ID 20155, Window 4, PHL Queue 40
044.599 Recv DATA 6 7, ID 10150
044.617 Send DATA 4 6, ID 20156, Window 4, PHL Queue 44
044.888 Recv DATA 7 0, ID 10151
044.890 Send DATA 5 7, ID 20157, Window 4, PHL Queue 26
045.134 Recv DATA 0 1, ID 10152
045.152 Send DATA 6 0, ID 20158, Window 4, PHL Queue 30
045.408 Recv DATA 1 2, ID 10153
045.409 .... 154 packets received, 7107 bps, 88.83%, Err 6 (1.7e-005)
045.412 Send DATA 7 1, ID 20159, Window 4, PHL Queue 38
045.684 Receiver Error 5: Bad CRC Checksum
045.685 Send NAK  1
045.688 Send DATA 0 1, ID 20160, Window 5, PHL Queue 28
045.944 Recv DATA 3 4, ID 10155
045.946 Send DATA 1 1, ID 20161, Window 4, PHL Queue 40
046.186 Recv DATA 4 5, ID 10156
046.219 Send DATA 2 1, ID 20162, Window 4, PHL Queue 22
046.459 Recv DATA 5 6, ID 10157
046.478 Send DATA 3 1, ID 20163, Window 4, PHL Queue 32
046.719 Recv DATA 2 7, ID 10154
046.736 Send DATA 4 2, ID 20164, Window 4, PHL Queue 44
046.991 Recv DATA 3 0, ID 10155
047.009 Send DATA 5 3, ID 20165, Window 4, PHL Queue 26
047.251 Recv DATA 4 1, ID 10156
047.268 Send DATA 6 4, ID 20166, Window 4, PHL Queue 36
047.508 Recv DATA 5 2, ID 10157
047.508 .... 158 packets received, 6962 bps, 87.02%, Err 6 (1.6e-005)
047.529 Send DATA 7 5, ID 20167, Window 4, PHL Queue 42
047.784 Recv DATA 6 3, ID 10158
047.801 Send DATA 0 6, ID 20168, Window 4, PHL Queue 26
048.059 Recv DATA 7 4, ID 10159
048.061 Send DATA 1 7, ID 20169, Window 4, PHL Queue 34
048.318 Recv DATA 0 5, ID 10160
048.320 Send DATA 2 0, ID 20170, Window 4, PHL Queue 44
048.589 Recv DATA 1 6, ID 10161
048.590 Send DATA 3 1, ID 20171, Window 4, PHL Queue 32
048.845 Recv DATA 2 7, ID 10162
048.847 Send DATA 4 2, ID 20172, Window 4, PHL Queue 46
049.103 Recv DATA 3 0, ID 10163
049.121 Send DATA 5 3, ID 20173, Window 4, PHL Queue 26
049.379 Recv DATA 4 1, ID 10164
049.381 Send DATA 6 4, ID 20174, Window 4, PHL Queue 34
049.635 Recv DATA 5 2, ID 10165
049.637 .... 166 packets received, 6994 bps, 87.43%, Err 6 (1.5e-005)
049.638 Send DATA 7 5, ID 20175, Window 4, PHL Queue 48
049.895 Recv DATA 6 3, ID 10166
049.912 Send DATA 0 6, ID 20176, Window 4, PHL Queue 28
050.170 Recv DATA 7 4, ID 10167
050.173 Send DATA 1 7, ID 20177, Window 4, PHL Queue 34
050.426 Recv DATA 0 5, ID 10168
050.445 Send DATA 2 0, ID 20178, Window 4, PHL Queue 18
050.686 Recv DATA 1 6, ID 10169
050.705 Send DATA 3 1, ID 20179, Window 4, PHL Queue 26
050.957 Recv DATA 2 7, ID 10170
050.959 Send DATA 4 2, ID 20180, Window 4, PHL Queue 46
051.215 Recv DATA 3 0, ID 10171
051.233 Send DATA 5 3, ID 20181, Window 4, PHL Queue 26
051.473 Recv DATA 4 1, ID 10172
051.491 Send DATA 6 4, ID 20182, Window 4, PHL Queue 38
051.735 Recv DATA 5 2, ID 10173
051.736 .... 174 packets received, 7028 bps, 87.85%, Err 6 (1.5e-005)
051.753 Send DATA 7 5, ID 20183, Window 4, PHL Queue 42
052.009 Recv DATA 6 3, ID 10174
052.027 Send DATA 0 6, ID 20184, Window 4, PHL Queue 22
052.286 Recv DATA 7 4, ID 10175
052.286 Send DATA 1 7, ID 20185, Window 4, PHL Queue 32
052.540 Recv DATA 0 5, ID 10176
052.542 Send DATA 2 0, ID 20186, Window 4, PHL Queue 48
052.816 Recv DATA 1 6, ID 10177
052.818 Send DATA 3 1, ID 20187, Window 4, PHL Queue 24
053.071 Recv DATA 2 7, ID 10178
053.073 Send DATA 4 2, ID 20188, Window 4, PHL Queue 42
053.329 Recv DATA 3 0, ID 10179
053.346 Send DATA 5 3, ID 20189, Window 4, PHL Queue 24
053.603 Recv DATA 4 1, ID 10180
053.605 Send DATA 6 4, ID 20190, Window 4, PHL Queue 34
053.860 Recv DATA 5 2, ID 10181
053.863 .... 182 packets received, 7055 bps, 88.19%, Err 6 (1.4e-005)
053.864 Send DATA 7 5, ID 20191, Window 4, PHL Queue 44
054.118 Recv DATA 6 3, ID 10182
054.136 Send DATA 0 6, ID 20192, Window 4, PHL Queue 28
054.377 Recv DATA 7 4, ID 10183
054.394 Send DATA 1 7, ID 20193, Window 4, PHL Queue 40
054.652 Recv DATA 0 5, ID 10184
054.655 Send DATA 2 0, ID 20194, Window 4, PHL Queue 46
054.897 Recv DATA 1 6, ID 10185
054.930 Send DATA 3 1, ID 20195, Window 4, PHL Queue 24
055.173 Recv DATA 2 7, ID 10186
055.192 Send DATA 4 2, ID 20196, Window 4, PHL Queue 28
055.449 Recv DATA 3 0, ID 10187
055.451 Send DATA 5 3, ID 20197, Window 4, PHL Queue 38
055.708 Recv DATA 4 1, ID 10188
055.725 Send DATA 6 4, ID 20198, Window 4, PHL Queue 18
055.967 Recv DATA 5 2, ID 10189
055.970 .... 190 packets received, 7083 bps, 88.54%, Err 6 (1.4e-005)
055.987 Send DATA 7 5, ID 20199, Window 4, PHL Queue 22
056.212 Recv DATA 6 3, ID 10190
056.246 Send DATA 0 6, ID 20200, Window 4, PHL Queue 32
056.505 Recv DATA 7 4, ID 10191
056.507 Send DATA 1 7, ID 20201, Window 4, PHL Queue 38
056.749 Recv DATA 0 5, ID 10192
056.767 Send DATA 2 0, ID 20202, Window 4, PHL Queue 46
057.023 Recv DATA 1 6, ID 10193
057.041 Recv NAK  6
057.044 Send DATA 7 1, ID 20199, Window 0, PHL Queue 20
057.300 Recv DATA 2 6, ID 10194
057.301 Send DATA 0 2, ID 20200, Window 1, PHL Queue 34
057.558 Recv DATA 3 6, ID 10195
057.560 Send DATA 1 3, ID 20201, Window 2, PHL Queue 44
057.832 Recv DATA 4 6, ID 10196
057.833 Send DATA 2 4, ID 20202, Window 3, PHL Queue 26
058.090 Recv DATA 5 6, ID 10197
058.092 .... 198 packets received, 7107 bps, 88.83%, Err 6 (1.3e-005)
058.096 Send DATA 3 5, ID 20203, Window 4, PHL Queue 28
058.351 Send DATA 4 5, ID 20204, Window 5, PHL Queue 46
058.369 Recv DATA 6 7, ID 10198
058.609 Recv DATA 7 0, ID 10199
058.630 Send DATA 5 7, ID 20205, Window 4, PHL Queue 16
058.884 Recv DATA 0 1, ID 10200
058.886 Send DATA 6 0, ID 20206, Window 4, PHL Queue 32
059.143 Send DATA 7 0, ID 20207, Window 5, PHL Queue 46
059.160 Recv DATA 1 2, ID 10201
059.419 Recv DATA 2 3, ID 10202
059.421 Send DATA 0 2, ID 20208, Window 4, PHL Queue 18
059.648 Recv DATA 3 4, ID 10203
059.683 Send DATA 1 3, ID 20209, Window 4, PHL Queue 22
059.940 Recv DATA 4 5, ID 10204
059.942 Send DATA 2 4, ID 20210, Window 4, PHL Queue 32
060.200 Send DATA 3 4, ID 20211, Window 5, PHL Queue 44
060.202 Recv DATA 5 6, ID 10205
060.203 .... 206 packets received, 7130 bps, 89.12%, Err 6 (1.3e-005)
060.460 Recv DATA 6 7, ID 10206
060.462 Send DATA 4 6, ID 20212, Window 4, PHL Queue 48
060.734 Recv DATA 7 0, ID 10207
060.736 Send DATA 5 7, ID 20213, Window 4, PHL Queue 28
060.993 Recv DATA 0 1, ID 10208
060.995 Send DATA 6 0, ID 20214, Window 4, PHL Queue 38
061.253 Recv DATA 1 2, ID 10209
061.254 Send DATA 7 1, ID 20215, Window 4, PHL Queue 48
061.527 Recv DATA 2 3, ID 10210
061.529 Send DATA 0 2, ID 20216, Window 4, PHL Queue 26
061.787 Recv DATA 3 4, ID 10211
061.789 Send DATA 1 3, ID 20217, Window 4, PHL Queue 34
062.041 Recv DATA 4 5, ID 10212
062.059 Send DATA 2 4, ID 20218, Window 4, PHL Queue 22
062.315 Recv DATA 5 6, ID 10213
062.317 .... 214 packets received, 7151 bps, 89.39%, Err 6 (1.2e-005)
062.320 Send DATA 3 5, ID 20219, Window 4, PHL Queue 28
062.573 Recv DATA 6 7, ID 10214
062.575 Send DATA 4 6, ID 20220, Window 4, PHL Queue 46
062.834 Recv DATA 7 0, ID 10215
062.852 Send DATA 5 7, ID 20221, Window 4, PHL Queue 20
063.108 Recv DATA 0 1, ID 10216
063.111 Send DATA 6 0, ID 20222, Window 4, PHL Queue 32
063.367 Recv DATA 1 2, ID 10217
063.369 Send DATA 7 1, ID 20223, Window 4, PHL Queue 42
063.628 Recv DATA 2 3, ID 10218
063.630 Send DATA 0 2, ID 20224, Window 4, PHL Queue 48
063.903 Recv DATA 3 4, ID 10219
063.905 Send DATA 1 3, ID 20225, Window 4, PHL Queue 26
064.147 Recv DATA 4 5, ID 10220
064.163 Send DATA 2 4, ID 20226, Window 4, PHL Queue 38
064.418 Recv DATA 5 6, ID 10221
064.421 .... 222 packets received, 7172 bps, 89.66%, Err 6 (1.2e-005)
064.425 Send DATA 3 5, ID 20227, Window 4, PHL Queue 42
064.667 Recv DATA 6 7, ID 10222
064.701 Send DATA 4 6, ID 20228, Window 4, PHL Queue 18
064.960 Recv DATA 7 0, ID 10223
064.962 Send DATA 5 7, ID 20229, Window 4, PHL Queue 24
065.220 Recv DATA 0 1, ID 10224
065.222 Send DATA 6 0, ID 20230, Window 4, PHL Queue 32
065.466 Recv DATA 1 2, ID 10225
065.484 Send DATA 7 1, ID 20231, Window 4, PHL Queue 36
065.752 Recv DATA 2 3, ID 10226
065.755 Send DATA 0 2, ID 20232, Window 4, PHL Queue 22
066.012 Recv DATA 3 4, ID 10227
066.016 Send DATA 1 3, ID 20233, Window 4, PHL Queue 28
066.257 Recv DATA 4 5, ID 10228
066.275 Send DATA 2 4, ID 20234, Window 4, PHL Queue 38
066.541 Recv DATA 5 6, ID 10229
066.541 .... 230 packets received, 7190 bps, 89.88%, Err 6 (1.1e-005)
066.543 Send DATA 3 5, ID 20235, Window 4, PHL Queue 30
066.800 Send DATA 4 5, ID 20236, Window 5, PHL Queue 44
066.817 Recv DATA 6 7, ID 10230
067.057 Recv DATA 7 0, ID 10231
067.076 Send DATA 5 7, ID 20237, Window 4, PHL Queue 20
067.320 Recv DATA 0 1, ID 10232
067.338 Send DATA 6 0, ID 20238, Window 4, PHL Queue 24
067.598 Recv DATA 1 2, ID 10233
067.598 Send DATA 7 1, ID 20239, Window 4, PHL Queue 32
067.853 Recv DATA 2 3, ID 10234
067.856 Send DATA 0 2, ID 20240, Window 4, PHL Queue 44
068.099 Recv DATA 3 4, ID 10235
068.131 Send DATA 1 3, ID 20241, Window 4, PHL Queue 22
068.375 Recv DATA 4 5, ID 10236
068.392 Send DATA 2 4, ID 20242, Window 4, PHL Queue 28
068.649 Recv DATA 5 6, ID 10237
068.651 .... 238 packets received, 7208 bps, 90.10%, Err 6 (1.1e-005)
068.654 Send DATA 3 5, ID 20243, Window 4, PHL Queue 32
068.894 Recv DATA 6 7, ID 10238
068.911 Send DATA 4 6, ID 20244, Window 4, PHL Queue 46
069.168 Recv DATA 7 0, ID 10239
069.187 Send DATA 5 7, ID 20245, Window 4, PHL Queue 22
069.416 Recv DATA 0 1, ID 10240
069.450 Send DATA 6 0, ID 20246, Window 4, PHL Queue 24
069.695 Recv DATA 1 2, ID 10241
069.713 Send DATA 7 1, ID 20247, Window 4, PHL Queue 26
069.971 Recv DATA 2 3, ID 10242
069.971 Send DATA 0 2, ID 20248, Window 4, PHL Queue 38
070.228 Recv DATA 3 4, ID 10243
070.230 Send DATA 1 3, ID 20249, Window 4, PHL Queue 48
070.484 Recv DATA 4 5, ID 10244
070.503 Send DATA 2 4, ID 20250, Window 4, PHL Queue 30
070.761 Recv DATA 5 6, ID 10245
070.763 .... 246 packets received, 7225 bps, 90.31%, Err 6 (1.1e-005)
070.764 Send DATA 3 5, ID 20251, Window 4, PHL Queue 36
071.009 Recv DATA 6 7, ID 10246
071.025 Send DATA 4 6, ID 20252, Window 4, PHL Queue 42
071.281 Recv DATA 7 0, ID 10247
071.300 Send DATA 5 7, ID 20253, Window 4, PHL Queue 20
071.526 Recv DATA 0 1, ID 10248
071.558 Send DATA 6 0, ID 20254, Window 4, PHL Queue 32
071.816 Recv DATA 1 2, ID 10249
071.816 Send DATA 7 1, ID 20255, Window 4, PHL Queue 44
071.819 Recv NAK  2
072.077 Recv DATA 2 2, ID 10250
072.093 Send DATA 3 2, ID 20251, Window 0, PHL Queue 18
072.348 Recv DATA 3 2, ID 10251
072.350 Send DATA 4 3, ID 20252, Window 1, PHL Queue 32
072.605 Recv DATA 4 2, ID 10252
072.607 Send DATA 5 4, ID 20253, Window 2, PHL Queue 46
072.880 Recv DATA 5 2, ID 10253
072.882 .... 254 packets received, 7240 bps, 90.50%, Err 6 (1.0e-005)
072.883 Send DATA 6 5, ID 20254, Window 3, PHL Queue 22
073.139 Recv DATA 6 2, ID 10254
073.141 Send DATA 7 6, ID 20255, Window 4, PHL Queue 34
073.395 Recv DATA 7 3, ID 10255
073.413 Send DATA 0 7, ID 20256, Window 4, PHL Queue 18
073.667 Recv DATA 0 4, ID 10256
073.668 Send DATA 1 0, ID 20257, Window 4, PHL Queue 36
073.929 Recv DATA 1 5, ID 10257
073.930 Send DATA 2 1, ID 20258, Window 4, PHL Queue 40
074.188 Recv DATA 2 6, ID 10258
074.204 Send DATA 3 2, ID 20259, Window 4, PHL Queue 20
074.459 Recv DATA 3 7, ID 10259
074.461 Send DATA 4 3, ID 20260, Window 4, PHL Queue 34
074.720 Send DATA 5 3, ID 20261, Window 5, PHL Queue 44
074.723 Recv DATA 4 0, ID 10260
074.980 Recv DATA 5 1, ID 10261
074.982 .... 262 packets received, 7256 bps, 90.70%, Err 6 (1.0e-005)
074.987 Send DATA 6 5, ID 20262, Window 4, PHL Queue 38
075.259 Recv DATA 6 2, ID 10262
075.260 Send DATA 7 6, ID 20263, Window 4, PHL Queue 20
075.525 Recv DATA 7 3, ID 10263
075.528 Send DATA 0 7, ID 20264, Window 4, PHL Queue 12
075.769 Recv DATA 0 4, ID 10264
075.786 Send DATA 1 0, ID 20265, Window 4, PHL Queue 24
076.042 Recv DATA 1 5, ID 10265
076.045 Send DATA 2 1, ID 20266, Window 4, PHL Queue 34
076.306 Recv DATA 2 6, ID 10266
076.308 Send DATA 3 2, ID 20267, Window 4, PHL Queue 36
076.581 Recv DATA 3 7, ID 10267
076.581 Send DATA 4 3, ID 20268, Window 4, PHL Queue 18
076.840 Recv DATA 4 0, ID 10268
076.841 Send DATA 5 4, ID 20269, Window 4, PHL Queue 26
077.088 Recv DATA 5 1, ID 10269
077.089 .... 270 packets received, 7270 bps, 90.88%, Err 6 (9.8e-006)
077.109 Send DATA 6 5, ID 20270, Window 4, PHL Queue 18
077.365 Recv DATA 6 2, ID 10270
077.368 Send DATA 7 6, ID 20271, Window 4, PHL Queue 28
077.623 Recv DATA 7 3, ID 10271
077.625 Send DATA 0 7, ID 20272, Window 4, PHL Queue 42
077.898 Recv DATA 0 4, ID 10272
077.900 Send DATA 1 0, ID 20273, Window 4, PHL Queue 20
078.156 Send DATA 2 0, ID 20274, Window 5, PHL Queue 36
078.173 Recv DATA 1 5, ID 10273
078.427 Recv DATA 2 6, ID 10274
078.429 Send DATA 3 2, ID 20275, Window 4, PHL Queue 18
078.685 Recv DATA 3 7, ID 10275
078.687 Send DATA 4 3, ID 20276, Window 4, PHL Queue 30
078.942 Send DATA 5 3, ID 20277, Window 5, PHL Queue 48
078.960 Recv DATA 4 0, ID 10276
079.216 Recv DATA 5 1, ID 10277
079.218 .... 278 packets received, 7282 bps, 91.02%, Err 6 (9.6e-006)
079.221 Send DATA 6 5, ID 20278, Window 4, PHL Queue 18
079.477 Send DATA 7 5, ID 20279, Window 5, PHL Queue 34
079.495 Recv DATA 6 2, ID 10278
079.735 Send DATA 0 6, ID 20280, Window 5, PHL Queue 46
079.739 Recv DATA 7 3, ID 10279
080.012 Recv DATA 0 4, ID 10280
080.014 Send ACK  0
080.015 Send DATA 1 0, ID 20281, Window 4, PHL Queue 28
080.273 Recv DATA 1 5, ID 10281
080.276 Send DATA 2 1, ID 20282, Window 4, PHL Queue 36
080.547 Recv DATA 2 6, ID 10282
080.548 Send DATA 3 2, ID 20283, Window 4, PHL Queue 18
080.803 Recv DATA 3 7, ID 10283
080.805 Send DATA 4 3, ID 20284, Window 4, PHL Queue 32
081.059 Recv DATA 4 0, ID 10284
081.064 Send DATA 5 4, ID 20285, Window 4, PHL Queue 42
081.335 Recv DATA 5 1, ID 10285
081.338 .... 286 packets received, 7294 bps, 91.17%, Err 6 (9.3e-006)
081.339 Send DATA 6 5, ID 20286, Window 4, PHL Queue 20
081.581 Recv DATA 6 2, ID 10286
081.598 Send DATA 7 6, ID 20287, Window 4, PHL Queue 30
081.856 Recv DATA 7 3, ID 10287
081.859 Send DATA 0 7, ID 20288, Window 4, PHL Queue 36
082.132 Recv DATA 0 4, ID 10288
082.134 Send DATA 1 0, ID 20289, Window 4, PHL Queue 14
082.375 Recv DATA 1 5, ID 10289
082.394 Send DATA 2 1, ID 20290, Window 4, PHL Queue 22
082.651 Recv DATA 2 6, ID 10290
082.653 Send DATA 3 2, ID 20291, Window 4, PHL Queue 32
082.909 Receiver Error 6: Bad CRC Checksum
082.910 Send NAK  2
082.927 Send DATA 4 2, ID 20292, Window 5, PHL Queue 26
083.163 Recv DATA 4 0, ID 10292
083.182 Send DATA 5 2, ID 20293, Window 4, PHL Queue 44
083.441 Recv DATA 5 1, ID 10293
083.444 Send DATA 6 2, ID 20294, Window 4, PHL Queue 48
083.711 Recv DATA 6 2, ID 10294
083.711 Send DATA 7 2, ID 20295, Window 4, PHL Queue 42
083.985 Recv DATA 3 3, ID 10291
083.985 .... 292 packets received, 7209 bps, 90.11%, Err 7 (1.1e-005)
083.987 Send DATA 0 3, ID 20296, Window 4, PHL Queue 18
084.243 Recv DATA 4 4, ID 10292
084.244 Send DATA 1 4, ID 20297, Window 4, PHL Queue 32
084.506 Recv DATA 5 5, ID 10293
084.507 Send DATA 2 5, ID 20298, Window 4, PHL Queue 34
084.764 Recv DATA 6 6, ID 10294
084.765 Send DATA 3 6, ID 20299, Window 4, PHL Queue 46
085.010 Recv DATA 7 7, ID 10295
085.028 Send DATA 4 7, ID 20300, Window 4, PHL Queue 48
085.276 Recv DATA 0 0, ID 10296
085.293 Recv NAK  0
085.293 Send DATA 1 0, ID 20297, Window 0, PHL Queue 46
085.567 Recv DATA 1 0, ID 10297
085.570 Send DATA 2 1, ID 20298, Window 1, PHL Queue 20
085.811 Recv DATA 2 0, ID 10298
085.828 Send DATA 3 2, ID 20299, Window 2, PHL Queue 32
086.072 Recv DATA 3 0, ID 10299
086.074 .... 300 packets received, 7225 bps, 90.31%, Err 7 (1.0e-005)
086.091 Send DATA 4 3, ID 20300, Window 3, PHL Queue 34
086.350 Recv DATA 4 0, ID 10300
086.350 Send DATA 5 4, ID 20301, Window 4, PHL Queue 44
086.612 Recv DATA 5 1, ID 10301
086.613 Send DATA 6 5, ID 20302, Window 4, PHL Queue 46
086.874 Recv DATA 6 2, ID 10302
086.890 Send DATA 7 6, ID 20303, Window 4, PHL Queue 20
087.131 Recv DATA 7 3, ID 10303
087.147 Send DATA 0 7, ID 20304, Window 4, PHL Queue 34
087.405 Recv DATA 0 4, ID 10304
087.407 Send DATA 1 0, ID 20305, Window 4, PHL Queue 42
087.678 Recv DATA 1 5, ID 10305
087.679 Send DATA 2 1, ID 20306, Window 4, PHL Queue 26
087.938 Recv DATA 2 6, ID 10306
087.941 Send DATA 3 2, ID 20307, Window 4, PHL Queue 30
088.200 Send DATA 4 2, ID 20308, Window 5, PHL Queue 40
088.201 Recv DATA 3 7, ID 10307
088.204 .... 308 packets received, 7236 bps, 90.45%, Err 7 (1.0e-005)
088.463 Recv DATA 4 0, ID 10308
088.464 Send DATA 5 4, ID 20309, Window 4, PHL Queue 40
088.708 Recv DATA 5 1, ID 10309
088.726 Send DATA 6 5, ID 20310, Window 4, PHL Queue 44
088.984 Recv DATA 6 2, ID 10310
089.002 Send DATA 7 6, ID 20311, Window 4, PHL Queue 20
089.245 Recv DATA 7 3, ID 10311
089.263 Send DATA 0 7, ID 20312, Window 4, PHL Queue 26
089.508 Recv DATA 0 4, ID 10312
089.526 Send DATA 1 0, ID 20313, Window 4, PHL Queue 28
089.783 Recv DATA 1 5, ID 10313
089.784 Send DATA 2 1, ID 20314, Window 4, PHL Queue 40
090.057 Recv DATA 2 6, ID 10314
090.060 Send DATA 3 2, ID 20315, Window 4, PHL Queue 18
090.301 Recv DATA 3 7, ID 10315
090.301 .... 316 packets received, 7249 bps, 90.62%, Err 7 (9.8e-006)
090.318 Send DATA 4 3, ID 20316, Window 4, PHL Queue 28
090.575 Recv DATA 4 0, ID 10316
090.579 Send DATA 5 4, ID 20317, Window 4, PHL Queue 34
090.819 Recv DATA 5 1, ID 10317
090.837 Send DATA 6 5, ID 20318, Window 4, PHL Queue 46
091.095 Recv DATA 6 2, ID 10318
091.114 Send DATA 7 6, ID 20319, Window 4, PHL Queue 20
091.371 Recv DATA 7 3, ID 10319
091.373 Send DATA 0 7, ID 20320, Window 4, PHL Queue 30
091.630 Recv DATA 0 4, ID 10320
091.631 Send DATA 1 0, ID 20321, Window 4, PHL Queue 42
091.906 Recv DATA 1 5, ID 10321
091.908 Send DATA 2 1, ID 20322, Window 4, PHL Queue 16
092.165 Recv DATA 2 6, ID 10322
092.167 Send DATA 3 2, ID 20323, Window 4, PHL Queue 26
092.410 Recv DATA 3 7, ID 10323
092.413 .... 324 packets received, 7261 bps, 90.77%, Err 7 (9.5e-006)
092.432 Send DATA 4 3, ID 20324, Window 4, PHL Queue 24
092.697 Recv DATA 4 0, ID 10324
092.698 Send DATA 5 4, ID 20325, Window 4, PHL Queue 20
092.943 Recv DATA 5 1, ID 10325
092.960 Send DATA 6 5, ID 20326, Window 4, PHL Queue 24
093.202 Recv DATA 6 2, ID 10326
093.222 Send DATA 7 6, ID 20327, Window 4, PHL Queue 28
093.479 Recv DATA 7 3, ID 10327
093.481 Send DATA 0 7, ID 20328, Window 4, PHL Queue 38
093.484 Recv NAK  3
093.737 Recv DATA 0 3, ID 10328
093.753 Send DATA 4 0, ID 20324, Window 0, PHL Queue 22
094.008 Recv DATA 1 3, ID 10329
094.010 Send DATA 5 1, ID 20325, Window 1, PHL Queue 36
094.268 Recv DATA 2 3, ID 10330
094.268 Send DATA 6 2, ID 20326, Window 2, PHL Queue 48
094.539 Recv DATA 3 3, ID 10331
094.541 .... 332 packets received, 7271 bps, 90.89%, Err 8 (1.1e-005)
094.546 Send DATA 7 3, ID 20327, Window 3, PHL Queue 20
094.807 Recv DATA 4 3, ID 10332
094.809 Send DATA 0 4, ID 20328, Window 4, PHL Queue 22
095.062 Recv DATA 5 4, ID 10333
095.063 Send DATA 1 5, ID 20329, Window 4, PHL Queue 42
095.337 Recv DATA 6 5, ID 10334
095.339 Send DATA 2 6, ID 20330, Window 4, PHL Queue 18
095.596 Recv DATA 7 6, ID 10335
095.597 Send DATA 3 7, ID 20331, Window 4, PHL Queue 30
095.856 Send DATA 4 7, ID 20332, Window 5, PHL Queue 40
095.858 Recv DATA 0 7, ID 10336
096.116 Receiver Error 7: Bad CRC Checksum
096.117 Send NAK  0
096.136 Send ACK  0
096.137 Send DATA 5 0, ID 20333, Window 5, PHL Queue 34
096.381 Recv DATA 2 1, ID 10338
096.399 Send DATA 6 0, ID 20334, Window 4, PHL Queue 38
096.654 Recv DATA 3 2, ID 10339
096.672 Send DATA 7 0, ID 20335, Window 4, PHL Queue 20
096.913 Recv DATA 4 3, ID 10340
096.931 Send DATA 0 0, ID 20336, Window 4, PHL Queue 30
097.172 Recv DATA 1 4, ID 10337
097.174 .... 338 packets received, 7200 bps, 90.00%, Err 9 (1.2e-005)
097.193 Send DATA 1 1, ID 20337, Window 4, PHL Queue 34
097.450 Recv DATA 2 5, ID 10338
097.452 Send DATA 2 2, ID 20338, Window 4, PHL Queue 44
097.709 Recv DATA 3 6, ID 10339
097.726 Send DATA 3 3, ID 20339, Window 4, PHL Queue 24
097.966 Recv DATA 4 7, ID 10340
097.985 Send DATA 4 4, ID 20340, Window 4, PHL Queue 34
098.239 Recv DATA 5 0, ID 10341
098.257 Send DATA 5 5, ID 20341, Window 4, PHL Queue 18
098.514 Receiver Error 8: Bad CRC Checksum
098.515 Send NAK  5
098.519 Send DATA 6 5, ID 20342, Window 5, PHL Queue 36
098.760 Recv DATA 7 2, ID 10343
098.779 Send DATA 7 5, ID 20343, Window 4, PHL Queue 44
099.020 Recv DATA 0 3, ID 10344
099.053 Send DATA 0 5, ID 20344, Window 4, PHL Queue 24
099.294 Recv DATA 1 4, ID 10345
099.313 Send DATA 1 5, ID 20345, Window 4, PHL Queue 32
099.568 Recv DATA 6 5, ID 10342
099.570 .... 343 packets received, 7129 bps, 89.11%, Err 10 (1.3e-005)
099.573 Send DATA 2 6, ID 20346, Window 4, PHL Queue 42
099.828 Recv DATA 7 6, ID 10343
099.845 Send DATA 3 7, ID 20347, Window 4, PHL Queue 24
100.090 Recv DATA 0 7, ID 10344
100.342 Recv DATA 1 0, ID 10345
100.360 Send ACK  1
100.615 Recv DATA 2 1, ID 10346
100.868 Recv DATA 3 2, ID 10347
100.886 Send ACK  3
101.139 Recv DATA 4 3, ID 10348
101.407 Recv DATA 5 3, ID 10349
101.411 Send ACK  5
101.665 Recv DATA 6 3, ID 10350
101.667 .... 351 packets received, 7143 bps, 89.29%, Err 10 (1.2e-005)
101.938 Recv DATA 7 3, ID 10351
101.940 Send ACK  7
102.192 Recv DATA 0 3, ID 10352
102.464 Recv DATA 1 3, ID 10353
102.466 Send ACK  1
102.719 Recv DATA 2 3, ID 10354
102.992 Recv DATA 3 3, ID 10355
102.994 Send ACK  3
103.248 Recv DATA 4 3, ID 10356
103.502 Recv DATA 5 3, ID 10357
103.518 Send ACK  5
103.771 Recv DATA 6 3, ID 10358
103.773 .... 359 packets received, 7156 bps, 89.45%, Err 10 (1.2e-005)
103.982 Send DATA 4 6, ID 20348, Window 0, PHL Queue 0
104.050 Recv DATA 7 3, ID 10359
104.316 Recv DATA 0 3, ID 10360
104.318 Send ACK  0
104.571 Recv DATA 1 3, ID 10361
104.828 Recv DATA 2 3, ID 10362
104.846 Send ACK  2
105.101 Recv DATA 3 4, ID 10363
105.355 Recv DATA 4 4, ID 10364
105.374 Send ACK  4
105.631 Recv DATA 5 4, ID 10365
105.884 Recv DATA 6 4, ID 10366
105.886 .... 367 packets received, 7168 bps, 89.60%, Err 10 (1.2e-005)
105.907 Send ACK  6
106.163 Recv DATA 7 4, ID 10367
106.417 Recv DATA 0 4, ID 10368
106.436 Send ACK  0
106.694 Recv DATA 1 4, ID 10369
106.949 Recv DATA 2 4, ID 10370
106.969 Send ACK  2
107.221 Recv DATA 3 4, ID 10371
107.473 Recv DATA 4 4, ID 10372
107.491 Send ACK  4
107.728 Recv DATA 5 4, ID 10373
108.000 Recv DATA 6 4, ID 10374
108.001 .... 375 packets received, 7180 bps, 89.74%, Err 10 (1.2e-005)
108.004 Send ACK  6
108.132 Send DATA 5 6, ID 20349, Window 0, PHL Queue 0
108.245 Recv DATA 7 4, ID 10375
108.519 Send ACK  7
108.536 Recv DATA 0 4, ID 10376
108.793 Recv DATA 1 4, ID 10377
108.810 Send ACK  1
109.053 Recv DATA 2 4, ID 10378
109.321 Recv DATA 3 5, ID 10379
109.324 Send ACK  3
109.595 Recv DATA 4 5, ID 10380
109.854 Recv DATA 5 5, ID 10381
109.872 Send ACK  5
110.127 Recv DATA 6 5, ID 10382
110.129 .... 383 packets received, 7190 bps, 89.87%, Err 10 (1.1e-005)
110.383 Recv DATA 7 5, ID 10383
110.399 Send ACK  7
110.655 Recv DATA 0 5, ID 10384
110.913 Recv DATA 1 5, ID 10385
110.930 Send ACK  1
111.169 Recv DATA 2 5, ID 10386
111.439 Recv DATA 3 5, ID 10387
111.441 Send ACK  3
111.698 Recv DATA 4 5, ID 10388
111.968 Recv DATA 5 5, ID 10389
111.969 Send ACK  5
112.193 Send DATA 6 5, ID 20350, Window 0, PHL Queue 0
112.226 Recv DATA 6 5, ID 10390
112.228 .... 391 packets received, 7201 bps, 90.02%, Err 10 (1.1e-005)
112.483 Recv DATA 7 5, ID 10391
112.502 Send ACK  7
112.754 Recv DATA 0 5, ID 10392
113.026 Recv DATA 1 5, ID 10393
113.028 Send ACK  1
113.282 Recv DATA 2 5, ID 10394
113.554 Recv DATA 3 6, ID 10395
113.555 Send ACK  3
113.808 Recv DATA 4 6, ID 10396
114.080 Recv DATA 5 6, ID 10397
114.082 Send ACK  5
114.333 Recv DATA 6 6, ID 10398
114.334 .... 399 packets received, 7212 bps, 90.15%, Err 10 (1.1e-005)
114.604 Recv DATA 7 6, ID 10399
114.606 Send ACK  7
114.875 Recv DATA 0 6, ID 10400
115.130 Recv DATA 1 6, ID 10401
115.147 Send ACK  1
115.402 Recv DATA 2 6, ID 10402
115.655 Recv DATA 3 6, ID 10403
115.673 Send ACK  3
115.927 Recv DATA 4 6, ID 10404
116.183 Recv DATA 5 6, ID 10405
116.201 Send ACK  5
116.314 Send DATA 7 5, ID 20351, Window 0, PHL Queue 0
116.442 Recv DATA 6 6, ID 10406
116.444 .... 407 packets received, 7222 bps, 90.28%, Err 10 (1.1e-005)
116.714 Recv DATA 7 6, ID 10407
116.717 Send ACK  7
116.987 Recv DATA 0 6, ID 10408
117.244 Recv DATA 1 6, ID 10409
117.262 Send ACK  1
117.499 Recv DATA 2 7, ID 10410
117.772 Recv DATA 3 7, ID 10411
117.773 Send ACK  3
118.026 Recv DATA 4 7, ID 10412
118.297 Recv DATA 5 7, ID 10413
118.298 Send ACK  5
118.563 Recv DATA 6 7, ID 10414
118.564 .... 415 packets received, 7231 bps, 90.39%, Err 10 (1.1e-005)
118.836 Recv DATA 7 7, ID 10415
118.838 Send ACK  7
119.090 Recv DATA 0 7, ID 10416
119.345 Recv DATA 1 7, ID 10417
119.363 Send ACK  1
119.619 Recv DATA 2 7, ID 10418
119.874 Recv DATA 3 7, ID 10419
119.892 Send ACK  3
120.144 Recv DATA 4 7, ID 10420
120.348 Send DATA 0 4, ID 20352, Window 0, PHL Queue 0
120.414 Recv DATA 5 7, ID 10421
120.684 Recv DATA 6 7, ID 10422
120.687 .... 423 packets received, 7240 bps, 90.50%, Err 10 (1.0e-005)
120.689 Send ACK  6
120.940 Recv DATA 7 7, ID 10423
121.194 Recv DATA 0 7, ID 10424
121.212 Send ACK  0
121.462 Recv DATA 1 0, ID 10425
121.716 Recv DATA 2 0, ID 10426
121.735 Send ACK  2
122.007 Recv DATA 3 0, ID 10427
122.265 Recv DATA 4 0, ID 10428
122.284 Send ACK  4
122.523 Recv DATA 5 0, ID 10429
122.795 Recv DATA 6 0, ID 10430
122.799 .... 431 packets received, 7249 bps, 90.61%, Err 10 (1.0e-005)
122.800 Send ACK  6
123.039 Recv DATA 7 0, ID 10431
123.311 Recv DATA 0 0, ID 10432
123.312 Send ACK  0
123.581 Recv DATA 1 0, ID 10433
123.853 Recv DATA 2 0, ID 10434
123.855 Send ACK  2
124.107 Recv DATA 3 0, ID 10435
124.363 Recv DATA 4 0, ID 10436
124.381 Send ACK  4
124.430 Send DATA 1 4, ID 20353, Window 0, PHL Queue 0
124.625 Recv DATA 5 0, ID 10437
124.898 Recv DATA 6 0, ID 10438
124.900 .... 439 packets received, 7258 bps, 90.73%, Err 10 (1.0e-005)
124.902 Send ACK  6
125.156 Recv DATA 7 0, ID 10439
125.426 Recv DATA 0 0, ID 10440
125.427 Send ACK  0
125.697 Recv DATA 1 1, ID 10441
125.954 Recv DATA 2 1, ID 10442
125.971 Send ACK  2
126.209 Recv DATA 3 1, ID 10443
126.479 Recv DATA 4 1, ID 10444
126.481 Send ACK  4
126.752 Recv DATA 5 1, ID 10445
127.022 Recv DATA 6 1, ID 10446
127.024 .... 447 packets received, 7266 bps, 90.82%, Err 10 (9.9e-006)
127.025 Send ACK  6
127.279 Recv DATA 7 1, ID 10447
127.531 Recv DATA 0 1, ID 10448
127.547 Send ACK  0
127.798 Recv DATA 1 1, ID 10449
128.050 Recv DATA 2 1, ID 10450
128.067 Send ACK  2
128.338 Recv DATA 3 1, ID 10451
128.450 Send DATA 2 3, ID 20354, Window 0, PHL Queue 0
128.598 Recv DATA 4 1, ID 10452
128.871 Recv DATA 5 1, ID 10453
128.873 Send ACK  5
129.123 Recv DATA 6 1, ID 10454
129.125 .... 455 packets received, 7275 bps, 90.93%, Err 10 (9.7e-006)
129.376 Recv DATA 7 1, ID 10455
129.395 Send ACK  7
129.649 Recv DATA 0 2, ID 10456
129.904 Recv DATA 1 2, ID 10457
129.924 Send ACK  1
130.178 Recv DATA 2 2, ID 10458
130.450 Recv DATA 3 2, ID 10459
130.451 Send ACK  3
130.721 Recv DATA 4 2, ID 10460
130.965 Recv DATA 5 2, ID 10461
130.999 Send ACK  5
131.237 Recv DATA 6 2, ID 10462
131.238 .... 463 packets received, 7282 bps, 91.03%, Err 10 (9.6e-006)
131.509 Recv DATA 7 2, ID 10463
131.511 Send ACK  7
131.765 Recv DATA 0 2, ID 10464
132.020 Recv DATA 1 2, ID 10465
132.037 Send ACK  1
132.290 Receiver Error 9: Bad CRC Checksum
132.291 Send NAK  1
132.482 Send DATA 3 1, ID 20355, Window 0, PHL Queue 0
132.548 Recv DATA 3 2, ID 10467
132.824 Recv DATA 4 2, ID 10468
133.081 Recv DATA 5 2, ID 10469
133.350 Recv DATA 2 2, ID 10466
133.351 .... 467 packets received, 7228 bps, 90.35%, Err 11 (1.0e-005)
133.623 Recv DATA 3 3, ID 10467
133.625 Send ACK  3
133.881 Recv DATA 4 3, ID 10468
134.150 Recv DATA 5 3, ID 10469
134.152 Send ACK  5
134.406 Recv DATA 6 3, ID 10470
134.680 Recv DATA 7 3, ID 10471
134.682 Send ACK  7
134.937 Recv DATA 0 3, ID 10472
135.193 Recv DATA 1 3, ID 10473
135.210 Send ACK  1
135.466 Recv DATA 2 3, ID 10474
135.469 .... 475 packets received, 7236 bps, 90.45%, Err 11 (1.0e-005)
135.724 Recv DATA 3 3, ID 10475
135.741 Send ACK  3
135.982 Recv DATA 4 3, ID 10476
136.255 Recv DATA 5 3, ID 10477
136.257 Send ACK  5
136.511 Recv DATA 6 3, ID 10478
136.576 Send DATA 4 6, ID 20356, Window 0, PHL Queue 0
136.770 Recv DATA 7 3, ID 10479
137.042 Recv DATA 0 3, ID 10480
137.042 Send ACK  0
137.295 Recv DATA 1 3, ID 10481
137.567 Recv DATA 2 3, ID 10482
137.569 .... 483 packets received, 7245 bps, 90.56%, Err 11 (1.0e-005)
137.571 Send ACK  2
137.839 Recv DATA 3 4, ID 10483
138.094 Recv DATA 4 4, ID 10484
138.110 Send ACK  4
138.361 Recv DATA 5 4, ID 10485
138.618 Recv DATA 6 4, ID 10486
138.635 Send ACK  6
138.889 Recv DATA 7 4, ID 10487
139.139 Recv DATA 0 4, ID 10488
139.159 Send ACK  0
139.428 Recv DATA 1 4, ID 10489
139.683 Recv DATA 2 4, ID 10490
139.684 .... 491 packets received, 7252 bps, 90.65%, Err 11 (9.9e-006)
139.702 Send ACK  2
139.944 Recv DATA 3 4, ID 10491
140.211 Recv DATA 4 4, ID 10492
140.213 Send ACK  4
140.472 Recv DATA 5 4, ID 10493
140.662 Send DATA 5 5, ID 20357, Window 0, PHL Queue 0
140.743 Recv DATA 6 4, ID 10494
141.001 Recv DATA 7 4, ID 10495
141.018 Send ACK  7
141.271 Recv DATA 0 4, ID 10496
141.540 Recv DATA 1 4, ID 10497
141.542 Send ACK  1
141.798 Recv DATA 2 5, ID 10498
141.798 .... 499 packets received, 7260 bps, 90.75%, Err 11 (9.8e-006)
142.050 Recv DATA 3 5, ID 10499
142.067 Send ACK  3
142.320 Recv DATA 4 5, ID 10500
142.574 Recv DATA 5 5, ID 10501
142.592 Send ACK  5
142.850 Recv DATA 6 5, ID 10502
143.105 Recv DATA 7 5, ID 10503
143.125 Send ACK  7
143.378 Recv DATA 0 5, ID 10504
143.648 Recv DATA 1 5, ID 10505
143.650 Send ACK  1
143.904 Recv DATA 2 5, ID 10506
143.906 .... 507 packets received, 7267 bps, 90.84%, Err 11 (9.6e-006)
144.177 Recv DATA 3 5, ID 10507
144.178 Send ACK  3
144.431 Recv DATA 4 5, ID 10508
144.698 Recv DATA 5 5, ID 10509
144.700 Send ACK  5
144.874 Send DATA 6 5, ID 20358, Window 0, PHL Queue 0
144.974 Recv DATA 6 5, ID 10510
145.227 Recv DATA 7 5, ID 10511
145.244 Send ACK  7
145.483 Recv DATA 0 5, ID 10512
145.756 Recv DATA 1 5, ID 10513
145.758 Send ACK  1
146.012 Recv DATA 2 6, ID 10514
146.015 .... 515 packets received, 7275 bps, 90.93%, Err 11 (9.5e-006)
146.289 Recv DATA 3 6, ID 10515
146.291 Send ACK  3
146.545 Recv DATA 4 6, ID 10516
146.816 Recv DATA 5 6, ID 10517
146.817 Send ACK  5
147.068 Recv DATA 6 6, ID 10518
147.339 Recv DATA 7 6, ID 10519
147.341 Send ACK  7
147.610 Recv DATA 0 6, ID 10520
147.864 Recv DATA 1 6, ID 10521
147.882 Send ACK  1
148.138 Recv DATA 2 6, ID 10522
148.140 .... 523 packets received, 7281 bps, 91.01%, Err 11 (9.3e-006)
148.395 Recv DATA 3 6, ID 10523
148.412 Send ACK  3
148.668 Recv DATA 4 6, ID 10524
148.909 Send DATA 7 4, ID 20359, Window 0, PHL Queue 0
148.926 Recv DATA 5 6, ID 10525
149.169 Recv DATA 6 6, ID 10526
149.203 Send ACK  6
149.442 Recv DATA 7 6, ID 10527
149.715 Send ACK  7
149.732 Recv DATA 0 6, ID 10528
149.982 Recv DATA 1 6, ID 10529
150.014 Send ACK  1
150.246 Recv DATA 2 7, ID 10530
150.248 .... 531 packets received, 7288 bps, 91.10%, Err 11 (9.2e-006)
150.502 Recv DATA 3 7, ID 10531
150.520 Send ACK  3
150.775 Recv DATA 4 7, ID 10532
151.046 Recv DATA 5 7, ID 10533
151.047 Send ACK  5
151.304 Recv DATA 6 7, ID 10534
151.559 Recv DATA 7 7, ID 10535
151.576 Send ACK  7
151.811 Recv DATA 0 7, ID 10536
152.081 Send ACK  0
152.113 Recv DATA 1 7, ID 10537
152.352 Recv DATA 2 7, ID 10538
152.352 .... 539 packets received, 7295 bps, 91.19%, Err 11 (9.1e-006)
152.386 Send ACK  2
152.644 Recv DATA 3 7, ID 10539
152.882 Recv DATA 4 7, ID 10540
152.914 Send ACK  4
152.979 Send DATA 0 4, ID 20360, Window 0, PHL Queue 0
153.158 Recv DATA 5 7, ID 10541
153.417 Recv DATA 6 7, ID 10542
153.435 Send ACK  6
153.675 Recv DATA 7 7, ID 10543
153.949 Recv DATA 0 7, ID 10544
153.951 Send ACK  0
154.220 Recv DATA 1 0, ID 10545
154.477 Recv DATA 2 0, ID 10546
154.478 .... 547 packets received, 7301 bps, 91.26%, Err 11 (8.9e-006)
154.496 Send ACK  2
154.735 Recv DATA 3 0, ID 10547
154.987 Recv DATA 4 0, ID 10548
155.004 Send ACK  4
155.254 Recv DATA 5 0, ID 10549
155.509 Recv DATA 6 0, ID 10550
155.527 Send ACK  6
155.799 Recv DATA 7 0, ID 10551
156.056 Recv DATA 0 0, ID 10552
156.074 Send ACK  0
156.312 Recv DATA 1 0, ID 10553
156.584 Recv DATA 2 0, ID 10554
156.585 .... 555 packets received, 7307 bps, 91.34%, Err 11 (8.8e-006)
156.587 Send ACK  2
156.844 Recv DATA 3 0, ID 10555
157.097 Recv DATA 4 0, ID 10556
157.114 Send ACK  4
157.115 Send DATA 1 4, ID 20361, Window 0, PHL Queue 0
157.372 Recv DATA 5 0, ID 10557
157.640 Recv DATA 6 0, ID 10558
157.643 Send ACK  6
157.899 Recv DATA 7 0, ID 10559
158.170 Recv DATA 0 0, ID 10560
158.171 Send ACK  0
158.190 Recv NAK  0
158.191 Send DATA 1 0, ID 20361, Window 0, PHL Queue 0
158.432 Recv DATA 1 0, ID 10561
158.692 Recv DATA 2 0, ID 10562
158.693 .... 563 packets received, 7313 bps, 91.42%, Err 11 (8.7e-006)
158.711 Send ACK  2
158.962 Recv DATA 3 0, ID 10563
159.219 Recv DATA 4 0, ID 10564
159.236 Send ACK  4
159.489 Recv DATA 5 1, ID 10565
159.742 Recv DATA 6 1, ID 10566
159.759 Send ACK  6
160.030 Recv DATA 7 1, ID 10567
160.288 Recv DATA 0 1, ID 10568
160.306 Send ACK  0
160.547 Recv DATA 1 1, ID 10569
160.820 Recv DATA 2 1, ID 10570
160.822 .... 571 packets received, 7318 bps, 91.48%, Err 11 (8.6e-006)
160.824 Send ACK  2
161.066 Recv DATA 3 1, ID 10571
161.226 Send DATA 2 3, ID 20362, Window 0, PHL Queue 0
161.341 Recv DATA 4 1, ID 10572
161.615 Send ACK  4
161.620 Recv DATA 5 1, ID 10573
161.854 Recv DATA 6 1, ID 10574
161.889 Send ACK  6
162.130 Recv DATA 7 1, ID 10575
162.407 Send ACK  7
162.413 Recv DATA 0 2, ID 10576
162.652 Recv DATA 1 2, ID 10577
162.685 Send ACK  1
162.936 Recv DATA 2 2, ID 10578
162.938 .... 579 packets received, 7324 bps, 91.55%, Err 11 (8.5e-006)
163.194 Recv DATA 3 2, ID 10579
163.211 Send ACK  3
163.450 Recv DATA 4 2, ID 10580
163.726 Send ACK  4
163.727 Recv DATA 5 2, ID 10581
163.981 Recv DATA 6 2, ID 10582
164.001 Send ACK  6
164.238 Recv DATA 7 2, ID 10583
164.505 Recv DATA 0 2, ID 10584
164.507 Send ACK  0
164.780 Recv DATA 1 2, ID 10585
165.038 Recv DATA 2 2, ID 10586
165.039 .... 587 packets received, 7330 bps, 91.62%, Err 11 (8.4e-006)
165.061 Send ACK  2
165.287 Recv DATA 3 2, ID 10587
165.304 Send DATA 3 3, ID 20363, Window 0, PHL Queue 0
165.565 Recv DATA 4 2, ID 10588
165.838 Recv DATA 5 2, ID 10589
165.841 Send ACK  5
166.095 Recv DATA 6 2, ID 10590
166.354 Recv DATA 7 2, ID 10591
166.372 Send ACK  7
166.630 Recv DATA 0 3, ID 10592
166.886 Recv DATA 1 3, ID 10593
166.905 Send ACK  1
167.142 Recv DATA 2 3, ID 10594
167.142 .... 595 packets received, 7336 bps, 91.70%, Err 11 (8.3e-006)
167.414 Recv DATA 3 3, ID 10595
167.418 Send ACK  3
167.675 Recv DATA 4 3, ID 10596
167.931 Recv DATA 5 3, ID 10597
167.949 Send ACK  5
168.203 Recv DATA 6 3, ID 10598
168.458 Recv DATA 7 3, ID 10599
168.476 Send ACK  7
168.729 Recv DATA 0 3, ID 10600
168.986 Recv DATA 1 3, ID 10601
169.004 Send ACK  1
169.260 Recv DATA 2 3, ID 10602
169.262 .... 603 packets received, 7341 bps, 91.76%, Err 11 (8.2e-006)
169.358 Send DATA 4 2, ID 20364, Window 0, PHL Queue 0
169.552 Recv DATA 3 3, ID 10603
169.792 Recv DATA 4 3, ID 10604
169.828 Send ACK  4
170.067 Recv DATA 5 3, ID 10605
170.323 Recv DATA 6 3, ID 10606
170.343 Send ACK  6
170.580 Recv DATA 7 4, ID 10607
170.849 Recv DATA 0 4, ID 10608
170.851 Send ACK  0
171.108 Recv DATA 1 4, ID 10609
171.365 Recv DATA 2 4, ID 10610
171.366 .... 611 packets received, 7346 bps, 91.83%, Err 11 (8.1e-006)
171.385 Send ACK  2
171.657 Recv DATA 3 4, ID 10611
171.906 Recv DATA 4 4, ID 10612
171.931 Send ACK  4
172.176 Recv DATA 5 4, ID 10613
172.434 Recv DATA 6 4, ID 10614
172.452 Send ACK  6
172.694 Recv DATA 7 4, ID 10615
172.939 Recv DATA 0 4, ID 10616
172.970 Send ACK  0
173.208 Recv DATA 1 4, ID 10617
173.484 Recv DATA 2 4, ID 10618
173.496 .... 619 packets received, 7351 bps, 91.89%, Err 11 (8.0e-006)
173.497 Send ACK  2
173.514 Send DATA 5 2, ID 20365, Window 0, PHL Queue 0
173.768 Recv DATA 3 4, ID 10619
174.016 Recv DATA 4 4, ID 10620
174.047 Send ACK  4
174.284 Recv DATA 5 4, ID 10621
174.557 Recv DATA 6 4, ID 10622
174.557 Send ACK  6
174.793 Recv DATA 7 5, ID 10623
175.059 Recv DATA 0 5, ID 10624
175.075 Send ACK  0
175.344 Recv DATA 1 5, ID 10625
175.590 Recv DATA 2 5, ID 10626
175.598 .... 627 packets received, 7356 bps, 91.95%, Err 11 (7.9e-006)
175.622 Send ACK  2
175.885 Recv DATA 3 5, ID 10627
176.124 Recv DATA 4 5, ID 10628
176.157 Send ACK  4
176.378 Recv DATA 5 5, ID 10629
176.650 Recv DATA 6 5, ID 10630
176.658 Send ACK  6
176.921 Recv DATA 7 5, ID 10631
177.176 Recv DATA 0 5, ID 10632
177.193 Send ACK  0
177.450 Recv DATA 1 5, ID 10633
177.703 Send DATA 6 1, ID 20366, Window 0, PHL Queue 0
177.722 Recv DATA 2 5, ID 10634
177.722 .... 635 packets received, 7360 bps, 92.00%, Err 11 (7.8e-006)
177.972 Recv DATA 3 5, ID 10635
177.989 Send ACK  3
178.246 Recv DATA 4 5, ID 10636
178.503 Recv DATA 5 5, ID 10637
178.521 Send ACK  5
178.786 Recv DATA 6 5, ID 10638
179.022 Recv DATA 7 6, ID 10639
179.056 Send ACK  7
179.303 Recv DATA 0 6, ID 10640
179.557 Receiver Error 10: Bad CRC Checksum
179.559 Send NAK  0
179.577 Send ACK  0
179.818 Recv DATA 2 6, ID 10642
180.094 Recv DATA 3 6, ID 10643
180.350 Recv DATA 4 6, ID 10644
180.620 Recv DATA 1 6, ID 10641
180.622 .... 642 packets received, 7321 bps, 91.51%, Err 12 (8.3e-006)
180.877 Recv DATA 2 6, ID 10642
180.895 Send ACK  2
181.144 Recv DATA 3 6, ID 10643
181.399 Recv DATA 4 6, ID 10644
181.416 Send ACK  4
181.675 Recv DATA 5 6, ID 10645
181.772 Send DATA 7 5, ID 20367, Window 0, PHL Queue 0
181.933 Recv DATA 6 6, ID 10646
182.190 Recv DATA 7 6, ID 10647
182.207 Send ACK  7
182.458 Recv DATA 0 6, ID 10648
182.730 Recv DATA 1 6, ID 10649
182.732 .... 650 packets received, 7326 bps, 91.58%, Err 12 (8.2e-006)
182.733 Send ACK  1
182.987 Recv DATA 2 7, ID 10650
183.257 Receiver Error 11: Bad CRC Checksum
183.258 Send NAK  2
183.260 Send ACK  2
183.515 Recv DATA 4 7, ID 10652
183.772 Recv DATA 5 7, ID 10653
184.050 Recv DATA 6 7, ID 10654
184.303 Recv DATA 3 7, ID 10651
184.580 Recv DATA 4 7, ID 10652
184.581 Send ACK  4
184.837 Recv DATA 5 7, ID 10653
184.839 .... 654 packets received, 7287 bps, 91.09%, Err 13 (8.8e-006)
185.109 Recv DATA 6 7, ID 10654
185.110 Send ACK  6
185.378 Recv DATA 7 7, ID 10655
185.636 Recv DATA 0 7, ID 10656
185.653 Send ACK  0
185.831 Send DATA 0 0, ID 20368, Window 0, PHL Queue 0
185.885 Recv DATA 1 7, ID 10657
186.158 Recv DATA 2 7, ID 10658
186.161 Send ACK  2
186.422 Recv DATA 3 7, ID 10659
186.682 Recv DATA 4 7, ID 10660
186.700 Send ACK  4
186.924 Recv DATA 5 0, ID 10661
186.926 .... 662 packets received, 7293 bps, 91.17%, Err 13 (8.7e-006)
187.203 Recv DATA 6 0, ID 10662
187.204 Send ACK  6
187.476 Recv DATA 7 0, ID 10663
187.736 Recv DATA 0 0, ID 10664
187.754 Send ACK  0
187.998 Recv DATA 1 0, ID 10665
188.272 Receiver Error 12: Bad CRC Checksum
188.272 Send NAK  1
188.273 Send ACK  1
188.546 Recv DATA 3 0, ID 10667
188.818 Recv DATA 4 0, ID 10668
189.057 Recv DATA 5 0, ID 10669
189.333 Recv DATA 2 0, ID 10666
189.333 .... 667 packets received, 7254 bps, 90.68%, Err 14 (9.3e-006)
189.589 Recv DATA 3 0, ID 10667
189.607 Send ACK  3
189.846 Recv DATA 4 0, ID 10668
189.911 Send DATA 1 4, ID 20369, Window 0, PHL Queue 0
190.124 Recv DATA 5 0, ID 10669
190.375 Recv DATA 6 0, ID 10670
190.394 Send ACK  6
190.632 Recv DATA 7 0, ID 10671
190.905 Recv DATA 0 0, ID 10672
190.907 Send ACK  0
191.177 Recv DATA 1 1, ID 10673
191.431 Recv DATA 2 1, ID 10674
191.433 .... 675 packets received, 7260 bps, 90.76%, Err 14 (9.2e-006)
191.450 Send ACK  2
191.707 Recv DATA 3 1, ID 10675
191.969 Recv DATA 4 1, ID 10676
191.975 Send ACK  4
192.225 Recv DATA 5 1, ID 10677
192.494 Recv DATA 6 1, ID 10678
192.497 Send ACK  6
192.759 Recv DATA 7 1, ID 10679
193.038 Recv DATA 0 1, ID 10680
193.040 Send ACK  0
193.281 Recv DATA 1 1, ID 10681
193.553 Recv DATA 2 1, ID 10682
193.554 .... 683 packets received, 7266 bps, 90.82%, Err 14 (9.1e-006)
193.555 Send ACK  2
193.808 Recv DATA 3 1, ID 10683
194.034 Send DATA 2 3, ID 20370, Window 0, PHL Queue 0
194.084 Recv DATA 4 1, ID 10684
194.341 Recv DATA 5 1, ID 10685
194.359 Send ACK  5
194.600 Recv DATA 6 1, ID 10686
194.852 Recv DATA 7 1, ID 10687
194.870 Send ACK  7
195.123 Recv DATA 0 1, ID 10688
195.397 Recv DATA 1 2, ID 10689
195.398 Send ACK  1
195.671 Recv DATA 2 2, ID 10690
195.672 .... 691 packets received, 7271 bps, 90.88%, Err 15 (9.6e-006)
195.927 Recv DATA 3 2, ID 10691
195.945 Send ACK  3
196.193 Recv DATA 4 2, ID 10692
196.441 Recv DATA 5 2, ID 10693
196.474 Send ACK  5
196.713 Recv DATA 6 2, ID 10694
196.986 Recv DATA 7 2, ID 10695
196.988 Send ACK  7
197.244 Recv DATA 0 2, ID 10696
197.524 Recv DATA 1 2, ID 10697
197.526 Send ACK  1
197.773 Recv DATA 2 2, ID 10698
197.775 .... 699 packets received, 7276 bps, 90.95%, Err 15 (9.5e-006)
198.027 Recv DATA 3 2, ID 10699
198.046 Send ACK  3
198.125 Send DATA 3 3, ID 20371, Window 0, PHL Queue 0
198.306 Recv DATA 4 2, ID 10700
198.562 Recv DATA 5 2, ID 10701
198.581 Send ACK  5
198.834 Recv DATA 6 2, ID 10702
199.085 Recv DATA 7 2, ID 10703
199.104 Send ACK  7
199.358 Recv DATA 0 3, ID 10704
199.631 Recv DATA 1 3, ID 10705
199.632 Send ACK  1
199.884 Recv DATA 2 3, ID 10706
199.886 .... 707 packets received, 7281 bps, 91.02%, Err 15 (9.4e-006)
200.015 Send DATA 4 2, ID 20372, Window 0, PHL Queue 0
200.130 Recv DATA 3 3, ID 10707
200.243 Send DATA 5 3, ID 20373, Window 1, PHL Queue 38
200.422 Recv DATA 4 3, ID 10708
200.503 Send DATA 6 4, ID 20374, Window 2, PHL Queue 46
200.680 Recv DATA 5 3, ID 10709
200.779 Send DATA 7 5, ID 20375, Window 3, PHL Queue 22
200.955 Recv DATA 6 3, ID 10710
201.035 Send DATA 0 6, ID 20376, Window 4, PHL Queue 38
201.213 Recv DATA 7 4, ID 10711
201.295 Send DATA 1 7, ID 20377, Window 4, PHL Queue 46
201.457 Recv DATA 0 5, ID 10712
201.571 Send DATA 2 0, ID 20378, Window 4, PHL Queue 22
201.733 Recv DATA 1 6, ID 10713
201.830 Send DATA 3 1, ID 20379, Window 4, PHL Queue 32
202.007 Recv DATA 2 7, ID 10714
202.009 .... 715 packets received, 7286 bps, 91.07%, Err 15 (9.3e-006)
202.091 Send DATA 4 2, ID 20380, Window 4, PHL Queue 38
202.253 Recv DATA 3 0, ID 10715
202.351 Send DATA 5 3, ID 20381, Window 4, PHL Queue 46
202.528 Recv DATA 4 1, ID 10716
202.628 Send DATA 6 4, ID 20382, Window 4, PHL Queue 20
202.788 Recv DATA 5 2, ID 10717
202.885 Send DATA 7 5, ID 20383, Window 4, PHL Queue 34
203.061 Recv DATA 6 3, ID 10718
203.142 Send DATA 0 6, ID 20384, Window 4, PHL Queue 48
203.320 Recv DATA 7 4, ID 10719
203.415 Send DATA 1 7, ID 20385, Window 4, PHL Queue 30
203.591 Recv DATA 0 5, ID 10720
203.672 Send DATA 2 0, ID 20386, Window 4, PHL Queue 44
203.865 Recv DATA 1 6, ID 10721
203.945 Send DATA 3 1, ID 20387, Window 4, PHL Queue 26
204.104 Recv DATA 2 7, ID 10722
204.106 .... 723 packets received, 7291 bps, 91.14%, Err 15 (9.2e-006)
204.205 Send DATA 4 2, ID 20388, Window 4, PHL Queue 34
204.381 Recv DATA 3 0, ID 10723
204.399 Recv NAK  0
204.464 Send DATA 1 3, ID 20385, Window 0, PHL Queue 44
204.658 Recv DATA 4 0, ID 10724
204.739 Send DATA 2 4, ID 20386, Window 1, PHL Queue 22
204.916 Recv DATA 5 0, ID 10725
204.997 Send DATA 3 5, ID 20387, Window 2, PHL Queue 34
205.160 Recv DATA 6 0, ID 10726
205.258 Send DATA 4 6, ID 20388, Window 3, PHL Queue 40
205.434 Recv DATA 7 0, ID 10727
205.532 Send DATA 5 7, ID 20389, Window 4, PHL Queue 20
205.712 Recv DATA 0 1, ID 10728
205.793 Send DATA 6 0, ID 20390, Window 4, PHL Queue 26
205.941 Recv DATA 1 2, ID 10729
206.052 Send DATA 7 1, ID 20391, Window 4, PHL Queue 36
206.231 Recv DATA 2 3, ID 10730
206.231 .... 731 packets received, 7296 bps, 91.20%, Err 15 (9.1e-006)
206.313 Send DATA 0 2, ID 20392, Window 4, PHL Queue 42
206.475 Recv DATA 3 4, ID 10731
206.585 Send DATA 1 3, ID 20393, Window 4, PHL Queue 26
206.748 Recv DATA 4 5, ID 10732
206.842 Send DATA 2 4, ID 20394, Window 4, PHL Queue 40
207.004 Recv DATA 5 6, ID 10733
207.102 Send DATA 3 5, ID 20395, Window 4, PHL Queue 48
207.297 Recv DATA 6 7, ID 10734
207.378 Send DATA 4 6, ID 20396, Window 4, PHL Queue 24
207.556 Recv DATA 7 0, ID 10735
207.638 Send DATA 5 7, ID 20397, Window 4, PHL Queue 32
207.784 Recv DATA 0 1, ID 10736
207.898 Send DATA 6 0, ID 20398, Window 4, PHL Queue 40
208.071 Recv DATA 1 2, ID 10737
208.167 Send DATA 7 1, ID 20399, Window 4, PHL Queue 30
208.343 Recv DATA 2 3, ID 10738
208.344 .... 739 packets received, 7300 bps, 91.25%, Err 15 (9.0e-006)
208.426 Send DATA 0 2, ID 20400, Window 4, PHL Queue 40
208.602 Recv DATA 3 4, ID 10739
208.700 Send DATA 1 3, ID 20401, Window 4, PHL Queue 20
208.879 Recv DATA 4 5, ID 10740
208.960 Send DATA 2 4, ID 20402, Window 4, PHL Queue 28
209.138 Recv DATA 5 6, ID 10741
209.141 Recv NAK  6
209.223 Send DATA 7 5, ID 20399, Window 0, PHL Queue 30
209.417 Recv DATA 6 6, ID 10742
209.482 Send DATA 0 6, ID 20400, Window 1, PHL Queue 40
209.662 Recv DATA 7 6, ID 10743
209.743 Send DATA 1 7, ID 20401, Window 2, PHL Queue 46
209.937 Recv DATA 0 6, ID 10744
210.018 Send DATA 2 0, ID 20402, Window 3, PHL Queue 24
210.193 Recv DATA 1 6, ID 10745
210.274 Send DATA 3 1, ID 20403, Window 4, PHL Queue 40
210.450 Recv DATA 2 7, ID 10746
210.452 .... 747 packets received, 7305 bps, 91.31%, Err 15 (8.9e-006)
210.535 Send DATA 4 2, ID 20404, Window 4, PHL Queue 46
210.730 Recv DATA 3 0, ID 10747
210.811 Send DATA 5 3, ID 20405, Window 4, PHL Queue 22
210.989 Recv DATA 4 1, ID 10748
211.069 Send DATA 6 4, ID 20406, Window 4, PHL Queue 34
211.246 Recv DATA 5 2, ID 10749
211.326 Send DATA 7 5, ID 20407, Window 4, PHL Queue 48
211.519 Recv DATA 6 3, ID 10750
211.598 Send DATA 0 6, ID 20408, Window 4, PHL Queue 32
211.776 Recv DATA 7 4, ID 10751
211.858 Send DATA 1 7, ID 20409, Window 4, PHL Queue 40
212.034 Recv DATA 0 5, ID 10752
212.131 Send DATA 2 0, ID 20410, Window 4, PHL Queue 22
212.308 Recv DATA 1 6, ID 10753
212.391 Send DATA 3 1, ID 20411, Window 4, PHL Queue 30
212.584 Recv DATA 2 7, ID 10754
212.585 .... 755 packets received, 7309 bps, 91.36%, Err 15 (8.9e-006)
212.652 Send DATA 4 2, ID 20412, Window 4, PHL Queue 36
212.830 Recv DATA 3 0, ID 10755
212.911 Send DATA 5 3, ID 20413, Window 4, PHL Queue 46
213.089 Recv DATA 4 1, ID 10756
213.188 Send DATA 6 4, ID 20414, Window 4, PHL Queue 20
213.364 Recv DATA 5 2, ID 10757
213.443 Send DATA 7 5, ID 20415, Window 4, PHL Queue 38
213.620 Recv DATA 6 3, ID 10758
213.716 Send DATA 0 6, ID 20416, Window 4, PHL Queue 20
213.894 Recv DATA 7 4, ID 10759
213.975 Send DATA 1 7, ID 20417, Window 4, PHL Queue 30
214.152 Recv DATA 0 5, ID 10760
214.234 Send DATA 2 0, ID 20418, Window 4, PHL Queue 40
214.409 Recv DATA 1 6, ID 10761
214.505 Send DATA 3 1, ID 20419, Window 4, PHL Queue 26
214.680 Recv DATA 2 7, ID 10762
214.682 .... 763 packets received, 7314 bps, 91.42%, Err 15 (8.8e-006)
214.764 Send DATA 4 2, ID 20420, Window 4, PHL Queue 36
214.958 Recv DATA 3 0, ID 10763
215.023 Send DATA 5 3, ID 20421, Window 4, PHL Queue 46
215.202 Recv DATA 4 1, ID 10764
215.298 Send DATA 6 4, ID 20422, Window 4, PHL Queue 24
215.474 Recv DATA 5 2, ID 10765
215.557 Send DATA 7 5, ID 20423, Window 4, PHL Queue 34
215.749 Recv DATA 6 3, ID 10766
215.815 Send DATA 0 6, ID 20424, Window 4, PHL Queue 46
215.995 Recv DATA 7 4, ID 10767
216.093 Send DATA 1 7, ID 20425, Window 4, PHL Queue 18
216.269 Recv DATA 0 5, ID 10768
216.349 Send DATA 2 0, ID 20426, Window 4, PHL Queue 34
216.541 Recv DATA 1 6, ID 10769
216.606 Send DATA 3 1, ID 20427, Window 4, PHL Queue 48
216.784 Recv DATA 2 7, ID 10770
216.786 .... 771 packets received, 7319 bps, 91.48%, Err 15 (8.7e-006)
216.884 Send DATA 4 2, ID 20428, Window 4, PHL Queue 20
217.062 Recv DATA 3 0, ID 10771
217.143 Send DATA 5 3, ID 20429, Window 4, PHL Queue 30
217.336 Recv DATA 4 1, ID 10772
217.402 Send DATA 6 4, ID 20430, Window 4, PHL Queue 40
217.595 Recv DATA 5 2, ID 10773
217.676 Send DATA 7 5, ID 20431, Window 4, PHL Queue 20
217.852 Recv DATA 6 3, ID 10774
217.933 Send DATA 0 6, ID 20432, Window 4, PHL Queue 34
218.127 Recv DATA 7 4, ID 10775
218.191 Send DATA 1 7, ID 20433, Window 4, PHL Queue 46
218.385 Recv DATA 0 5, ID 10776
218.467 Send DATA 2 0, ID 20434, Window 4, PHL Queue 22
