000.000 =============================================================
000.000                     Station A                               
000.000 -------------------------------------------------------------
000.000 Protocol.lib, version 4.0, jiangyanjun0718@bupt.edu.cn
000.000 Channel: 8000 bps, 270 ms propagation delay, bit error rate 1.0E-005
000.000 Log file "gobackn-A.log", TCP port 59144, debug mask 0x03
000.000 Station A is waiting for station B on TCP port 59144 ... Done.
000.750 New epoch: Fri May 03 19:53:10 2019
000.751 =================================================================
000.751 
000.753 Designed by Jiang Yanjun, build: Oct 28 2018  16:37:57
000.753 Protocol Options: Piggybacking (Enabled), NAK (Enabled)
000.754 Send DATA 0 7, ID 10000, Window 0, PHL Queue 0
000.995 Send DATA 1 7, ID 10001, Window 1, PHL Queue 46
001.268 Send DATA 2 7, ID 10002, Window 2, PHL Queue 28
001.527 Send DATA 3 7, ID 10003, Window 3, PHL Queue 38
001.593 Recv DATA 0 7, ID 20000
001.801 Send DATA 4 0, ID 10004, Window 4, PHL Queue 18
001.850 Receiver Error 1: Bad CRC Checksum
001.851 Send NAK  0
002.060 Send DATA 5 0, ID 10005, Window 5, PHL Queue 42
002.126 Recv DATA 2 0, ID 20002
002.332 Send DATA 6 0, ID 10006, Window 5, PHL Queue 26
002.381 Recv DATA 3 1, ID 20003
002.591 Send DATA 7 0, ID 10007, Window 5, PHL Queue 36
002.625 Recv DATA 4 2, ID 20004
002.849 Send DATA 0 0, ID 10008, Window 5, PHL Queue 48
002.914 Recv DATA 5 3, ID 20005
003.121 Send DATA 1 0, ID 10009, Window 5, PHL Queue 32
003.172 Recv DATA 1 4, ID 20001
003.379 Send DATA 2 1, ID 10010, Window 5, PHL Queue 44
003.429 Recv DATA 2 5, ID 20002
003.431 .... 3 packets received, 2910 bps, 36.38%, Err 1 (5.3e-005)
003.655 Send DATA 3 2, ID 10011, Window 5, PHL Queue 20
003.689 Recv DATA 3 6, ID 20003
003.915 Send DATA 4 3, ID 10012, Window 5, PHL Queue 28
003.966 Recv DATA 4 7, ID 20004
004.177 Send DATA 5 4, ID 10013, Window 5, PHL Queue 32
004.194 Recv DATA 5 0, ID 20005
004.434 Send DATA 6 5, ID 10014, Window 5, PHL Queue 46
004.485 Recv DATA 6 1, ID 20006
004.709 Send DATA 7 6, ID 10015, Window 5, PHL Queue 24
004.760 Recv DATA 7 2, ID 20007
004.969 Send DATA 0 7, ID 10016, Window 5, PHL Queue 32
005.018 Recv DATA 0 3, ID 20008
005.240 Send DATA 1 0, ID 10017, Window 5, PHL Queue 18
005.291 Recv DATA 1 4, ID 20009
005.504 Send DATA 2 1, ID 10018, Window 5, PHL Queue 18
005.538 Recv DATA 2 5, ID 20010
005.540 .... 11 packets received, 5338 bps, 66.73%, Err 1 (2.8e-005)
005.765 Send DATA 3 2, ID 10019, Window 5, PHL Queue 24
005.813 Recv DATA 3 6, ID 20011
006.021 Send DATA 4 3, ID 10020, Window 5, PHL Queue 40
006.087 Recv DATA 4 7, ID 20012
006.281 Send DATA 5 4, ID 10021, Window 5, PHL Queue 48
006.330 Recv DATA 5 0, ID 20013
006.555 Send DATA 6 5, ID 10022, Window 5, PHL Queue 28
006.591 Recv DATA 6 1, ID 20014
006.816 Send DATA 7 6, ID 10023, Window 5, PHL Queue 34
006.849 Recv DATA 7 2, ID 20015
007.073 Send DATA 0 7, ID 10024, Window 5, PHL Queue 48
007.139 Recv DATA 0 3, ID 20016
007.347 Send DATA 1 0, ID 10025, Window 5, PHL Queue 28
007.379 Recv DATA 1 4, ID 20017
007.604 Send DATA 2 1, ID 10026, Window 5, PHL Queue 42
007.641 Recv DATA 2 5, ID 20018
007.642 .... 19 packets received, 6154 bps, 76.93%, Err 1 (1.9e-005)
007.865 Send DATA 3 2, ID 10027, Window 5, PHL Queue 48
007.916 Recv DATA 3 6, ID 20019
008.140 Send DATA 4 3, ID 10028, Window 5, PHL Queue 26
008.193 Recv DATA 4 7, ID 20020
008.401 Send DATA 5 4, ID 10029, Window 5, PHL Queue 32
008.452 Recv DATA 5 0, ID 20021
008.659 Send DATA 6 5, ID 10030, Window 5, PHL Queue 44
008.724 Recv DATA 6 1, ID 20022
008.935 Send DATA 7 6, ID 10031, Window 5, PHL Queue 20
008.970 Recv DATA 7 2, ID 20023
009.192 Send DATA 0 7, ID 10032, Window 5, PHL Queue 34
009.241 Recv DATA 0 3, ID 20024
009.449 Send DATA 1 0, ID 10033, Window 5, PHL Queue 48
009.498 Recv DATA 1 4, ID 20025
009.723 Send DATA 2 1, ID 10034, Window 5, PHL Queue 28
009.771 Recv DATA 2 5, ID 20026
009.772 .... 27 packets received, 6542 bps, 81.77%, Err 1 (1.4e-005)
009.983 Send DATA 3 2, ID 10035, Window 5, PHL Queue 36
010.018 Recv DATA 3 6, ID 20027
010.243 Send DATA 4 3, ID 10036, Window 5, PHL Queue 44
010.293 Recv DATA 4 7, ID 20028
010.517 Send DATA 5 4, ID 10037, Window 5, PHL Queue 24
010.552 Recv DATA 5 0, ID 20029
010.774 Send DATA 6 5, ID 10038, Window 5, PHL Queue 38
010.824 Recv DATA 6 1, ID 20030
011.035 Send DATA 7 6, ID 10039, Window 5, PHL Queue 44
011.101 Recv DATA 7 2, ID 20031
011.310 Send DATA 0 7, ID 10040, Window 5, PHL Queue 22
011.360 Recv DATA 0 3, ID 20032
011.570 Send DATA 1 0, ID 10041, Window 5, PHL Queue 30
011.588 Recv DATA 1 4, ID 20033
011.830 Send DATA 2 1, ID 10042, Window 5, PHL Queue 38
011.896 Recv DATA 2 5, ID 20034
011.896 .... 35 packets received, 6776 bps, 84.70%, Err 1 (1.2e-005)
012.090 Send DATA 3 2, ID 10043, Window 5, PHL Queue 46
012.143 Recv DATA 3 6, ID 20035
012.368 Send DATA 4 3, ID 10044, Window 5, PHL Queue 18
012.419 Recv DATA 4 7, ID 20036
012.626 Send DATA 5 4, ID 10045, Window 5, PHL Queue 30
012.676 Recv DATA 5 0, ID 20037
012.884 Send DATA 6 5, ID 10046, Window 5, PHL Queue 42
012.951 Recv DATA 6 1, ID 20038
012.971 Recv NAK  1
013.146 Send DATA 2 6, ID 10042, Window 0, PHL Queue 46
013.210 Recv DATA 7 1, ID 20039
013.419 Send DATA 3 7, ID 10043, Window 1, PHL Queue 28
013.486 Recv DATA 0 1, ID 20040
013.678 Send DATA 4 0, ID 10044, Window 2, PHL Queue 38
013.744 Recv DATA 1 1, ID 20041
013.938 Send DATA 5 1, ID 10045, Window 3, PHL Queue 46
013.988 Recv DATA 2 1, ID 20042
013.989 .... 43 packets received, 6951 bps, 86.88%, Err 1 (9.7e-006)
014.214 Send DATA 6 2, ID 10046, Window 4, PHL Queue 22
014.265 Recv DATA 3 2, ID 20043
014.471 Send DATA 7 3, ID 10047, Window 4, PHL Queue 36
014.521 Recv DATA 4 2, ID 20044
014.731 Send DATA 0 4, ID 10048, Window 5, PHL Queue 44
014.765 Recv DATA 5 3, ID 20045
015.006 Send DATA 1 5, ID 10049, Window 5, PHL Queue 22
015.056 Recv DATA 6 4, ID 20046
015.266 Send DATA 2 6, ID 10050, Window 5, PHL Queue 30
015.316 Recv DATA 7 5, ID 20047
015.522 Send DATA 3 7, ID 10051, Window 5, PHL Queue 46
015.587 Recv DATA 0 6, ID 20048
015.797 Send DATA 4 0, ID 10052, Window 5, PHL Queue 24
015.832 Recv DATA 1 7, ID 20049
016.057 Send DATA 5 1, ID 10053, Window 5, PHL Queue 32
016.123 Recv DATA 2 0, ID 20050
016.125 .... 51 packets received, 7055 bps, 88.19%, Err 2 (1.7e-005)
016.319 Send DATA 6 2, ID 10054, Window 5, PHL Queue 36
016.382 Recv DATA 3 1, ID 20051
016.591 Send DATA 7 3, ID 10055, Window 5, PHL Queue 20
016.642 Recv DATA 4 2, ID 20052
016.853 Send DATA 0 4, ID 10056, Window 5, PHL Queue 24
016.888 Recv DATA 5 3, ID 20053
017.115 Send DATA 1 5, ID 10057, Window 5, PHL Queue 28
017.182 Recv DATA 6 4, ID 20054
017.373 Send DATA 2 6, ID 10058, Window 5, PHL Queue 40
017.423 Recv DATA 7 5, ID 20055
017.633 Send DATA 3 7, ID 10059, Window 5, PHL Queue 48
017.698 Recv DATA 0 6, ID 20056
017.906 Send DATA 4 0, ID 10060, Window 5, PHL Queue 30
017.944 Recv DATA 1 7, ID 20057
018.170 Send DATA 5 1, ID 10061, Window 5, PHL Queue 30
018.213 Recv DATA 2 0, ID 20058
018.215 .... 59 packets received, 7152 bps, 89.40%, Err 2 (1.5e-005)
018.440 Send DATA 6 2, ID 10062, Window 5, PHL Queue 18
018.489 Recv DATA 3 1, ID 20059
018.698 Send DATA 7 3, ID 10063, Window 5, PHL Queue 30
018.747 Recv DATA 4 2, ID 20060
018.953 Send DATA 0 4, ID 10064, Window 5, PHL Queue 48
019.021 Recv DATA 5 3, ID 20061
019.227 Send DATA 1 5, ID 10065, Window 5, PHL Queue 28
019.277 Recv DATA 6 4, ID 20062
019.485 Send DATA 2 6, ID 10066, Window 5, PHL Queue 40
019.553 Recv DATA 7 5, ID 20063
019.745 Send DATA 3 7, ID 10067, Window 5, PHL Queue 48
019.812 Recv DATA 0 6, ID 20064
020.021 Send DATA 4 0, ID 10068, Window 5, PHL Queue 24
020.071 Recv DATA 1 7, ID 20065
020.280 Send DATA 5 1, ID 10069, Window 5, PHL Queue 34
020.329 Recv DATA 2 0, ID 20066
020.329 .... 67 packets received, 7218 bps, 90.22%, Err 2 (1.3e-005)
020.538 Send DATA 6 2, ID 10070, Window 5, PHL Queue 46
020.604 Recv DATA 3 1, ID 20067
020.810 Send DATA 7 3, ID 10071, Window 5, PHL Queue 30
020.875 Recv DATA 4 2, ID 20068
021.068 Send DATA 0 4, ID 10072, Window 5, PHL Queue 42
021.134 Recv DATA 5 3, ID 20069
021.342 Send DATA 1 5, ID 10073, Window 5, PHL Queue 22
021.392 Recv DATA 6 4, ID 20070
021.599 Send DATA 2 6, ID 10074, Window 5, PHL Queue 36
021.680 Recv DATA 7 5, ID 20071
021.871 Send DATA 3 7, ID 10075, Window 5, PHL Queue 20
021.921 Recv DATA 0 6, ID 20072
022.128 Send DATA 4 0, ID 10076, Window 5, PHL Queue 34
022.193 Recv DATA 1 7, ID 20073
022.386 Send DATA 5 1, ID 10077, Window 5, PHL Queue 46
022.452 Recv DATA 2 0, ID 20074
022.454 .... 75 packets received, 7268 bps, 90.85%, Err 2 (1.2e-005)
022.662 Send DATA 6 2, ID 10078, Window 5, PHL Queue 22
022.696 Recv DATA 3 1, ID 20075
022.920 Send DATA 7 3, ID 10079, Window 5, PHL Queue 34
022.987 Recv DATA 4 3, ID 20076
023.180 Send DATA 0 4, ID 10080, Window 4, PHL Queue 42
023.245 Recv DATA 5 3, ID 20077
023.454 Send DATA 1 5, ID 10081, Window 5, PHL Queue 22
023.502 Recv DATA 6 4, ID 20078
023.712 Send DATA 2 6, ID 10082, Window 5, PHL Queue 34
023.777 Recv DATA 7 5, ID 20079
023.971 Send DATA 3 7, ID 10083, Window 5, PHL Queue 44
024.035 Recv DATA 0 6, ID 20080
024.245 Send DATA 4 0, ID 10084, Window 5, PHL Queue 24
024.312 Recv DATA 1 7, ID 20081
024.505 Send DATA 5 1, ID 10085, Window 5, PHL Queue 32
024.556 Recv DATA 2 0, ID 20082
024.557 .... 83 packets received, 7315 bps, 91.44%, Err 2 (1.1e-005)
024.766 Send DATA 6 2, ID 10086, Window 5, PHL Queue 38
024.832 Recv DATA 3 1, ID 20083
024.848 Recv NAK  1
025.039 Send DATA 2 3, ID 10082, Window 0, PHL Queue 20
025.088 Recv DATA 4 1, ID 20084
025.296 Send DATA 3 4, ID 10083, Window 1, PHL Queue 34
025.378 Recv DATA 5 1, ID 20085
025.555 Send DATA 4 5, ID 10084, Window 2, PHL Queue 44
025.622 Recv DATA 6 1, ID 20086
025.830 Send DATA 5 6, ID 10085, Window 3, PHL Queue 22
025.878 Recv DATA 7 1, ID 20087
026.087 Send DATA 6 7, ID 10086, Window 4, PHL Queue 36
026.153 Recv DATA 0 1, ID 20088
026.349 Send DATA 7 0, ID 10087, Window 5, PHL Queue 40
026.399 Recv DATA 1 2, ID 20089
026.610 Send DATA 0 1, ID 10088, Window 5, PHL Queue 46
026.675 Recv DATA 2 3, ID 20090
026.677 .... 91 packets received, 7350 bps, 91.87%, Err 2 (9.8e-006)
026.888 Send DATA 1 2, ID 10089, Window 5, PHL Queue 18
026.939 Recv DATA 3 4, ID 20091
026.972 Recv ACK  5
027.148 Send DATA 2 3, ID 10090, Window 4, PHL Queue 26
027.214 Recv DATA 4 5, ID 20092
027.408 Send DATA 3 4, ID 10091, Window 5, PHL Queue 34
027.490 Recv DATA 5 6, ID 20093
027.666 Send DATA 4 5, ID 10092, Window 5, PHL Queue 46
027.748 Recv DATA 6 7, ID 20094
027.943 Send DATA 5 6, ID 10093, Window 5, PHL Queue 20
027.992 Recv DATA 7 1, ID 20095
028.200 Send DATA 6 7, ID 10094, Window 4, PHL Queue 34
028.267 Recv DATA 0 2, ID 20096
028.460 Send DATA 7 0, ID 10095, Window 4, PHL Queue 42
028.529 Recv DATA 1 2, ID 20097
028.725 Send DATA 0 1, ID 10096, Window 5, PHL Queue 40
028.806 Recv DATA 2 4, ID 20098
028.807 .... 99 packets received, 7376 bps, 92.20%, Err 2 (9.0e-006)
028.985 Send DATA 1 2, ID 10097, Window 4, PHL Queue 48
029.051 Recv DATA 3 4, ID 20099
029.083 Recv ACK  5
029.258 Send DATA 2 3, ID 10098, Window 4, PHL Queue 30
029.340 Recv DATA 4 5, ID 20100
029.517 Send DATA 3 4, ID 10099, Window 5, PHL Queue 40
029.599 Recv DATA 5 7, ID 20101
029.792 Send DATA 4 5, ID 10100, Window 4, PHL Queue 18
029.843 Recv DATA 6 0, ID 20102
029.876 Recv NAK  0
030.054 Send DATA 1 6, ID 10097, Window 0, PHL Queue 22
030.136 Recv DATA 7 0, ID 20103
030.313 Send DATA 2 7, ID 10098, Window 1, PHL Queue 32
030.394 Recv DATA 0 0, ID 20104
030.569 Send DATA 3 0, ID 10099, Window 2, PHL Queue 48
030.650 Recv DATA 1 0, ID 20105
030.844 Send DATA 4 1, ID 10100, Window 3, PHL Queue 26
030.925 Recv DATA 2 0, ID 20106
030.927 .... 107 packets received, 7401 bps, 92.52%, Err 3 (1.3e-005)
031.105 Send DATA 5 2, ID 10101, Window 4, PHL Queue 32
031.176 Recv DATA 3 1, ID 20107
031.368 Send DATA 6 3, ID 10102, Window 4, PHL Queue 34
031.451 Recv DATA 4 1, ID 20108
031.629 Send DATA 7 4, ID 10103, Window 5, PHL Queue 40
031.695 Recv DATA 5 3, ID 20109
031.902 Send DATA 0 5, ID 10104, Window 4, PHL Queue 22
031.985 Recv DATA 6 4, ID 20110
032.163 Send DATA 1 6, ID 10105, Window 4, PHL Queue 28
032.229 Recv DATA 7 5, ID 20111
032.420 Send DATA 2 7, ID 10106, Window 4, PHL Queue 42
032.502 Recv DATA 0 6, ID 20112
032.695 Send DATA 3 0, ID 10107, Window 4, PHL Queue 20
032.775 Recv DATA 1 7, ID 20113
032.950 Send DATA 4 1, ID 10108, Window 4, PHL Queue 38
033.033 Recv DATA 2 0, ID 20114
033.036 .... 115 packets received, 7426 bps, 92.83%, Err 3 (1.2e-005)
033.224 Send DATA 5 2, ID 10109, Window 4, PHL Queue 20
033.290 Recv DATA 3 1, ID 20115
033.483 Send DATA 6 3, ID 10110, Window 4, PHL Queue 28
033.536 Recv DATA 4 2, ID 20116
033.748 Send DATA 7 4, ID 10111, Window 4, PHL Queue 26
033.849 Recv DATA 5 3, ID 20117
034.014 Send DATA 0 5, ID 10112, Window 4, PHL Queue 22
034.095 Recv DATA 6 3, ID 20118
034.271 Send DATA 1 6, ID 10113, Window 5, PHL Queue 36
034.354 Recv DATA 7 4, ID 20119
034.535 Send DATA 2 7, ID 10114, Window 5, PHL Queue 36
034.616 Recv DATA 0 6, ID 20120
034.808 Send DATA 3 0, ID 10115, Window 4, PHL Queue 18
034.874 Recv DATA 1 7, ID 20121
035.064 Send DATA 4 1, ID 10116, Window 4, PHL Queue 34
035.148 Recv DATA 2 0, ID 20122
035.148 .... 123 packets received, 7446 bps, 93.08%, Err 3 (1.1e-005)
035.323 Send DATA 5 2, ID 10117, Window 4, PHL Queue 44
035.423 Recv DATA 3 0, ID 20123
035.600 Send DATA 6 3, ID 10118, Window 5, PHL Queue 18
035.681 Recv DATA 4 1, ID 20124
035.699 Recv ACK  3
035.859 Send DATA 7 4, ID 10119, Window 3, PHL Queue 28
035.956 Recv DATA 5 3, ID 20125
036.116 Send DATA 0 5, ID 10120, Window 4, PHL Queue 42
036.198 Receiver Error 2: Bad CRC Checksum
036.200 Send NAK  5
036.392 Send DATA 1 5, ID 10121, Window 5, PHL Queue 32
036.473 Recv DATA 7 5, ID 20127
036.650 Send DATA 2 5, ID 10122, Window 4, PHL Queue 44
036.747 Recv DATA 0 6, ID 20128
036.925 Send DATA 3 5, ID 10123, Window 4, PHL Queue 22
036.991 Recv DATA 1 7, ID 20129
037.182 Send DATA 4 5, ID 10124, Window 4, PHL Queue 36
037.265 Recv DATA 6 0, ID 20126
037.266 .... 127 packets received, 7236 bps, 90.44%, Err 4 (1.4e-005)
037.443 Send DATA 5 6, ID 10125, Window 4, PHL Queue 42
037.541 Recv DATA 7 0, ID 20127
037.718 Send DATA 6 7, ID 10126, Window 5, PHL Queue 20
037.799 Recv DATA 0 1, ID 20128
037.816 Recv ACK  3
037.978 Send DATA 7 0, ID 10127, Window 3, PHL Queue 28
038.061 Recv DATA 1 3, ID 20129
038.239 Send DATA 0 1, ID 10128, Window 4, PHL Queue 34
038.336 Recv DATA 2 4, ID 20130
038.511 Send DATA 1 2, ID 10129, Window 4, PHL Queue 18
038.595 Recv DATA 3 5, ID 20131
038.768 Send DATA 2 3, ID 10130, Window 4, PHL Queue 32
038.850 Recv DATA 4 6, ID 20132
039.028 Send DATA 3 4, ID 10131, Window 4, PHL Queue 40
039.127 Recv DATA 5 7, ID 20133
039.303 Send DATA 4 5, ID 10132, Window 4, PHL Queue 18
039.384 Recv DATA 6 0, ID 20134
039.386 .... 135 packets received, 7263 bps, 90.79%, Err 4 (1.3e-005)
039.563 Send DATA 5 6, ID 10133, Window 4, PHL Queue 26
039.629 Recv DATA 7 1, ID 20135
039.823 Send DATA 6 7, ID 10134, Window 4, PHL Queue 34
039.921 Recv DATA 0 2, ID 20136
040.084 Send DATA 7 0, ID 10135, Window 4, PHL Queue 40
040.165 Recv DATA 1 3, ID 20137
040.356 Send DATA 0 1, ID 10136, Window 4, PHL Queue 24
040.439 Recv DATA 2 4, ID 20138
040.616 Send DATA 1 2, ID 10137, Window 4, PHL Queue 32
040.713 Recv DATA 3 5, ID 20139
040.875 Send DATA 2 3, ID 10138, Window 4, PHL Queue 42
040.957 Recv DATA 4 6, ID 20140
041.149 Send DATA 3 4, ID 10139, Window 4, PHL Queue 22
041.231 Recv DATA 5 7, ID 20141
041.407 Send DATA 4 5, ID 10140, Window 4, PHL Queue 34
041.503 Recv DATA 6 0, ID 20142
041.505 .... 143 packets received, 7288 bps, 91.10%, Err 4 (1.2e-005)
041.666 Send DATA 5 6, ID 10141, Window 4, PHL Queue 44
041.749 Recv DATA 7 1, ID 20143
041.942 Send DATA 6 7, ID 10142, Window 4, PHL Queue 20
042.023 Recv DATA 0 2, ID 20144
042.200 Send DATA 7 0, ID 10143, Window 4, PHL Queue 32
042.299 Recv DATA 1 3, ID 20145
042.459 Send DATA 0 1, ID 10144, Window 4, PHL Queue 42
042.554 Recv DATA 2 3, ID 20146
042.732 Send DATA 1 2, ID 10145, Window 5, PHL Queue 24
042.799 Recv DATA 3 5, ID 20147
042.992 Send DATA 2 3, ID 10146, Window 4, PHL Queue 32
043.090 Recv DATA 4 6, ID 20148
043.252 Send DATA 3 4, ID 10147, Window 4, PHL Queue 40
043.334 Recv DATA 5 7, ID 20149
043.523 Send DATA 4 5, ID 10148, Window 4, PHL Queue 26
043.606 Recv DATA 6 0, ID 20150
043.609 .... 151 packets received, 7313 bps, 91.41%, Err 4 (1.2e-005)
043.783 Send DATA 5 6, ID 10149, Window 4, PHL Queue 34
043.863 Recv DATA 7 1, ID 20151
044.055 Send DATA 6 7, ID 10150, Window 4, PHL Queue 18
044.136 Recv DATA 0 2, ID 20152
044.314 Send DATA 7 0, ID 10151, Window 4, PHL Queue 28
044.396 Recv DATA 1 3, ID 20153
044.572 Send DATA 0 1, ID 10152, Window 4, PHL Queue 40
044.654 Recv DATA 2 4, ID 20154
044.847 Send DATA 1 2, ID 10153, Window 4, PHL Queue 18
044.929 Recv DATA 3 5, ID 20155
045.103 Send DATA 2 3, ID 10154, Window 4, PHL Queue 34
045.185 Recv DATA 4 6, ID 20156
045.364 Send DATA 3 4, ID 10155, Window 4, PHL Queue 40
045.460 Recv DATA 5 7, ID 20157
045.637 Send DATA 4 5, ID 10156, Window 4, PHL Queue 22
045.734 Recv DATA 6 0, ID 20158
045.735 .... 159 packets received, 7331 bps, 91.64%, Err 4 (1.1e-005)
045.895 Send DATA 5 6, ID 10157, Window 4, PHL Queue 34
045.992 Recv DATA 7 1, ID 20159
046.010 Recv NAK  1
046.154 Send DATA 2 7, ID 10154, Window 0, PHL Queue 44
046.267 Recv DATA 0 1, ID 20160
046.426 Send DATA 3 0, ID 10155, Window 1, PHL Queue 28
046.522 Recv DATA 1 1, ID 20161
046.683 Send DATA 4 1, ID 10156, Window 2, PHL Queue 42
046.781 Recv DATA 2 1, ID 20162
046.957 Send DATA 5 2, ID 10157, Window 3, PHL Queue 22
047.054 Recv DATA 3 1, ID 20163
047.217 Send DATA 6 3, ID 10158, Window 4, PHL Queue 30
047.299 Recv DATA 4 2, ID 20164
047.475 Send DATA 7 4, ID 10159, Window 4, PHL Queue 42
047.574 Recv DATA 5 3, ID 20165
047.750 Send DATA 0 5, ID 10160, Window 4, PHL Queue 20
047.849 Recv DATA 6 4, ID 20166
047.850 .... 167 packets received, 7350 bps, 91.88%, Err 4 (1.1e-005)
048.011 Send DATA 1 6, ID 10161, Window 4, PHL Queue 26
048.093 Recv DATA 7 5, ID 20167
048.269 Send DATA 2 7, ID 10162, Window 4, PHL Queue 38
048.366 Recv DATA 0 6, ID 20168
048.542 Send DATA 3 0, ID 10163, Window 4, PHL Queue 20
048.642 Recv DATA 1 7, ID 20169
048.802 Send DATA 4 1, ID 10164, Window 4, PHL Queue 28
048.882 Recv DATA 2 0, ID 20170
049.058 Send DATA 5 2, ID 10165, Window 4, PHL Queue 44
049.157 Recv DATA 3 1, ID 20171
049.334 Send DATA 6 3, ID 10166, Window 4, PHL Queue 20
049.416 Recv DATA 4 2, ID 20172
049.591 Send DATA 7 4, ID 10167, Window 4, PHL Queue 34
049.673 Recv DATA 5 3, ID 20173
049.849 Send DATA 0 5, ID 10168, Window 4, PHL Queue 46
049.948 Recv DATA 6 4, ID 20174
049.951 .... 175 packets received, 7370 bps, 92.12%, Err 4 (1.0e-005)
050.112 Send DATA 1 6, ID 10169, Window 4, PHL Queue 48
050.194 Recv DATA 7 5, ID 20175
050.385 Send DATA 2 7, ID 10170, Window 4, PHL Queue 30
050.467 Recv DATA 0 6, ID 20176
050.645 Send DATA 3 0, ID 10171, Window 4, PHL Queue 38
050.743 Recv DATA 1 7, ID 20177
050.904 Send DATA 4 1, ID 10172, Window 4, PHL Queue 48
050.987 Recv DATA 2 0, ID 20178
051.179 Send DATA 5 2, ID 10173, Window 4, PHL Queue 26
051.277 Recv DATA 3 1, ID 20179
051.438 Send DATA 6 3, ID 10174, Window 4, PHL Queue 36
051.521 Recv DATA 4 2, ID 20180
051.699 Send DATA 7 4, ID 10175, Window 4, PHL Queue 42
051.784 Recv DATA 5 3, ID 20181
051.961 Send DATA 0 5, ID 10176, Window 4, PHL Queue 46
052.074 Recv DATA 6 4, ID 20182
052.075 .... 183 packets received, 7384 bps, 92.30%, Err 4 (9.8e-006)
052.239 Send DATA 1 6, ID 10177, Window 4, PHL Queue 18
052.320 Recv DATA 7 5, ID 20183
052.493 Send DATA 2 7, ID 10178, Window 4, PHL Queue 38
052.575 Recv DATA 0 6, ID 20184
052.754 Send DATA 3 0, ID 10179, Window 4, PHL Queue 44
052.852 Recv DATA 1 7, ID 20185
053.027 Send DATA 4 1, ID 10180, Window 4, PHL Queue 26
053.109 Recv DATA 2 0, ID 20186
053.286 Send DATA 5 2, ID 10181, Window 4, PHL Queue 36
053.383 Recv DATA 3 1, ID 20187
053.544 Send DATA 6 3, ID 10182, Window 4, PHL Queue 48
053.628 Recv DATA 4 2, ID 20188
053.821 Send DATA 7 4, ID 10183, Window 4, PHL Queue 22
053.903 Recv DATA 5 3, ID 20189
054.081 Send DATA 0 5, ID 10184, Window 4, PHL Queue 30
054.178 Recv DATA 6 4, ID 20190
054.179 .... 191 packets received, 7400 bps, 92.50%, Err 4 (9.4e-006)
054.339 Send DATA 1 6, ID 10185, Window 4, PHL Queue 42
054.423 Recv DATA 7 5, ID 20191
054.614 Send DATA 2 7, ID 10186, Window 4, PHL Queue 20
054.711 Recv DATA 0 6, ID 20192
054.871 Send DATA 3 0, ID 10187, Window 4, PHL Queue 34
054.969 Recv DATA 1 7, ID 20193
055.130 Send DATA 4 1, ID 10188, Window 4, PHL Queue 44
055.228 Recv DATA 2 0, ID 20194
055.406 Send DATA 5 2, ID 10189, Window 4, PHL Queue 20
055.473 Recv DATA 3 1, ID 20195
055.666 Send DATA 6 3, ID 10190, Window 4, PHL Queue 28
055.763 Recv DATA 4 2, ID 20196
055.927 Send DATA 7 4, ID 10191, Window 4, PHL Queue 34
056.009 Recv DATA 5 3, ID 20197
056.184 Send DATA 0 5, ID 10192, Window 4, PHL Queue 48
056.282 Recv DATA 6 4, ID 20198
056.283 .... 199 packets received, 7415 bps, 92.69%, Err 5 (1.1e-005)
056.463 Send DATA 1 6, ID 10193, Window 4, PHL Queue 18
056.527 Receiver Error 3: Bad CRC Checksum
056.530 Send NAK  6
056.723 Send DATA 2 6, ID 10194, Window 5, PHL Queue 40
056.820 Recv DATA 0 6, ID 20200
056.995 Send DATA 3 6, ID 10195, Window 4, PHL Queue 24
057.079 Recv DATA 1 7, ID 20201
057.254 Send DATA 4 6, ID 10196, Window 4, PHL Queue 34
057.335 Recv DATA 2 0, ID 20202
057.513 Send DATA 5 6, ID 10197, Window 4, PHL Queue 44
057.579 Recv DATA 7 1, ID 20199
057.785 Send DATA 6 7, ID 10198, Window 4, PHL Queue 28
057.867 Recv DATA 0 2, ID 20200
058.044 Send DATA 7 0, ID 10199, Window 4, PHL Queue 38
058.126 Recv DATA 1 3, ID 20201
058.317 Send DATA 0 1, ID 10200, Window 4, PHL Queue 20
058.398 Recv DATA 2 4, ID 20202
058.400 .... 203 packets received, 7284 bps, 91.04%, Err 5 (1.1e-005)
058.577 Send DATA 1 2, ID 10201, Window 4, PHL Queue 28
058.677 Recv DATA 3 5, ID 20203
058.835 Send DATA 2 3, ID 10202, Window 4, PHL Queue 40
058.934 Recv DATA 4 5, ID 20204
059.096 Send DATA 3 4, ID 10203, Window 5, PHL Queue 46
059.191 Recv DATA 5 7, ID 20205
059.368 Send DATA 4 5, ID 10204, Window 4, PHL Queue 30
059.466 Recv DATA 6 0, ID 20206
059.628 Send DATA 5 6, ID 10205, Window 4, PHL Queue 38
059.711 Recv DATA 7 0, ID 20207
059.890 Send DATA 6 7, ID 10206, Window 5, PHL Queue 42
059.973 Recv DATA 0 2, ID 20208
060.153 Send DATA 7 0, ID 10207, Window 4, PHL Queue 44
060.251 Recv DATA 1 3, ID 20209
060.429 Send DATA 0 1, ID 10208, Window 4, PHL Queue 20
060.525 Recv DATA 2 4, ID 20210
060.527 .... 211 packets received, 7299 bps, 91.23%, Err 5 (1.1e-005)
060.687 Send DATA 1 2, ID 10209, Window 4, PHL Queue 32
060.772 Recv DATA 3 4, ID 20211
060.949 Send DATA 2 3, ID 10210, Window 5, PHL Queue 36
061.016 Recv DATA 4 6, ID 20212
061.210 Send DATA 3 4, ID 10211, Window 4, PHL Queue 42
061.307 Recv DATA 5 7, ID 20213
061.485 Send DATA 4 5, ID 10212, Window 4, PHL Queue 20
061.566 Recv DATA 6 0, ID 20214
061.744 Send DATA 5 6, ID 10213, Window 4, PHL Queue 30
061.810 Recv DATA 7 1, ID 20215
062.002 Send DATA 6 7, ID 10214, Window 4, PHL Queue 42
062.085 Recv DATA 0 2, ID 20216
062.276 Send DATA 7 0, ID 10215, Window 4, PHL Queue 22
062.359 Recv DATA 1 3, ID 20217
062.535 Send DATA 0 1, ID 10216, Window 4, PHL Queue 32
062.617 Recv DATA 2 4, ID 20218
062.619 .... 219 packets received, 7317 bps, 91.46%, Err 5 (1.0e-005)
062.795 Send DATA 1 2, ID 10217, Window 4, PHL Queue 40
062.894 Recv DATA 3 5, ID 20219
063.070 Send DATA 2 3, ID 10218, Window 4, PHL Queue 18
063.153 Recv DATA 4 6, ID 20220
063.331 Send DATA 3 4, ID 10219, Window 4, PHL Queue 24
063.412 Recv DATA 5 7, ID 20221
063.586 Send DATA 4 5, ID 10220, Window 4, PHL Queue 42
063.687 Recv DATA 6 0, ID 20222
063.849 Send DATA 5 6, ID 10221, Window 4, PHL Queue 44
063.946 Recv DATA 7 1, ID 20223
064.122 Send DATA 6 7, ID 10222, Window 4, PHL Queue 26
064.204 Recv DATA 0 2, ID 20224
064.381 Send DATA 7 0, ID 10223, Window 4, PHL Queue 36
064.478 Recv DATA 1 3, ID 20225
064.639 Send DATA 0 1, ID 10224, Window 4, PHL Queue 48
064.737 Recv DATA 2 4, ID 20226
064.739 .... 227 packets received, 7331 bps, 91.63%, Err 5 (9.8e-006)
064.917 Send DATA 1 2, ID 10225, Window 4, PHL Queue 20
065.015 Recv DATA 3 5, ID 20227
065.178 Send DATA 2 3, ID 10226, Window 4, PHL Queue 26
065.243 Recv DATA 4 6, ID 20228
065.436 Send DATA 3 4, ID 10227, Window 4, PHL Queue 38
065.518 Recv DATA 5 7, ID 20229
065.705 Send DATA 4 5, ID 10228, Window 4, PHL Queue 28
065.770 Recv DATA 6 0, ID 20230
065.961 Send DATA 5 6, ID 10229, Window 4, PHL Queue 44
066.059 Recv DATA 7 1, ID 20231
066.236 Send DATA 6 7, ID 10230, Window 4, PHL Queue 22
066.318 Recv DATA 0 2, ID 20232
066.493 Send DATA 7 0, ID 10231, Window 4, PHL Queue 36
066.590 Recv DATA 1 3, ID 20233
066.766 Send DATA 0 1, ID 10232, Window 4, PHL Queue 18
066.848 Recv DATA 2 4, ID 20234
066.848 .... 235 packets received, 7344 bps, 91.81%, Err 5 (9.5e-006)
067.025 Send DATA 1 2, ID 10233, Window 4, PHL Queue 28
067.123 Recv DATA 3 5, ID 20235
067.286 Send DATA 2 3, ID 10234, Window 4, PHL Queue 34
067.384 Recv DATA 4 5, ID 20236
067.546 Send DATA 3 4, ID 10235, Window 5, PHL Queue 42
067.643 Recv DATA 5 7, ID 20237
067.820 Send DATA 4 5, ID 10236, Window 4, PHL Queue 22
067.901 Recv DATA 6 0, ID 20238
068.078 Send DATA 5 6, ID 10237, Window 4, PHL Queue 34
068.178 Recv DATA 7 1, ID 20239
068.340 Send DATA 6 7, ID 10238, Window 4, PHL Queue 38
068.422 Recv DATA 0 2, ID 20240
068.599 Send DATA 7 0, ID 10239, Window 4, PHL Queue 48
068.697 Recv DATA 1 3, ID 20241
068.872 Send DATA 0 1, ID 10240, Window 4, PHL Queue 30
068.954 Recv DATA 2 4, ID 20242
068.957 .... 243 packets received, 7358 bps, 91.97%, Err 5 (9.2e-006)
069.133 Send DATA 1 2, ID 10241, Window 4, PHL Queue 36
069.232 Recv DATA 3 5, ID 20243
069.395 Send DATA 2 3, ID 10242, Window 4, PHL Queue 40
069.477 Recv DATA 4 6, ID 20244
069.656 Send DATA 3 4, ID 10243, Window 4, PHL Queue 46
069.754 Recv DATA 5 7, ID 20245
069.931 Send DATA 4 5, ID 10244, Window 4, PHL Queue 24
070.015 Recv DATA 6 0, ID 20246
070.192 Send DATA 5 6, ID 10245, Window 4, PHL Queue 30
070.290 Recv DATA 7 1, ID 20247
070.449 Send DATA 6 7, ID 10246, Window 4, PHL Queue 44
070.549 Recv DATA 0 2, ID 20248
070.726 Send DATA 7 0, ID 10247, Window 4, PHL Queue 18
070.808 Recv DATA 1 3, ID 20249
070.987 Send DATA 0 1, ID 10248, Window 4, PHL Queue 24
071.067 Recv DATA 2 4, ID 20250
071.067 .... 251 packets received, 7370 bps, 92.12%, Err 6 (1.1e-005)
071.245 Send DATA 1 2, ID 10249, Window 4, PHL Queue 36
071.344 Receiver Error 4: Bad CRC Checksum
071.345 Send NAK  2
071.522 Send DATA 2 2, ID 10250, Window 5, PHL Queue 24
071.603 Recv DATA 4 6, ID 20252
071.779 Send DATA 3 2, ID 10251, Window 4, PHL Queue 38
071.861 Recv DATA 5 7, ID 20253
072.040 Send DATA 4 2, ID 10252, Window 4, PHL Queue 44
072.136 Recv DATA 6 0, ID 20254
072.311 Send DATA 5 2, ID 10253, Window 4, PHL Queue 30
072.395 Recv DATA 7 1, ID 20255
072.569 Send DATA 6 2, ID 10254, Window 4, PHL Queue 42
072.650 Recv DATA 3 2, ID 20251
072.842 Send DATA 7 3, ID 10255, Window 4, PHL Queue 24
072.924 Recv DATA 4 3, ID 20252
073.101 Send DATA 0 4, ID 10256, Window 4, PHL Queue 34
073.183 Recv DATA 5 4, ID 20253
073.185 .... 254 packets received, 7238 bps, 90.48%, Err 6 (1.0e-005)
073.362 Send DATA 1 5, ID 10257, Window 4, PHL Queue 40
073.428 Recv DATA 6 5, ID 20254
073.634 Send DATA 2 6, ID 10258, Window 4, PHL Queue 24
073.717 Recv DATA 7 6, ID 20255
073.895 Send DATA 3 7, ID 10259, Window 4, PHL Queue 30
073.961 Recv DATA 0 7, ID 20256
074.153 Send DATA 4 0, ID 10260, Window 4, PHL Queue 42
074.251 Recv DATA 1 0, ID 20257
074.426 Send DATA 5 1, ID 10261, Window 4, PHL Queue 24
074.509 Recv DATA 2 1, ID 20258
074.686 Send DATA 6 2, ID 10262, Window 4, PHL Queue 32
074.753 Recv DATA 3 2, ID 20259
074.946 Send DATA 7 3, ID 10263, Window 4, PHL Queue 40
075.044 Recv DATA 4 3, ID 20260
075.219 Send DATA 0 4, ID 10264, Window 4, PHL Queue 22
075.302 Recv DATA 5 3, ID 20261
075.303 .... 262 packets received, 7253 bps, 90.66%, Err 6 (1.0e-005)
075.480 Send DATA 1 5, ID 10265, Window 5, PHL Queue 28
075.546 Recv DATA 6 5, ID 20262
075.742 Send DATA 2 6, ID 10266, Window 4, PHL Queue 32
075.824 Recv DATA 7 6, ID 20263
076.003 Send DATA 3 7, ID 10267, Window 4, PHL Queue 38
076.069 Recv DATA 0 7, ID 20264
076.267 Send DATA 4 0, ID 10268, Window 4, PHL Queue 38
076.333 Recv DATA 1 0, ID 20265
076.527 Send DATA 5 1, ID 10269, Window 4, PHL Queue 46
076.624 Recv DATA 2 1, ID 20266
076.803 Send DATA 6 2, ID 10270, Window 4, PHL Queue 22
076.894 Recv DATA 3 2, ID 20267
077.056 Send DATA 7 3, ID 10271, Window 4, PHL Queue 44
077.138 Recv DATA 4 3, ID 20268
077.331 Send DATA 0 4, ID 10272, Window 4, PHL Queue 22
077.412 Recv DATA 5 4, ID 20269
077.412 .... 270 packets received, 7267 bps, 90.84%, Err 6 (9.8e-006)
077.591 Send DATA 1 5, ID 10273, Window 4, PHL Queue 30
077.658 Recv DATA 6 5, ID 20270
077.851 Send DATA 2 6, ID 10274, Window 4, PHL Queue 38
077.932 Recv DATA 7 6, ID 20271
078.111 Send DATA 3 7, ID 10275, Window 4, PHL Queue 46
078.206 Recv DATA 0 7, ID 20272
078.381 Send DATA 4 0, ID 10276, Window 4, PHL Queue 34
078.446 Recv DATA 1 0, ID 20273
078.653 Send DATA 5 1, ID 10277, Window 4, PHL Queue 18
078.721 Recv DATA 2 0, ID 20274
078.907 Send DATA 6 2, ID 10278, Window 5, PHL Queue 38
078.974 Recv DATA 3 2, ID 20275
079.167 Send DATA 7 3, ID 10279, Window 4, PHL Queue 46
079.251 Recv DATA 4 3, ID 20276
079.430 Send DATA 0 4, ID 10280, Window 4, PHL Queue 48
079.529 Recv DATA 5 3, ID 20277
079.533 .... 278 packets received, 7280 bps, 90.99%, Err 6 (9.6e-006)
079.696 Send DATA 1 5, ID 10281, Window 5, PHL Queue 44
079.776 Recv DATA 6 5, ID 20278
079.970 Send DATA 2 6, ID 10282, Window 4, PHL Queue 24
080.051 Recv DATA 7 5, ID 20279
080.227 Send DATA 3 7, ID 10283, Window 5, PHL Queue 38
080.307 Recv DATA 0 6, ID 20280
080.325 Recv ACK  0
080.487 Send DATA 4 0, ID 10284, Window 3, PHL Queue 46
080.584 Recv DATA 1 0, ID 20281
080.759 Send DATA 5 1, ID 10285, Window 4, PHL Queue 30
080.839 Recv DATA 2 1, ID 20282
081.016 Send DATA 6 2, ID 10286, Window 4, PHL Queue 44
081.098 Recv DATA 3 2, ID 20283
081.290 Send DATA 7 3, ID 10287, Window 4, PHL Queue 24
081.372 Recv DATA 4 3, ID 20284
081.550 Send DATA 0 4, ID 10288, Window 4, PHL Queue 32
081.630 Recv DATA 5 4, ID 20285
081.631 .... 286 packets received, 7293 bps, 91.16%, Err 6 (9.3e-006)
081.809 Send DATA 1 5, ID 10289, Window 4, PHL Queue 42
081.907 Recv DATA 6 5, ID 20286
082.083 Send DATA 2 6, ID 10290, Window 4, PHL Queue 22
082.165 Recv DATA 7 6, ID 20287
082.342 Send DATA 3 7, ID 10291, Window 4, PHL Queue 32
082.439 Recv DATA 0 7, ID 20288
082.600 Send DATA 4 0, ID 10292, Window 4, PHL Queue 44
082.698 Recv DATA 1 0, ID 20289
082.874 Send DATA 5 1, ID 10293, Window 4, PHL Queue 24
082.957 Recv DATA 2 1, ID 20290
083.130 Send DATA 6 2, ID 10294, Window 4, PHL Queue 40
083.228 Recv DATA 3 2, ID 20291
083.246 Recv NAK  2
083.404 Send DATA 3 3, ID 10291, Window 0, PHL Queue 20
083.503 Recv DATA 4 2, ID 20292
083.654 Send DATA 4 4, ID 10292, Window 1, PHL Queue 48
083.759 Recv DATA 5 2, ID 20293
083.759 .... 294 packets received, 7304 bps, 91.29%, Err 6 (9.1e-006)
083.921 Send DATA 5 5, ID 10293, Window 2, PHL Queue 42
084.033 Recv DATA 6 2, ID 20294
084.194 Send DATA 6 6, ID 10294, Window 3, PHL Queue 24
084.291 Recv DATA 7 2, ID 20295
084.457 Send DATA 7 7, ID 10295, Window 4, PHL Queue 26
084.539 Recv DATA 0 3, ID 20296
084.716 Send DATA 0 0, ID 10296, Window 4, PHL Queue 36
084.815 Receiver Error 5: Bad CRC Checksum
084.816 Send NAK  0
084.994 Send DATA 1 0, ID 10297, Window 5, PHL Queue 22
085.091 Recv DATA 2 5, ID 20298
085.247 Send DATA 2 0, ID 10298, Window 4, PHL Queue 44
085.344 Recv DATA 3 6, ID 20299
085.520 Send DATA 3 0, ID 10299, Window 4, PHL Queue 26
085.603 Recv DATA 4 7, ID 20300
085.781 Send DATA 4 0, ID 10300, Window 4, PHL Queue 32
085.848 Recv DATA 1 0, ID 20297
085.851 .... 298 packets received, 7220 bps, 90.25%, Err 8 (1.2e-005)
086.046 Send DATA 5 1, ID 10301, Window 4, PHL Queue 30
086.128 Recv DATA 2 1, ID 20298
086.302 Send DATA 6 2, ID 10302, Window 4, PHL Queue 46
086.385 Recv DATA 3 2, ID 20299
086.580 Send DATA 7 3, ID 10303, Window 4, PHL Queue 18
086.646 Recv DATA 4 3, ID 20300
086.840 Send DATA 0 4, ID 10304, Window 4, PHL Queue 26
086.937 Recv DATA 5 4, ID 20301
087.098 Send DATA 1 5, ID 10305, Window 4, PHL Queue 38
087.196 Recv DATA 6 5, ID 20302
087.357 Send DATA 2 6, ID 10306, Window 4, PHL Queue 48
087.440 Recv DATA 7 6, ID 20303
087.632 Send DATA 3 7, ID 10307, Window 4, PHL Queue 26
087.714 Recv DATA 0 7, ID 20304
087.891 Send DATA 4 0, ID 10308, Window 4, PHL Queue 36
087.972 Recv DATA 1 0, ID 20305
087.972 .... 306 packets received, 7232 bps, 90.40%, Err 8 (1.2e-005)
088.151 Send DATA 5 1, ID 10309, Window 4, PHL Queue 44
088.250 Recv DATA 2 1, ID 20306
088.428 Send DATA 6 2, ID 10310, Window 4, PHL Queue 18
088.494 Recv DATA 3 2, ID 20307
088.687 Send DATA 7 3, ID 10311, Window 4, PHL Queue 28
088.772 Recv DATA 4 2, ID 20308
088.948 Send DATA 0 4, ID 10312, Window 5, PHL Queue 34
089.033 Recv DATA 5 4, ID 20309
089.211 Send DATA 1 5, ID 10313, Window 4, PHL Queue 36
089.294 Recv DATA 6 5, ID 20310
089.471 Send DATA 2 6, ID 10314, Window 4, PHL Queue 44
089.571 Recv DATA 7 6, ID 20311
089.748 Send DATA 3 7, ID 10315, Window 4, PHL Queue 18
089.815 Recv DATA 0 7, ID 20312
090.009 Send DATA 4 0, ID 10316, Window 4, PHL Queue 24
090.107 Recv DATA 1 0, ID 20313
090.109 .... 314 packets received, 7243 bps, 90.53%, Err 8 (1.1e-005)
090.273 Send DATA 5 1, ID 10317, Window 4, PHL Queue 24
090.355 Recv DATA 2 1, ID 20314
090.530 Send DATA 6 2, ID 10318, Window 4, PHL Queue 38
090.612 Recv DATA 3 2, ID 20315
090.804 Send DATA 7 3, ID 10319, Window 4, PHL Queue 18
090.885 Recv DATA 4 3, ID 20316
091.064 Send DATA 0 4, ID 10320, Window 4, PHL Queue 26
091.149 Recv DATA 5 4, ID 20317
091.325 Send DATA 1 5, ID 10321, Window 4, PHL Queue 32
091.424 Recv DATA 6 5, ID 20318
091.584 Send DATA 2 6, ID 10322, Window 4, PHL Queue 42
091.667 Recv DATA 7 6, ID 20319
091.845 Send DATA 3 7, ID 10323, Window 4, PHL Queue 48
091.943 Recv DATA 0 7, ID 20320
092.119 Send DATA 4 0, ID 10324, Window 4, PHL Queue 28
092.201 Recv DATA 1 0, ID 20321
092.204 .... 322 packets received, 7256 bps, 90.70%, Err 8 (1.1e-005)
092.381 Send DATA 5 1, ID 10325, Window 4, PHL Queue 32
092.480 Recv DATA 2 1, ID 20322
092.646 Send DATA 6 2, ID 10326, Window 4, PHL Queue 30
092.730 Recv DATA 3 2, ID 20323
092.907 Send DATA 7 3, ID 10327, Window 4, PHL Queue 36
093.004 Receiver Error 6: Bad CRC Checksum
093.004 Send NAK  3
093.181 Send DATA 0 3, ID 10328, Window 5, PHL Queue 30
093.264 Recv DATA 5 4, ID 20325
093.443 Send DATA 1 3, ID 10329, Window 4, PHL Queue 34
093.509 Recv DATA 6 5, ID 20326
093.715 Send DATA 2 3, ID 10330, Window 4, PHL Queue 18
093.781 Recv DATA 7 6, ID 20327
093.973 Send DATA 3 3, ID 10331, Window 4, PHL Queue 30
094.054 Recv DATA 0 7, ID 20328
094.231 Send DATA 4 3, ID 10332, Window 4, PHL Queue 42
094.298 Recv DATA 4 0, ID 20324
094.301 .... 325 packets received, 7159 bps, 89.48%, Err 9 (1.2e-005)
094.492 Send DATA 5 4, ID 10333, Window 4, PHL Queue 48
094.574 Recv DATA 5 1, ID 20325
094.769 Send DATA 6 5, ID 10334, Window 4, PHL Queue 22
094.849 Recv DATA 6 2, ID 20326
095.021 Send DATA 7 6, ID 10335, Window 4, PHL Queue 46
095.101 Recv DATA 7 3, ID 20327
095.291 Send DATA 0 7, ID 10336, Window 4, PHL Queue 34
095.357 Recv DATA 0 4, ID 20328
095.549 Send DATA 1 0, ID 10337, Window 4, PHL Queue 46
095.630 Recv DATA 1 5, ID 20329
095.824 Send DATA 2 1, ID 10338, Window 4, PHL Queue 24
095.906 Recv DATA 2 6, ID 20330
096.083 Send DATA 3 2, ID 10339, Window 4, PHL Queue 34
096.166 Recv DATA 3 7, ID 20331
096.356 Send DATA 4 3, ID 10340, Window 4, PHL Queue 16
096.420 Recv DATA 4 7, ID 20332
096.424 .... 333 packets received, 7171 bps, 89.64%, Err 9 (1.2e-005)
096.441 Recv NAK  0
096.457 Recv ACK  0
096.616 Send DATA 1 4, ID 10337, Window 0, PHL Queue 24
096.714 Recv DATA 5 0, ID 20333
096.878 Send DATA 2 5, ID 10338, Window 1, PHL Queue 28
096.960 Recv DATA 6 0, ID 20334
097.136 Send DATA 3 6, ID 10339, Window 2, PHL Queue 40
097.236 Recv DATA 7 0, ID 20335
097.397 Send DATA 4 7, ID 10340, Window 3, PHL Queue 46
097.480 Recv DATA 0 0, ID 20336
097.674 Send DATA 5 0, ID 10341, Window 4, PHL Queue 20
097.772 Recv DATA 1 1, ID 20337
097.933 Send DATA 6 1, ID 10342, Window 4, PHL Queue 30
098.030 Recv DATA 2 2, ID 20338
098.191 Send DATA 7 2, ID 10343, Window 4, PHL Queue 42
098.306 Recv DATA 3 3, ID 20339
098.466 Send DATA 0 3, ID 10344, Window 4, PHL Queue 20
098.563 Recv DATA 4 4, ID 20340
098.563 .... 341 packets received, 7182 bps, 89.77%, Err 9 (1.2e-005)
098.726 Send DATA 1 4, ID 10345, Window 4, PHL Queue 28
098.808 Recv DATA 5 5, ID 20341
098.826 Recv NAK  5
098.988 Send DATA 6 5, ID 10342, Window 0, PHL Queue 32
099.101 Recv DATA 6 5, ID 20342
099.246 Send DATA 7 6, ID 10343, Window 1, PHL Queue 44
099.361 Recv DATA 7 5, ID 20343
099.521 Send DATA 0 7, ID 10344, Window 2, PHL Queue 22
099.618 Recv DATA 0 5, ID 20344
099.779 Send DATA 1 0, ID 10345, Window 3, PHL Queue 34
099.892 Recv DATA 1 5, ID 20345
100.037 Send DATA 2 1, ID 10346, Window 4, PHL Queue 46
100.151 Recv DATA 2 6, ID 20346
100.312 Send DATA 3 2, ID 10347, Window 4, PHL Queue 24
100.410 Recv DATA 3 7, ID 20347
100.572 Send DATA 4 3, ID 10348, Window 4, PHL Queue 32
100.622 Recv ACK  1
100.829 Send DATA 5 3, ID 10349, Window 3, PHL Queue 46
101.097 Send DATA 6 3, ID 10350, Window 4, PHL Queue 38
101.161 Recv ACK  3
101.368 Send DATA 7 3, ID 10351, Window 3, PHL Queue 24
101.623 Send DATA 0 3, ID 10352, Window 4, PHL Queue 42
101.689 Recv ACK  5
101.898 Send DATA 1 3, ID 10353, Window 3, PHL Queue 20
102.152 Send DATA 2 3, ID 10354, Window 4, PHL Queue 40
102.218 Recv ACK  7
102.426 Send DATA 3 3, ID 10355, Window 3, PHL Queue 20
102.680 Send DATA 4 3, ID 10356, Window 4, PHL Queue 40
102.746 Recv ACK  1
102.955 Send DATA 5 3, ID 10357, Window 3, PHL Queue 18
103.210 Send DATA 6 3, ID 10358, Window 4, PHL Queue 36
103.276 Recv ACK  3
103.469 Send DATA 7 3, ID 10359, Window 3, PHL Queue 46
103.742 Send DATA 0 3, ID 10360, Window 4, PHL Queue 28
103.809 Recv ACK  5
104.000 Send DATA 1 3, ID 10361, Window 3, PHL Queue 40
104.271 Send DATA 2 3, ID 10362, Window 4, PHL Queue 26
104.511 Recv DATA 4 6, ID 20348
104.514 .... 349 packets received, 6926 bps, 86.58%, Err 9 (1.1e-005)
104.532 Send DATA 3 4, ID 10363, Window 4, PHL Queue 32
104.598 Recv ACK  0
104.790 Send DATA 4 4, ID 10364, Window 3, PHL Queue 44
105.064 Send DATA 5 4, ID 10365, Window 4, PHL Queue 24
105.130 Recv ACK  2
105.319 Send DATA 6 4, ID 10366, Window 3, PHL Queue 42
105.592 Send DATA 7 4, ID 10367, Window 4, PHL Queue 24
105.658 Recv ACK  4
105.848 Send DATA 0 4, ID 10368, Window 3, PHL Queue 40
106.120 Send DATA 1 4, ID 10369, Window 4, PHL Queue 24
106.186 Recv ACK  6
106.376 Send DATA 2 4, ID 10370, Window 3, PHL Queue 40
106.649 Send DATA 3 4, ID 10371, Window 4, PHL Queue 22
106.715 Recv ACK  0
106.906 Send DATA 4 4, ID 10372, Window 3, PHL Queue 36
107.176 Send DATA 5 4, ID 10373, Window 4, PHL Queue 24
107.243 Recv ACK  2
107.435 Send DATA 6 4, ID 10374, Window 3, PHL Queue 34
107.706 Send DATA 7 4, ID 10375, Window 4, PHL Queue 20
107.770 Recv ACK  4
107.962 Send DATA 0 4, ID 10376, Window 3, PHL Queue 36
108.234 Send DATA 1 4, ID 10377, Window 4, PHL Queue 20
108.285 Recv ACK  6
108.493 Send DATA 2 4, ID 10378, Window 3, PHL Queue 30
108.671 Recv DATA 5 6, ID 20349
108.673 .... 350 packets received, 6677 bps, 83.46%, Err 9 (1.1e-005)
108.755 Send DATA 3 5, ID 10379, Window 4, PHL Queue 34
108.790 Recv ACK  7
109.015 Send DATA 4 5, ID 10380, Window 4, PHL Queue 42
109.097 Recv ACK  1
109.289 Send DATA 5 5, ID 10381, Window 3, PHL Queue 22
109.547 Send DATA 6 5, ID 10382, Window 4, PHL Queue 34
109.613 Recv ACK  3
109.806 Send DATA 7 5, ID 10383, Window 3, PHL Queue 44
110.079 Send DATA 0 5, ID 10384, Window 4, PHL Queue 26
110.160 Recv ACK  5
110.336 Send DATA 1 5, ID 10385, Window 3, PHL Queue 40
110.608 Send DATA 2 5, ID 10386, Window 4, PHL Queue 24
110.691 Recv ACK  7
110.867 Send DATA 3 5, ID 10387, Window 3, PHL Queue 34
111.125 Send DATA 4 5, ID 10388, Window 4, PHL Queue 46
111.207 Recv ACK  1
111.399 Send DATA 5 5, ID 10389, Window 3, PHL Queue 26
111.655 Send DATA 6 5, ID 10390, Window 4, PHL Queue 42
111.722 Recv ACK  3
111.931 Send DATA 7 5, ID 10391, Window 3, PHL Queue 18
112.190 Send DATA 0 5, ID 10392, Window 4, PHL Queue 28
112.255 Recv ACK  5
112.446 Send DATA 1 5, ID 10393, Window 3, PHL Queue 44
112.718 Send DATA 2 5, ID 10394, Window 4, PHL Queue 28
112.737 Recv DATA 6 5, ID 20350
112.737 .... 351 packets received, 6452 bps, 80.65%, Err 9 (1.1e-005)
112.787 Recv ACK  7
112.979 Send DATA 3 6, ID 10395, Window 3, PHL Queue 34
113.251 Send DATA 4 6, ID 10396, Window 4, PHL Queue 18
113.314 Recv ACK  1
113.507 Send DATA 5 6, ID 10397, Window 3, PHL Queue 34
113.764 Send DATA 6 6, ID 10398, Window 4, PHL Queue 48
113.817 Recv ACK  3
114.040 Send DATA 7 6, ID 10399, Window 3, PHL Queue 24
114.298 Send DATA 0 6, ID 10400, Window 4, PHL Queue 36
114.363 Recv ACK  5
114.571 Send DATA 1 6, ID 10401, Window 3, PHL Queue 18
114.828 Send DATA 2 6, ID 10402, Window 4, PHL Queue 32
114.892 Recv ACK  7
115.084 Send DATA 3 6, ID 10403, Window 3, PHL Queue 48
115.356 Send DATA 4 6, ID 10404, Window 4, PHL Queue 32
115.423 Recv ACK  1
115.614 Send DATA 5 6, ID 10405, Window 3, PHL Queue 44
115.888 Send DATA 6 6, ID 10406, Window 4, PHL Queue 24
115.953 Recv ACK  3
116.148 Send DATA 7 6, ID 10407, Window 3, PHL Queue 32
116.407 Send DATA 0 6, ID 10408, Window 4, PHL Queue 42
116.488 Recv ACK  5
116.681 Send DATA 1 6, ID 10409, Window 3, PHL Queue 22
116.858 Recv DATA 7 5, ID 20351
116.860 .... 352 packets received, 6239 bps, 77.99%, Err 9 (1.1e-005)
116.942 Send DATA 2 7, ID 10410, Window 4, PHL Queue 28
116.991 Recv ACK  7
117.200 Send DATA 3 7, ID 10411, Window 3, PHL Queue 40
117.473 Send DATA 4 7, ID 10412, Window 4, PHL Queue 22
117.539 Recv ACK  1
117.730 Send DATA 5 7, ID 10413, Window 3, PHL Queue 36
117.989 Send DATA 6 7, ID 10414, Window 4, PHL Queue 46
118.055 Recv ACK  3
118.265 Send DATA 7 7, ID 10415, Window 3, PHL Queue 22
118.519 Send DATA 0 7, ID 10416, Window 4, PHL Queue 42
118.585 Recv ACK  5
118.793 Send DATA 1 7, ID 10417, Window 3, PHL Queue 22
119.051 Send DATA 2 7, ID 10418, Window 4, PHL Queue 34
119.118 Recv ACK  7
119.309 Send DATA 3 7, ID 10419, Window 3, PHL Queue 46
119.583 Send DATA 4 7, ID 10420, Window 4, PHL Queue 26
119.649 Recv ACK  1
119.839 Send DATA 5 7, ID 10421, Window 3, PHL Queue 42
120.112 Send DATA 6 7, ID 10422, Window 4, PHL Queue 24
120.176 Recv ACK  3
120.366 Send DATA 7 7, ID 10423, Window 3, PHL Queue 44
120.638 Send DATA 0 7, ID 10424, Window 4, PHL Queue 28
120.879 Recv DATA 0 4, ID 20352
120.881 .... 353 packets received, 6047 bps, 75.58%, Err 9 (1.1e-005)
120.898 Send DATA 1 0, ID 10425, Window 4, PHL Queue 36
120.979 Recv ACK  6
121.156 Send DATA 2 0, ID 10426, Window 3, PHL Queue 48
121.428 Send DATA 3 0, ID 10427, Window 4, PHL Queue 32
121.495 Recv ACK  0
121.687 Send DATA 4 0, ID 10428, Window 3, PHL Queue 42
121.961 Send DATA 5 0, ID 10429, Window 4, PHL Queue 22
122.027 Recv ACK  2
122.221 Send DATA 6 0, ID 10430, Window 3, PHL Queue 30
122.478 Send DATA 7 0, ID 10431, Window 4, PHL Queue 44
122.577 Recv ACK  4
122.752 Send DATA 0 0, ID 10432, Window 3, PHL Queue 24
123.008 Send DATA 1 0, ID 10433, Window 4, PHL Queue 40
123.088 Recv ACK  6
123.280 Send DATA 2 0, ID 10434, Window 3, PHL Queue 24
123.537 Send DATA 3 0, ID 10435, Window 4, PHL Queue 38
123.587 Recv ACK  0
123.811 Send DATA 4 0, ID 10436, Window 3, PHL Queue 18
124.071 Send DATA 5 0, ID 10437, Window 4, PHL Queue 26
124.137 Recv ACK  2
124.329 Send DATA 6 0, ID 10438, Window 3, PHL Queue 38
124.603 Send DATA 7 0, ID 10439, Window 4, PHL Queue 18
124.669 Recv ACK  4
124.861 Send DATA 0 0, ID 10440, Window 3, PHL Queue 30
124.959 Recv DATA 1 4, ID 20353
124.961 .... 354 packets received, 5864 bps, 73.30%, Err 9 (1.1e-005)
125.122 Send DATA 1 1, ID 10441, Window 4, PHL Queue 36
125.172 Recv ACK  6
125.380 Send DATA 2 1, ID 10442, Window 3, PHL Queue 48
125.655 Send DATA 3 1, ID 10443, Window 4, PHL Queue 26
125.690 Recv ACK  0
125.916 Send DATA 4 1, ID 10444, Window 3, PHL Queue 32
126.175 Send DATA 5 1, ID 10445, Window 4, PHL Queue 42
126.256 Recv ACK  2
126.446 Send DATA 6 1, ID 10446, Window 3, PHL Queue 28
126.704 Send DATA 7 1, ID 10447, Window 4, PHL Queue 40
126.770 Recv ACK  4
126.978 Send DATA 0 1, ID 10448, Window 3, PHL Queue 20
127.235 Send DATA 1 1, ID 10449, Window 4, PHL Queue 34
127.301 Recv ACK  6
127.508 Send DATA 2 1, ID 10450, Window 3, PHL Queue 16
127.766 Send DATA 3 1, ID 10451, Window 4, PHL Queue 28
127.830 Recv ACK  0
128.022 Send DATA 4 1, ID 10452, Window 3, PHL Queue 44
128.293 Send DATA 5 1, ID 10453, Window 4, PHL Queue 30
128.344 Recv ACK  2
128.552 Send DATA 6 1, ID 10454, Window 3, PHL Queue 40
128.827 Send DATA 7 1, ID 10455, Window 4, PHL Queue 18
128.988 Recv DATA 2 3, ID 20354
128.988 .... 355 packets received, 5695 bps, 71.18%, Err 9 (1.1e-005)
129.085 Send DATA 0 2, ID 10456, Window 4, PHL Queue 30
129.149 Recv ACK  5
129.354 Send DATA 1 2, ID 10457, Window 3, PHL Queue 20
129.612 Send DATA 2 2, ID 10458, Window 4, PHL Queue 32
129.677 Recv ACK  7
129.871 Send DATA 3 2, ID 10459, Window 3, PHL Queue 42
130.145 Send DATA 4 2, ID 10460, Window 4, PHL Queue 22
130.212 Recv ACK  1
130.402 Send DATA 5 2, ID 10461, Window 3, PHL Queue 36
130.672 Send DATA 6 2, ID 10462, Window 4, PHL Queue 24
130.739 Recv ACK  3
130.932 Send DATA 7 2, ID 10463, Window 3, PHL Queue 32
131.192 Send DATA 0 2, ID 10464, Window 4, PHL Queue 40
131.291 Recv ACK  5
131.452 Send DATA 1 2, ID 10465, Window 3, PHL Queue 48
131.727 Send DATA 2 2, ID 10466, Window 4, PHL Queue 26
131.792 Recv ACK  7
131.982 Send DATA 3 2, ID 10467, Window 3, PHL Queue 44
132.252 Send DATA 4 2, ID 10468, Window 4, PHL Queue 32
132.317 Recv ACK  1
132.509 Send DATA 5 2, ID 10469, Window 3, PHL Queue 46
132.575 Recv NAK  1
132.784 Send DATA 2 2, ID 10466, Window 0, PHL Queue 24
133.025 Recv DATA 3 1, ID 20355
133.026 .... 356 packets received, 5536 bps, 69.20%, Err 9 (1.1e-005)
133.045 Send DATA 3 3, ID 10467, Window 1, PHL Queue 30
133.303 Send DATA 4 3, ID 10468, Window 2, PHL Queue 42
133.576 Send DATA 5 3, ID 10469, Window 3, PHL Queue 24
133.834 Send DATA 6 3, ID 10470, Window 4, PHL Queue 36
133.915 Recv ACK  3
134.105 Send DATA 7 3, ID 10471, Window 3, PHL Queue 22
134.361 Send DATA 0 3, ID 10472, Window 4, PHL Queue 38
134.427 Recv ACK  5
134.620 Send DATA 1 3, ID 10473, Window 3, PHL Queue 48
134.894 Send DATA 2 3, ID 10474, Window 4, PHL Queue 28
134.961 Recv ACK  7
135.153 Send DATA 3 3, ID 10475, Window 3, PHL Queue 38
135.425 Send DATA 4 3, ID 10476, Window 4, PHL Queue 22
135.489 Recv ACK  1
135.682 Send DATA 5 3, ID 10477, Window 3, PHL Queue 36
135.941 Send DATA 6 3, ID 10478, Window 4, PHL Queue 46
136.008 Recv ACK  3
136.217 Send DATA 7 3, ID 10479, Window 3, PHL Queue 22
136.473 Send DATA 0 3, ID 10480, Window 4, PHL Queue 38
136.539 Recv ACK  5
136.747 Send DATA 1 3, ID 10481, Window 3, PHL Queue 18
137.007 Send DATA 2 3, ID 10482, Window 4, PHL Queue 26
137.119 Recv DATA 4 6, ID 20356
137.120 .... 357 packets received, 5384 bps, 67.30%, Err 9 (1.1e-005)
137.264 Send DATA 3 4, ID 10483, Window 4, PHL Queue 40
137.315 Recv ACK  0
137.524 Send DATA 4 4, ID 10484, Window 3, PHL Queue 48
137.794 Send DATA 5 4, ID 10485, Window 4, PHL Queue 36
137.845 Recv ACK  2
138.052 Send DATA 6 4, ID 10486, Window 3, PHL Queue 48
138.323 Send DATA 7 4, ID 10487, Window 4, PHL Queue 34
138.389 Recv ACK  4
138.583 Send DATA 0 4, ID 10488, Window 3, PHL Queue 42
138.853 Send DATA 1 4, ID 10489, Window 4, PHL Queue 30
138.919 Recv ACK  6
139.112 Send DATA 2 4, ID 10490, Window 3, PHL Queue 40
139.382 Send DATA 3 4, ID 10491, Window 4, PHL Queue 28
139.448 Recv ACK  0
139.641 Send DATA 4 4, ID 10492, Window 3, PHL Queue 38
139.900 Send DATA 5 4, ID 10493, Window 4, PHL Queue 48
139.982 Recv ACK  2
140.175 Send DATA 6 4, ID 10494, Window 3, PHL Queue 26
140.432 Send DATA 7 4, ID 10495, Window 4, PHL Queue 40
140.497 Recv ACK  4
140.707 Send DATA 0 4, ID 10496, Window 3, PHL Queue 18
140.968 Send DATA 1 4, ID 10497, Window 4, PHL Queue 24
141.208 Recv DATA 5 5, ID 20357
141.208 .... 358 packets received, 5241 bps, 65.51%, Err 9 (1.1e-005)
141.225 Send DATA 2 5, ID 10498, Window 4, PHL Queue 38
141.305 Recv ACK  7
141.498 Send DATA 3 5, ID 10499, Window 3, PHL Queue 20
141.756 Send DATA 4 5, ID 10500, Window 4, PHL Queue 32
141.821 Recv ACK  1
142.026 Send DATA 5 5, ID 10501, Window 3, PHL Queue 20
142.283 Send DATA 6 5, ID 10502, Window 4, PHL Queue 34
142.349 Recv ACK  3
142.541 Send DATA 7 5, ID 10503, Window 3, PHL Queue 46
142.814 Send DATA 0 5, ID 10504, Window 4, PHL Queue 28
142.879 Recv ACK  5
143.073 Send DATA 1 5, ID 10505, Window 3, PHL Queue 38
143.332 Send DATA 2 5, ID 10506, Window 4, PHL Queue 48
143.414 Recv ACK  7
143.607 Send DATA 3 5, ID 10507, Window 3, PHL Queue 26
143.864 Send DATA 4 5, ID 10508, Window 4, PHL Queue 40
143.929 Recv ACK  1
144.138 Send DATA 5 5, ID 10509, Window 3, PHL Queue 20
144.394 Send DATA 6 5, ID 10510, Window 4, PHL Queue 36
144.458 Recv ACK  3
144.665 Send DATA 7 5, ID 10511, Window 3, PHL Queue 22
144.919 Send DATA 0 5, ID 10512, Window 4, PHL Queue 42
144.985 Recv ACK  5
145.191 Send DATA 1 5, ID 10513, Window 3, PHL Queue 26
145.417 Recv DATA 6 5, ID 20358
145.419 .... 359 packets received, 5102 bps, 63.78%, Err 9 (1.1e-005)
145.455 Send DATA 2 6, ID 10514, Window 4, PHL Queue 26
145.520 Recv ACK  7
145.714 Send DATA 3 6, ID 10515, Window 3, PHL Queue 36
145.987 Send DATA 4 6, ID 10516, Window 4, PHL Queue 18
146.036 Recv ACK  1
146.244 Send DATA 5 6, ID 10517, Window 3, PHL Queue 32
146.515 Send DATA 6 6, ID 10518, Window 4, PHL Queue 18
146.568 Recv ACK  3
146.775 Send DATA 7 6, ID 10519, Window 3, PHL Queue 26
147.031 Send DATA 0 6, ID 10520, Window 4, PHL Queue 42
147.097 Recv ACK  5
147.306 Send DATA 1 6, ID 10521, Window 3, PHL Queue 20
147.564 Send DATA 2 6, ID 10522, Window 4, PHL Queue 32
147.628 Recv ACK  7
147.828 Send DATA 3 6, ID 10523, Window 3, PHL Queue 32
148.093 Send DATA 4 6, ID 10524, Window 4, PHL Queue 30
148.159 Recv ACK  1
148.353 Send DATA 5 6, ID 10525, Window 3, PHL Queue 38
148.627 Send DATA 6 6, ID 10526, Window 4, PHL Queue 18
148.693 Recv ACK  3
148.888 Send DATA 7 6, ID 10527, Window 3, PHL Queue 24
149.146 Send DATA 0 6, ID 10528, Window 4, PHL Queue 36
149.405 Send DATA 1 6, ID 10529, Window 5, PHL Queue 46
149.441 Recv DATA 7 4, ID 20359
149.442 .... 360 packets received, 4977 bps, 62.22%, Err 9 (1.1e-005)
149.477 Recv ACK  6
149.671 Send DATA 2 7, ID 10530, Window 3, PHL Queue 42
149.936 Send DATA 3 7, ID 10531, Window 4, PHL Queue 40
149.985 Recv ACK  7
150.204 Send DATA 4 7, ID 10532, Window 4, PHL Queue 32
150.292 Recv ACK  1
150.469 Send DATA 5 7, ID 10533, Window 3, PHL Queue 30
150.728 Send DATA 6 7, ID 10534, Window 4, PHL Queue 40
150.809 Recv ACK  3
151.002 Send DATA 7 7, ID 10535, Window 3, PHL Queue 20
151.263 Send DATA 0 7, ID 10536, Window 4, PHL Queue 26
151.314 Recv ACK  5
151.524 Send DATA 1 7, ID 10537, Window 3, PHL Queue 32
151.782 Send DATA 2 7, ID 10538, Window 4, PHL Queue 44
151.858 Recv ACK  7
152.052 Send DATA 3 7, ID 10539, Window 3, PHL Queue 32
152.308 Send DATA 4 7, ID 10540, Window 4, PHL Queue 48
152.356 Recv ACK  0
152.582 Send DATA 5 7, ID 10541, Window 4, PHL Queue 28
152.662 Recv ACK  2
152.838 Send DATA 6 7, ID 10542, Window 3, PHL Queue 44
153.112 Send DATA 7 7, ID 10543, Window 4, PHL Queue 24
153.193 Recv ACK  4
153.371 Send DATA 0 7, ID 10544, Window 3, PHL Queue 34
153.517 Recv DATA 0 4, ID 20360
153.518 .... 361 packets received, 4858 bps, 60.72%, Err 9 (1.1e-005)
153.632 Send DATA 1 0, ID 10545, Window 4, PHL Queue 40
153.715 Recv ACK  6
153.894 Send DATA 2 0, ID 10546, Window 3, PHL Queue 44
154.158 Send DATA 3 0, ID 10547, Window 4, PHL Queue 44
154.256 Recv ACK  0
154.434 Send DATA 4 0, ID 10548, Window 3, PHL Queue 20
154.692 Send DATA 5 0, ID 10549, Window 4, PHL Queue 32
154.772 Recv ACK  2
154.963 Send DATA 6 0, ID 10550, Window 3, PHL Queue 18
155.221 Send DATA 7 0, ID 10551, Window 4, PHL Queue 30
155.287 Recv ACK  4
155.479 Send DATA 0 0, ID 10552, Window 3, PHL Queue 42
155.754 Send DATA 1 0, ID 10553, Window 4, PHL Queue 20
155.789 Recv ACK  6
156.013 Send DATA 2 0, ID 10554, Window 3, PHL Queue 30
156.273 Send DATA 3 0, ID 10555, Window 4, PHL Queue 38
156.355 Recv ACK  0
156.548 Send DATA 4 0, ID 10556, Window 3, PHL Queue 16
156.805 Send DATA 5 0, ID 10557, Window 4, PHL Queue 30
156.872 Recv ACK  2
157.065 Send DATA 6 0, ID 10558, Window 3, PHL Queue 38
157.339 Send DATA 7 0, ID 10559, Window 4, PHL Queue 18
157.390 Recv ACK  4
157.599 Send DATA 0 0, ID 10560, Window 3, PHL Queue 26
157.663 Receiver Error 7: Bad CRC Checksum
157.664 Send NAK  0
157.872 Send DATA 1 0, ID 10561, Window 4, PHL Queue 22
157.923 Recv ACK  6
158.127 Send DATA 2 0, ID 10562, Window 3, PHL Queue 40
158.396 Send DATA 3 0, ID 10563, Window 4, PHL Queue 30
158.444 Recv ACK  0
158.664 Send DATA 4 0, ID 10564, Window 3, PHL Queue 22
158.712 Recv DATA 1 0, ID 20361
158.714 .... 362 packets received, 4710 bps, 58.88%, Err 10 (1.2e-005)
158.922 Send DATA 5 1, ID 10565, Window 4, PHL Queue 34
158.988 Recv ACK  2
159.181 Send DATA 6 1, ID 10566, Window 3, PHL Queue 44
159.454 Send DATA 7 1, ID 10567, Window 4, PHL Queue 26
159.518 Recv ACK  4
159.711 Send DATA 0 1, ID 10568, Window 3, PHL Queue 40
159.985 Send DATA 1 1, ID 10569, Window 4, PHL Queue 20
160.035 Recv ACK  6
160.244 Send DATA 2 1, ID 10570, Window 3, PHL Queue 30
160.502 Send DATA 3 1, ID 10571, Window 4, PHL Queue 42
160.584 Recv ACK  0
160.777 Send DATA 4 1, ID 10572, Window 3, PHL Queue 20
161.035 Send DATA 5 1, ID 10573, Window 4, PHL Queue 32
161.087 Recv ACK  2
161.297 Send DATA 6 1, ID 10574, Window 3, PHL Queue 36
161.587 Send DATA 7 1, ID 10575, Window 4, PHL Queue 0
161.825 Recv DATA 2 3, ID 20362
161.825 .... 363 packets received, 4632 bps, 57.90%, Err 10 (1.2e-005)
161.827 Send DATA 0 2, ID 10576, Window 4, PHL Queue 32
161.908 Recv ACK  4
162.086 Send DATA 1 2, ID 10577, Window 4, PHL Queue 42
162.153 Recv ACK  6
162.360 Send DATA 2 2, ID 10578, Window 3, PHL Queue 22
162.619 Send DATA 3 2, ID 10579, Window 4, PHL Queue 32
162.702 Recv ACK  7
162.888 Send DATA 4 2, ID 10580, Window 4, PHL Queue 22
162.972 Recv ACK  1
163.148 Send DATA 5 2, ID 10581, Window 3, PHL Queue 30
163.406 Send DATA 6 2, ID 10582, Window 4, PHL Queue 42
163.505 Recv ACK  3
163.682 Send DATA 7 2, ID 10583, Window 3, PHL Queue 18
163.938 Send DATA 0 2, ID 10584, Window 4, PHL Queue 34
164.005 Recv ACK  4
164.199 Send DATA 1 2, ID 10585, Window 4, PHL Queue 40
164.282 Recv ACK  6
164.473 Send DATA 2 2, ID 10586, Window 3, PHL Queue 20
164.731 Send DATA 3 2, ID 10587, Window 4, PHL Queue 32
164.788 Recv ACK  0
164.995 Send DATA 4 2, ID 10588, Window 3, PHL Queue 32
165.255 Send DATA 5 2, ID 10589, Window 4, PHL Queue 40
165.337 Recv ACK  2
165.517 Send DATA 6 2, ID 10590, Window 3, PHL Queue 44
165.790 Send DATA 7 2, ID 10591, Window 4, PHL Queue 26
165.856 Recv DATA 3 3, ID 20363
165.858 .... 364 packets received, 4531 bps, 56.63%, Err 10 (1.2e-005)
166.051 Send DATA 0 3, ID 10592, Window 4, PHL Queue 32
166.132 Recv ACK  5
166.309 Send DATA 1 3, ID 10593, Window 3, PHL Queue 44
166.586 Send DATA 2 3, ID 10594, Window 4, PHL Queue 18
166.636 Recv ACK  7
166.845 Send DATA 3 3, ID 10595, Window 3, PHL Queue 28
167.101 Send DATA 4 3, ID 10596, Window 4, PHL Queue 44
167.182 Recv ACK  1
167.373 Send DATA 5 3, ID 10597, Window 3, PHL Queue 28
167.632 Send DATA 6 3, ID 10598, Window 4, PHL Queue 38
167.683 Recv ACK  3
167.892 Send DATA 7 3, ID 10599, Window 3, PHL Queue 46
168.162 Send DATA 0 3, ID 10600, Window 4, PHL Queue 34
168.226 Recv ACK  5
168.432 Send DATA 1 3, ID 10601, Window 3, PHL Queue 22
168.689 Send DATA 2 3, ID 10602, Window 4, PHL Queue 36
168.756 Recv ACK  7
168.950 Send DATA 3 3, ID 10603, Window 3, PHL Queue 42
169.226 Send DATA 4 3, ID 10604, Window 4, PHL Queue 18
169.293 Recv ACK  1
169.488 Send DATA 5 3, ID 10605, Window 3, PHL Queue 22
169.744 Send DATA 6 3, ID 10606, Window 4, PHL Queue 38
169.907 Recv DATA 4 2, ID 20364
169.908 .... 365 packets received, 4434 bps, 55.42%, Err 10 (1.2e-005)
170.005 Send DATA 7 4, ID 10607, Window 4, PHL Queue 44
170.102 Recv ACK  4
170.280 Send DATA 0 4, ID 10608, Window 3, PHL Queue 22
170.535 Send DATA 1 4, ID 10609, Window 4, PHL Queue 40
170.617 Recv ACK  6
170.809 Send DATA 2 4, ID 10610, Window 3, PHL Queue 20
171.065 Send DATA 3 4, ID 10611, Window 4, PHL Queue 36
171.131 Recv ACK  0
171.323 Send DATA 4 4, ID 10612, Window 3, PHL Queue 48
171.597 Send DATA 5 4, ID 10613, Window 4, PHL Queue 28
171.658 Recv ACK  2
171.856 Send DATA 6 4, ID 10614, Window 3, PHL Queue 38
172.118 Send DATA 7 4, ID 10615, Window 4, PHL Queue 42
172.201 Recv ACK  4
172.379 Send DATA 0 4, ID 10616, Window 3, PHL Queue 48
172.648 Send DATA 1 4, ID 10617, Window 4, PHL Queue 38
172.735 Recv ACK  6
172.920 Send DATA 2 4, ID 10618, Window 3, PHL Queue 22
173.176 Send DATA 3 4, ID 10619, Window 4, PHL Queue 38
173.244 Recv ACK  0
173.438 Send DATA 4 4, ID 10620, Window 3, PHL Queue 42
173.703 Send DATA 5 4, ID 10621, Window 4, PHL Queue 40
173.770 Recv ACK  2
173.966 Send DATA 6 4, ID 10622, Window 3, PHL Queue 42
174.032 Recv DATA 5 2, ID 20365
174.032 .... 366 packets received, 4340 bps, 54.25%, Err 10 (1.2e-005)
174.228 Send DATA 7 5, ID 10623, Window 4, PHL Queue 46
174.310 Recv ACK  4
174.497 Send DATA 0 5, ID 10624, Window 3, PHL Queue 36
174.764 Send DATA 1 5, ID 10625, Window 4, PHL Queue 30
174.844 Recv ACK  6
175.030 Send DATA 2 5, ID 10626, Window 3, PHL Queue 26
175.283 Send DATA 3 5, ID 10627, Window 4, PHL Queue 48
175.361 Recv ACK  0
175.558 Send DATA 4 5, ID 10628, Window 3, PHL Queue 26
175.823 Send DATA 5 5, ID 10629, Window 4, PHL Queue 24
175.905 Recv ACK  2
176.083 Send DATA 6 5, ID 10630, Window 3, PHL Queue 32
176.341 Send DATA 7 5, ID 10631, Window 4, PHL Queue 44
176.440 Recv ACK  4
176.617 Send DATA 0 5, ID 10632, Window 3, PHL Queue 20
176.876 Send DATA 1 5, ID 10633, Window 4, PHL Queue 30
176.929 Recv ACK  6
177.137 Send DATA 2 5, ID 10634, Window 3, PHL Queue 36
177.395 Send DATA 3 5, ID 10635, Window 4, PHL Queue 48
177.480 Recv ACK  0
177.674 Send DATA 4 5, ID 10636, Window 3, PHL Queue 18
177.924 Send DATA 5 5, ID 10637, Window 4, PHL Queue 46
178.198 Send DATA 6 5, ID 10638, Window 5, PHL Queue 26
178.232 Recv DATA 6 1, ID 20366
178.235 .... 367 packets received, 4248 bps, 53.11%, Err 10 (1.2e-005)
178.268 Recv ACK  3
178.459 Send DATA 7 6, ID 10639, Window 3, PHL Queue 32
178.727 Send DATA 0 6, ID 10640, Window 4, PHL Queue 24
178.786 Recv ACK  5
178.994 Send DATA 1 6, ID 10641, Window 3, PHL Queue 18
179.245 Send DATA 2 6, ID 10642, Window 4, PHL Queue 44
179.326 Recv ACK  7
179.521 Send DATA 3 6, ID 10643, Window 3, PHL Queue 20
179.779 Send DATA 4 6, ID 10644, Window 4, PHL Queue 32
179.836 Recv NAK  0
179.864 Recv ACK  0
180.047 Send DATA 1 6, ID 10641, Window 0, PHL Queue 24
180.305 Send DATA 2 6, ID 10642, Window 1, PHL Queue 36
180.576 Send DATA 3 6, ID 10643, Window 2, PHL Queue 22
180.835 Send DATA 4 6, ID 10644, Window 3, PHL Queue 32
181.098 Send DATA 5 6, ID 10645, Window 4, PHL Queue 34
181.167 Recv ACK  2
181.359 Send DATA 6 6, ID 10646, Window 3, PHL Queue 40
181.632 Send DATA 7 6, ID 10647, Window 4, PHL Queue 22
181.697 Recv ACK  4
181.889 Send DATA 0 6, ID 10648, Window 3, PHL Queue 36
182.147 Send DATA 1 6, ID 10649, Window 4, PHL Queue 48
182.310 Recv DATA 7 5, ID 20367
182.314 .... 368 packets received, 4164 bps, 52.05%, Err 10 (1.2e-005)
182.426 Send DATA 2 7, ID 10650, Window 4, PHL Queue 18
182.476 Recv ACK  7
182.685 Send DATA 3 7, ID 10651, Window 3, PHL Queue 28
182.943 Send DATA 4 7, ID 10652, Window 4, PHL Queue 40
183.009 Recv ACK  1
183.215 Send DATA 5 7, ID 10653, Window 3, PHL Queue 24
183.474 Send DATA 6 7, ID 10654, Window 4, PHL Queue 34
183.539 Recv NAK  2
183.732 Send DATA 3 7, ID 10651, Window 0, PHL Queue 46
184.000 Send DATA 4 7, ID 10652, Window 1, PHL Queue 38
184.262 Send DATA 5 7, ID 10653, Window 2, PHL Queue 42
184.523 Send DATA 6 7, ID 10654, Window 3, PHL Queue 48
184.790 Send DATA 7 7, ID 10655, Window 4, PHL Queue 42
184.871 Recv ACK  2
185.062 Send DATA 0 7, ID 10656, Window 5, PHL Queue 26
185.316 Send DATA 1 7, ID 10657, Window 6, PHL Queue 46
185.380 Recv ACK  4
185.589 Send DATA 2 7, ID 10658, Window 5, PHL Queue 28
185.851 Send DATA 3 7, ID 10659, Window 6, PHL Queue 32
185.939 Recv ACK  6
186.114 Recv ACK  0
186.115 Send DATA 4 7, ID 10660, Window 3, PHL Queue 32
186.357 Recv DATA 0 0, ID 20368
186.358 .... 369 packets received, 4084 bps, 51.05%, Err 10 (1.2e-005)
186.383 Send DATA 5 0, ID 10661, Window 4, PHL Queue 24
186.436 Recv ACK  2
186.646 Send DATA 6 0, ID 10662, Window 3, PHL Queue 26
186.905 Send DATA 7 0, ID 10663, Window 4, PHL Queue 36
186.988 Recv ACK  4
187.169 Send DATA 0 0, ID 10664, Window 3, PHL Queue 36
187.442 Send DATA 1 0, ID 10665, Window 4, PHL Queue 18
187.491 Recv ACK  6
187.704 Send DATA 2 0, ID 10666, Window 3, PHL Queue 22
187.966 Send DATA 3 0, ID 10667, Window 4, PHL Queue 26
188.032 Recv ACK  0
188.225 Send DATA 4 0, ID 10668, Window 3, PHL Queue 36
188.498 Send DATA 5 0, ID 10669, Window 4, PHL Queue 18
188.548 Recv NAK  1
188.564 Recv ACK  1
188.755 Send DATA 2 0, ID 10666, Window 0, PHL Queue 34
189.026 Send DATA 3 0, ID 10667, Window 1, PHL Queue 18
189.288 Send DATA 4 0, ID 10668, Window 2, PHL Queue 22
189.545 Send DATA 5 0, ID 10669, Window 3, PHL Queue 36
189.818 Send DATA 6 0, ID 10670, Window 4, PHL Queue 18
189.884 Recv ACK  3
190.077 Send DATA 7 0, ID 10671, Window 3, PHL Queue 28
190.337 Send DATA 0 0, ID 10672, Window 4, PHL Queue 36
190.451 Recv DATA 1 4, ID 20369
190.453 .... 370 packets received, 4006 bps, 50.08%, Err 10 (1.2e-005)
190.599 Send DATA 1 1, ID 10673, Window 4, PHL Queue 40
190.665 Recv ACK  6
190.859 Send DATA 2 1, ID 10674, Window 3, PHL Queue 48
191.132 Send DATA 3 1, ID 10675, Window 4, PHL Queue 30
191.199 Recv ACK  0
191.391 Send DATA 4 1, ID 10676, Window 3, PHL Queue 40
191.664 Send DATA 5 1, ID 10677, Window 4, PHL Queue 22
191.729 Recv ACK  2
191.920 Send DATA 6 1, ID 10678, Window 3, PHL Queue 38
192.193 Send DATA 7 1, ID 10679, Window 4, PHL Queue 20
192.258 Recv ACK  4
192.450 Send DATA 0 1, ID 10680, Window 3, PHL Queue 34
192.710 Send DATA 1 1, ID 10681, Window 4, PHL Queue 42
192.781 Recv ACK  6
192.976 Send DATA 2 1, ID 10682, Window 3, PHL Queue 38
193.250 Send DATA 3 1, ID 10683, Window 4, PHL Queue 18
193.315 Recv ACK  0
193.510 Send DATA 4 1, ID 10684, Window 3, PHL Queue 26
193.767 Send DATA 5 1, ID 10685, Window 4, PHL Queue 40
193.834 Recv ACK  2
194.042 Send DATA 6 1, ID 10686, Window 3, PHL Queue 18
194.301 Send DATA 7 1, ID 10687, Window 4, PHL Queue 28
194.557 Send DATA 0 1, ID 10688, Window 5, PHL Queue 44
194.575 Recv DATA 2 3, ID 20370
194.577 .... 371 packets received, 3932 bps, 49.14%, Err 10 (1.2e-005)
194.629 Recv ACK  5
194.820 Send DATA 1 2, ID 10689, Window 3, PHL Queue 46
195.090 Send DATA 2 2, ID 10690, Window 4, PHL Queue 34
195.157 Recv ACK  7
195.348 Send DATA 3 2, ID 10691, Window 3, PHL Queue 46
195.623 Send DATA 4 2, ID 10692, Window 4, PHL Queue 24
195.690 Recv ACK  1
195.882 Send DATA 5 2, ID 10693, Window 3, PHL Queue 34
196.144 Send DATA 6 2, ID 10694, Window 4, PHL Queue 38
196.212 Recv ACK  3
196.409 Send DATA 7 2, ID 10695, Window 3, PHL Queue 36
196.667 Send DATA 0 2, ID 10696, Window 4, PHL Queue 48
196.765 Recv ACK  5
196.943 Send DATA 1 2, ID 10697, Window 3, PHL Queue 24
197.197 Send DATA 2 2, ID 10698, Window 4, PHL Queue 44
197.263 Recv ACK  7
197.474 Send DATA 3 2, ID 10699, Window 3, PHL Queue 18
197.736 Send DATA 4 2, ID 10700, Window 4, PHL Queue 22
197.816 Recv ACK  1
197.991 Send DATA 5 2, ID 10701, Window 3, PHL Queue 40
198.261 Send DATA 6 2, ID 10702, Window 4, PHL Queue 28
198.327 Recv ACK  3
198.519 Send DATA 7 2, ID 10703, Window 3, PHL Queue 40
198.665 Recv DATA 3 3, ID 20371
198.667 .... 372 packets received, 3860 bps, 48.26%, Err 10 (1.2e-005)
198.779 Send DATA 0 3, ID 10704, Window 4, PHL Queue 48
198.845 Recv ACK  5
199.054 Send DATA 1 3, ID 10705, Window 3, PHL Queue 26
199.312 Send DATA 2 3, ID 10706, Window 4, PHL Queue 38
199.394 Recv ACK  7
199.572 Send DATA 3 3, ID 10707, Window 3, PHL Queue 46
199.841 Send DATA 4 3, ID 10708, Window 4, PHL Queue 36
199.907 Recv ACK  1
200.100 Send DATA 5 3, ID 10709, Window 3, PHL Queue 46
200.372 Send DATA 6 3, ID 10710, Window 4, PHL Queue 30
200.566 Recv DATA 4 2, ID 20372
200.632 Send DATA 7 4, ID 10711, Window 4, PHL Queue 38
200.811 Recv DATA 5 3, ID 20373
200.812 .... 374 packets received, 3839 bps, 47.99%, Err 10 (1.2e-005)
200.892 Send DATA 0 5, ID 10712, Window 4, PHL Queue 46
201.086 Recv DATA 6 4, ID 20374
201.167 Send DATA 1 6, ID 10713, Window 4, PHL Queue 24
201.332 Recv DATA 7 5, ID 20375
201.428 Send DATA 2 7, ID 10714, Window 4, PHL Queue 30
201.604 Recv DATA 0 6, ID 20376
201.685 Send DATA 3 0, ID 10715, Window 4, PHL Queue 44
201.881 Recv DATA 1 7, ID 20377
201.947 Send DATA 4 1, ID 10716, Window 4, PHL Queue 48
202.124 Recv DATA 2 0, ID 20378
202.223 Send DATA 5 2, ID 10717, Window 4, PHL Queue 24
202.399 Recv DATA 3 1, ID 20379
202.481 Send DATA 6 3, ID 10718, Window 4, PHL Queue 36
202.675 Recv DATA 4 2, ID 20380
202.741 Send DATA 7 4, ID 10719, Window 4, PHL Queue 44
202.919 Recv DATA 5 3, ID 20381
202.919 .... 382 packets received, 3881 bps, 48.51%, Err 10 (1.1e-005)
203.017 Send DATA 0 5, ID 10720, Window 4, PHL Queue 20
203.192 Recv DATA 6 4, ID 20382
203.273 Send DATA 1 6, ID 10721, Window 4, PHL Queue 36
203.447 Recv DATA 7 5, ID 20383
203.542 Send DATA 2 7, ID 10722, Window 4, PHL Queue 26
203.719 Recv DATA 0 6, ID 20384
203.801 Send DATA 3 0, ID 10723, Window 4, PHL Queue 36
203.994 Receiver Error 8: Bad CRC Checksum
203.995 Send NAK  0
204.076 Send DATA 4 0, ID 10724, Window 5, PHL Queue 28
204.237 Recv DATA 2 0, ID 20386
204.333 Send DATA 5 0, ID 10725, Window 4, PHL Queue 42
204.510 Recv DATA 3 1, ID 20387
204.608 Send DATA 6 0, ID 10726, Window 4, PHL Queue 20
204.787 Recv DATA 4 2, ID 20388
204.867 Send DATA 7 0, ID 10727, Window 4, PHL Queue 30
205.044 Recv DATA 1 3, ID 20385
205.047 .... 386 packets received, 3880 bps, 48.50%, Err 11 (1.2e-005)
205.129 Send DATA 0 1, ID 10728, Window 4, PHL Queue 34
205.290 Recv DATA 2 4, ID 20386
205.387 Send DATA 1 2, ID 10729, Window 4, PHL Queue 46
205.566 Recv DATA 3 5, ID 20387
205.662 Send DATA 2 3, ID 10730, Window 4, PHL Queue 24
205.838 Recv DATA 4 6, ID 20388
205.920 Send DATA 3 4, ID 10731, Window 4, PHL Queue 36
206.097 Recv DATA 5 7, ID 20389
206.178 Send DATA 4 5, ID 10732, Window 4, PHL Queue 48
206.356 Recv DATA 6 0, ID 20390
206.456 Send DATA 5 6, ID 10733, Window 4, PHL Queue 20
206.631 Recv DATA 7 1, ID 20391
206.713 Send DATA 6 7, ID 10734, Window 4, PHL Queue 34
206.890 Recv DATA 0 2, ID 20392
206.974 Send DATA 7 0, ID 10735, Window 4, PHL Queue 40
207.167 Recv DATA 1 3, ID 20393
207.167 .... 394 packets received, 3920 bps, 49.00%, Err 11 (1.2e-005)
207.249 Send DATA 0 1, ID 10736, Window 4, PHL Queue 18
207.425 Recv DATA 2 4, ID 20394
207.506 Send DATA 1 2, ID 10737, Window 4, PHL Queue 32
207.682 Recv DATA 3 5, ID 20395
207.762 Send DATA 2 3, ID 10738, Window 4, PHL Queue 48
207.940 Recv DATA 4 6, ID 20396
208.037 Send DATA 3 4, ID 10739, Window 4, PHL Queue 26
208.214 Recv DATA 5 7, ID 20397
208.296 Send DATA 4 5, ID 10740, Window 4, PHL Queue 36
208.473 Recv DATA 6 0, ID 20398
208.554 Send DATA 5 6, ID 10741, Window 4, PHL Queue 48
208.746 Receiver Error 9: Bad CRC Checksum
208.747 Send NAK  6
208.830 Send DATA 6 6, ID 10742, Window 5, PHL Queue 38
208.991 Recv DATA 0 2, ID 20400
209.089 Send DATA 7 6, ID 10743, Window 4, PHL Queue 48
209.267 Recv DATA 1 3, ID 20401
209.364 Send DATA 0 6, ID 10744, Window 4, PHL Queue 26
209.523 Recv DATA 2 4, ID 20402
209.620 Send DATA 1 6, ID 10745, Window 4, PHL Queue 42
209.799 Recv DATA 7 5, ID 20399
209.801 .... 400 packets received, 3929 bps, 49.12%, Err 12 (1.3e-005)
209.881 Send DATA 2 7, ID 10746, Window 4, PHL Queue 48
210.058 Recv DATA 0 6, ID 20400
210.156 Send DATA 3 0, ID 10747, Window 4, PHL Queue 26
210.303 Recv DATA 1 7, ID 20401
210.416 Send DATA 4 1, ID 10748, Window 4, PHL Queue 34
210.592 Recv DATA 2 0, ID 20402
210.676 Send DATA 5 2, ID 10749, Window 4, PHL Queue 42
210.838 Recv DATA 3 1, ID 20403
210.952 Send DATA 6 3, ID 10750, Window 4, PHL Queue 18
211.115 Recv DATA 4 2, ID 20404
211.213 Send DATA 7 4, ID 10751, Window 4, PHL Queue 24
211.372 Recv DATA 5 3, ID 20405
211.468 Send DATA 0 5, ID 10752, Window 4, PHL Queue 42
211.645 Recv DATA 6 4, ID 20406
211.741 Send DATA 1 6, ID 10753, Window 4, PHL Queue 24
211.901 Recv DATA 7 5, ID 20407
211.902 .... 408 packets received, 3968 bps, 49.60%, Err 12 (1.3e-005)
212.001 Send DATA 2 7, ID 10754, Window 4, PHL Queue 32
212.177 Recv DATA 0 6, ID 20408
212.258 Send DATA 3 0, ID 10755, Window 4, PHL Queue 46
212.436 Recv DATA 1 7, ID 20409
212.535 Send DATA 4 1, ID 10756, Window 4, PHL Queue 20
212.696 Recv DATA 2 0, ID 20410
212.793 Send DATA 5 2, ID 10757, Window 4, PHL Queue 32
212.954 Recv DATA 3 1, ID 20411
213.051 Send DATA 6 3, ID 10758, Window 4, PHL Queue 44
213.228 Recv DATA 4 2, ID 20412
213.324 Send DATA 7 4, ID 10759, Window 4, PHL Queue 26
213.487 Recv DATA 5 3, ID 20413
213.586 Send DATA 0 5, ID 10760, Window 4, PHL Queue 30
213.747 Recv DATA 6 4, ID 20414
213.844 Send DATA 1 6, ID 10761, Window 4, PHL Queue 42
214.022 Recv DATA 7 5, ID 20415
214.023 .... 416 packets received, 4005 bps, 50.07%, Err 12 (1.2e-005)
214.118 Send DATA 2 7, ID 10762, Window 4, PHL Queue 22
214.279 Recv DATA 0 6, ID 20416
214.377 Send DATA 3 0, ID 10763, Window 4, PHL Queue 32
214.554 Recv DATA 1 7, ID 20417
214.634 Send DATA 4 1, ID 10764, Window 4, PHL Queue 46
214.795 Recv DATA 2 0, ID 20418
214.910 Send DATA 5 2, ID 10765, Window 4, PHL Queue 22
215.070 Recv DATA 3 1, ID 20419
215.166 Send DATA 6 3, ID 10766, Window 4, PHL Queue 38
215.343 Recv DATA 4 2, ID 20420
215.426 Send DATA 7 4, ID 10767, Window 4, PHL Queue 46
215.604 Recv DATA 5 3, ID 20421
215.702 Send DATA 0 5, ID 10768, Window 4, PHL Queue 22
215.849 Recv DATA 6 4, ID 20422
215.963 Send DATA 1 6, ID 10769, Window 4, PHL Queue 28
216.123 Recv DATA 7 5, ID 20423
216.124 .... 424 packets received, 4043 bps, 50.53%, Err 12 (1.2e-005)
216.220 Send DATA 2 7, ID 10770, Window 4, PHL Queue 42
216.396 Recv DATA 0 6, ID 20424
216.492 Send DATA 3 0, ID 10771, Window 4, PHL Queue 26
216.654 Recv DATA 1 7, ID 20425
216.752 Send DATA 4 1, ID 10772, Window 4, PHL Queue 34
216.930 Recv DATA 2 0, ID 20426
217.013 Send DATA 5 2, ID 10773, Window 4, PHL Queue 40
217.175 Recv DATA 3 1, ID 20427
217.288 Send DATA 6 3, ID 10774, Window 4, PHL Queue 18
217.448 Recv DATA 4 2, ID 20428
217.548 Send DATA 7 4, ID 10775, Window 4, PHL Queue 26
217.724 Recv DATA 5 3, ID 20429
217.805 Send DATA 0 5, ID 10776, Window 4, PHL Queue 40
217.984 Recv DATA 6 4, ID 20430
218.067 Send DATA 1 6, ID 10777, Window 4, PHL Queue 44
218.213 Recv DATA 7 5, ID 20431
218.215 .... 432 packets received, 4079 bps, 50.99%, Err 12 (1.2e-005)
218.331 Send DATA 2 7, ID 10778, Window 4, PHL Queue 44
218.509 Recv DATA 0 6, ID 20432
218.527 TCP Disconnected.
