000.000 =============================================================
000.000                     Station B                               
000.000 -------------------------------------------------------------
000.000 Protocol.lib, version 4.0, jiangyanjun0718@bupt.edu.cn
000.000 Channel: 8000 bps, 270 ms propagation delay, bit error rate 1.0E-005
000.000 Log file "selective-B.log", TCP port 59144, debug mask 0x00
000.000 Station B is connecting station A (TCP port 59144) ... Done.
000.211 New epoch: Fri May 03 19:41:18 2019
000.211 =================================================================
000.211 
000.211 Designed by Jiang Yanjun, build: Oct 28 2018  16:37:15
002.604 .... 8 packets received, 7791 bps, 97.38%, Err 0 (0.0e+000)
004.722 .... 16 packets received, 7763 bps, 97.04%, Err 0 (0.0e+000)
006.842 .... 24 packets received, 7751 bps, 96.89%, Err 0 (0.0e+000)
008.972 .... 32 packets received, 7737 bps, 96.71%, Err 0 (0.0e+000)
011.080 .... 40 packets received, 7744 bps, 96.80%, Err 0 (0.0e+000)
013.178 .... 48 packets received, 7755 bps, 96.93%, Err 1 (9.7e-006)
015.283 .... 56 packets received, 7759 bps, 96.98%, Err 1 (8.3e-006)
017.413 .... 64 packets received, 7750 bps, 96.88%, Err 1 (7.3e-006)
020.567 .... 72 packets received, 7349 bps, 91.86%, Err 2 (1.2e-005)
022.688 .... 83 packets received, 7661 bps, 95.77%, Err 2 (1.1e-005)
025.319 .... 89 packets received, 7344 bps, 91.80%, Err 3 (1.5e-005)
027.442 .... 100 packets received, 7602 bps, 95.02%, Err 3 (1.4e-005)
029.562 .... 108 packets received, 7611 bps, 95.14%, Err 3 (1.3e-005)
032.463 .... 115 packets received, 7369 bps, 92.11%, Err 4 (1.6e-005)
034.579 .... 126 packets received, 7572 bps, 94.65%, Err 4 (1.5e-005)
036.664 .... 134 packets received, 7589 bps, 94.86%, Err 4 (1.4e-005)
038.816 .... 142 packets received, 7590 bps, 94.88%, Err 4 (1.3e-005)
040.923 .... 150 packets received, 7600 bps, 95.00%, Err 4 (1.2e-005)
043.028 .... 158 packets received, 7609 bps, 95.11%, Err 4 (1.2e-005)
045.151 .... 166 packets received, 7614 bps, 95.18%, Err 4 (1.1e-005)
047.511 .... 171 packets received, 7450 bps, 93.12%, Err 6 (1.6e-005)
049.633 .... 181 packets received, 7545 bps, 94.31%, Err 6 (1.5e-005)
051.752 .... 189 packets received, 7552 bps, 94.41%, Err 6 (1.5e-005)
053.855 .... 197 packets received, 7562 bps, 94.52%, Err 6 (1.4e-005)
055.954 .... 205 packets received, 7571 bps, 94.64%, Err 6 (1.3e-005)
058.090 .... 213 packets received, 7575 bps, 94.68%, Err 6 (1.3e-005)
060.209 .... 221 packets received, 7580 bps, 94.75%, Err 6 (1.3e-005)
062.322 .... 229 packets received, 7586 bps, 94.83%, Err 6 (1.2e-005)
064.452 .... 237 packets received, 7590 bps, 94.87%, Err 6 (1.2e-005)
066.538 .... 245 packets received, 7598 bps, 94.98%, Err 6 (1.1e-005)
068.676 .... 253 packets received, 7600 bps, 95.00%, Err 6 (1.1e-005)
070.762 .... 261 packets received, 7608 bps, 95.10%, Err 6 (1.1e-005)
072.887 .... 269 packets received, 7611 bps, 95.13%, Err 6 (1.0e-005)
074.995 .... 277 packets received, 7615 bps, 95.19%, Err 6 (1.0e-005)
077.106 .... 285 packets received, 7619 bps, 95.24%, Err 6 (9.8e-006)
079.228 .... 293 packets received, 7622 bps, 95.28%, Err 6 (9.5e-006)
081.337 .... 301 packets received, 7626 bps, 95.32%, Err 6 (9.2e-006)
083.719 .... 306 packets received, 7531 bps, 94.13%, Err 7 (1.0e-005)
085.824 .... 317 packets received, 7609 bps, 95.11%, Err 7 (1.0e-005)
088.733 .... 324 packets received, 7521 bps, 94.01%, Err 8 (1.1e-005)
090.828 .... 335 packets received, 7596 bps, 94.94%, Err 8 (1.1e-005)
092.968 .... 343 packets received, 7597 bps, 94.96%, Err 8 (1.1e-005)
095.075 .... 351 packets received, 7601 bps, 95.01%, Err 8 (1.1e-005)
097.185 .... 359 packets received, 7604 bps, 95.06%, Err 8 (1.0e-005)
099.299 .... 366 packets received, 7587 bps, 94.84%, Err 9 (1.1e-005)
101.434 .... 370 packets received, 7508 bps, 93.84%, Err 10 (1.2e-005)
103.548 .... 380 packets received, 7552 bps, 94.40%, Err 11 (1.3e-005)
105.642 .... 388 packets received, 7558 bps, 94.47%, Err 11 (1.3e-005)
107.769 .... 396 packets received, 7561 bps, 94.51%, Err 11 (1.3e-005)
109.863 .... 404 packets received, 7566 bps, 94.57%, Err 11 (1.3e-005)
111.983 .... 412 packets received, 7569 bps, 94.61%, Err 11 (1.2e-005)
114.109 .... 420 packets received, 7571 bps, 94.64%, Err 11 (1.2e-005)
116.211 .... 428 packets received, 7575 bps, 94.69%, Err 11 (1.2e-005)
118.313 .... 436 packets received, 7579 bps, 94.74%, Err 11 (1.2e-005)
120.439 .... 444 packets received, 7582 bps, 94.77%, Err 11 (1.1e-005)
122.559 .... 452 packets received, 7584 bps, 94.80%, Err 11 (1.1e-005)
124.662 .... 460 packets received, 7588 bps, 94.84%, Err 11 (1.1e-005)
126.780 .... 468 packets received, 7590 bps, 94.88%, Err 11 (1.1e-005)
128.902 .... 476 packets received, 7592 bps, 94.90%, Err 11 (1.1e-005)
131.011 .... 484 packets received, 7595 bps, 94.94%, Err 11 (1.1e-005)
133.120 .... 492 packets received, 7598 bps, 94.97%, Err 11 (1.0e-005)
135.243 .... 500 packets received, 7600 bps, 95.00%, Err 11 (1.0e-005)
137.335 .... 508 packets received, 7603 bps, 95.04%, Err 11 (1.0e-005)
139.449 .... 516 packets received, 7605 bps, 95.07%, Err 12 (1.1e-005)
141.570 .... 523 packets received, 7593 bps, 94.91%, Err 12 (1.1e-005)
143.690 .... 531 packets received, 7595 bps, 94.93%, Err 12 (1.0e-005)
145.807 .... 539 packets received, 7597 bps, 94.96%, Err 12 (1.0e-005)
147.924 .... 547 packets received, 7599 bps, 94.99%, Err 12 (1.0e-005)
150.020 .... 555 packets received, 7602 bps, 95.02%, Err 12 (1.0e-005)
152.142 .... 563 packets received, 7604 bps, 95.05%, Err 12 (9.9e-006)
154.254 .... 571 packets received, 7606 bps, 95.07%, Err 12 (9.7e-006)
156.354 .... 579 packets received, 7608 bps, 95.11%, Err 12 (9.6e-006)
158.481 .... 587 packets received, 7610 bps, 95.12%, Err 12 (9.5e-006)
160.601 .... 595 packets received, 7611 bps, 95.14%, Err 12 (9.4e-006)
162.691 .... 603 packets received, 7614 bps, 95.18%, Err 12 (9.2e-006)
164.801 .... 611 packets received, 7616 bps, 95.20%, Err 12 (9.1e-006)
166.945 .... 619 packets received, 7616 bps, 95.21%, Err 12 (9.0e-006)
169.040 .... 627 packets received, 7619 bps, 95.24%, Err 12 (8.9e-006)
171.148 .... 635 packets received, 7621 bps, 95.26%, Err 12 (8.8e-006)
173.270 .... 643 packets received, 7622 bps, 95.28%, Err 12 (8.7e-006)
175.381 .... 651 packets received, 7624 bps, 95.30%, Err 12 (8.6e-006)
177.483 .... 659 packets received, 7626 bps, 95.32%, Err 12 (8.5e-006)
179.597 .... 667 packets received, 7627 bps, 95.34%, Err 12 (8.4e-006)
181.711 .... 675 packets received, 7629 bps, 95.36%, Err 12 (8.3e-006)
184.359 .... 680 packets received, 7575 bps, 94.68%, Err 13 (8.8e-006)
186.742 .... 689 packets received, 7577 bps, 94.71%, Err 14 (9.4e-006)
188.833 .... 700 packets received, 7612 bps, 95.15%, Err 14 (9.3e-006)
190.958 .... 708 packets received, 7613 bps, 95.16%, Err 14 (9.2e-006)
193.067 .... 716 packets received, 7615 bps, 95.19%, Err 15 (9.7e-006)
195.184 .... 723 packets received, 7606 bps, 95.07%, Err 15 (9.6e-006)
197.300 .... 731 packets received, 7607 bps, 95.09%, Err 15 (9.5e-006)
199.411 .... 739 packets received, 7609 bps, 95.11%, Err 15 (9.4e-006)
201.501 .... 747 packets received, 7611 bps, 95.14%, Err 15 (9.3e-006)
203.626 .... 755 packets received, 7612 bps, 95.15%, Err 15 (9.2e-006)
205.734 .... 763 packets received, 7614 bps, 95.17%, Err 15 (9.1e-006)
207.856 .... 771 packets received, 7615 bps, 95.19%, Err 15 (9.0e-006)
209.979 .... 779 packets received, 7616 bps, 95.20%, Err 15 (8.9e-006)
212.100 .... 787 packets received, 7617 bps, 95.21%, Err 15 (8.9e-006)
214.215 .... 795 packets received, 7618 bps, 95.23%, Err 15 (8.8e-006)
