000.000 =============================================================
000.000                     Station A                               
000.000 -------------------------------------------------------------
000.000 Protocol.lib, version 4.0, jiangyanjun0718@bupt.edu.cn
000.000 Channel: 8000 bps, 270 ms propagation delay, bit error rate 1.0E-04
000.000 Log file "datalink-A.log", TCP port 49144, debug mask 0x00
000.000 Station A is waiting for station B on TCP port 49144 ... Done.
000.541 New epoch: Sun May  5 21:19:01 2019
000.546 =================================================================
000.546 
000.547 Designed by Chen Bin, Luo Yang and Li Yiyang. Build: May  5 2019  21:18:52
005.202 .... 2 packets received, 940 bps, 11.75%, Err 4 (1.6e-04)
006.011 ** WARNING: System too busy, sleep 15 ms, but be awakened 68 ms later
007.628 .... 11 packets received, 3321 bps, 41.52%, Err 5 (1.2e-04)
010.733 .... 17 packets received, 3521 bps, 44.01%, Err 7 (1.0e-04)
013.668 .... 26 packets received, 4153 bps, 51.91%, Err 9 (1.0e-04)
015.790 .... 34 packets received, 4659 bps, 58.24%, Err 10 (9.6e-05)
018.689 .... 41 packets received, 4706 bps, 58.82%, Err 15 (1.2e-04)
022.519 .... 43 packets received, 4063 bps, 50.79%, Err 20 (1.3e-04)
025.150 .... 52 packets received, 4382 bps, 54.77%, Err 21 (1.3e-04)
027.574 .... 55 packets received, 4214 bps, 52.68%, Err 22 (1.2e-04)
032.440 .... 62 packets received, 4019 bps, 50.24%, Err 25 (1.2e-04)
034.558 .... 72 packets received, 4374 bps, 54.67%, Err 25 (1.1e-04)
036.669 .... 75 packets received, 4288 bps, 53.60%, Err 26 (1.1e-04)
038.778 .... 85 packets received, 4589 bps, 57.36%, Err 26 (1.0e-04)
041.428 .... 90 packets received, 4542 bps, 56.77%, Err 27 (9.6e-05)
044.636 .... 101 packets received, 4724 bps, 59.04%, Err 32 (1.1e-04)
047.823 .... 103 packets received, 4490 bps, 56.13%, Err 34 (1.1e-04)
050.821 .... 108 packets received, 4426 bps, 55.32%, Err 34 (9.9e-05)
053.202 .... 117 packets received, 4577 bps, 57.21%, Err 34 (9.5e-05)
056.412 .... 122 packets received, 4496 bps, 56.21%, Err 37 (9.6e-05)
058.554 .... 132 packets received, 4684 bps, 58.56%, Err 38 (9.6e-05)
060.685 .... 140 packets received, 4792 bps, 59.89%, Err 39 (9.4e-05)
064.751 .... 141 packets received, 4519 bps, 56.48%, Err 41 (9.4e-05)
067.124 .... 149 packets received, 4604 bps, 57.55%, Err 45 (1.0e-04)
070.685 .... 152 packets received, 4457 bps, 55.72%, Err 48 (1.0e-04)
073.924 .... 157 packets received, 4400 bps, 55.00%, Err 49 (9.9e-05)
075.960 .... 166 packets received, 4526 bps, 56.57%, Err 51 (1.0e-04)
079.167 .... 170 packets received, 4445 bps, 55.57%, Err 53 (1.0e-04)
081.307 .... 181 packets received, 4607 bps, 57.59%, Err 54 (1.0e-04)
083.959 .... 186 packets received, 4583 bps, 57.29%, Err 55 (9.8e-05)
086.040 .... 197 packets received, 4736 bps, 59.20%, Err 55 (9.5e-05)
088.423 .... 201 packets received, 4700 bps, 58.75%, Err 56 (9.4e-05)
090.662 .... 213 packets received, 4857 bps, 60.71%, Err 57 (9.3e-05)
092.782 .... 220 packets received, 4901 bps, 61.26%, Err 57 (9.0e-05)
094.883 .... 228 packets received, 4965 bps, 62.07%, Err 57 (8.8e-05)
100.531 .... 235 packets received, 4828 bps, 60.35%, Err 60 (8.8e-05)
102.664 .... 245 packets received, 4928 bps, 61.60%, Err 60 (8.6e-05)
105.333 .... 248 packets received, 4861 bps, 60.76%, Err 65 (9.1e-05)
107.814 .... 253 packets received, 4844 bps, 60.55%, Err 67 (9.2e-05)
109.912 .... 262 packets received, 4920 bps, 61.50%, Err 68 (9.1e-05)
114.227 .... 264 packets received, 4769 bps, 59.61%, Err 73 (9.5e-05)
118.221 .... 270 packets received, 4711 bps, 58.89%, Err 80 (1.0e-04)
121.482 .... 272 packets received, 4618 bps, 57.72%, Err 81 (9.9e-05)
124.571 .... 276 packets received, 4569 bps, 57.11%, Err 82 (9.8e-05)
127.188 .... 282 packets received, 4571 bps, 57.14%, Err 85 (1.0e-04)
132.569 .... 290 packets received, 4509 bps, 56.36%, Err 89 (1.0e-04)
139.879 .... 301 packets received, 4434 bps, 55.42%, Err 98 (1.1e-04)
144.478 .... 309 packets received, 4406 bps, 55.07%, Err 102 (1.1e-04)
147.158 .... 317 packets received, 4437 bps, 55.46%, Err 106 (1.1e-04)
150.347 .... 322 packets received, 4411 bps, 55.14%, Err 110 (1.1e-04)
156.256 .... 333 packets received, 4388 bps, 54.85%, Err 113 (1.1e-04)
158.382 .... 342 packets received, 4446 bps, 55.58%, Err 114 (1.1e-04)
160.518 .... 350 packets received, 4489 bps, 56.11%, Err 114 (1.1e-04)
163.681 .... 357 packets received, 4490 bps, 56.13%, Err 115 (1.1e-04)
166.096 .... 365 packets received, 4524 bps, 56.54%, Err 117 (1.1e-04)
168.209 .... 375 packets received, 4589 bps, 57.36%, Err 117 (1.0e-04)
170.180 ** WARNING: System too busy, sleep 15 ms, but be awakened 69 ms later
171.379 .... 382 packets received, 4588 bps, 57.34%, Err 121 (1.1e-04)
174.666 .... 383 packets received, 4513 bps, 56.41%, Err 125 (1.1e-04)
177.303 .... 386 packets received, 4480 bps, 56.00%, Err 125 (1.1e-04)
180.507 .... 397 packets received, 4525 bps, 56.57%, Err 127 (1.1e-04)
183.158 .... 402 packets received, 4516 bps, 56.45%, Err 128 (1.1e-04)
185.804 .... 410 packets received, 4540 bps, 56.75%, Err 130 (1.1e-04)
187.940 .... 421 packets received, 4608 bps, 57.60%, Err 130 (1.0e-04)
190.038 .... 425 packets received, 4601 bps, 57.51%, Err 131 (1.0e-04)
195.177 .... 431 packets received, 4542 bps, 56.78%, Err 136 (1.0e-04)
197.300 .... 441 packets received, 4597 bps, 57.47%, Err 138 (1.1e-04)
199.413 .... 447 packets received, 4610 bps, 57.63%, Err 139 (1.0e-04)
203.744 .... 448 packets received, 4522 bps, 56.52%, Err 142 (1.0e-04)
205.882 .... 459 packets received, 4585 bps, 57.31%, Err 143 (1.0e-04)
208.532 .... 465 packets received, 4585 bps, 57.32%, Err 145 (1.0e-04)
210.664 .... 475 packets received, 4636 bps, 57.95%, Err 145 (1.0e-04)
215.261 .... 478 packets received, 4566 bps, 57.07%, Err 149 (1.0e-04)
217.360 .... 488 packets received, 4616 bps, 57.70%, Err 149 (1.0e-04)
219.786 .... 495 packets received, 4630 bps, 57.88%, Err 149 (1.0e-04)
221.879 .... 502 packets received, 4651 bps, 58.14%, Err 150 (1.0e-04)
224.518 .... 504 packets received, 4615 bps, 57.68%, Err 153 (1.0e-04)
227.548 .... 513 packets received, 4634 bps, 57.93%, Err 156 (1.0e-04)
231.625 .... 518 packets received, 4597 bps, 57.46%, Err 159 (1.0e-04)
234.509 .... 524 packets received, 4593 bps, 57.41%, Err 162 (1.0e-04)
236.937 .... 531 packets received, 4606 bps, 57.58%, Err 163 (1.0e-04)
240.082 .... 541 packets received, 4631 bps, 57.89%, Err 166 (1.0e-04)
244.426 .... 548 packets received, 4608 bps, 57.59%, Err 167 (1.0e-04)
246.805 .... 552 packets received, 4596 bps, 57.45%, Err 169 (1.0e-04)
248.898 .... 563 packets received, 4648 bps, 58.10%, Err 170 (1.0e-04)
251.031 .... 571 packets received, 4674 bps, 58.43%, Err 171 (1.0e-04)
253.131 .... 579 packets received, 4700 bps, 58.75%, Err 172 (1.0e-04)
255.263 .... 587 packets received, 4725 bps, 59.07%, Err 172 (1.0e-04)
257.918 .... 592 packets received, 4716 bps, 58.95%, Err 175 (1.0e-04)
262.736 .... 599 packets received, 4684 bps, 58.55%, Err 179 (1.0e-04)
265.405 .... 608 packets received, 4707 bps, 58.83%, Err 181 (1.0e-04)
267.527 .... 614 packets received, 4715 bps, 58.94%, Err 182 (1.0e-04)
269.644 .... 620 packets received, 4724 bps, 59.05%, Err 182 (1.0e-04)
272.832 .... 626 packets received, 4714 bps, 58.92%, Err 185 (1.0e-04)
276.007 .... 631 packets received, 4696 bps, 58.71%, Err 188 (1.0e-04)
278.759 .... 637 packets received, 4694 bps, 58.68%, Err 189 (1.0e-04)
280.866 .... 648 packets received, 4739 bps, 59.24%, Err 190 (1.0e-04)
282.991 .... 655 packets received, 4754 bps, 59.43%, Err 191 (9.9e-05)
286.206 .... 657 packets received, 4715 bps, 58.94%, Err 194 (1.0e-04)
289.985 .... 661 packets received, 4682 bps, 58.52%, Err 199 (1.0e-04)
292.217 .... 670 packets received, 4709 bps, 58.87%, Err 199 (1.0e-04)
296.517 .... 671 packets received, 4648 bps, 58.10%, Err 206 (1.0e-04)
299.418 .... 673 packets received, 4616 bps, 57.70%, Err 206 (1.0e-04)
302.508 .... 674 packets received, 4576 bps, 57.20%, Err 207 (1.0e-04)
304.665 .... 684 packets received, 4611 bps, 57.63%, Err 207 (1.0e-04)
307.599 .... 689 packets received, 4600 bps, 57.50%, Err 209 (1.0e-04)
310.579 .... 690 packets received, 4562 bps, 57.03%, Err 210 (1.0e-04)
312.739 .... 701 packets received, 4603 bps, 57.54%, Err 210 (1.0e-04)
315.910 .... 707 packets received, 4596 bps, 57.45%, Err 212 (1.0e-04)
318.063 .... 717 packets received, 4629 bps, 57.86%, Err 212 (9.9e-05)
320.991 .... 721 packets received, 4612 bps, 57.65%, Err 215 (1.0e-04)
323.040 .... 722 packets received, 4589 bps, 57.37%, Err 216 (1.0e-04)
325.063 .... 732 packets received, 4624 bps, 57.80%, Err 217 (9.9e-05)
328.246 .... 738 packets received, 4616 bps, 57.71%, Err 219 (9.9e-05)
331.218 .... 743 packets received, 4606 bps, 57.57%, Err 220 (9.9e-05)
333.401 .... 754 packets received, 4643 bps, 58.04%, Err 221 (9.9e-05)
336.316 .... 760 packets received, 4640 bps, 58.00%, Err 223 (9.8e-05)
338.437 .... 771 packets received, 4677 bps, 58.47%, Err 223 (9.8e-05)
341.893 .... 775 packets received, 4654 bps, 58.17%, Err 227 (9.8e-05)
344.354 .... 781 packets received, 4656 bps, 58.20%, Err 227 (9.8e-05)
347.906 .... 789 packets received, 4656 bps, 58.20%, Err 229 (9.8e-05)
352.628 ** WARNING: System too busy, sleep 15 ms, but be awakened 85 ms later
353.282 .... 797 packets received, 4631 bps, 57.89%, Err 233 (9.8e-05)
356.129 .... 803 packets received, 4629 bps, 57.86%, Err 239 (1.0e-04)
358.852 .... 806 packets received, 4611 bps, 57.63%, Err 239 (9.9e-05)
362.022 .... 815 packets received, 4621 bps, 57.77%, Err 240 (9.9e-05)
366.360 .... 817 packets received, 4578 bps, 57.22%, Err 245 (1.0e-04)
368.979 .... 822 packets received, 4573 bps, 57.16%, Err 248 (1.0e-04)
371.113 .... 832 packets received, 4602 bps, 57.52%, Err 248 (1.0e-04)
373.226 .... 838 packets received, 4609 bps, 57.61%, Err 248 (9.9e-05)
376.771 .... 842 packets received, 4587 bps, 57.34%, Err 252 (1.0e-04)
382.006 ** WARNING: System too busy, sleep 15 ms, but be awakened 73 ms later
382.197 .... 849 packets received, 4559 bps, 56.99%, Err 256 (1.0e-04)
385.576 .... 853 packets received, 4541 bps, 56.76%, Err 258 (1.0e-04)
389.059 .... 859 packets received, 4532 bps, 56.65%, Err 261 (1.0e-04)
390.989 ** WARNING: System too busy, sleep 15 ms, but be awakened 78 ms later
392.272 .... 869 packets received, 4547 bps, 56.83%, Err 262 (1.0e-04)
394.303 ** WARNING: System too busy, sleep 15 ms, but be awakened 102 ms later
394.939 .... 875 packets received, 4547 bps, 56.84%, Err 264 (1.0e-04)
397.609 .... 880 packets received, 4542 bps, 56.78%, Err 266 (1.0e-04)
400.572 .... 884 packets received, 4529 bps, 56.61%, Err 268 (1.0e-04)
402.715 .... 894 packets received, 4556 bps, 56.95%, Err 268 (1.0e-04)
403.965 ** WARNING: System too busy, sleep 15 ms, but be awakened 95 ms later
407.576 .... 898 packets received, 4522 bps, 56.52%, Err 273 (1.0e-04)
410.016 .... 907 packets received, 4540 bps, 56.75%, Err 273 (1.0e-04)
