000.000 =============================================================
000.000                     Station B                               
000.000 -------------------------------------------------------------
000.000 Protocol.lib, version 4.0, jiangyanjun0718@bupt.edu.cn
000.000 Channel: 8000 bps, 270 ms propagation delay, bit error rate 1.0E-04
000.000 Log file "datalink-B.log", TCP port 49144, debug mask 0x00
000.000 Station B is connecting station A (TCP port 49144) ... Done.
000.540 New epoch: Sun May  5 21:19:01 2019
000.558 =================================================================
000.560 
000.563 Designed by Chen Bin, Luo Yang and Li Yiyang. Build: May  5 2019  21:18:52
003.480 .... 5 packets received, 3850 bps, 48.12%, Err 3 (1.3e-04)
006.011 ** WARNING: System too busy, sleep 15 ms, but be awakened 69 ms later
006.053 .... 9 packets received, 3522 bps, 44.03%, Err 4 (9.9e-05)
009.802 .... 15 packets received, 3420 bps, 42.75%, Err 6 (1.0e-04)
012.334 .... 20 packets received, 3557 bps, 44.47%, Err 8 (1.1e-04)
014.996 .... 25 packets received, 3612 bps, 45.15%, Err 10 (1.1e-04)
019.846 .... 31 packets received, 3337 bps, 41.71%, Err 12 (1.0e-04)
022.502 .... 40 packets received, 3778 bps, 47.23%, Err 14 (1.0e-04)
024.632 .... 49 packets received, 4214 bps, 52.68%, Err 17 (1.1e-04)
029.485 .... 51 packets received, 3644 bps, 45.55%, Err 19 (1.1e-04)
032.135 .... 60 packets received, 3924 bps, 49.05%, Err 22 (1.1e-04)
034.558 .... 66 packets received, 4006 bps, 50.08%, Err 24 (1.1e-04)
036.676 .... 76 packets received, 4341 bps, 54.26%, Err 25 (1.1e-04)
038.778 .... 83 packets received, 4478 bps, 55.98%, Err 27 (1.1e-04)
042.237 .... 91 packets received, 4500 bps, 56.25%, Err 29 (1.0e-04)
045.181 .... 101 packets received, 4663 bps, 58.29%, Err 30 (1.0e-04)
047.569 .... 106 packets received, 4644 bps, 58.05%, Err 31 (9.9e-05)
049.948 .... 113 packets received, 4711 bps, 58.88%, Err 34 (1.0e-04)
053.742 .... 118 packets received, 4566 bps, 57.08%, Err 35 (9.9e-05)
056.459 .... 126 packets received, 4638 bps, 57.97%, Err 38 (1.0e-04)
059.355 .... 130 packets received, 4548 bps, 56.85%, Err 40 (1.0e-04)
066.433 .... 140 packets received, 4370 bps, 54.62%, Err 45 (1.0e-04)
069.354 .... 147 packets received, 4393 bps, 54.91%, Err 46 (1.0e-04)
071.474 .... 152 packets received, 4406 bps, 55.07%, Err 47 (1.0e-04)
073.841 .... 160 packets received, 4487 bps, 56.09%, Err 49 (1.0e-04)
076.759 .... 166 packets received, 4477 bps, 55.96%, Err 51 (1.0e-04)
079.975 .... 175 packets received, 4528 bps, 56.60%, Err 52 (9.9e-05)
082.073 .... 183 packets received, 4613 bps, 57.66%, Err 52 (9.6e-05)
084.181 .... 187 packets received, 4594 bps, 57.43%, Err 55 (9.8e-05)
088.438 .... 193 packets received, 4511 bps, 56.39%, Err 58 (9.9e-05)
091.312 .... 201 packets received, 4549 bps, 56.86%, Err 61 (1.0e-04)
093.570 .... 212 packets received, 4681 bps, 58.51%, Err 62 (1.0e-04)
096.209 .... 216 packets received, 4638 bps, 57.97%, Err 65 (1.0e-04)
099.409 .... 221 packets received, 4591 bps, 57.39%, Err 68 (1.0e-04)
101.869 .... 224 packets received, 4540 bps, 56.75%, Err 70 (1.0e-04)
105.113 .... 229 packets received, 4497 bps, 56.21%, Err 73 (1.0e-04)
107.799 .... 234 packets received, 4480 bps, 56.00%, Err 76 (1.1e-04)
110.193 .... 242 packets received, 4531 bps, 56.64%, Err 79 (1.1e-04)
113.348 .... 248 packets received, 4514 bps, 56.42%, Err 80 (1.1e-04)
117.964 .... 253 packets received, 4423 bps, 55.29%, Err 83 (1.1e-04)
120.353 .... 263 packets received, 4506 bps, 56.33%, Err 85 (1.1e-04)
122.473 .... 270 packets received, 4545 bps, 56.82%, Err 86 (1.1e-04)
124.855 .... 271 packets received, 4475 bps, 55.93%, Err 89 (1.1e-04)
128.129 .... 276 packets received, 4440 bps, 55.50%, Err 90 (1.1e-04)
130.259 .... 285 packets received, 4509 bps, 56.37%, Err 90 (1.0e-04)
134.849 .... 287 packets received, 4385 bps, 54.82%, Err 92 (1.0e-04)
136.968 .... 297 packets received, 4468 bps, 55.85%, Err 93 (1.0e-04)
141.023 .... 298 packets received, 4353 bps, 54.41%, Err 96 (1.0e-04)
143.926 .... 307 packets received, 4393 bps, 54.92%, Err 98 (1.0e-04)
147.397 .... 310 packets received, 4331 bps, 54.14%, Err 101 (1.0e-04)
153.337 .... 320 packets received, 4297 bps, 53.71%, Err 106 (1.0e-04)
155.465 .... 328 packets received, 4344 bps, 54.30%, Err 106 (1.0e-04)
157.585 .... 334 packets received, 4363 bps, 54.54%, Err 106 (1.0e-04)
159.703 .... 341 packets received, 4395 bps, 54.94%, Err 106 (1.0e-04)
161.813 .... 343 packets received, 4363 bps, 54.54%, Err 108 (1.0e-04)
165.011 .... 351 packets received, 4378 bps, 54.73%, Err 110 (1.0e-04)
169.077 .... 355 packets received, 4321 bps, 54.01%, Err 112 (1.0e-04)
170.180 ** WARNING: System too busy, sleep 15 ms, but be awakened 69 ms later
171.143 .... 366 packets received, 4401 bps, 55.01%, Err 112 (9.9e-05)
174.324 .... 369 packets received, 4356 bps, 54.45%, Err 115 (9.9e-05)
176.497 .... 374 packets received, 4360 bps, 54.50%, Err 119 (1.0e-04)
178.918 .... 381 packets received, 4381 bps, 54.77%, Err 120 (1.0e-04)
181.837 .... 388 packets received, 4390 bps, 54.87%, Err 124 (1.0e-04)
184.853 .... 398 packets received, 4429 bps, 55.36%, Err 124 (1.0e-04)
188.034 .... 404 packets received, 4419 bps, 55.24%, Err 125 (1.0e-04)
194.212 .... 414 packets received, 4384 bps, 54.80%, Err 130 (1.0e-04)
199.619 .... 422 packets received, 4347 bps, 54.34%, Err 135 (1.0e-04)
203.328 .... 431 packets received, 4359 bps, 54.48%, Err 138 (1.0e-04)
206.414 .... 441 packets received, 4393 bps, 54.91%, Err 142 (1.0e-04)
209.854 .... 445 packets received, 4360 bps, 54.50%, Err 142 (1.0e-04)
212.003 .... 455 packets received, 4412 bps, 55.16%, Err 142 (1.0e-04)
215.167 .... 460 packets received, 4395 bps, 54.94%, Err 143 (1.0e-04)
217.373 .... 472 packets received, 4464 bps, 55.80%, Err 145 (1.0e-04)
222.229 .... 476 packets received, 4403 bps, 55.04%, Err 148 (1.0e-04)
225.442 .... 486 packets received, 4431 bps, 55.39%, Err 154 (1.0e-04)
228.318 .... 489 packets received, 4402 bps, 55.03%, Err 155 (1.0e-04)
230.458 .... 500 packets received, 4459 bps, 55.74%, Err 156 (1.0e-04)
236.136 .... 506 packets received, 4404 bps, 55.05%, Err 159 (1.0e-04)
239.571 .... 517 packets received, 4435 bps, 55.44%, Err 160 (1.0e-04)
243.887 .... 522 packets received, 4398 bps, 54.98%, Err 164 (1.0e-04)
247.329 .... 528 packets received, 4387 bps, 54.83%, Err 166 (1.0e-04)
249.965 .... 537 packets received, 4414 bps, 55.18%, Err 167 (1.0e-04)
252.085 .... 544 packets received, 4434 bps, 55.43%, Err 168 (1.0e-04)
254.719 .... 552 packets received, 4453 bps, 55.66%, Err 170 (1.0e-04)
258.179 .... 562 packets received, 4472 bps, 55.90%, Err 172 (1.0e-04)
260.841 .... 571 packets received, 4497 bps, 56.22%, Err 173 (9.9e-05)
266.203 .... 576 packets received, 4445 bps, 55.56%, Err 177 (1.0e-04)
268.317 .... 586 packets received, 4487 bps, 56.08%, Err 178 (1.0e-04)
270.446 .... 589 packets received, 4474 bps, 55.92%, Err 179 (9.9e-05)
272.836 .... 596 packets received, 4487 bps, 56.09%, Err 182 (1.0e-04)
276.007 .... 606 packets received, 4510 bps, 56.37%, Err 184 (1.0e-04)
280.863 .... 613 packets received, 4483 bps, 56.04%, Err 187 (1.0e-04)
282.976 .... 623 packets received, 4522 bps, 56.52%, Err 190 (1.0e-04)
285.371 .... 630 packets received, 4534 bps, 56.68%, Err 190 (9.9e-05)
287.486 .... 634 packets received, 4529 bps, 56.62%, Err 192 (1.0e-04)
291.310 .... 635 packets received, 4477 bps, 55.96%, Err 194 (1.0e-04)
293.508 .... 646 packets received, 4520 bps, 56.50%, Err 196 (1.0e-04)
296.422 .... 648 packets received, 4489 bps, 56.12%, Err 198 (1.0e-04)
299.963 .... 658 packets received, 4505 bps, 56.31%, Err 201 (1.0e-04)
303.757 .... 660 packets received, 4462 bps, 55.77%, Err 203 (1.0e-04)
307.297 .... 671 packets received, 4484 bps, 56.05%, Err 205 (1.0e-04)
310.271 .... 681 packets received, 4507 bps, 56.34%, Err 209 (1.0e-04)
313.272 .... 682 packets received, 4470 bps, 55.88%, Err 210 (1.0e-04)
315.927 .... 691 packets received, 4491 bps, 56.14%, Err 210 (1.0e-04)
319.135 ** WARNING: System too busy, sleep 15 ms, but be awakened 81 ms later
321.324 .... 695 packets received, 4441 bps, 55.51%, Err 215 (1.0e-04)
324.237 .... 705 packets received, 4464 bps, 55.80%, Err 219 (1.0e-04)
328.039 .... 709 packets received, 4437 bps, 55.47%, Err 219 (1.0e-04)
333.424 .... 717 packets received, 4415 bps, 55.19%, Err 223 (1.0e-04)
336.356 .... 721 packets received, 4401 bps, 55.01%, Err 226 (1.0e-04)
339.490 .... 727 packets received, 4396 bps, 54.95%, Err 228 (1.0e-04)
342.506 .... 733 packets received, 4393 bps, 54.92%, Err 230 (1.0e-04)
345.404 .... 737 packets received, 4380 bps, 54.75%, Err 231 (1.0e-04)
347.602 .... 749 packets received, 4423 bps, 55.29%, Err 232 (1.0e-04)
349.759 .... 753 packets received, 4420 bps, 55.24%, Err 233 (1.0e-04)
352.628 ** WARNING: System too busy, sleep 15 ms, but be awakened 85 ms later
352.934 .... 762 packets received, 4432 bps, 55.40%, Err 236 (1.0e-04)
355.863 .... 766 packets received, 4419 bps, 55.23%, Err 237 (1.0e-04)
358.038 .... 776 packets received, 4449 bps, 55.61%, Err 238 (1.0e-04)
363.706 .... 783 packets received, 4419 bps, 55.24%, Err 243 (1.0e-04)
369.010 .... 791 packets received, 4400 bps, 55.00%, Err 249 (1.0e-04)
371.630 .... 800 packets received, 4418 bps, 55.23%, Err 250 (1.0e-04)
375.708 .... 801 packets received, 4376 bps, 54.70%, Err 252 (1.0e-04)
378.611 .... 811 packets received, 4396 bps, 54.96%, Err 253 (1.0e-04)
380.732 .... 817 packets received, 4404 bps, 55.05%, Err 253 (1.0e-04)
383.677 .... 820 packets received, 4386 bps, 54.83%, Err 257 (1.0e-04)
385.871 .... 831 packets received, 4420 bps, 55.25%, Err 257 (1.0e-04)
390.703 .... 835 packets received, 4386 bps, 54.83%, Err 260 (1.0e-04)
390.989 ** WARNING: System too busy, sleep 15 ms, but be awakened 88 ms later
393.658 .... 844 packets received, 4400 bps, 55.00%, Err 261 (1.0e-04)
394.302 ** WARNING: System too busy, sleep 15 ms, but be awakened 110 ms later
397.974 .... 849 packets received, 4378 bps, 54.73%, Err 264 (1.0e-04)
401.165 .... 857 packets received, 4384 bps, 54.80%, Err 266 (1.0e-04)
403.777 .... 864 packets received, 4391 bps, 54.89%, Err 269 (1.0e-04)
403.963 ** WARNING: System too busy, sleep 15 ms, but be awakened 101 ms later
406.263 .... 865 packets received, 4369 bps, 54.62%, Err 271 (1.0e-04)
408.429 .... 872 packets received, 4381 bps, 54.77%, Err 272 (1.0e-04)
411.729 TCP Disconnected.
