000.000 =============================================================
000.000                     Station B                               
000.000 -------------------------------------------------------------
000.000 Protocol.lib, version 4.0, jiangyanjun0718@bupt.edu.cn
000.000 Channel: 8000 bps, 270 ms propagation delay, bit error rate 1.0E-005
000.000 Log file "stopwait-B.log", TCP port 59144, debug mask 0x00
000.000 Station B is connecting station A (TCP port 59144) ... Done.
000.723 New epoch: Wed May 18 20:41:14 2022
000.724 =================================================================
000.725 
000.725 Designed by Jiang Yanjun, build: Oct 28 2018  16:36:26
003.555 .... 3 packets received, 2406 bps, 30.07%, Err 0 (0.0e+000)
005.772 .... 5 packets received, 2146 bps, 26.83%, Err 0 (0.0e+000)
008.001 .... 7 packets received, 2048 bps, 25.60%, Err 0 (0.0e+000)
011.016 .... 10 packets received, 2045 bps, 25.56%, Err 0 (0.0e+000)
013.216 .... 12 packets received, 2012 bps, 25.15%, Err 0 (0.0e+000)
015.433 .... 14 packets received, 1987 bps, 24.83%, Err 0 (0.0e+000)
017.638 .... 16 packets received, 1970 bps, 24.62%, Err 0 (0.0e+000)
019.848 .... 18 packets received, 1956 bps, 24.45%, Err 0 (0.0e+000)
022.284 .... 21 packets received, 2021 bps, 25.26%, Err 0 (0.0e+000)
024.740 .... 24 packets received, 2071 bps, 25.88%, Err 0 (0.0e+000)
027.253 .... 27 packets received, 2106 bps, 26.33%, Err 0 (0.0e+000)
029.716 .... 30 packets received, 2140 bps, 26.75%, Err 0 (0.0e+000)
031.902 .... 32 packets received, 2121 bps, 26.51%, Err 0 (0.0e+000)
034.333 .... 35 packets received, 2150 bps, 26.88%, Err 0 (0.0e+000)
036.820 .... 38 packets received, 2173 bps, 27.16%, Err 0 (0.0e+000)
039.908 .... 41 packets received, 2158 bps, 26.98%, Err 0 (0.0e+000)
042.085 .... 43 packets received, 2144 bps, 26.79%, Err 0 (0.0e+000)
044.538 .... 46 packets received, 2164 bps, 27.05%, Err 0 (0.0e+000)
046.781 .... 48 packets received, 2147 bps, 26.84%, Err 1 (9.6e-006)
049.231 .... 51 packets received, 2166 bps, 27.07%, Err 1 (9.1e-006)
052.533 .... 52 packets received, 2067 bps, 25.83%, Err 2 (1.7e-005)
055.025 .... 55 packets received, 2085 bps, 26.06%, Err 2 (1.6e-005)
057.504 .... 58 packets received, 2102 bps, 26.28%, Err 2 (1.6e-005)
059.937 .... 61 packets received, 2120 bps, 26.50%, Err 2 (1.5e-005)
062.378 .... 64 packets received, 2136 bps, 26.69%, Err 2 (1.4e-005)
064.852 .... 67 packets received, 2149 bps, 26.86%, Err 2 (1.4e-005)
067.033 .... 69 packets received, 2140 bps, 26.75%, Err 2 (1.3e-005)
069.460 .... 72 packets received, 2154 bps, 26.92%, Err 2 (1.3e-005)
072.459 .... 75 packets received, 2150 bps, 26.87%, Err 2 (1.2e-005)
074.667 .... 77 packets received, 2141 bps, 26.76%, Err 2 (1.2e-005)
076.851 .... 79 packets received, 2133 bps, 26.66%, Err 2 (1.2e-005)
079.295 .... 82 packets received, 2145 bps, 26.81%, Err 2 (1.1e-005)
081.732 .... 85 packets received, 2156 bps, 26.95%, Err 2 (1.1e-005)
084.166 .... 88 packets received, 2167 bps, 27.09%, Err 2 (1.0e-005)
086.367 .... 90 packets received, 2159 bps, 26.99%, Err 2 (1.0e-005)
088.795 .... 93 packets received, 2169 bps, 27.12%, Err 2 (9.8e-006)
091.252 .... 96 packets received, 2178 bps, 27.23%, Err 2 (9.5e-006)
094.578 .... 97 packets received, 2123 bps, 26.54%, Err 3 (1.4e-005)
097.551 .... 100 packets received, 2121 bps, 26.51%, Err 3 (1.4e-005)
100.009 .... 103 packets received, 2131 bps, 26.63%, Err 3 (1.3e-005)
102.462 .... 106 packets received, 2140 bps, 26.75%, Err 3 (1.3e-005)
104.931 .... 109 packets received, 2148 bps, 26.85%, Err 3 (1.2e-005)
107.342 .... 112 packets received, 2157 bps, 26.96%, Err 3 (1.2e-005)
109.796 .... 115 packets received, 2165 bps, 27.06%, Err 3 (1.2e-005)
112.284 .... 118 packets received, 2172 bps, 27.15%, Err 3 (1.2e-005)
114.746 .... 121 packets received, 2179 bps, 27.23%, Err 3 (1.1e-005)
119.721 .... 124 packets received, 2139 bps, 26.74%, Err 3 (1.1e-005)
121.857 .... 126 packets received, 2135 bps, 26.69%, Err 3 (1.1e-005)
124.334 .... 129 packets received, 2142 bps, 26.78%, Err 3 (1.1e-005)
127.682 .... 130 packets received, 2102 bps, 26.27%, Err 3 (1.0e-005)
130.013 .... 132 packets received, 2095 bps, 26.19%, Err 3 (1.0e-005)
132.461 .... 135 packets received, 2103 bps, 26.29%, Err 3 (1.0e-005)
135.825 .... 136 packets received, 2066 bps, 25.82%, Err 3 (9.9e-006)
138.170 .... 138 packets received, 2060 bps, 25.76%, Err 3 (9.7e-006)
140.588 .... 141 packets received, 2069 bps, 25.86%, Err 3 (9.5e-006)
143.088 .... 144 packets received, 2076 bps, 25.94%, Err 3 (9.3e-006)
145.539 .... 147 packets received, 2083 bps, 26.04%, Err 3 (9.2e-006)
148.030 .... 150 packets received, 2089 bps, 26.12%, Err 3 (9.0e-006)
152.124 .... 152 packets received, 2060 bps, 25.75%, Err 3 (8.8e-006)
157.090 .... 154 packets received, 2021 bps, 25.26%, Err 4 (1.2e-005)
159.531 .... 157 packets received, 2028 bps, 25.35%, Err 4 (1.1e-005)
161.995 .... 160 packets received, 2035 bps, 25.44%, Err 4 (1.1e-005)
164.461 .... 163 packets received, 2042 bps, 25.53%, Err 4 (1.1e-005)
166.894 .... 166 packets received, 2049 bps, 25.62%, Err 4 (1.1e-005)
169.346 .... 169 packets received, 2056 bps, 25.70%, Err 4 (1.1e-005)
171.775 .... 172 packets received, 2063 bps, 25.78%, Err 5 (1.3e-005)
174.226 .... 175 packets received, 2069 bps, 25.86%, Err 5 (1.3e-005)
176.694 .... 178 packets received, 2075 bps, 25.94%, Err 5 (1.3e-005)
179.125 .... 181 packets received, 2081 bps, 26.01%, Err 5 (1.2e-005)
181.527 .... 184 packets received, 2087 bps, 26.09%, Err 5 (1.2e-005)
183.955 .... 187 packets received, 2093 bps, 26.17%, Err 5 (1.2e-005)
186.438 .... 190 packets received, 2098 bps, 26.23%, Err 5 (1.2e-005)
188.893 .... 193 packets received, 2104 bps, 26.30%, Err 5 (1.2e-005)
191.329 .... 196 packets received, 2109 bps, 26.36%, Err 5 (1.1e-005)
193.800 .... 199 packets received, 2114 bps, 26.42%, Err 5 (1.1e-005)
196.259 .... 202 packets received, 2119 bps, 26.48%, Err 5 (1.1e-005)
198.717 .... 205 packets received, 2123 bps, 26.54%, Err 5 (1.1e-005)
201.138 .... 208 packets received, 2128 bps, 26.61%, Err 5 (1.1e-005)
204.117 .... 211 packets received, 2127 bps, 26.59%, Err 5 (1.1e-005)
206.307 .... 213 packets received, 2125 bps, 26.56%, Err 5 (1.1e-005)
208.739 .... 216 packets received, 2129 bps, 26.62%, Err 5 (1.0e-005)
211.200 .... 219 packets received, 2134 bps, 26.67%, Err 5 (1.0e-005)
213.598 .... 222 packets received, 2139 bps, 26.73%, Err 5 (1.0e-005)
216.036 .... 225 packets received, 2143 bps, 26.79%, Err 5 (1.0e-005)
218.504 .... 228 packets received, 2147 bps, 26.84%, Err 5 (9.9e-006)
220.909 .... 231 packets received, 2151 bps, 26.89%, Err 5 (9.8e-006)
223.378 .... 234 packets received, 2155 bps, 26.94%, Err 5 (9.7e-006)
225.861 .... 237 packets received, 2159 bps, 26.98%, Err 5 (9.5e-006)
228.302 .... 240 packets received, 2162 bps, 27.03%, Err 5 (9.4e-006)
230.787 .... 243 packets received, 2166 bps, 27.07%, Err 5 (9.3e-006)
232.977 .... 245 packets received, 2163 bps, 27.04%, Err 5 (9.2e-006)
235.155 .... 247 packets received, 2160 bps, 27.00%, Err 5 (9.2e-006)
237.595 .... 250 packets received, 2164 bps, 27.05%, Err 5 (9.1e-006)
239.800 .... 252 packets received, 2161 bps, 27.02%, Err 5 (9.0e-006)
242.243 .... 255 packets received, 2165 bps, 27.06%, Err 5 (8.9e-006)
244.715 .... 258 packets received, 2168 bps, 27.10%, Err 5 (8.8e-006)
246.924 .... 260 packets received, 2165 bps, 27.07%, Err 5 (8.7e-006)
249.355 .... 263 packets received, 2169 bps, 27.11%, Err 5 (8.6e-006)
253.526 .... 265 packets received, 2149 bps, 26.86%, Err 6 (1.0e-005)
256.020 .... 268 packets received, 2152 bps, 26.90%, Err 6 (1.0e-005)
258.472 .... 271 packets received, 2156 bps, 26.95%, Err 6 (1.0e-005)
260.922 .... 274 packets received, 2159 bps, 26.99%, Err 6 (9.9e-006)
263.432 .... 277 packets received, 2162 bps, 27.02%, Err 6 (9.8e-006)
265.896 .... 280 packets received, 2165 bps, 27.06%, Err 6 (9.7e-006)
268.289 .... 283 packets received, 2168 bps, 27.10%, Err 6 (9.6e-006)
270.697 .... 286 packets received, 2172 bps, 27.15%, Err 6 (9.5e-006)
273.152 .... 289 packets received, 2175 bps, 27.18%, Err 6 (9.4e-006)
275.592 .... 292 packets received, 2178 bps, 27.22%, Err 6 (9.3e-006)
278.911 .... 293 packets received, 2159 bps, 26.99%, Err 7 (1.1e-005)
281.360 .... 296 packets received, 2162 bps, 27.03%, Err 7 (1.1e-005)
283.772 .... 299 packets received, 2166 bps, 27.07%, Err 8 (1.2e-005)
286.196 .... 302 packets received, 2169 bps, 27.11%, Err 8 (1.2e-005)
288.624 .... 305 packets received, 2172 bps, 27.15%, Err 8 (1.2e-005)
291.078 .... 308 packets received, 2175 bps, 27.18%, Err 8 (1.2e-005)
293.517 .... 311 packets received, 2177 bps, 27.22%, Err 8 (1.2e-005)
295.995 .... 314 packets received, 2180 bps, 27.25%, Err 8 (1.2e-005)
298.455 .... 317 packets received, 2183 bps, 27.28%, Err 8 (1.1e-005)
300.921 .... 320 packets received, 2185 bps, 27.31%, Err 8 (1.1e-005)
303.347 .... 323 packets received, 2188 bps, 27.35%, Err 8 (1.1e-005)
305.829 .... 326 packets received, 2190 bps, 27.38%, Err 8 (1.1e-005)
308.321 .... 329 packets received, 2192 bps, 27.41%, Err 8 (1.1e-005)
310.786 .... 332 packets received, 2195 bps, 27.44%, Err 8 (1.1e-005)
315.731 .... 335 packets received, 2180 bps, 27.25%, Err 8 (1.1e-005)
317.967 .... 337 packets received, 2177 bps, 27.22%, Err 8 (1.1e-005)
320.451 .... 340 packets received, 2180 bps, 27.25%, Err 8 (1.1e-005)
323.774 .... 341 packets received, 2164 bps, 27.05%, Err 8 (1.1e-005)
326.154 .... 343 packets received, 2160 bps, 27.01%, Err 8 (1.1e-005)
328.615 .... 346 packets received, 2163 bps, 27.04%, Err 8 (1.0e-005)
331.063 .... 349 packets received, 2166 bps, 27.07%, Err 8 (1.0e-005)
333.527 .... 352 packets received, 2168 bps, 27.10%, Err 8 (1.0e-005)
335.983 .... 355 packets received, 2170 bps, 27.13%, Err 8 (1.0e-005)
338.447 .... 358 packets received, 2173 bps, 27.16%, Err 8 (1.0e-005)
340.875 .... 361 packets received, 2175 bps, 27.19%, Err 8 (1.0e-005)
343.322 .... 364 packets received, 2178 bps, 27.22%, Err 8 (9.9e-006)
345.799 .... 367 packets received, 2180 bps, 27.25%, Err 8 (9.8e-006)
348.270 .... 370 packets received, 2182 bps, 27.28%, Err 8 (9.8e-006)
351.573 .... 371 packets received, 2167 bps, 27.09%, Err 9 (1.1e-005)
353.984 .... 374 packets received, 2170 bps, 27.12%, Err 9 (1.1e-005)
356.441 .... 377 packets received, 2172 bps, 27.15%, Err 9 (1.1e-005)
358.893 .... 380 packets received, 2175 bps, 27.18%, Err 9 (1.1e-005)
361.364 .... 383 packets received, 2177 bps, 27.21%, Err 9 (1.1e-005)
363.806 .... 386 packets received, 2179 bps, 27.24%, Err 9 (1.1e-005)
366.245 .... 389 packets received, 2181 bps, 27.27%, Err 9 (1.0e-005)
368.731 .... 392 packets received, 2183 bps, 27.29%, Err 9 (1.0e-005)
371.187 .... 395 packets received, 2185 bps, 27.32%, Err 9 (1.0e-005)
373.692 .... 398 packets received, 2187 bps, 27.34%, Err 9 (1.0e-005)
376.180 .... 401 packets received, 2189 bps, 27.36%, Err 9 (1.0e-005)
378.633 .... 404 packets received, 2191 bps, 27.39%, Err 9 (1.0e-005)
381.079 .... 407 packets received, 2193 bps, 27.41%, Err 9 (1.0e-005)
384.407 .... 408 packets received, 2179 bps, 27.24%, Err 10 (1.1e-005)
386.877 .... 411 packets received, 2181 bps, 27.27%, Err 10 (1.1e-005)
389.317 .... 414 packets received, 2183 bps, 27.29%, Err 10 (1.1e-005)
391.813 .... 417 packets received, 2185 bps, 27.32%, Err 10 (1.1e-005)
394.223 .... 420 packets received, 2187 bps, 27.34%, Err 10 (1.1e-005)
396.690 .... 423 packets received, 2189 bps, 27.37%, Err 10 (1.1e-005)
399.129 .... 426 packets received, 2191 bps, 27.39%, Err 10 (1.1e-005)
401.566 .... 429 packets received, 2193 bps, 27.42%, Err 10 (1.1e-005)
404.007 .... 432 packets received, 2195 bps, 27.44%, Err 10 (1.0e-005)
406.458 .... 435 packets received, 2197 bps, 27.47%, Err 10 (1.0e-005)
408.909 .... 438 packets received, 2199 bps, 27.49%, Err 10 (1.0e-005)
412.223 .... 439 packets received, 2186 bps, 27.33%, Err 11 (1.1e-005)
414.650 .... 442 packets received, 2188 bps, 27.35%, Err 11 (1.1e-005)
416.857 .... 444 packets received, 2187 bps, 27.33%, Err 11 (1.1e-005)
419.067 .... 446 packets received, 2185 bps, 27.31%, Err 11 (1.1e-005)
421.257 .... 448 packets received, 2183 bps, 27.29%, Err 11 (1.1e-005)
423.710 .... 451 packets received, 2185 bps, 27.31%, Err 11 (1.1e-005)
425.902 .... 453 packets received, 2183 bps, 27.29%, Err 11 (1.1e-005)
428.388 .... 456 packets received, 2185 bps, 27.31%, Err 11 (1.1e-005)
430.579 .... 458 packets received, 2184 bps, 27.29%, Err 11 (1.1e-005)
432.795 .... 460 packets received, 2182 bps, 27.27%, Err 11 (1.1e-005)
435.252 .... 463 packets received, 2184 bps, 27.29%, Err 11 (1.1e-005)
437.724 .... 466 packets received, 2185 bps, 27.32%, Err 11 (1.1e-005)
440.207 .... 469 packets received, 2187 bps, 27.34%, Err 11 (1.1e-005)
442.659 .... 472 packets received, 2189 bps, 27.36%, Err 11 (1.1e-005)
445.129 .... 475 packets received, 2190 bps, 27.38%, Err 11 (1.0e-005)
447.527 .... 478 packets received, 2192 bps, 27.40%, Err 11 (1.0e-005)
449.747 .... 480 packets received, 2191 bps, 27.38%, Err 11 (1.0e-005)
451.948 .... 482 packets received, 2189 bps, 27.36%, Err 11 (1.0e-005)
454.183 .... 484 packets received, 2187 bps, 27.34%, Err 11 (1.0e-005)
456.642 .... 487 packets received, 2189 bps, 27.36%, Err 11 (1.0e-005)
459.067 .... 490 packets received, 2191 bps, 27.38%, Err 11 (1.0e-005)
461.268 .... 492 packets received, 2189 bps, 27.36%, Err 11 (1.0e-005)
463.457 .... 494 packets received, 2188 bps, 27.35%, Err 11 (1.0e-005)
465.702 .... 496 packets received, 2186 bps, 27.32%, Err 11 (1.0e-005)
467.910 .... 498 packets received, 2184 bps, 27.30%, Err 11 (1.0e-005)
470.119 .... 500 packets received, 2183 bps, 27.29%, Err 11 (1.0e-005)
472.541 .... 503 packets received, 2185 bps, 27.31%, Err 11 (9.9e-006)
475.000 .... 506 packets received, 2186 bps, 27.33%, Err 11 (9.8e-006)
477.473 .... 509 packets received, 2188 bps, 27.35%, Err 11 (9.8e-006)
479.925 .... 512 packets received, 2189 bps, 27.37%, Err 11 (9.7e-006)
482.404 .... 515 packets received, 2191 bps, 27.39%, Err 11 (9.7e-006)
484.863 .... 518 packets received, 2192 bps, 27.41%, Err 11 (9.6e-006)
487.303 .... 521 packets received, 2194 bps, 27.43%, Err 11 (9.6e-006)
489.735 .... 524 packets received, 2196 bps, 27.45%, Err 11 (9.5e-006)
492.256 .... 527 packets received, 2197 bps, 27.46%, Err 11 (9.5e-006)
494.719 .... 530 packets received, 2199 bps, 27.48%, Err 11 (9.4e-006)
497.189 .... 533 packets received, 2200 bps, 27.50%, Err 11 (9.4e-006)
500.515 .... 534 packets received, 2189 bps, 27.37%, Err 12 (1.0e-005)
504.590 .... 536 packets received, 2180 bps, 27.25%, Err 12 (1.0e-005)
507.079 .... 537 packets received, 2173 bps, 27.16%, Err 12 (1.0e-005)
510.430 .... 538 packets received, 2163 bps, 27.04%, Err 12 (1.0e-005)
512.485 .... 540 packets received, 2162 bps, 27.03%, Err 12 (1.0e-005)
514.921 .... 543 packets received, 2164 bps, 27.05%, Err 12 (1.0e-005)
517.376 .... 546 packets received, 2165 bps, 27.07%, Err 12 (9.9e-006)
522.317 .... 549 packets received, 2157 bps, 26.96%, Err 12 (9.8e-006)
524.793 .... 551 packets received, 2154 bps, 26.93%, Err 12 (9.8e-006)
527.232 .... 554 packets received, 2156 bps, 26.95%, Err 12 (9.8e-006)
529.711 .... 557 packets received, 2158 bps, 26.97%, Err 12 (9.7e-006)
534.695 .... 560 packets received, 2149 bps, 26.86%, Err 12 (9.6e-006)
537.110 .... 562 packets received, 2147 bps, 26.84%, Err 12 (9.6e-006)
539.563 .... 565 packets received, 2149 bps, 26.86%, Err 12 (9.6e-006)
542.004 .... 568 packets received, 2150 bps, 26.88%, Err 12 (9.5e-006)
544.572 .... 571 packets received, 2151 bps, 26.89%, Err 12 (9.5e-006)
547.020 .... 574 packets received, 2153 bps, 26.91%, Err 12 (9.4e-006)
551.164 .... 576 packets received, 2144 bps, 26.80%, Err 12 (9.4e-006)
553.541 .... 578 packets received, 2142 bps, 26.78%, Err 12 (9.3e-006)
555.998 .... 581 packets received, 2144 bps, 26.80%, Err 12 (9.3e-006)
559.318 .... 582 packets received, 2135 bps, 26.69%, Err 12 (9.3e-006)
561.723 .... 584 packets received, 2133 bps, 26.66%, Err 12 (9.2e-006)
564.163 .... 587 packets received, 2135 bps, 26.68%, Err 12 (9.2e-006)
566.636 .... 590 packets received, 2136 bps, 26.70%, Err 12 (9.1e-006)
569.129 .... 593 packets received, 2138 bps, 26.72%, Err 12 (9.1e-006)
571.554 .... 596 packets received, 2139 bps, 26.74%, Err 12 (9.1e-006)
573.992 .... 599 packets received, 2141 bps, 26.76%, Err 12 (9.0e-006)
576.447 .... 602 packets received, 2143 bps, 26.78%, Err 12 (9.0e-006)
578.901 .... 605 packets received, 2144 bps, 26.80%, Err 12 (8.9e-006)
581.344 .... 608 packets received, 2146 bps, 26.82%, Err 12 (8.9e-006)
583.823 .... 611 packets received, 2147 bps, 26.84%, Err 12 (8.8e-006)
586.262 .... 614 packets received, 2149 bps, 26.86%, Err 12 (8.8e-006)
588.699 .... 617 packets received, 2150 bps, 26.88%, Err 12 (8.8e-006)
591.154 .... 620 packets received, 2152 bps, 26.89%, Err 12 (8.7e-006)
593.605 .... 623 packets received, 2153 bps, 26.91%, Err 12 (8.7e-006)
596.043 .... 626 packets received, 2155 bps, 26.93%, Err 12 (8.6e-006)
598.496 .... 629 packets received, 2156 bps, 26.95%, Err 12 (8.6e-006)
601.636 .... 632 packets received, 2155 bps, 26.94%, Err 12 (8.6e-006)
603.855 .... 634 packets received, 2154 bps, 26.92%, Err 12 (8.5e-006)
606.057 .... 636 packets received, 2153 bps, 26.91%, Err 12 (8.5e-006)
608.509 .... 639 packets received, 2154 bps, 26.93%, Err 12 (8.5e-006)
611.011 .... 642 packets received, 2155 bps, 26.94%, Err 12 (8.4e-006)
613.471 .... 645 packets received, 2157 bps, 26.96%, Err 12 (8.4e-006)
615.913 .... 648 packets received, 2158 bps, 26.98%, Err 12 (8.4e-006)
618.347 .... 651 packets received, 2160 bps, 27.00%, Err 12 (8.3e-006)
622.491 .... 653 packets received, 2152 bps, 26.90%, Err 13 (9.0e-006)
624.667 .... 655 packets received, 2151 bps, 26.89%, Err 13 (8.9e-006)
627.681 .... 658 packets received, 2150 bps, 26.88%, Err 13 (8.9e-006)
629.862 .... 660 packets received, 2149 bps, 26.87%, Err 13 (8.9e-006)
632.886 .... 663 packets received, 2149 bps, 26.86%, Err 13 (8.8e-006)
635.354 .... 666 packets received, 2150 bps, 26.88%, Err 13 (8.8e-006)
637.809 .... 669 packets received, 2152 bps, 26.89%, Err 13 (8.8e-006)
640.254 .... 672 packets received, 2153 bps, 26.91%, Err 13 (8.7e-006)
645.749 .... 675 packets received, 2144 bps, 26.80%, Err 14 (9.3e-006)
647.953 .... 677 packets received, 2143 bps, 26.79%, Err 14 (9.3e-006)
650.158 .... 679 packets received, 2142 bps, 26.78%, Err 14 (9.3e-006)
652.374 .... 681 packets received, 2141 bps, 26.76%, Err 14 (9.3e-006)
654.852 .... 684 packets received, 2142 bps, 26.78%, Err 14 (9.2e-006)
658.193 .... 685 packets received, 2135 bps, 26.68%, Err 15 (9.9e-006)
660.378 .... 687 packets received, 2134 bps, 26.67%, Err 15 (9.8e-006)
662.597 .... 689 packets received, 2133 bps, 26.66%, Err 15 (9.8e-006)
664.775 .... 691 packets received, 2132 bps, 26.65%, Err 15 (9.8e-006)
666.953 .... 693 packets received, 2131 bps, 26.64%, Err 15 (9.7e-006)
669.403 .... 696 packets received, 2133 bps, 26.66%, Err 15 (9.7e-006)
671.609 .... 698 packets received, 2132 bps, 26.65%, Err 15 (9.7e-006)
673.820 .... 700 packets received, 2131 bps, 26.63%, Err 15 (9.6e-006)
676.296 .... 703 packets received, 2132 bps, 26.65%, Err 15 (9.6e-006)
678.519 .... 705 packets received, 2131 bps, 26.64%, Err 15 (9.6e-006)
680.735 .... 707 packets received, 2130 bps, 26.63%, Err 15 (9.6e-006)
682.932 .... 709 packets received, 2129 bps, 26.62%, Err 15 (9.5e-006)
685.185 .... 711 packets received, 2128 bps, 26.60%, Err 15 (9.5e-006)
687.389 .... 713 packets received, 2127 bps, 26.59%, Err 15 (9.5e-006)
689.857 .... 716 packets received, 2129 bps, 26.61%, Err 15 (9.4e-006)
692.322 .... 719 packets received, 2130 bps, 26.62%, Err 15 (9.4e-006)
694.531 .... 721 packets received, 2129 bps, 26.61%, Err 15 (9.4e-006)
696.989 .... 724 packets received, 2130 bps, 26.63%, Err 15 (9.3e-006)
699.451 .... 727 packets received, 2132 bps, 26.65%, Err 15 (9.3e-006)
702.769 .... 728 packets received, 2125 bps, 26.56%, Err 15 (9.3e-006)
708.169 .... 729 packets received, 2111 bps, 26.39%, Err 15 (9.2e-006)
710.618 .... 732 packets received, 2113 bps, 26.41%, Err 15 (9.2e-006)
713.057 .... 735 packets received, 2114 bps, 26.42%, Err 15 (9.2e-006)
715.492 .... 738 packets received, 2115 bps, 26.44%, Err 15 (9.1e-006)
717.977 .... 741 packets received, 2117 bps, 26.46%, Err 15 (9.1e-006)
720.467 .... 744 packets received, 2118 bps, 26.47%, Err 15 (9.1e-006)
722.919 .... 747 packets received, 2119 bps, 26.49%, Err 15 (9.0e-006)
725.376 .... 750 packets received, 2120 bps, 26.51%, Err 15 (9.0e-006)
727.773 .... 753 packets received, 2122 bps, 26.52%, Err 15 (9.0e-006)
730.240 .... 756 packets received, 2123 bps, 26.54%, Err 15 (8.9e-006)
732.732 .... 759 packets received, 2124 bps, 26.55%, Err 15 (8.9e-006)
735.191 .... 762 packets received, 2126 bps, 26.57%, Err 15 (8.9e-006)
737.633 .... 765 packets received, 2127 bps, 26.59%, Err 15 (8.8e-006)
740.074 .... 768 packets received, 2128 bps, 26.60%, Err 16 (9.4e-006)
742.509 .... 771 packets received, 2129 bps, 26.62%, Err 16 (9.3e-006)
744.930 .... 774 packets received, 2131 bps, 26.63%, Err 16 (9.3e-006)
747.376 .... 777 packets received, 2132 bps, 26.65%, Err 16 (9.3e-006)
752.351 .... 780 packets received, 2126 bps, 26.58%, Err 17 (9.8e-006)
754.776 .... 783 packets received, 2127 bps, 26.59%, Err 17 (9.8e-006)
757.229 .... 786 packets received, 2129 bps, 26.61%, Err 17 (9.7e-006)
759.735 .... 789 packets received, 2130 bps, 26.62%, Err 17 (9.7e-006)
762.170 .... 792 packets received, 2131 bps, 26.64%, Err 17 (9.7e-006)
764.655 .... 795 packets received, 2132 bps, 26.65%, Err 17 (9.6e-006)
767.077 .... 798 packets received, 2133 bps, 26.67%, Err 17 (9.6e-006)
769.535 .... 801 packets received, 2135 bps, 26.68%, Err 17 (9.6e-006)
771.961 .... 804 packets received, 2136 bps, 26.70%, Err 17 (9.5e-006)
774.356 .... 807 packets received, 2137 bps, 26.71%, Err 17 (9.5e-006)
776.841 .... 810 packets received, 2138 bps, 26.73%, Err 17 (9.5e-006)
780.962 .... 812 packets received, 2132 bps, 26.65%, Err 17 (9.4e-006)
784.757 .... 813 packets received, 2124 bps, 26.56%, Err 18 (1.0e-005)
789.696 .... 816 packets received, 2119 bps, 26.49%, Err 19 (1.0e-005)
793.034 .... 817 packets received, 2113 bps, 26.41%, Err 19 (1.0e-005)
795.300 .... 819 packets received, 2112 bps, 26.40%, Err 19 (1.0e-005)
797.759 .... 822 packets received, 2113 bps, 26.41%, Err 19 (1.0e-005)
800.212 .... 825 packets received, 2114 bps, 26.43%, Err 19 (1.0e-005)
802.465 .... 827 packets received, 2113 bps, 26.42%, Err 19 (1.0e-005)
804.711 .... 829 packets received, 2112 bps, 26.41%, Err 19 (1.0e-005)
806.887 .... 831 packets received, 2112 bps, 26.40%, Err 19 (1.0e-005)
809.061 .... 833 packets received, 2111 bps, 26.39%, Err 19 (1.0e-005)
811.487 .... 836 packets received, 2112 bps, 26.41%, Err 19 (1.0e-005)
815.616 .... 838 packets received, 2107 bps, 26.33%, Err 20 (1.1e-005)
818.065 .... 841 packets received, 2108 bps, 26.35%, Err 20 (1.1e-005)
820.548 .... 844 packets received, 2109 bps, 26.36%, Err 20 (1.1e-005)
822.972 .... 847 packets received, 2110 bps, 26.38%, Err 20 (1.1e-005)
825.170 .... 849 packets received, 2110 bps, 26.37%, Err 20 (1.1e-005)
828.181 .... 852 packets received, 2109 bps, 26.37%, Err 20 (1.1e-005)
830.665 .... 855 packets received, 2111 bps, 26.38%, Err 20 (1.0e-005)
834.798 .... 857 packets received, 2105 bps, 26.31%, Err 21 (1.1e-005)
837.233 .... 860 packets received, 2106 bps, 26.33%, Err 21 (1.1e-005)
839.724 .... 863 packets received, 2107 bps, 26.34%, Err 21 (1.1e-005)
841.898 .... 865 packets received, 2107 bps, 26.33%, Err 21 (1.1e-005)
844.099 .... 867 packets received, 2106 bps, 26.33%, Err 21 (1.1e-005)
846.643 .... 870 packets received, 2107 bps, 26.34%, Err 21 (1.1e-005)
849.110 .... 873 packets received, 2108 bps, 26.35%, Err 21 (1.1e-005)
851.550 .... 876 packets received, 2109 bps, 26.37%, Err 21 (1.1e-005)
854.006 .... 879 packets received, 2110 bps, 26.38%, Err 21 (1.1e-005)
858.145 .... 881 packets received, 2105 bps, 26.31%, Err 22 (1.1e-005)
860.621 .... 884 packets received, 2106 bps, 26.33%, Err 22 (1.1e-005)
863.068 .... 887 packets received, 2107 bps, 26.34%, Err 22 (1.1e-005)
865.523 .... 890 packets received, 2108 bps, 26.35%, Err 22 (1.1e-005)
867.980 .... 893 packets received, 2109 bps, 26.37%, Err 22 (1.1e-005)
870.431 .... 896 packets received, 2111 bps, 26.38%, Err 22 (1.1e-005)
872.890 .... 899 packets received, 2112 bps, 26.40%, Err 22 (1.1e-005)
875.358 .... 902 packets received, 2113 bps, 26.41%, Err 22 (1.1e-005)
877.799 .... 905 packets received, 2114 bps, 26.42%, Err 22 (1.1e-005)
880.243 .... 908 packets received, 2115 bps, 26.44%, Err 22 (1.1e-005)
882.668 .... 911 packets received, 2116 bps, 26.45%, Err 22 (1.1e-005)
885.667 .... 914 packets received, 2116 bps, 26.45%, Err 22 (1.1e-005)
890.648 .... 917 packets received, 2111 bps, 26.39%, Err 23 (1.1e-005)
893.685 .... 920 packets received, 2111 bps, 26.38%, Err 23 (1.1e-005)
895.847 .... 922 packets received, 2110 bps, 26.38%, Err 23 (1.1e-005)
898.896 .... 925 packets received, 2110 bps, 26.37%, Err 23 (1.1e-005)
903.013 .... 927 packets received, 2105 bps, 26.31%, Err 23 (1.1e-005)
905.137 .... 929 packets received, 2104 bps, 26.30%, Err 23 (1.1e-005)
907.632 .... 932 packets received, 2105 bps, 26.32%, Err 23 (1.1e-005)
910.070 .... 935 packets received, 2106 bps, 26.33%, Err 23 (1.1e-005)
914.247 .... 937 packets received, 2101 bps, 26.27%, Err 24 (1.1e-005)
916.683 .... 940 packets received, 2102 bps, 26.28%, Err 24 (1.1e-005)
919.159 .... 943 packets received, 2103 bps, 26.29%, Err 24 (1.1e-005)
921.646 .... 946 packets received, 2104 bps, 26.31%, Err 24 (1.1e-005)
924.099 .... 949 packets received, 2105 bps, 26.32%, Err 24 (1.1e-005)
926.551 .... 952 packets received, 2107 bps, 26.33%, Err 24 (1.1e-005)
928.969 .... 955 packets received, 2108 bps, 26.35%, Err 24 (1.1e-005)
931.409 .... 958 packets received, 2109 bps, 26.36%, Err 24 (1.1e-005)
933.844 .... 961 packets received, 2110 bps, 26.37%, Err 24 (1.1e-005)
936.268 .... 964 packets received, 2111 bps, 26.39%, Err 24 (1.1e-005)
938.679 .... 967 packets received, 2112 bps, 26.40%, Err 24 (1.1e-005)
941.132 .... 970 packets received, 2113 bps, 26.41%, Err 24 (1.1e-005)
943.622 .... 973 packets received, 2114 bps, 26.43%, Err 24 (1.1e-005)
946.126 .... 976 packets received, 2115 bps, 26.44%, Err 24 (1.1e-005)
948.575 .... 979 packets received, 2116 bps, 26.45%, Err 24 (1.1e-005)
953.482 .... 982 packets received, 2111 bps, 26.39%, Err 25 (1.1e-005)
955.930 .... 985 packets received, 2112 bps, 26.41%, Err 25 (1.1e-005)
958.357 .... 988 packets received, 2114 bps, 26.42%, Err 25 (1.1e-005)
960.816 .... 991 packets received, 2115 bps, 26.43%, Err 25 (1.1e-005)
964.134 .... 992 packets received, 2109 bps, 26.37%, Err 26 (1.2e-005)
966.586 .... 995 packets received, 2110 bps, 26.38%, Err 26 (1.2e-005)
969.045 .... 998 packets received, 2111 bps, 26.39%, Err 26 (1.2e-005)
971.489 .... 1001 packets received, 2112 bps, 26.40%, Err 26 (1.2e-005)
973.984 .... 1004 packets received, 2113 bps, 26.42%, Err 27 (1.2e-005)
976.463 .... 1007 packets received, 2114 bps, 26.43%, Err 27 (1.2e-005)
978.919 .... 1010 packets received, 2115 bps, 26.44%, Err 27 (1.2e-005)
981.353 .... 1013 packets received, 2116 bps, 26.45%, Err 27 (1.2e-005)
983.814 .... 1016 packets received, 2117 bps, 26.46%, Err 27 (1.2e-005)
986.268 .... 1019 packets received, 2118 bps, 26.48%, Err 27 (1.2e-005)
988.707 .... 1022 packets received, 2119 bps, 26.49%, Err 27 (1.2e-005)
991.160 .... 1025 packets received, 2120 bps, 26.50%, Err 27 (1.2e-005)
993.616 .... 1028 packets received, 2121 bps, 26.51%, Err 27 (1.2e-005)
996.071 .... 1031 packets received, 2122 bps, 26.52%, Err 27 (1.2e-005)
998.505 .... 1034 packets received, 2123 bps, 26.54%, Err 27 (1.2e-005)
1001.652 .... 1037 packets received, 2122 bps, 26.53%, Err 27 (1.2e-005)
1004.672 .... 1040 packets received, 2122 bps, 26.53%, Err 27 (1.2e-005)
1007.161 .... 1043 packets received, 2123 bps, 26.54%, Err 27 (1.2e-005)
1009.620 .... 1046 packets received, 2124 bps, 26.55%, Err 27 (1.2e-005)
1012.054 .... 1049 packets received, 2125 bps, 26.56%, Err 27 (1.2e-005)
1014.485 .... 1052 packets received, 2126 bps, 26.57%, Err 27 (1.2e-005)
1016.898 .... 1055 packets received, 2127 bps, 26.59%, Err 27 (1.1e-005)
1019.354 .... 1058 packets received, 2128 bps, 26.60%, Err 27 (1.1e-005)
1021.821 .... 1061 packets received, 2129 bps, 26.61%, Err 27 (1.1e-005)
1024.245 .... 1064 packets received, 2130 bps, 26.62%, Err 27 (1.1e-005)
1026.679 .... 1067 packets received, 2131 bps, 26.63%, Err 27 (1.1e-005)
1030.021 .... 1068 packets received, 2126 bps, 26.57%, Err 28 (1.2e-005)
1032.458 .... 1071 packets received, 2127 bps, 26.58%, Err 28 (1.2e-005)
1034.898 .... 1074 packets received, 2127 bps, 26.59%, Err 28 (1.2e-005)
1037.351 .... 1077 packets received, 2128 bps, 26.60%, Err 28 (1.2e-005)
1039.760 .... 1080 packets received, 2129 bps, 26.62%, Err 28 (1.2e-005)
1042.235 .... 1083 packets received, 2130 bps, 26.63%, Err 29 (1.2e-005)
1044.705 .... 1086 packets received, 2131 bps, 26.64%, Err 29 (1.2e-005)
1047.180 .... 1089 packets received, 2132 bps, 26.65%, Err 29 (1.2e-005)
1049.669 .... 1092 packets received, 2133 bps, 26.66%, Err 29 (1.2e-005)
1052.113 .... 1095 packets received, 2134 bps, 26.67%, Err 29 (1.2e-005)
1057.025 .... 1098 packets received, 2129 bps, 26.62%, Err 30 (1.2e-005)
1059.481 .... 1101 packets received, 2130 bps, 26.63%, Err 30 (1.2e-005)
1061.916 .... 1104 packets received, 2131 bps, 26.64%, Err 30 (1.2e-005)
1064.086 .... 1106 packets received, 2131 bps, 26.63%, Err 30 (1.2e-005)
1066.555 .... 1109 packets received, 2132 bps, 26.64%, Err 30 (1.2e-005)
1068.718 .... 1111 packets received, 2131 bps, 26.64%, Err 30 (1.2e-005)
1070.967 .... 1113 packets received, 2130 bps, 26.63%, Err 30 (1.2e-005)
1073.989 .... 1116 packets received, 2130 bps, 26.63%, Err 30 (1.2e-005)
1076.193 .... 1118 packets received, 2130 bps, 26.62%, Err 30 (1.2e-005)
1078.406 .... 1120 packets received, 2129 bps, 26.61%, Err 30 (1.2e-005)
1080.551 .... 1122 packets received, 2129 bps, 26.61%, Err 30 (1.2e-005)
1082.759 .... 1124 packets received, 2128 bps, 26.60%, Err 30 (1.2e-005)
1084.947 .... 1126 packets received, 2127 bps, 26.59%, Err 30 (1.2e-005)
1087.137 .... 1128 packets received, 2127 bps, 26.59%, Err 30 (1.2e-005)
1090.165 .... 1131 packets received, 2127 bps, 26.58%, Err 30 (1.2e-005)
1092.355 .... 1133 packets received, 2126 bps, 26.58%, Err 30 (1.2e-005)
1095.412 .... 1136 packets received, 2126 bps, 26.57%, Err 30 (1.2e-005)
1097.927 .... 1139 packets received, 2127 bps, 26.58%, Err 30 (1.2e-005)
1100.393 .... 1142 packets received, 2127 bps, 26.59%, Err 30 (1.2e-005)
1102.832 .... 1145 packets received, 2128 bps, 26.60%, Err 30 (1.2e-005)
1105.264 .... 1148 packets received, 2129 bps, 26.61%, Err 30 (1.2e-005)
1107.716 .... 1151 packets received, 2130 bps, 26.62%, Err 30 (1.2e-005)
1110.243 .... 1154 packets received, 2131 bps, 26.63%, Err 30 (1.2e-005)
1113.530 .... 1155 packets received, 2126 bps, 26.58%, Err 31 (1.2e-005)
1115.983 .... 1158 packets received, 2127 bps, 26.59%, Err 31 (1.2e-005)
1118.448 .... 1161 packets received, 2128 bps, 26.60%, Err 31 (1.2e-005)
1123.394 .... 1164 packets received, 2124 bps, 26.55%, Err 31 (1.2e-005)
1125.508 .... 1166 packets received, 2124 bps, 26.54%, Err 31 (1.2e-005)
1127.935 .... 1169 packets received, 2124 bps, 26.56%, Err 31 (1.2e-005)
1130.349 .... 1172 packets received, 2125 bps, 26.57%, Err 31 (1.2e-005)
1132.821 .... 1175 packets received, 2126 bps, 26.58%, Err 31 (1.2e-005)
1135.267 .... 1178 packets received, 2127 bps, 26.59%, Err 31 (1.2e-005)
1140.269 .... 1181 packets received, 2123 bps, 26.54%, Err 32 (1.2e-005)
1146.062 .... 1182 packets received, 2114 bps, 26.43%, Err 33 (1.3e-005)
1148.510 .... 1185 packets received, 2115 bps, 26.44%, Err 33 (1.2e-005)
1150.963 .... 1188 packets received, 2116 bps, 26.45%, Err 33 (1.2e-005)
1153.403 .... 1191 packets received, 2117 bps, 26.46%, Err 33 (1.2e-005)
1155.840 .... 1194 packets received, 2117 bps, 26.47%, Err 33 (1.2e-005)
1158.281 .... 1197 packets received, 2118 bps, 26.48%, Err 33 (1.2e-005)
1160.733 .... 1200 packets received, 2119 bps, 26.49%, Err 33 (1.2e-005)
1163.184 .... 1203 packets received, 2120 bps, 26.50%, Err 33 (1.2e-005)
1165.650 .... 1206 packets received, 2121 bps, 26.51%, Err 33 (1.2e-005)
1168.121 .... 1209 packets received, 2121 bps, 26.52%, Err 33 (1.2e-005)
1170.578 .... 1212 packets received, 2122 bps, 26.53%, Err 33 (1.2e-005)
1173.014 .... 1215 packets received, 2123 bps, 26.54%, Err 33 (1.2e-005)
1175.481 .... 1218 packets received, 2124 bps, 26.55%, Err 33 (1.2e-005)
1177.902 .... 1221 packets received, 2125 bps, 26.56%, Err 33 (1.2e-005)
1180.360 .... 1224 packets received, 2126 bps, 26.57%, Err 33 (1.2e-005)
1182.844 .... 1227 packets received, 2126 bps, 26.58%, Err 33 (1.2e-005)
1185.290 .... 1230 packets received, 2127 bps, 26.59%, Err 33 (1.2e-005)
1187.724 .... 1233 packets received, 2128 bps, 26.60%, Err 33 (1.2e-005)
1190.164 .... 1236 packets received, 2129 bps, 26.61%, Err 33 (1.2e-005)
1192.619 .... 1239 packets received, 2129 bps, 26.62%, Err 33 (1.2e-005)
1195.068 .... 1242 packets received, 2130 bps, 26.63%, Err 33 (1.2e-005)
1197.552 .... 1245 packets received, 2131 bps, 26.64%, Err 33 (1.2e-005)
1199.983 .... 1248 packets received, 2132 bps, 26.65%, Err 33 (1.2e-005)
1204.907 .... 1251 packets received, 2128 bps, 26.60%, Err 34 (1.2e-005)
1207.100 .... 1253 packets received, 2128 bps, 26.60%, Err 34 (1.2e-005)
1211.775 .... 1256 packets received, 2124 bps, 26.56%, Err 34 (1.2e-005)
1213.950 .... 1258 packets received, 2124 bps, 26.55%, Err 34 (1.2e-005)
1216.442 .... 1261 packets received, 2125 bps, 26.56%, Err 34 (1.2e-005)
1218.885 .... 1264 packets received, 2126 bps, 26.57%, Err 34 (1.2e-005)
1221.318 .... 1267 packets received, 2126 bps, 26.58%, Err 34 (1.2e-005)
1223.481 .... 1269 packets received, 2126 bps, 26.57%, Err 34 (1.2e-005)
1225.983 .... 1272 packets received, 2127 bps, 26.58%, Err 34 (1.2e-005)
1228.411 .... 1275 packets received, 2127 bps, 26.59%, Err 35 (1.2e-005)
1230.889 .... 1278 packets received, 2128 bps, 26.60%, Err 35 (1.2e-005)
1233.385 .... 1281 packets received, 2129 bps, 26.61%, Err 35 (1.2e-005)
1236.331 .... 1284 packets received, 2129 bps, 26.61%, Err 35 (1.2e-005)
1238.744 .... 1287 packets received, 2130 bps, 26.62%, Err 35 (1.2e-005)
1241.182 .... 1290 packets received, 2130 bps, 26.63%, Err 35 (1.2e-005)
1243.670 .... 1293 packets received, 2131 bps, 26.64%, Err 35 (1.2e-005)
1246.711 .... 1296 packets received, 2131 bps, 26.63%, Err 35 (1.2e-005)
1249.139 .... 1299 packets received, 2131 bps, 26.64%, Err 35 (1.2e-005)
1251.612 .... 1302 packets received, 2132 bps, 26.65%, Err 35 (1.2e-005)
1254.084 .... 1305 packets received, 2133 bps, 26.66%, Err 35 (1.2e-005)
1256.595 .... 1308 packets received, 2133 bps, 26.67%, Err 35 (1.2e-005)
1259.109 .... 1311 packets received, 2134 bps, 26.68%, Err 35 (1.2e-005)
1261.270 .... 1313 packets received, 2134 bps, 26.67%, Err 35 (1.2e-005)
1264.586 .... 1316 packets received, 2133 bps, 26.66%, Err 35 (1.2e-005)
1266.789 .... 1318 packets received, 2132 bps, 26.66%, Err 35 (1.2e-005)
1269.224 .... 1321 packets received, 2133 bps, 26.67%, Err 35 (1.2e-005)
1271.636 .... 1324 packets received, 2134 bps, 26.68%, Err 35 (1.2e-005)
1274.055 .... 1327 packets received, 2135 bps, 26.68%, Err 35 (1.2e-005)
1276.503 .... 1330 packets received, 2136 bps, 26.69%, Err 35 (1.2e-005)
1278.943 .... 1333 packets received, 2136 bps, 26.70%, Err 35 (1.2e-005)
1281.425 .... 1336 packets received, 2137 bps, 26.71%, Err 35 (1.2e-005)
1283.870 .... 1339 packets received, 2138 bps, 26.72%, Err 35 (1.2e-005)
1286.288 .... 1342 packets received, 2138 bps, 26.73%, Err 35 (1.2e-005)
1288.766 .... 1345 packets received, 2139 bps, 26.74%, Err 35 (1.2e-005)
1291.216 .... 1348 packets received, 2140 bps, 26.75%, Err 35 (1.2e-005)
1293.677 .... 1351 packets received, 2140 bps, 26.76%, Err 35 (1.2e-005)
1296.160 .... 1354 packets received, 2141 bps, 26.76%, Err 35 (1.2e-005)
1298.627 .... 1357 packets received, 2142 bps, 26.77%, Err 35 (1.2e-005)
1301.106 .... 1360 packets received, 2142 bps, 26.78%, Err 35 (1.2e-005)
1303.542 .... 1363 packets received, 2143 bps, 26.79%, Err 35 (1.2e-005)
1307.696 .... 1365 packets received, 2139 bps, 26.74%, Err 36 (1.2e-005)
1310.105 .... 1368 packets received, 2140 bps, 26.75%, Err 36 (1.2e-005)
1312.605 .... 1371 packets received, 2141 bps, 26.76%, Err 36 (1.2e-005)
1315.057 .... 1374 packets received, 2141 bps, 26.77%, Err 36 (1.2e-005)
1317.522 .... 1377 packets received, 2142 bps, 26.78%, Err 36 (1.2e-005)
1319.997 .... 1380 packets received, 2143 bps, 26.78%, Err 36 (1.2e-005)
1322.444 .... 1383 packets received, 2143 bps, 26.79%, Err 36 (1.2e-005)
1324.887 .... 1386 packets received, 2144 bps, 26.80%, Err 36 (1.2e-005)
1327.338 .... 1389 packets received, 2145 bps, 26.81%, Err 36 (1.2e-005)
1329.826 .... 1392 packets received, 2145 bps, 26.82%, Err 36 (1.2e-005)
1332.293 .... 1395 packets received, 2146 bps, 26.83%, Err 36 (1.2e-005)
1334.761 .... 1398 packets received, 2147 bps, 26.83%, Err 36 (1.2e-005)
1337.246 .... 1401 packets received, 2147 bps, 26.84%, Err 36 (1.2e-005)
1339.730 .... 1404 packets received, 2148 bps, 26.85%, Err 36 (1.2e-005)
1343.063 .... 1405 packets received, 2144 bps, 26.80%, Err 37 (1.2e-005)
1345.501 .... 1408 packets received, 2145 bps, 26.81%, Err 37 (1.2e-005)
1347.984 .... 1411 packets received, 2145 bps, 26.82%, Err 37 (1.2e-005)
1350.427 .... 1414 packets received, 2146 bps, 26.83%, Err 37 (1.2e-005)
1352.904 .... 1417 packets received, 2147 bps, 26.83%, Err 37 (1.2e-005)
1355.337 .... 1420 packets received, 2147 bps, 26.84%, Err 37 (1.2e-005)
1357.842 .... 1423 packets received, 2148 bps, 26.85%, Err 37 (1.2e-005)
1360.285 .... 1426 packets received, 2149 bps, 26.86%, Err 37 (1.2e-005)
1362.689 .... 1429 packets received, 2149 bps, 26.87%, Err 37 (1.2e-005)
1365.151 .... 1432 packets received, 2150 bps, 26.87%, Err 37 (1.2e-005)
1367.589 .... 1435 packets received, 2151 bps, 26.88%, Err 37 (1.2e-005)
1370.011 .... 1438 packets received, 2151 bps, 26.89%, Err 37 (1.2e-005)
1372.465 .... 1441 packets received, 2152 bps, 26.90%, Err 37 (1.2e-005)
1374.883 .... 1444 packets received, 2153 bps, 26.91%, Err 37 (1.2e-005)
1377.360 .... 1447 packets received, 2153 bps, 26.91%, Err 37 (1.2e-005)
1379.859 .... 1450 packets received, 2154 bps, 26.92%, Err 37 (1.1e-005)
1382.340 .... 1453 packets received, 2154 bps, 26.93%, Err 37 (1.1e-005)
1384.811 .... 1456 packets received, 2155 bps, 26.94%, Err 37 (1.1e-005)
1387.276 .... 1459 packets received, 2155 bps, 26.94%, Err 37 (1.1e-005)
1389.744 .... 1462 packets received, 2156 bps, 26.95%, Err 37 (1.1e-005)
1392.249 .... 1465 packets received, 2157 bps, 26.96%, Err 37 (1.1e-005)
1394.735 .... 1468 packets received, 2157 bps, 26.96%, Err 37 (1.1e-005)
1397.176 .... 1471 packets received, 2158 bps, 26.97%, Err 37 (1.1e-005)
1399.597 .... 1474 packets received, 2158 bps, 26.98%, Err 37 (1.1e-005)
1402.062 .... 1477 packets received, 2159 bps, 26.99%, Err 37 (1.1e-005)
1406.997 .... 1480 packets received, 2156 bps, 26.95%, Err 38 (1.2e-005)
1409.399 .... 1483 packets received, 2156 bps, 26.96%, Err 38 (1.2e-005)
1411.831 .... 1486 packets received, 2157 bps, 26.96%, Err 38 (1.2e-005)
1414.279 .... 1489 packets received, 2158 bps, 26.97%, Err 38 (1.1e-005)
1416.458 .... 1491 packets received, 2157 bps, 26.97%, Err 38 (1.1e-005)
1420.563 .... 1493 packets received, 2154 bps, 26.92%, Err 39 (1.2e-005)
1423.003 .... 1496 packets received, 2155 bps, 26.93%, Err 39 (1.2e-005)
1425.436 .... 1499 packets received, 2155 bps, 26.94%, Err 39 (1.2e-005)
1427.894 .... 1502 packets received, 2156 bps, 26.95%, Err 39 (1.2e-005)
1430.382 .... 1505 packets received, 2156 bps, 26.95%, Err 39 (1.2e-005)
1432.849 .... 1508 packets received, 2157 bps, 26.96%, Err 39 (1.2e-005)
1435.869 .... 1511 packets received, 2157 bps, 26.96%, Err 39 (1.2e-005)
1438.062 .... 1513 packets received, 2156 bps, 26.95%, Err 39 (1.2e-005)
1440.259 .... 1515 packets received, 2156 bps, 26.95%, Err 39 (1.2e-005)
1442.454 .... 1517 packets received, 2155 bps, 26.94%, Err 39 (1.2e-005)
1447.405 .... 1520 packets received, 2152 bps, 26.90%, Err 40 (1.2e-005)
1450.453 .... 1523 packets received, 2152 bps, 26.90%, Err 40 (1.2e-005)
1452.934 .... 1526 packets received, 2152 bps, 26.91%, Err 40 (1.2e-005)
1456.242 .... 1527 packets received, 2149 bps, 26.86%, Err 41 (1.2e-005)
1458.720 .... 1530 packets received, 2150 bps, 26.87%, Err 41 (1.2e-005)
1461.145 .... 1533 packets received, 2150 bps, 26.88%, Err 41 (1.2e-005)
1463.626 .... 1536 packets received, 2151 bps, 26.88%, Err 41 (1.2e-005)
1466.034 .... 1539 packets received, 2151 bps, 26.89%, Err 41 (1.2e-005)
1468.499 .... 1542 packets received, 2152 bps, 26.90%, Err 42 (1.2e-005)
1470.980 .... 1545 packets received, 2153 bps, 26.91%, Err 42 (1.2e-005)
1473.416 .... 1548 packets received, 2153 bps, 26.91%, Err 42 (1.2e-005)
1475.867 .... 1551 packets received, 2154 bps, 26.92%, Err 42 (1.2e-005)
1478.338 .... 1554 packets received, 2154 bps, 26.93%, Err 42 (1.2e-005)
1480.516 .... 1556 packets received, 2154 bps, 26.92%, Err 42 (1.2e-005)
1483.010 .... 1559 packets received, 2154 bps, 26.93%, Err 42 (1.2e-005)
1485.465 .... 1562 packets received, 2155 bps, 26.94%, Err 42 (1.2e-005)
1487.896 .... 1565 packets received, 2156 bps, 26.94%, Err 42 (1.2e-005)
1490.366 .... 1568 packets received, 2156 bps, 26.95%, Err 42 (1.2e-005)
1492.866 .... 1571 packets received, 2157 bps, 26.96%, Err 42 (1.2e-005)
1495.288 .... 1574 packets received, 2157 bps, 26.97%, Err 42 (1.2e-005)
1497.712 .... 1577 packets received, 2158 bps, 26.97%, Err 42 (1.2e-005)
1500.161 .... 1580 packets received, 2158 bps, 26.98%, Err 42 (1.2e-005)
1502.643 .... 1583 packets received, 2159 bps, 26.99%, Err 42 (1.2e-005)
1505.133 .... 1586 packets received, 2159 bps, 26.99%, Err 42 (1.2e-005)
1507.542 .... 1589 packets received, 2160 bps, 27.00%, Err 42 (1.2e-005)
1510.011 .... 1592 packets received, 2161 bps, 27.01%, Err 42 (1.2e-005)
1512.460 .... 1595 packets received, 2161 bps, 27.01%, Err 42 (1.2e-005)
1514.909 .... 1598 packets received, 2162 bps, 27.02%, Err 42 (1.2e-005)
1517.332 .... 1601 packets received, 2162 bps, 27.03%, Err 42 (1.2e-005)
1519.865 .... 1604 packets received, 2163 bps, 27.03%, Err 42 (1.2e-005)
1522.316 .... 1607 packets received, 2163 bps, 27.04%, Err 42 (1.2e-005)
1524.750 .... 1610 packets received, 2164 bps, 27.05%, Err 42 (1.2e-005)
1527.234 .... 1613 packets received, 2164 bps, 27.06%, Err 42 (1.2e-005)
1529.704 .... 1616 packets received, 2165 bps, 27.06%, Err 42 (1.2e-005)
1532.172 .... 1619 packets received, 2165 bps, 27.07%, Err 42 (1.2e-005)
1534.591 .... 1622 packets received, 2166 bps, 27.08%, Err 42 (1.2e-005)
1537.067 .... 1625 packets received, 2167 bps, 27.08%, Err 42 (1.2e-005)
1539.471 .... 1628 packets received, 2167 bps, 27.09%, Err 42 (1.2e-005)
1541.903 .... 1631 packets received, 2168 bps, 27.10%, Err 42 (1.2e-005)
1546.811 .... 1634 packets received, 2165 bps, 27.06%, Err 43 (1.2e-005)
1549.208 .... 1637 packets received, 2165 bps, 27.07%, Err 43 (1.2e-005)
1551.654 .... 1640 packets received, 2166 bps, 27.08%, Err 43 (1.2e-005)
1554.141 .... 1643 packets received, 2166 bps, 27.08%, Err 43 (1.2e-005)
1556.577 .... 1646 packets received, 2167 bps, 27.09%, Err 43 (1.2e-005)
1559.036 .... 1649 packets received, 2168 bps, 27.09%, Err 43 (1.2e-005)
1561.490 .... 1652 packets received, 2168 bps, 27.10%, Err 43 (1.2e-005)
1563.951 .... 1655 packets received, 2169 bps, 27.11%, Err 43 (1.2e-005)
1566.387 .... 1658 packets received, 2169 bps, 27.11%, Err 43 (1.2e-005)
1568.875 .... 1661 packets received, 2170 bps, 27.12%, Err 43 (1.2e-005)
1571.314 .... 1664 packets received, 2170 bps, 27.13%, Err 43 (1.2e-005)
1573.731 .... 1667 packets received, 2171 bps, 27.13%, Err 43 (1.2e-005)
1576.146 .... 1670 packets received, 2171 bps, 27.14%, Err 43 (1.2e-005)
1578.570 .... 1673 packets received, 2172 bps, 27.15%, Err 43 (1.2e-005)
1580.995 .... 1676 packets received, 2172 bps, 27.16%, Err 43 (1.2e-005)
1583.461 .... 1679 packets received, 2173 bps, 27.16%, Err 43 (1.2e-005)
1585.927 .... 1682 packets received, 2173 bps, 27.17%, Err 43 (1.2e-005)
1588.416 .... 1685 packets received, 2174 bps, 27.17%, Err 43 (1.2e-005)
1590.916 .... 1688 packets received, 2174 bps, 27.18%, Err 43 (1.1e-005)
1593.365 .... 1691 packets received, 2175 bps, 27.19%, Err 43 (1.1e-005)
1595.803 .... 1694 packets received, 2175 bps, 27.19%, Err 43 (1.1e-005)
1598.291 .... 1697 packets received, 2176 bps, 27.20%, Err 43 (1.1e-005)
1600.735 .... 1700 packets received, 2176 bps, 27.20%, Err 43 (1.1e-005)
1603.202 .... 1703 packets received, 2177 bps, 27.21%, Err 43 (1.1e-005)
1606.227 .... 1706 packets received, 2177 bps, 27.21%, Err 44 (1.2e-005)
1608.470 .... 1708 packets received, 2176 bps, 27.20%, Err 44 (1.2e-005)
1610.903 .... 1711 packets received, 2177 bps, 27.21%, Err 44 (1.2e-005)
1613.346 .... 1714 packets received, 2177 bps, 27.21%, Err 44 (1.2e-005)
1615.796 .... 1717 packets received, 2178 bps, 27.22%, Err 44 (1.2e-005)
1618.261 .... 1720 packets received, 2178 bps, 27.23%, Err 44 (1.2e-005)
1620.716 .... 1723 packets received, 2179 bps, 27.23%, Err 44 (1.2e-005)
1623.159 .... 1726 packets received, 2179 bps, 27.24%, Err 44 (1.2e-005)
1625.603 .... 1729 packets received, 2180 bps, 27.25%, Err 44 (1.1e-005)
1628.050 .... 1732 packets received, 2180 bps, 27.25%, Err 44 (1.1e-005)
1630.504 .... 1735 packets received, 2181 bps, 27.26%, Err 44 (1.1e-005)
1632.968 .... 1738 packets received, 2181 bps, 27.26%, Err 44 (1.1e-005)
1635.442 .... 1741 packets received, 2182 bps, 27.27%, Err 44 (1.1e-005)
