000.000 =============================================================
000.000                     Station A                               
000.000 -------------------------------------------------------------
000.000 Protocol.lib, version 4.0, jiangyanjun0718@bupt.edu.cn
000.000 Channel: 8000 bps, 270 ms propagation delay, bit error rate 1.0E-005
000.000 Log file "stopwait-A.log", TCP port 59144, debug mask 0x00
000.000 Station A is waiting for station B on TCP port 59144 ... Done.
000.723 New epoch: Wed May 18 20:41:14 2022
000.723 =================================================================
000.724 
000.724 Designed by Jiang Yanjun, build: Oct 28 2018  16:36:26
003.863 .... 3 packets received, 2403 bps, 30.04%, Err 0 (0.0e+000)
006.893 .... 6 packets received, 2199 bps, 27.49%, Err 0 (0.0e+000)
009.101 .... 8 packets received, 2102 bps, 26.27%, Err 0 (0.0e+000)
012.110 .... 11 packets received, 2085 bps, 26.06%, Err 0 (0.0e+000)
014.308 .... 13 packets received, 2048 bps, 25.60%, Err 0 (0.0e+000)
016.528 .... 15 packets received, 2018 bps, 25.23%, Err 0 (0.0e+000)
018.751 .... 17 packets received, 1996 bps, 24.95%, Err 0 (0.0e+000)
021.248 .... 20 packets received, 2054 bps, 25.67%, Err 0 (0.0e+000)
023.705 .... 23 packets received, 2103 bps, 26.29%, Err 0 (0.0e+000)
026.200 .... 26 packets received, 2139 bps, 26.74%, Err 0 (0.0e+000)
028.609 .... 29 packets received, 2175 bps, 27.19%, Err 0 (0.0e+000)
030.840 .... 31 packets received, 2150 bps, 26.87%, Err 0 (0.0e+000)
033.317 .... 34 packets received, 2175 bps, 27.19%, Err 0 (0.0e+000)
035.755 .... 37 packets received, 2200 bps, 27.50%, Err 0 (0.0e+000)
038.798 .... 40 packets received, 2185 bps, 27.31%, Err 0 (0.0e+000)
041.005 .... 42 packets received, 2167 bps, 27.08%, Err 0 (0.0e+000)
043.457 .... 45 packets received, 2186 bps, 27.33%, Err 0 (0.0e+000)
046.502 .... 48 packets received, 2175 bps, 27.19%, Err 0 (0.0e+000)
049.492 .... 50 packets received, 2125 bps, 26.56%, Err 0 (0.0e+000)
051.979 .... 53 packets received, 2142 bps, 26.78%, Err 0 (0.0e+000)
054.394 .... 56 packets received, 2160 bps, 27.00%, Err 0 (0.0e+000)
056.872 .... 59 packets received, 2175 bps, 27.18%, Err 0 (0.0e+000)
059.320 .... 62 packets received, 2189 bps, 27.36%, Err 0 (0.0e+000)
063.468 .... 64 packets received, 2109 bps, 26.36%, Err 1 (7.1e-006)
065.935 .... 67 packets received, 2123 bps, 26.54%, Err 1 (6.8e-006)
068.104 .... 69 packets received, 2116 bps, 26.44%, Err 1 (6.6e-006)
070.542 .... 72 packets received, 2130 bps, 26.62%, Err 1 (6.3e-006)
073.554 .... 75 packets received, 2126 bps, 26.58%, Err 1 (6.1e-006)
075.746 .... 77 packets received, 2118 bps, 26.48%, Err 1 (5.9e-006)
077.931 .... 79 packets received, 2111 bps, 26.39%, Err 1 (5.8e-006)
080.344 .... 82 packets received, 2125 bps, 26.56%, Err 1 (5.6e-006)
082.796 .... 85 packets received, 2136 bps, 26.70%, Err 1 (5.4e-006)
085.292 .... 88 packets received, 2146 bps, 26.82%, Err 1 (5.2e-006)
087.752 .... 91 packets received, 2156 bps, 26.95%, Err 1 (5.0e-006)
090.231 .... 94 packets received, 2165 bps, 27.06%, Err 1 (4.9e-006)
092.651 .... 97 packets received, 2175 bps, 27.18%, Err 1 (4.7e-006)
095.654 .... 100 packets received, 2171 bps, 27.13%, Err 1 (4.6e-006)
098.094 .... 103 packets received, 2179 bps, 27.24%, Err 1 (4.4e-006)
100.270 .... 105 packets received, 2173 bps, 27.16%, Err 1 (4.4e-006)
104.328 .... 106 packets received, 2107 bps, 26.34%, Err 1 (4.3e-006)
108.425 .... 107 packets received, 2046 bps, 25.57%, Err 1 (4.3e-006)
112.561 .... 108 packets received, 1988 bps, 24.85%, Err 1 (4.2e-006)
116.721 .... 109 packets received, 1934 bps, 24.18%, Err 1 (4.2e-006)
120.786 .... 110 packets received, 1886 bps, 23.57%, Err 1 (4.1e-006)
124.828 .... 111 packets received, 1840 bps, 23.00%, Err 1 (4.1e-006)
128.903 .... 112 packets received, 1798 bps, 22.47%, Err 1 (4.1e-006)
132.937 .... 113 packets received, 1758 bps, 21.98%, Err 1 (4.0e-006)
137.086 .... 114 packets received, 1719 bps, 21.49%, Err 1 (4.0e-006)
141.140 .... 115 packets received, 1684 bps, 21.05%, Err 1 (4.0e-006)
147.753 .... 116 packets received, 1622 bps, 20.28%, Err 2 (7.8e-006)
153.496 .... 118 packets received, 1588 bps, 19.85%, Err 2 (7.6e-006)
157.629 .... 119 packets received, 1559 bps, 19.49%, Err 2 (7.6e-006)
161.779 .... 120 packets received, 1531 bps, 19.14%, Err 2 (7.5e-006)
165.909 .... 121 packets received, 1505 bps, 18.82%, Err 2 (7.4e-006)
169.949 .... 122 packets received, 1482 bps, 18.52%, Err 2 (7.4e-006)
174.057 .... 123 packets received, 1458 bps, 18.23%, Err 2 (7.3e-006)
178.155 .... 124 packets received, 1436 bps, 17.95%, Err 2 (7.2e-006)
182.208 .... 125 packets received, 1415 bps, 17.69%, Err 2 (7.2e-006)
186.285 .... 126 packets received, 1395 bps, 17.44%, Err 2 (7.1e-006)
190.312 .... 127 packets received, 1376 bps, 17.20%, Err 2 (7.1e-006)
194.445 .... 128 packets received, 1357 bps, 16.97%, Err 2 (7.0e-006)
198.609 .... 129 packets received, 1339 bps, 16.74%, Err 2 (6.9e-006)
201.385 .... 131 packets received, 1341 bps, 16.76%, Err 2 (6.8e-006)
203.826 .... 134 packets received, 1355 bps, 16.94%, Err 2 (6.7e-006)
206.060 .... 136 packets received, 1360 bps, 17.00%, Err 2 (6.6e-006)
210.136 .... 138 packets received, 1353 bps, 16.92%, Err 3 (9.7e-006)
212.598 .... 141 packets received, 1367 bps, 17.08%, Err 3 (9.5e-006)
216.698 .... 143 packets received, 1360 bps, 17.00%, Err 4 (1.2e-005)
219.107 .... 146 packets received, 1373 bps, 17.16%, Err 4 (1.2e-005)
221.540 .... 149 packets received, 1386 bps, 17.32%, Err 4 (1.2e-005)
223.950 .... 152 packets received, 1398 bps, 17.48%, Err 4 (1.2e-005)
226.403 .... 155 packets received, 1410 bps, 17.63%, Err 4 (1.1e-005)
228.827 .... 158 packets received, 1422 bps, 17.78%, Err 4 (1.1e-005)
231.064 .... 160 packets received, 1426 bps, 17.83%, Err 4 (1.1e-005)
234.073 .... 163 packets received, 1434 bps, 17.93%, Err 4 (1.1e-005)
236.237 .... 165 packets received, 1438 bps, 17.98%, Err 4 (1.1e-005)
238.675 .... 168 packets received, 1449 bps, 18.12%, Err 4 (1.1e-005)
241.173 .... 171 packets received, 1460 bps, 18.25%, Err 4 (1.0e-005)
243.618 .... 174 packets received, 1471 bps, 18.38%, Err 4 (1.0e-005)
245.828 .... 176 packets received, 1474 bps, 18.43%, Err 4 (1.0e-005)
247.991 .... 178 packets received, 1478 bps, 18.47%, Err 4 (1.0e-005)
250.464 .... 181 packets received, 1488 bps, 18.60%, Err 4 (9.9e-006)
252.953 .... 184 packets received, 1497 bps, 18.72%, Err 4 (9.7e-006)
255.420 .... 187 packets received, 1507 bps, 18.84%, Err 4 (9.6e-006)
257.900 .... 190 packets received, 1516 bps, 18.96%, Err 4 (9.4e-006)
260.323 .... 193 packets received, 1526 bps, 19.08%, Err 4 (9.3e-006)
262.770 .... 196 packets received, 1535 bps, 19.19%, Err 4 (9.1e-006)
265.219 .... 199 packets received, 1544 bps, 19.30%, Err 4 (9.0e-006)
267.654 .... 202 packets received, 1553 bps, 19.42%, Err 4 (8.9e-006)
270.097 .... 205 packets received, 1562 bps, 19.52%, Err 4 (8.7e-006)
272.521 .... 208 packets received, 1571 bps, 19.63%, Err 4 (8.6e-006)
274.926 .... 211 packets received, 1579 bps, 19.74%, Err 4 (8.5e-006)
277.348 .... 214 packets received, 1588 bps, 19.85%, Err 4 (8.4e-006)
279.775 .... 217 packets received, 1596 bps, 19.95%, Err 4 (8.3e-006)
282.225 .... 220 packets received, 1604 bps, 20.05%, Err 4 (8.2e-006)
284.698 .... 223 packets received, 1612 bps, 20.14%, Err 4 (8.1e-006)
287.121 .... 226 packets received, 1619 bps, 20.24%, Err 5 (9.9e-006)
289.566 .... 229 packets received, 1627 bps, 20.34%, Err 5 (9.8e-006)
291.976 .... 232 packets received, 1635 bps, 20.43%, Err 5 (9.7e-006)
294.456 .... 235 packets received, 1642 bps, 20.52%, Err 5 (9.6e-006)
296.954 .... 238 packets received, 1649 bps, 20.61%, Err 5 (9.5e-006)
299.412 .... 241 packets received, 1656 bps, 20.70%, Err 5 (9.3e-006)
304.423 .... 243 packets received, 1642 bps, 20.52%, Err 5 (9.3e-006)
308.551 .... 244 packets received, 1626 bps, 20.33%, Err 5 (9.2e-006)
312.711 .... 245 packets received, 1611 bps, 20.14%, Err 5 (9.2e-006)
316.840 .... 246 packets received, 1597 bps, 19.96%, Err 5 (9.1e-006)
320.912 .... 247 packets received, 1583 bps, 19.78%, Err 5 (9.1e-006)
325.115 .... 248 packets received, 1569 bps, 19.61%, Err 5 (9.1e-006)
329.242 .... 249 packets received, 1555 bps, 19.44%, Err 5 (9.0e-006)
333.295 .... 250 packets received, 1542 bps, 19.28%, Err 5 (9.0e-006)
337.443 .... 251 packets received, 1529 bps, 19.12%, Err 5 (8.9e-006)
341.583 .... 252 packets received, 1517 bps, 18.96%, Err 5 (8.9e-006)
345.845 .... 253 packets received, 1504 bps, 18.80%, Err 5 (8.9e-006)
349.917 .... 254 packets received, 1492 bps, 18.65%, Err 5 (8.8e-006)
353.937 .... 255 packets received, 1481 bps, 18.51%, Err 5 (8.8e-006)
358.108 .... 256 packets received, 1469 bps, 18.37%, Err 5 (8.8e-006)
362.190 .... 257 packets received, 1458 bps, 18.23%, Err 5 (8.7e-006)
366.245 .... 258 packets received, 1448 bps, 18.10%, Err 5 (8.7e-006)
370.318 .... 259 packets received, 1437 bps, 17.97%, Err 5 (8.7e-006)
374.344 .... 260 packets received, 1427 bps, 17.84%, Err 5 (8.6e-006)
378.417 .... 261 packets received, 1417 bps, 17.72%, Err 5 (8.6e-006)
382.568 .... 262 packets received, 1407 bps, 17.59%, Err 5 (8.5e-006)
386.752 .... 263 packets received, 1397 bps, 17.47%, Err 5 (8.5e-006)
390.875 .... 264 packets received, 1388 bps, 17.35%, Err 5 (8.5e-006)
394.947 .... 265 packets received, 1379 bps, 17.23%, Err 5 (8.4e-006)
399.037 .... 266 packets received, 1370 bps, 17.12%, Err 5 (8.4e-006)
401.350 .... 268 packets received, 1372 bps, 17.15%, Err 5 (8.4e-006)
403.789 .... 271 packets received, 1379 bps, 17.24%, Err 5 (8.3e-006)
406.243 .... 274 packets received, 1386 bps, 17.32%, Err 5 (8.2e-006)
408.675 .... 277 packets received, 1393 bps, 17.41%, Err 5 (8.1e-006)
411.125 .... 280 packets received, 1399 bps, 17.49%, Err 5 (8.0e-006)
413.322 .... 282 packets received, 1402 bps, 17.52%, Err 5 (7.9e-006)
415.775 .... 285 packets received, 1408 bps, 17.60%, Err 5 (7.9e-006)
417.938 .... 287 packets received, 1411 bps, 17.63%, Err 5 (7.8e-006)
420.162 .... 289 packets received, 1413 bps, 17.66%, Err 5 (7.8e-006)
423.155 .... 292 packets received, 1418 bps, 17.72%, Err 5 (7.7e-006)
426.179 .... 295 packets received, 1422 bps, 17.77%, Err 5 (7.6e-006)
428.666 .... 298 packets received, 1428 bps, 17.85%, Err 5 (7.5e-006)
431.703 .... 301 packets received, 1432 bps, 17.90%, Err 5 (7.5e-006)
434.190 .... 304 packets received, 1438 bps, 17.98%, Err 5 (7.4e-006)
436.641 .... 307 packets received, 1444 bps, 18.05%, Err 5 (7.3e-006)
438.829 .... 309 packets received, 1446 bps, 18.08%, Err 5 (7.3e-006)
441.253 .... 312 packets received, 1452 bps, 18.15%, Err 5 (7.2e-006)
443.677 .... 315 packets received, 1458 bps, 18.23%, Err 5 (7.1e-006)
446.159 .... 318 packets received, 1464 bps, 18.30%, Err 5 (7.1e-006)
448.637 .... 321 packets received, 1470 bps, 18.37%, Err 5 (7.0e-006)
450.838 .... 323 packets received, 1472 bps, 18.39%, Err 5 (7.0e-006)
453.041 .... 325 packets received, 1473 bps, 18.42%, Err 5 (6.9e-006)
455.259 .... 327 packets received, 1475 bps, 18.44%, Err 5 (6.9e-006)
457.721 .... 330 packets received, 1481 bps, 18.51%, Err 5 (6.8e-006)
460.174 .... 333 packets received, 1486 bps, 18.58%, Err 5 (6.8e-006)
462.361 .... 335 packets received, 1488 bps, 18.60%, Err 5 (6.7e-006)
464.592 .... 337 packets received, 1490 bps, 18.62%, Err 5 (6.7e-006)
466.829 .... 339 packets received, 1491 bps, 18.64%, Err 5 (6.6e-006)
469.023 .... 341 packets received, 1493 bps, 18.66%, Err 5 (6.6e-006)
472.327 .... 342 packets received, 1487 bps, 18.59%, Err 6 (7.9e-006)
476.481 .... 344 packets received, 1483 bps, 18.53%, Err 7 (9.1e-006)
478.895 .... 347 packets received, 1488 bps, 18.60%, Err 7 (9.0e-006)
481.358 .... 350 packets received, 1493 bps, 18.66%, Err 7 (9.0e-006)
483.841 .... 353 packets received, 1498 bps, 18.73%, Err 7 (8.9e-006)
486.268 .... 356 packets received, 1503 bps, 18.79%, Err 7 (8.8e-006)
488.747 .... 359 packets received, 1508 bps, 18.85%, Err 7 (8.7e-006)
491.199 .... 362 packets received, 1513 bps, 18.92%, Err 7 (8.7e-006)
493.643 .... 365 packets received, 1518 bps, 18.98%, Err 7 (8.6e-006)
496.120 .... 368 packets received, 1523 bps, 19.04%, Err 7 (8.5e-006)
504.312 .... 371 packets received, 1511 bps, 18.88%, Err 8 (9.6e-006)
507.357 .... 372 packets received, 1505 bps, 18.82%, Err 8 (9.6e-006)
511.387 .... 373 packets received, 1498 bps, 18.72%, Err 8 (9.6e-006)
515.461 .... 374 packets received, 1490 bps, 18.62%, Err 8 (9.5e-006)
519.510 .... 375 packets received, 1482 bps, 18.53%, Err 8 (9.5e-006)
523.731 .... 376 packets received, 1474 bps, 18.42%, Err 8 (9.5e-006)
527.770 .... 377 packets received, 1467 bps, 18.33%, Err 8 (9.4e-006)
531.869 .... 378 packets received, 1459 bps, 18.24%, Err 8 (9.4e-006)
536.030 .... 379 packets received, 1452 bps, 18.14%, Err 8 (9.4e-006)
540.089 .... 380 packets received, 1444 bps, 18.06%, Err 8 (9.4e-006)
544.249 .... 381 packets received, 1437 bps, 17.96%, Err 8 (9.3e-006)
548.349 .... 382 packets received, 1430 bps, 17.88%, Err 8 (9.3e-006)
552.457 .... 383 packets received, 1423 bps, 17.79%, Err 8 (9.3e-006)
556.537 .... 384 packets received, 1416 bps, 17.71%, Err 8 (9.3e-006)
560.612 .... 385 packets received, 1410 bps, 17.62%, Err 8 (9.2e-006)
564.798 .... 386 packets received, 1403 bps, 17.54%, Err 8 (9.2e-006)
568.913 .... 387 packets received, 1396 bps, 17.45%, Err 8 (9.2e-006)
573.095 .... 388 packets received, 1390 bps, 17.37%, Err 8 (9.2e-006)
577.138 .... 389 packets received, 1384 bps, 17.29%, Err 8 (9.1e-006)
581.218 .... 390 packets received, 1377 bps, 17.22%, Err 8 (9.1e-006)
585.289 .... 391 packets received, 1371 bps, 17.14%, Err 8 (9.1e-006)
589.394 .... 392 packets received, 1365 bps, 17.06%, Err 8 (9.1e-006)
593.421 .... 393 packets received, 1359 bps, 16.99%, Err 8 (9.0e-006)
597.479 .... 394 packets received, 1353 bps, 16.92%, Err 8 (9.0e-006)
600.528 .... 395 packets received, 1350 bps, 16.88%, Err 8 (9.0e-006)
602.747 .... 397 packets received, 1352 bps, 16.90%, Err 8 (9.0e-006)
604.977 .... 399 packets received, 1354 bps, 16.92%, Err 8 (8.9e-006)
607.475 .... 402 packets received, 1358 bps, 16.98%, Err 8 (8.8e-006)
610.779 .... 403 packets received, 1354 bps, 16.93%, Err 9 (9.9e-006)
613.227 .... 406 packets received, 1359 bps, 16.99%, Err 9 (9.8e-006)
615.697 .... 409 packets received, 1363 bps, 17.04%, Err 9 (9.8e-006)
618.130 .... 412 packets received, 1368 bps, 17.10%, Err 9 (9.7e-006)
620.568 .... 415 packets received, 1372 bps, 17.16%, Err 9 (9.6e-006)
623.587 .... 418 packets received, 1376 bps, 17.20%, Err 10 (1.1e-005)
625.755 .... 420 packets received, 1377 bps, 17.22%, Err 10 (1.1e-005)
628.787 .... 423 packets received, 1381 bps, 17.26%, Err 10 (1.1e-005)
631.790 .... 426 packets received, 1384 bps, 17.30%, Err 10 (1.0e-005)
633.951 .... 428 packets received, 1386 bps, 17.32%, Err 10 (1.0e-005)
636.402 .... 431 packets received, 1390 bps, 17.37%, Err 10 (1.0e-005)
638.831 .... 434 packets received, 1394 bps, 17.43%, Err 10 (1.0e-005)
641.344 .... 437 packets received, 1398 bps, 17.48%, Err 10 (1.0e-005)
646.027 .... 440 packets received, 1398 bps, 17.47%, Err 10 (1.0e-005)
648.233 .... 442 packets received, 1399 bps, 17.49%, Err 10 (1.0e-005)
650.434 .... 444 packets received, 1401 bps, 17.51%, Err 10 (1.0e-005)
652.634 .... 446 packets received, 1402 bps, 17.53%, Err 10 (1.0e-005)
655.963 .... 447 packets received, 1398 bps, 17.48%, Err 11 (1.1e-005)
659.268 .... 448 packets received, 1394 bps, 17.43%, Err 12 (1.2e-005)
661.501 .... 450 packets received, 1396 bps, 17.45%, Err 12 (1.2e-005)
663.677 .... 452 packets received, 1398 bps, 17.47%, Err 12 (1.2e-005)
665.872 .... 454 packets received, 1399 bps, 17.49%, Err 12 (1.2e-005)
668.304 .... 457 packets received, 1403 bps, 17.54%, Err 12 (1.2e-005)
670.505 .... 459 packets received, 1405 bps, 17.56%, Err 12 (1.2e-005)
672.702 .... 461 packets received, 1406 bps, 17.58%, Err 12 (1.2e-005)
674.940 .... 463 packets received, 1408 bps, 17.60%, Err 12 (1.1e-005)
677.391 .... 466 packets received, 1412 bps, 17.65%, Err 12 (1.1e-005)
679.614 .... 468 packets received, 1413 bps, 17.66%, Err 12 (1.1e-005)
681.830 .... 470 packets received, 1414 bps, 17.68%, Err 12 (1.1e-005)
684.091 .... 472 packets received, 1416 bps, 17.70%, Err 12 (1.1e-005)
686.267 .... 474 packets received, 1417 bps, 17.72%, Err 12 (1.1e-005)
688.760 .... 477 packets received, 1421 bps, 17.76%, Err 12 (1.1e-005)
690.935 .... 479 packets received, 1422 bps, 17.78%, Err 12 (1.1e-005)
693.439 .... 482 packets received, 1426 bps, 17.83%, Err 12 (1.1e-005)
695.925 .... 485 packets received, 1430 bps, 17.87%, Err 12 (1.1e-005)
698.359 .... 488 packets received, 1434 bps, 17.92%, Err 12 (1.1e-005)
707.647 .... 490 packets received, 1421 bps, 17.76%, Err 12 (1.1e-005)
712.040 .... 491 packets received, 1415 bps, 17.69%, Err 12 (1.1e-005)
716.188 .... 492 packets received, 1409 bps, 17.62%, Err 12 (1.1e-005)
720.344 .... 493 packets received, 1404 bps, 17.55%, Err 12 (1.1e-005)
724.388 .... 494 packets received, 1399 bps, 17.49%, Err 12 (1.1e-005)
728.497 .... 495 packets received, 1394 bps, 17.43%, Err 12 (1.1e-005)
732.562 .... 496 packets received, 1389 bps, 17.36%, Err 12 (1.1e-005)
736.719 .... 497 packets received, 1384 bps, 17.30%, Err 12 (1.1e-005)
740.815 .... 498 packets received, 1379 bps, 17.24%, Err 12 (1.1e-005)
744.945 .... 499 packets received, 1374 bps, 17.18%, Err 12 (1.1e-005)
749.061 .... 500 packets received, 1369 bps, 17.12%, Err 12 (1.1e-005)
753.245 .... 501 packets received, 1365 bps, 17.06%, Err 12 (1.1e-005)
757.398 .... 502 packets received, 1360 bps, 17.00%, Err 12 (1.1e-005)
761.428 .... 503 packets received, 1355 bps, 16.94%, Err 12 (1.1e-005)
765.569 .... 504 packets received, 1351 bps, 16.88%, Err 12 (1.1e-005)
769.738 .... 505 packets received, 1346 bps, 16.82%, Err 12 (1.1e-005)
773.782 .... 506 packets received, 1342 bps, 16.77%, Err 12 (1.1e-005)
777.971 .... 507 packets received, 1337 bps, 16.71%, Err 12 (1.0e-005)
781.996 .... 508 packets received, 1333 bps, 16.66%, Err 12 (1.0e-005)
786.094 .... 509 packets received, 1328 bps, 16.60%, Err 12 (1.0e-005)
790.124 .... 510 packets received, 1324 bps, 16.55%, Err 12 (1.0e-005)
794.224 .... 511 packets received, 1320 bps, 16.50%, Err 12 (1.0e-005)
798.389 .... 512 packets received, 1316 bps, 16.44%, Err 12 (1.0e-005)
800.551 .... 513 packets received, 1315 bps, 16.43%, Err 12 (1.0e-005)
802.758 .... 515 packets received, 1316 bps, 16.45%, Err 12 (1.0e-005)
804.990 .... 517 packets received, 1317 bps, 16.47%, Err 12 (1.0e-005)
807.163 .... 519 packets received, 1319 bps, 16.49%, Err 12 (1.0e-005)
809.620 .... 522 packets received, 1323 bps, 16.53%, Err 12 (1.0e-005)
812.071 .... 525 packets received, 1326 bps, 16.58%, Err 12 (1.0e-005)
814.538 .... 528 packets received, 1330 bps, 16.62%, Err 12 (1.0e-005)
816.982 .... 531 packets received, 1333 bps, 16.67%, Err 12 (1.0e-005)
819.147 .... 533 packets received, 1335 bps, 16.68%, Err 12 (1.0e-005)
821.613 .... 536 packets received, 1338 bps, 16.73%, Err 12 (9.9e-006)
824.078 .... 539 packets received, 1342 bps, 16.77%, Err 12 (9.9e-006)
827.064 .... 542 packets received, 1344 bps, 16.80%, Err 12 (9.8e-006)
829.277 .... 544 packets received, 1346 bps, 16.82%, Err 12 (9.8e-006)
831.699 .... 547 packets received, 1349 bps, 16.86%, Err 12 (9.7e-006)
835.015 .... 548 packets received, 1346 bps, 16.83%, Err 13 (1.1e-005)
837.478 .... 551 packets received, 1350 bps, 16.87%, Err 13 (1.0e-005)
839.986 .... 554 packets received, 1353 bps, 16.91%, Err 13 (1.0e-005)
842.974 .... 557 packets received, 1355 bps, 16.94%, Err 13 (1.0e-005)
845.180 .... 559 packets received, 1357 bps, 16.96%, Err 13 (1.0e-005)
847.662 .... 562 packets received, 1360 bps, 17.00%, Err 13 (1.0e-005)
850.114 .... 565 packets received, 1363 bps, 17.04%, Err 13 (1.0e-005)
852.572 .... 568 packets received, 1367 bps, 17.08%, Err 13 (1.0e-005)
855.040 .... 571 packets received, 1370 bps, 17.12%, Err 13 (1.0e-005)
857.499 .... 574 packets received, 1373 bps, 17.16%, Err 13 (1.0e-005)
859.987 .... 577 packets received, 1376 bps, 17.20%, Err 13 (1.0e-005)
862.390 .... 580 packets received, 1379 bps, 17.24%, Err 13 (1.0e-005)
865.709 .... 581 packets received, 1377 bps, 17.21%, Err 14 (1.1e-005)
868.165 .... 584 packets received, 1380 bps, 17.25%, Err 14 (1.1e-005)
870.632 .... 587 packets received, 1383 bps, 17.29%, Err 14 (1.1e-005)
873.090 .... 590 packets received, 1386 bps, 17.33%, Err 14 (1.1e-005)
875.572 .... 593 packets received, 1389 bps, 17.36%, Err 14 (1.0e-005)
878.001 .... 596 packets received, 1392 bps, 17.40%, Err 14 (1.0e-005)
880.488 .... 599 packets received, 1395 bps, 17.44%, Err 15 (1.1e-005)
882.932 .... 602 packets received, 1398 bps, 17.48%, Err 15 (1.1e-005)
885.405 .... 605 packets received, 1401 bps, 17.52%, Err 15 (1.1e-005)
888.409 .... 608 packets received, 1404 bps, 17.55%, Err 15 (1.1e-005)
890.894 .... 611 packets received, 1407 bps, 17.58%, Err 15 (1.1e-005)
893.395 .... 614 packets received, 1410 bps, 17.62%, Err 15 (1.1e-005)
895.568 .... 616 packets received, 1411 bps, 17.63%, Err 15 (1.1e-005)
897.780 .... 618 packets received, 1412 bps, 17.65%, Err 15 (1.1e-005)
900.020 .... 620 packets received, 1413 bps, 17.66%, Err 15 (1.1e-005)
904.031 .... 621 packets received, 1409 bps, 17.61%, Err 15 (1.1e-005)
908.234 .... 622 packets received, 1405 bps, 17.56%, Err 15 (1.1e-005)
912.353 .... 623 packets received, 1400 bps, 17.51%, Err 15 (1.1e-005)
916.403 .... 624 packets received, 1397 bps, 17.46%, Err 15 (1.1e-005)
920.582 .... 625 packets received, 1392 bps, 17.41%, Err 15 (1.1e-005)
924.697 .... 626 packets received, 1388 bps, 17.36%, Err 15 (1.1e-005)
928.780 .... 627 packets received, 1385 bps, 17.31%, Err 15 (1.1e-005)
932.855 .... 628 packets received, 1381 bps, 17.26%, Err 15 (1.1e-005)
936.903 .... 629 packets received, 1377 bps, 17.21%, Err 15 (1.1e-005)
940.932 .... 630 packets received, 1373 bps, 17.16%, Err 15 (1.1e-005)
945.153 .... 631 packets received, 1369 bps, 17.11%, Err 15 (1.1e-005)
949.281 .... 632 packets received, 1365 bps, 17.07%, Err 15 (1.1e-005)
953.482 .... 633 packets received, 1361 bps, 17.02%, Err 15 (1.1e-005)
957.645 .... 634 packets received, 1358 bps, 16.97%, Err 15 (1.1e-005)
961.773 .... 635 packets received, 1354 bps, 16.93%, Err 15 (1.0e-005)
965.765 .... 636 packets received, 1351 bps, 16.88%, Err 15 (1.0e-005)
969.845 .... 637 packets received, 1347 bps, 16.84%, Err 15 (1.0e-005)
974.061 .... 638 packets received, 1343 bps, 16.79%, Err 15 (1.0e-005)
978.114 .... 639 packets received, 1340 bps, 16.75%, Err 15 (1.0e-005)
982.340 .... 640 packets received, 1336 bps, 16.70%, Err 15 (1.0e-005)
986.406 .... 641 packets received, 1333 bps, 16.66%, Err 15 (1.0e-005)
990.512 .... 642 packets received, 1329 bps, 16.61%, Err 15 (1.0e-005)
994.603 .... 643 packets received, 1326 bps, 16.57%, Err 15 (1.0e-005)
998.720 .... 644 packets received, 1322 bps, 16.53%, Err 15 (1.0e-005)
1001.402 .... 646 packets received, 1323 bps, 16.54%, Err 15 (1.0e-005)
1003.581 .... 648 packets received, 1324 bps, 16.55%, Err 15 (1.0e-005)
1006.109 .... 651 packets received, 1327 bps, 16.59%, Err 15 (1.0e-005)
1008.571 .... 654 packets received, 1330 bps, 16.62%, Err 15 (1.0e-005)
1011.066 .... 657 packets received, 1333 bps, 16.66%, Err 15 (1.0e-005)
1013.530 .... 660 packets received, 1335 bps, 16.69%, Err 15 (1.0e-005)
1015.986 .... 663 packets received, 1338 bps, 16.73%, Err 15 (1.0e-005)
1018.414 .... 666 packets received, 1341 bps, 16.76%, Err 15 (1.0e-005)
1020.883 .... 669 packets received, 1344 bps, 16.80%, Err 15 (1.0e-005)
1023.293 .... 672 packets received, 1347 bps, 16.83%, Err 15 (9.9e-006)
1025.757 .... 675 packets received, 1349 bps, 16.87%, Err 15 (9.9e-006)
1028.199 .... 678 packets received, 1352 bps, 16.90%, Err 15 (9.8e-006)
1030.640 .... 681 packets received, 1355 bps, 16.94%, Err 15 (9.8e-006)
1033.088 .... 684 packets received, 1358 bps, 16.97%, Err 15 (9.8e-006)
1036.407 .... 685 packets received, 1355 bps, 16.94%, Err 16 (1.0e-005)
1038.816 .... 688 packets received, 1358 bps, 16.98%, Err 16 (1.0e-005)
1041.249 .... 691 packets received, 1361 bps, 17.01%, Err 16 (1.0e-005)
1043.671 .... 694 packets received, 1364 bps, 17.04%, Err 16 (1.0e-005)
1046.097 .... 697 packets received, 1366 bps, 17.08%, Err 16 (1.0e-005)
1048.315 .... 699 packets received, 1367 bps, 17.09%, Err 16 (1.0e-005)
1050.722 .... 702 packets received, 1370 bps, 17.12%, Err 16 (1.0e-005)
1053.160 .... 705 packets received, 1373 bps, 17.16%, Err 16 (1.0e-005)
1055.609 .... 708 packets received, 1375 bps, 17.19%, Err 16 (1.0e-005)
1058.080 .... 711 packets received, 1378 bps, 17.22%, Err 16 (1.0e-005)
1060.562 .... 714 packets received, 1380 bps, 17.26%, Err 16 (1.0e-005)
1063.024 .... 717 packets received, 1383 bps, 17.29%, Err 16 (9.9e-006)
1065.151 .... 719 packets received, 1384 bps, 17.30%, Err 16 (9.9e-006)
1067.622 .... 722 packets received, 1387 bps, 17.33%, Err 16 (9.9e-006)
1069.856 .... 724 packets received, 1388 bps, 17.35%, Err 16 (9.8e-006)
1072.045 .... 726 packets received, 1389 bps, 17.36%, Err 16 (9.8e-006)
1075.082 .... 729 packets received, 1390 bps, 17.38%, Err 16 (9.8e-006)
1077.291 .... 731 packets received, 1391 bps, 17.39%, Err 16 (9.7e-006)
1079.485 .... 733 packets received, 1392 bps, 17.40%, Err 16 (9.7e-006)
1081.678 .... 735 packets received, 1393 bps, 17.42%, Err 16 (9.7e-006)
1083.854 .... 737 packets received, 1394 bps, 17.43%, Err 16 (9.7e-006)
1086.058 .... 739 packets received, 1395 bps, 17.44%, Err 16 (9.6e-006)
1089.071 .... 742 packets received, 1397 bps, 17.46%, Err 16 (9.6e-006)
1091.247 .... 744 packets received, 1398 bps, 17.47%, Err 17 (1.0e-005)
1094.301 .... 747 packets received, 1400 bps, 17.50%, Err 17 (1.0e-005)
1096.523 .... 749 packets received, 1401 bps, 17.51%, Err 17 (1.0e-005)
1098.975 .... 752 packets received, 1403 bps, 17.54%, Err 17 (1.0e-005)
1103.894 .... 754 packets received, 1401 bps, 17.51%, Err 17 (1.0e-005)
1108.041 .... 755 packets received, 1397 bps, 17.46%, Err 17 (1.0e-005)
1112.173 .... 756 packets received, 1394 bps, 17.42%, Err 17 (1.0e-005)
1116.248 .... 757 packets received, 1391 bps, 17.38%, Err 17 (1.0e-005)
1120.374 .... 758 packets received, 1387 bps, 17.34%, Err 17 (1.0e-005)
1124.426 .... 759 packets received, 1384 bps, 17.30%, Err 17 (1.0e-005)
1128.462 .... 760 packets received, 1381 bps, 17.26%, Err 17 (1.0e-005)
1132.603 .... 761 packets received, 1378 bps, 17.22%, Err 17 (1.0e-005)
1136.688 .... 762 packets received, 1374 bps, 17.18%, Err 17 (9.9e-006)
1140.811 .... 763 packets received, 1371 bps, 17.14%, Err 17 (9.9e-006)
1144.951 .... 764 packets received, 1368 bps, 17.10%, Err 17 (9.9e-006)
1149.206 .... 765 packets received, 1365 bps, 17.06%, Err 17 (9.9e-006)
1153.326 .... 766 packets received, 1362 bps, 17.02%, Err 17 (9.9e-006)
1157.414 .... 767 packets received, 1359 bps, 16.98%, Err 17 (9.9e-006)
1161.426 .... 768 packets received, 1356 bps, 16.95%, Err 17 (9.9e-006)
1165.588 .... 769 packets received, 1353 bps, 16.91%, Err 17 (9.8e-006)
1169.712 .... 770 packets received, 1350 bps, 16.87%, Err 17 (9.8e-006)
1173.864 .... 771 packets received, 1347 bps, 16.83%, Err 17 (9.8e-006)
1177.950 .... 772 packets received, 1344 bps, 16.80%, Err 17 (9.8e-006)
1182.087 .... 773 packets received, 1341 bps, 16.76%, Err 17 (9.8e-006)
1186.232 .... 774 packets received, 1338 bps, 16.72%, Err 17 (9.8e-006)
1190.379 .... 775 packets received, 1335 bps, 16.69%, Err 17 (9.8e-006)
1194.483 .... 776 packets received, 1332 bps, 16.65%, Err 17 (9.8e-006)
1198.601 .... 777 packets received, 1329 bps, 16.61%, Err 17 (9.7e-006)
1201.342 .... 779 packets received, 1329 bps, 16.62%, Err 17 (9.7e-006)
1205.200 .... 781 packets received, 1329 bps, 16.61%, Err 17 (9.7e-006)
1207.349 .... 783 packets received, 1330 bps, 16.62%, Err 17 (9.7e-006)
1211.498 .... 785 packets received, 1328 bps, 16.61%, Err 18 (1.0e-005)
1213.671 .... 787 packets received, 1329 bps, 16.62%, Err 18 (1.0e-005)
1215.826 .... 789 packets received, 1330 bps, 16.63%, Err 18 (1.0e-005)
1218.324 .... 792 packets received, 1333 bps, 16.66%, Err 18 (1.0e-005)
1220.779 .... 795 packets received, 1335 bps, 16.69%, Err 18 (1.0e-005)
1223.758 .... 798 packets received, 1337 bps, 16.71%, Err 18 (1.0e-005)
1226.197 .... 801 packets received, 1339 bps, 16.74%, Err 18 (1.0e-005)
1228.688 .... 804 packets received, 1342 bps, 16.77%, Err 18 (1.0e-005)
1231.152 .... 807 packets received, 1344 bps, 16.80%, Err 18 (9.9e-006)
1233.604 .... 810 packets received, 1346 bps, 16.83%, Err 18 (9.9e-006)
1236.085 .... 813 packets received, 1348 bps, 16.86%, Err 18 (9.8e-006)
1238.513 .... 816 packets received, 1351 bps, 16.88%, Err 18 (9.8e-006)
1240.948 .... 819 packets received, 1353 bps, 16.91%, Err 18 (9.8e-006)
1243.931 .... 822 packets received, 1355 bps, 16.93%, Err 18 (9.7e-006)
1246.450 .... 825 packets received, 1357 bps, 16.96%, Err 18 (9.7e-006)
1248.906 .... 828 packets received, 1359 bps, 16.99%, Err 18 (9.7e-006)
1251.380 .... 831 packets received, 1361 bps, 17.02%, Err 18 (9.6e-006)
1253.850 .... 834 packets received, 1364 bps, 17.05%, Err 18 (9.6e-006)
1256.320 .... 837 packets received, 1366 bps, 17.07%, Err 18 (9.6e-006)
1258.537 .... 839 packets received, 1367 bps, 17.08%, Err 18 (9.6e-006)
1263.487 .... 842 packets received, 1366 bps, 17.08%, Err 19 (1.0e-005)
1265.693 .... 844 packets received, 1367 bps, 17.09%, Err 19 (1.0e-005)
1268.196 .... 847 packets received, 1369 bps, 17.12%, Err 19 (1.0e-005)
1270.591 .... 850 packets received, 1371 bps, 17.14%, Err 19 (9.9e-006)
1273.070 .... 853 packets received, 1374 bps, 17.17%, Err 19 (9.9e-006)
1275.503 .... 856 packets received, 1376 bps, 17.20%, Err 19 (9.9e-006)
1277.937 .... 859 packets received, 1378 bps, 17.23%, Err 19 (9.8e-006)
1280.426 .... 862 packets received, 1380 bps, 17.25%, Err 19 (9.8e-006)
1282.858 .... 865 packets received, 1382 bps, 17.28%, Err 19 (9.8e-006)
1285.302 .... 868 packets received, 1384 bps, 17.31%, Err 19 (9.7e-006)
1287.722 .... 871 packets received, 1387 bps, 17.33%, Err 19 (9.7e-006)
1290.228 .... 874 packets received, 1389 bps, 17.36%, Err 19 (9.7e-006)
1292.658 .... 877 packets received, 1391 bps, 17.39%, Err 19 (9.6e-006)
1295.975 .... 878 packets received, 1389 bps, 17.36%, Err 20 (1.0e-005)
1298.413 .... 881 packets received, 1391 bps, 17.39%, Err 20 (1.0e-005)
1304.219 .... 884 packets received, 1390 bps, 17.37%, Err 20 (1.0e-005)
1308.283 .... 885 packets received, 1387 bps, 17.33%, Err 20 (1.0e-005)
1312.281 .... 886 packets received, 1384 bps, 17.30%, Err 20 (1.0e-005)
1316.474 .... 887 packets received, 1381 bps, 17.27%, Err 20 (1.0e-005)
1320.626 .... 888 packets received, 1378 bps, 17.23%, Err 20 (1.0e-005)
1324.823 .... 889 packets received, 1376 bps, 17.20%, Err 20 (1.0e-005)
1328.881 .... 890 packets received, 1373 bps, 17.16%, Err 20 (1.0e-005)
1333.002 .... 891 packets received, 1370 bps, 17.13%, Err 20 (1.0e-005)
1337.293 .... 892 packets received, 1367 bps, 17.09%, Err 20 (1.0e-005)
1341.338 .... 893 packets received, 1365 bps, 17.06%, Err 20 (1.0e-005)
1345.516 .... 894 packets received, 1362 bps, 17.03%, Err 20 (9.9e-006)
1349.563 .... 895 packets received, 1360 bps, 16.99%, Err 20 (9.9e-006)
1353.626 .... 896 packets received, 1357 bps, 16.96%, Err 20 (9.9e-006)
1357.704 .... 897 packets received, 1354 bps, 16.93%, Err 20 (9.9e-006)
1361.919 .... 898 packets received, 1352 bps, 16.90%, Err 20 (9.9e-006)
1365.921 .... 899 packets received, 1349 bps, 16.87%, Err 20 (9.9e-006)
1370.057 .... 900 packets received, 1347 bps, 16.83%, Err 20 (9.9e-006)
1374.050 .... 901 packets received, 1344 bps, 16.80%, Err 20 (9.9e-006)
1378.144 .... 902 packets received, 1342 bps, 16.77%, Err 20 (9.9e-006)
1382.294 .... 903 packets received, 1339 bps, 16.74%, Err 20 (9.8e-006)
1386.398 .... 904 packets received, 1337 bps, 16.71%, Err 20 (9.8e-006)
1390.473 .... 905 packets received, 1334 bps, 16.68%, Err 20 (9.8e-006)
1394.550 .... 906 packets received, 1332 bps, 16.65%, Err 20 (9.8e-006)
1398.592 .... 907 packets received, 1329 bps, 16.62%, Err 20 (9.8e-006)
1401.367 .... 909 packets received, 1330 bps, 16.62%, Err 20 (9.8e-006)
1403.819 .... 912 packets received, 1332 bps, 16.65%, Err 20 (9.7e-006)
1406.303 .... 915 packets received, 1334 bps, 16.67%, Err 20 (9.7e-006)
1408.719 .... 918 packets received, 1336 bps, 16.70%, Err 20 (9.7e-006)
1411.229 .... 921 packets received, 1338 bps, 16.72%, Err 20 (9.7e-006)
1413.710 .... 924 packets received, 1340 bps, 16.75%, Err 20 (9.6e-006)
1416.195 .... 927 packets received, 1342 bps, 16.77%, Err 20 (9.6e-006)
1418.681 .... 930 packets received, 1344 bps, 16.80%, Err 20 (9.6e-006)
1421.178 .... 933 packets received, 1346 bps, 16.82%, Err 20 (9.5e-006)
1423.601 .... 936 packets received, 1348 bps, 16.85%, Err 20 (9.5e-006)
1426.054 .... 939 packets received, 1350 bps, 16.87%, Err 20 (9.5e-006)
1428.527 .... 942 packets received, 1352 bps, 16.90%, Err 20 (9.4e-006)
1430.954 .... 945 packets received, 1354 bps, 16.92%, Err 20 (9.4e-006)
1433.114 .... 947 packets received, 1355 bps, 16.93%, Err 20 (9.4e-006)
1435.592 .... 950 packets received, 1356 bps, 16.96%, Err 20 (9.4e-006)
1437.784 .... 952 packets received, 1357 bps, 16.97%, Err 20 (9.4e-006)
1439.982 .... 954 packets received, 1358 bps, 16.98%, Err 20 (9.3e-006)
1442.208 .... 956 packets received, 1359 bps, 16.98%, Err 20 (9.3e-006)
1444.659 .... 959 packets received, 1361 bps, 17.01%, Err 20 (9.3e-006)
1447.142 .... 962 packets received, 1363 bps, 17.03%, Err 20 (9.3e-006)
1449.327 .... 964 packets received, 1363 bps, 17.04%, Err 20 (9.2e-006)
1451.547 .... 966 packets received, 1364 bps, 17.05%, Err 20 (9.2e-006)
1454.000 .... 969 packets received, 1366 bps, 17.08%, Err 20 (9.2e-006)
1456.442 .... 972 packets received, 1368 bps, 17.10%, Err 20 (9.2e-006)
1458.906 .... 975 packets received, 1370 bps, 17.12%, Err 20 (9.1e-006)
1461.329 .... 978 packets received, 1372 bps, 17.15%, Err 20 (9.1e-006)
1463.795 .... 981 packets received, 1374 bps, 17.17%, Err 20 (9.1e-006)
1466.237 .... 984 packets received, 1376 bps, 17.20%, Err 20 (9.1e-006)
1468.683 .... 987 packets received, 1378 bps, 17.22%, Err 20 (9.0e-006)
1471.153 .... 990 packets received, 1379 bps, 17.24%, Err 20 (9.0e-006)
1473.632 .... 993 packets received, 1381 bps, 17.27%, Err 20 (9.0e-006)
1477.765 .... 995 packets received, 1380 bps, 17.25%, Err 21 (9.4e-006)
1480.240 .... 998 packets received, 1382 bps, 17.28%, Err 21 (9.4e-006)
1482.749 .... 1001 packets received, 1384 bps, 17.30%, Err 21 (9.3e-006)
1485.189 .... 1004 packets received, 1386 bps, 17.32%, Err 21 (9.3e-006)
1487.646 .... 1007 packets received, 1388 bps, 17.34%, Err 21 (9.3e-006)
1490.151 .... 1010 packets received, 1389 bps, 17.37%, Err 21 (9.3e-006)
1492.619 .... 1013 packets received, 1391 bps, 17.39%, Err 21 (9.2e-006)
1495.055 .... 1016 packets received, 1393 bps, 17.41%, Err 21 (9.2e-006)
1497.496 .... 1019 packets received, 1395 bps, 17.44%, Err 21 (9.2e-006)
1499.927 .... 1022 packets received, 1397 bps, 17.46%, Err 21 (9.2e-006)
1504.069 .... 1023 packets received, 1394 bps, 17.43%, Err 21 (9.2e-006)
1508.208 .... 1024 packets received, 1392 bps, 17.40%, Err 21 (9.1e-006)
1512.319 .... 1025 packets received, 1389 bps, 17.37%, Err 21 (9.1e-006)
1516.343 .... 1026 packets received, 1387 bps, 17.34%, Err 21 (9.1e-006)
1520.418 .... 1027 packets received, 1385 bps, 17.31%, Err 21 (9.1e-006)
1524.566 .... 1028 packets received, 1382 bps, 17.28%, Err 21 (9.1e-006)
1528.643 .... 1029 packets received, 1380 bps, 17.25%, Err 21 (9.1e-006)
1532.786 .... 1030 packets received, 1377 bps, 17.22%, Err 21 (9.1e-006)
1536.910 .... 1031 packets received, 1375 bps, 17.19%, Err 21 (9.1e-006)
1540.977 .... 1032 packets received, 1373 bps, 17.16%, Err 21 (9.1e-006)
1545.235 .... 1033 packets received, 1370 bps, 17.13%, Err 21 (9.1e-006)
1549.255 .... 1034 packets received, 1368 bps, 17.10%, Err 21 (9.0e-006)
1553.276 .... 1035 packets received, 1366 bps, 17.07%, Err 21 (9.0e-006)
1557.400 .... 1036 packets received, 1363 bps, 17.04%, Err 21 (9.0e-006)
1561.537 .... 1037 packets received, 1361 bps, 17.01%, Err 21 (9.0e-006)
1565.690 .... 1038 packets received, 1359 bps, 16.99%, Err 21 (9.0e-006)
1569.726 .... 1039 packets received, 1357 bps, 16.96%, Err 21 (9.0e-006)
1573.793 .... 1040 packets received, 1354 bps, 16.93%, Err 21 (9.0e-006)
1577.890 .... 1041 packets received, 1352 bps, 16.90%, Err 21 (9.0e-006)
1581.920 .... 1042 packets received, 1350 bps, 16.88%, Err 21 (9.0e-006)
1585.957 .... 1043 packets received, 1348 bps, 16.85%, Err 21 (9.0e-006)
1590.019 .... 1044 packets received, 1346 bps, 16.82%, Err 21 (9.0e-006)
1594.046 .... 1045 packets received, 1344 bps, 16.80%, Err 21 (8.9e-006)
1598.213 .... 1046 packets received, 1341 bps, 16.77%, Err 21 (8.9e-006)
1600.533 .... 1047 packets received, 1341 bps, 16.76%, Err 21 (8.9e-006)
1602.955 .... 1050 packets received, 1343 bps, 16.78%, Err 21 (8.9e-006)
1605.127 .... 1052 packets received, 1343 bps, 16.79%, Err 21 (8.9e-006)
1607.320 .... 1054 packets received, 1344 bps, 16.80%, Err 21 (8.9e-006)
1610.674 .... 1055 packets received, 1343 bps, 16.78%, Err 22 (9.3e-006)
1613.121 .... 1058 packets received, 1344 bps, 16.80%, Err 22 (9.3e-006)
1615.627 .... 1061 packets received, 1346 bps, 16.83%, Err 22 (9.2e-006)
1618.093 .... 1064 packets received, 1348 bps, 16.85%, Err 22 (9.2e-006)
1620.562 .... 1067 packets received, 1350 bps, 16.87%, Err 22 (9.2e-006)
1623.021 .... 1070 packets received, 1351 bps, 16.89%, Err 22 (9.2e-006)
1625.465 .... 1073 packets received, 1353 bps, 16.91%, Err 22 (9.1e-006)
1627.940 .... 1076 packets received, 1355 bps, 16.93%, Err 22 (9.1e-006)
1630.397 .... 1079 packets received, 1356 bps, 16.96%, Err 22 (9.1e-006)
1632.814 .... 1082 packets received, 1358 bps, 16.98%, Err 23 (9.5e-006)
1635.226 .... 1085 packets received, 1360 bps, 17.00%, Err 24 (9.8e-006)
1636.993 TCP disconnected.
